[0.021s] Invoking command in '/home/azif/xarm_ros2_simulation/build/xarm_api': CMAKE_PREFIX_PATH=/home/azif/xarm_ros2_simulation/install/xarm_sdk:/home/azif/xarm_ros2_simulation/install/xarm_msgs:/home/azif/xarm_ros2_simulation/install/xarm_description:/home/azif/xarm_ros2_simulation/install/xarm7_aruco_pick:/home/azif/xarm_ros2_simulation/install/xarm_planner:/home/azif/xarm_ros2_simulation/install/xarm_moveit_servo:/home/azif/xarm_ros2_simulation/install/xarm_moveit_config:/home/azif/xarm_ros2_simulation/install/xarm_gazebo:/home/azif/xarm_ros2_simulation/install/xarm_controller:/home/azif/xarm_ros2_simulation/install/d435i_xarm_setup:/home/azif/xarm_ros2_simulation/install/xarm_api:/home/azif/xarm_ros2_simulation/install/xarm7_pipeline:/home/azif/xarm_ros2_simulation/install/xarm7_pose_saver:/home/azif/xarm_ros2_simulation/install/realsense_gazebo_plugin:/home/azif/xarm_ros2_simulation/install/xarm7_bringup:/home/azif/xarm_ros2_simulation/install/xarm_moveit_interface:/home/azif/xarm_ros2_simulation/install/uf_ros_lib:/opt/ros/humble:/home/azif/xarm_ros2_simulation/install/attach_detach:/home/azif/xarm_ros2_simulation/install/msg_gazebo:/home/azif/xarm_ros2_simulation/install/mbot_demo LD_LIBRARY_PATH=/home/azif/xarm_ros2_simulation/install/xarm_sdk/lib:/home/azif/xarm_ros2_simulation/install/xarm_msgs/lib:/home/azif/xarm_ros2_simulation/install/xarm_planner/lib:/home/azif/xarm_ros2_simulation/install/xarm_moveit_servo/lib:/home/azif/xarm_ros2_simulation/install/xarm_gazebo/lib:/home/azif/xarm_ros2_simulation/install/xarm_controller/lib:/home/azif/xarm_ros2_simulation/install/xarm_api/lib:/home/azif/xarm_ros2_simulation/install/realsense_gazebo_plugin/lib:/home/azif/xarm_ros2_simulation/install/attach_detach/lib:/home/azif/xarm_ros2_simulation/install/msg_gazebo/lib:/usr/lib/x86_64-linux-gnu/gazebo-11/plugins:/opt/ros/humble/opt/rviz_ogre_vendor/lib:/opt/ros/humble/lib/x86_64-linux-gnu:/opt/ros/humble/lib:/usr/share/gazebo-11/../../lib/x86_64-linux-gnu/gazebo-11/plugins /usr/bin/cmake --build /home/azif/xarm_ros2_simulation/build/xarm_api -- -j16 -l16
[0.135s] [ 23%] Built target xarm_ros_client
[0.136s] [ 30%] Built target test_robot_states
[0.146s] [ 53%] Built target xarm_ros_driver
[0.205s] [ 69%] Built target test_xarm_velo_move
[0.210s] [ 84%] Built target test_xarm_ros_client
[0.214s] [100%] Built target xarm_driver_node
[0.239s] Invoked command in '/home/azif/xarm_ros2_simulation/build/xarm_api' returned '0': CMAKE_PREFIX_PATH=/home/azif/xarm_ros2_simulation/install/xarm_sdk:/home/azif/xarm_ros2_simulation/install/xarm_msgs:/home/azif/xarm_ros2_simulation/install/xarm_description:/home/azif/xarm_ros2_simulation/install/xarm7_aruco_pick:/home/azif/xarm_ros2_simulation/install/xarm_planner:/home/azif/xarm_ros2_simulation/install/xarm_moveit_servo:/home/azif/xarm_ros2_simulation/install/xarm_moveit_config:/home/azif/xarm_ros2_simulation/install/xarm_gazebo:/home/azif/xarm_ros2_simulation/install/xarm_controller:/home/azif/xarm_ros2_simulation/install/d435i_xarm_setup:/home/azif/xarm_ros2_simulation/install/xarm_api:/home/azif/xarm_ros2_simulation/install/xarm7_pipeline:/home/azif/xarm_ros2_simulation/install/xarm7_pose_saver:/home/azif/xarm_ros2_simulation/install/realsense_gazebo_plugin:/home/azif/xarm_ros2_simulation/install/xarm7_bringup:/home/azif/xarm_ros2_simulation/install/xarm_moveit_interface:/home/azif/xarm_ros2_simulation/install/uf_ros_lib:/opt/ros/humble:/home/azif/xarm_ros2_simulation/install/attach_detach:/home/azif/xarm_ros2_simulation/install/msg_gazebo:/home/azif/xarm_ros2_simulation/install/mbot_demo LD_LIBRARY_PATH=/home/azif/xarm_ros2_simulation/install/xarm_sdk/lib:/home/azif/xarm_ros2_simulation/install/xarm_msgs/lib:/home/azif/xarm_ros2_simulation/install/xarm_planner/lib:/home/azif/xarm_ros2_simulation/install/xarm_moveit_servo/lib:/home/azif/xarm_ros2_simulation/install/xarm_gazebo/lib:/home/azif/xarm_ros2_simulation/install/xarm_controller/lib:/home/azif/xarm_ros2_simulation/install/xarm_api/lib:/home/azif/xarm_ros2_simulation/install/realsense_gazebo_plugin/lib:/home/azif/xarm_ros2_simulation/install/attach_detach/lib:/home/azif/xarm_ros2_simulation/install/msg_gazebo/lib:/usr/lib/x86_64-linux-gnu/gazebo-11/plugins:/opt/ros/humble/opt/rviz_ogre_vendor/lib:/opt/ros/humble/lib/x86_64-linux-gnu:/opt/ros/humble/lib:/usr/share/gazebo-11/../../lib/x86_64-linux-gnu/gazebo-11/plugins /usr/bin/cmake --build /home/azif/xarm_ros2_simulation/build/xarm_api -- -j16 -l16
[0.243s] Invoking command in '/home/azif/xarm_ros2_simulation/build/xarm_api': CMAKE_PREFIX_PATH=/home/azif/xarm_ros2_simulation/install/xarm_sdk:/home/azif/xarm_ros2_simulation/install/xarm_msgs:/home/azif/xarm_ros2_simulation/install/xarm_description:/home/azif/xarm_ros2_simulation/install/xarm7_aruco_pick:/home/azif/xarm_ros2_simulation/install/xarm_planner:/home/azif/xarm_ros2_simulation/install/xarm_moveit_servo:/home/azif/xarm_ros2_simulation/install/xarm_moveit_config:/home/azif/xarm_ros2_simulation/install/xarm_gazebo:/home/azif/xarm_ros2_simulation/install/xarm_controller:/home/azif/xarm_ros2_simulation/install/d435i_xarm_setup:/home/azif/xarm_ros2_simulation/install/xarm_api:/home/azif/xarm_ros2_simulation/install/xarm7_pipeline:/home/azif/xarm_ros2_simulation/install/xarm7_pose_saver:/home/azif/xarm_ros2_simulation/install/realsense_gazebo_plugin:/home/azif/xarm_ros2_simulation/install/xarm7_bringup:/home/azif/xarm_ros2_simulation/install/xarm_moveit_interface:/home/azif/xarm_ros2_simulation/install/uf_ros_lib:/opt/ros/humble:/home/azif/xarm_ros2_simulation/install/attach_detach:/home/azif/xarm_ros2_simulation/install/msg_gazebo:/home/azif/xarm_ros2_simulation/install/mbot_demo LD_LIBRARY_PATH=/home/azif/xarm_ros2_simulation/install/xarm_sdk/lib:/home/azif/xarm_ros2_simulation/install/xarm_msgs/lib:/home/azif/xarm_ros2_simulation/install/xarm_planner/lib:/home/azif/xarm_ros2_simulation/install/xarm_moveit_servo/lib:/home/azif/xarm_ros2_simulation/install/xarm_gazebo/lib:/home/azif/xarm_ros2_simulation/install/xarm_controller/lib:/home/azif/xarm_ros2_simulation/install/xarm_api/lib:/home/azif/xarm_ros2_simulation/install/realsense_gazebo_plugin/lib:/home/azif/xarm_ros2_simulation/install/attach_detach/lib:/home/azif/xarm_ros2_simulation/install/msg_gazebo/lib:/usr/lib/x86_64-linux-gnu/gazebo-11/plugins:/opt/ros/humble/opt/rviz_ogre_vendor/lib:/opt/ros/humble/lib/x86_64-linux-gnu:/opt/ros/humble/lib:/usr/share/gazebo-11/../../lib/x86_64-linux-gnu/gazebo-11/plugins /usr/bin/cmake --install /home/azif/xarm_ros2_simulation/build/xarm_api
[0.256s] -- Install configuration: ""
[0.257s] -- Execute custom install script
[0.257s] -- Up-to-date symlink: /home/azif/xarm_ros2_simulation/install/xarm_api/share/xarm_api/environment/library_path.sh
[0.258s] -- Up-to-date symlink: /home/azif/xarm_ros2_simulation/install/xarm_api/share/xarm_api/environment/library_path.dsv
[0.258s] -- Up-to-date symlink: /home/azif/xarm_ros2_simulation/install/xarm_api/include/xarm_api/visibility_control.h
[0.259s] -- Up-to-date symlink: /home/azif/xarm_ros2_simulation/install/xarm_api/include/xarm_api/xarm_driver.h
[0.260s] -- Up-to-date symlink: /home/azif/xarm_ros2_simulation/install/xarm_api/include/xarm_api/xarm_msgs.h
[0.261s] -- Up-to-date symlink: /home/azif/xarm_ros2_simulation/install/xarm_api/include/xarm_api/xarm_ros_client.h
[0.261s] -- Up-to-date symlink: /home/azif/xarm_ros2_simulation/install/xarm_api/lib/libxarm_ros_driver.so
[0.261s] -- Up-to-date symlink: /home/azif/xarm_ros2_simulation/install/xarm_api/lib/libxarm_ros_client.so
[0.261s] -- Up-to-date symlink: /home/azif/xarm_ros2_simulation/install/xarm_api/lib/xarm_api/xarm_driver_node
[0.261s] -- Up-to-date symlink: /home/azif/xarm_ros2_simulation/install/xarm_api/lib/xarm_api/test_xarm_ros_client
[0.261s] -- Up-to-date symlink: /home/azif/xarm_ros2_simulation/install/xarm_api/lib/xarm_api/test_xarm_velo_move
[0.261s] -- Up-to-date symlink: /home/azif/xarm_ros2_simulation/install/xarm_api/lib/xarm_api/test_robot_states
[0.262s] -- Up-to-date symlink: /home/azif/xarm_ros2_simulation/install/xarm_api/share/xarm_api//launch/_robot_driver.launch.py
[0.262s] -- Up-to-date symlink: /home/azif/xarm_ros2_simulation/install/xarm_api/share/xarm_api//launch/lib/robot_api_lib.py
[0.262s] -- Up-to-date symlink: /home/azif/xarm_ros2_simulation/install/xarm_api/share/xarm_api//launch/lite6_driver.launch.py
[0.262s] -- Up-to-date symlink: /home/azif/xarm_ros2_simulation/install/xarm_api/share/xarm_api//launch/uf850_driver.launch.py
[0.262s] -- Up-to-date symlink: /home/azif/xarm_ros2_simulation/install/xarm_api/share/xarm_api//launch/xarm5_driver.launch.py
[0.262s] -- Up-to-date symlink: /home/azif/xarm_ros2_simulation/install/xarm_api/share/xarm_api//launch/xarm6_driver.launch.py
[0.262s] -- Up-to-date symlink: /home/azif/xarm_ros2_simulation/install/xarm_api/share/xarm_api//launch/xarm7_driver.launch.py
[0.262s] -- Up-to-date symlink: /home/azif/xarm_ros2_simulation/install/xarm_api/share/xarm_api//config/xarm_params.yaml
[0.263s] -- Up-to-date symlink: /home/azif/xarm_ros2_simulation/install/xarm_api/share/ament_index/resource_index/package_run_dependencies/xarm_api
[0.263s] -- Up-to-date symlink: /home/azif/xarm_ros2_simulation/install/xarm_api/share/ament_index/resource_index/parent_prefix_path/xarm_api
[0.263s] -- Up-to-date symlink: /home/azif/xarm_ros2_simulation/install/xarm_api/share/xarm_api/environment/ament_prefix_path.sh
[0.263s] -- Up-to-date symlink: /home/azif/xarm_ros2_simulation/install/xarm_api/share/xarm_api/environment/ament_prefix_path.dsv
[0.263s] -- Up-to-date symlink: /home/azif/xarm_ros2_simulation/install/xarm_api/share/xarm_api/environment/path.sh
[0.263s] -- Up-to-date symlink: /home/azif/xarm_ros2_simulation/install/xarm_api/share/xarm_api/environment/path.dsv
[0.263s] -- Up-to-date symlink: /home/azif/xarm_ros2_simulation/install/xarm_api/share/xarm_api/local_setup.bash
[0.264s] -- Up-to-date symlink: /home/azif/xarm_ros2_simulation/install/xarm_api/share/xarm_api/local_setup.sh
[0.264s] -- Up-to-date symlink: /home/azif/xarm_ros2_simulation/install/xarm_api/share/xarm_api/local_setup.zsh
[0.264s] -- Up-to-date symlink: /home/azif/xarm_ros2_simulation/install/xarm_api/share/xarm_api/local_setup.dsv
[0.264s] -- Symlinking: /home/azif/xarm_ros2_simulation/install/xarm_api/share/xarm_api/package.dsv
[0.294s] -- Up-to-date symlink: /home/azif/xarm_ros2_simulation/install/xarm_api/share/ament_index/resource_index/packages/xarm_api
[0.295s] -- Up-to-date symlink: /home/azif/xarm_ros2_simulation/install/xarm_api/share/xarm_api/cmake/ament_cmake_export_libraries-extras.cmake
[0.295s] -- Up-to-date symlink: /home/azif/xarm_ros2_simulation/install/xarm_api/share/xarm_api/cmake/ament_cmake_export_include_directories-extras.cmake
[0.296s] -- Up-to-date symlink: /home/azif/xarm_ros2_simulation/install/xarm_api/share/xarm_api/cmake/xarm_apiConfig.cmake
[0.296s] -- Up-to-date symlink: /home/azif/xarm_ros2_simulation/install/xarm_api/share/xarm_api/cmake/xarm_apiConfig-version.cmake
[0.296s] -- Up-to-date symlink: /home/azif/xarm_ros2_simulation/install/xarm_api/share/xarm_api/package.xml
[0.301s] Invoked command in '/home/azif/xarm_ros2_simulation/build/xarm_api' returned '0': CMAKE_PREFIX_PATH=/home/azif/xarm_ros2_simulation/install/xarm_sdk:/home/azif/xarm_ros2_simulation/install/xarm_msgs:/home/azif/xarm_ros2_simulation/install/xarm_description:/home/azif/xarm_ros2_simulation/install/xarm7_aruco_pick:/home/azif/xarm_ros2_simulation/install/xarm_planner:/home/azif/xarm_ros2_simulation/install/xarm_moveit_servo:/home/azif/xarm_ros2_simulation/install/xarm_moveit_config:/home/azif/xarm_ros2_simulation/install/xarm_gazebo:/home/azif/xarm_ros2_simulation/install/xarm_controller:/home/azif/xarm_ros2_simulation/install/d435i_xarm_setup:/home/azif/xarm_ros2_simulation/install/xarm_api:/home/azif/xarm_ros2_simulation/install/xarm7_pipeline:/home/azif/xarm_ros2_simulation/install/xarm7_pose_saver:/home/azif/xarm_ros2_simulation/install/realsense_gazebo_plugin:/home/azif/xarm_ros2_simulation/install/xarm7_bringup:/home/azif/xarm_ros2_simulation/install/xarm_moveit_interface:/home/azif/xarm_ros2_simulation/install/uf_ros_lib:/opt/ros/humble:/home/azif/xarm_ros2_simulation/install/attach_detach:/home/azif/xarm_ros2_simulation/install/msg_gazebo:/home/azif/xarm_ros2_simulation/install/mbot_demo LD_LIBRARY_PATH=/home/azif/xarm_ros2_simulation/install/xarm_sdk/lib:/home/azif/xarm_ros2_simulation/install/xarm_msgs/lib:/home/azif/xarm_ros2_simulation/install/xarm_planner/lib:/home/azif/xarm_ros2_simulation/install/xarm_moveit_servo/lib:/home/azif/xarm_ros2_simulation/install/xarm_gazebo/lib:/home/azif/xarm_ros2_simulation/install/xarm_controller/lib:/home/azif/xarm_ros2_simulation/install/xarm_api/lib:/home/azif/xarm_ros2_simulation/install/realsense_gazebo_plugin/lib:/home/azif/xarm_ros2_simulation/install/attach_detach/lib:/home/azif/xarm_ros2_simulation/install/msg_gazebo/lib:/usr/lib/x86_64-linux-gnu/gazebo-11/plugins:/opt/ros/humble/opt/rviz_ogre_vendor/lib:/opt/ros/humble/lib/x86_64-linux-gnu:/opt/ros/humble/lib:/usr/share/gazebo-11/../../lib/x86_64-linux-gnu/gazebo-11/plugins /usr/bin/cmake --install /home/azif/xarm_ros2_simulation/build/xarm_api
