[0.531s] Invoking command in '/home/azif/xarm_ros2_simulation/build/xarm7_pose_saver': CMAKE_PREFIX_PATH=/opt/ros/humble /usr/bin/cmake --build /home/azif/xarm_ros2_simulation/build/xarm7_pose_saver -- -j16 -l16
[0.600s] [35m[1mConsolidate compiler generated dependencies of target pose_saver[0m
[0.648s] [100%] Built target pose_saver
[1.099s] Invoked command in '/home/azif/xarm_ros2_simulation/build/xarm7_pose_saver' returned '0': CMAKE_PREFIX_PATH=/opt/ros/humble /usr/bin/cmake --build /home/azif/xarm_ros2_simulation/build/xarm7_pose_saver -- -j16 -l16
[1.121s] Invoking command in '/home/azif/xarm_ros2_simulation/build/xarm7_pose_saver': CMAKE_PREFIX_PATH=/opt/ros/humble /usr/bin/cmake --install /home/azif/xarm_ros2_simulation/build/xarm7_pose_saver
[1.232s] -- Install configuration: ""
[1.232s] -- Execute custom install script
[1.232s] -- Up-to-date symlink: /home/azif/xarm_ros2_simulation/install/xarm7_pose_saver/lib/xarm7_pose_saver/pose_saver
[1.232s] -- Up-to-date symlink: /home/azif/xarm_ros2_simulation/install/xarm7_pose_saver/share/xarm7_pose_saver//config/saved_poses.yaml
[1.232s] -- Up-to-date symlink: /home/azif/xarm_ros2_simulation/install/xarm7_pose_saver/share/xarm7_pose_saver//launch/pose_saver.launch.py
[1.232s] -- Up-to-date symlink: /home/azif/xarm_ros2_simulation/install/xarm7_pose_saver/share/ament_index/resource_index/package_run_dependencies/xarm7_pose_saver
[1.232s] -- Up-to-date symlink: /home/azif/xarm_ros2_simulation/install/xarm7_pose_saver/share/ament_index/resource_index/parent_prefix_path/xarm7_pose_saver
[1.232s] -- Up-to-date symlink: /home/azif/xarm_ros2_simulation/install/xarm7_pose_saver/share/xarm7_pose_saver/environment/ament_prefix_path.sh
[1.232s] -- Up-to-date symlink: /home/azif/xarm_ros2_simulation/install/xarm7_pose_saver/share/xarm7_pose_saver/environment/ament_prefix_path.dsv
[1.232s] -- Up-to-date symlink: /home/azif/xarm_ros2_simulation/install/xarm7_pose_saver/share/xarm7_pose_saver/environment/path.sh
[1.232s] -- Up-to-date symlink: /home/azif/xarm_ros2_simulation/install/xarm7_pose_saver/share/xarm7_pose_saver/environment/path.dsv
[1.232s] -- Up-to-date symlink: /home/azif/xarm_ros2_simulation/install/xarm7_pose_saver/share/xarm7_pose_saver/local_setup.bash
[1.233s] -- Up-to-date symlink: /home/azif/xarm_ros2_simulation/install/xarm7_pose_saver/share/xarm7_pose_saver/local_setup.sh
[1.233s] -- Up-to-date symlink: /home/azif/xarm_ros2_simulation/install/xarm7_pose_saver/share/xarm7_pose_saver/local_setup.zsh
[1.233s] -- Up-to-date symlink: /home/azif/xarm_ros2_simulation/install/xarm7_pose_saver/share/xarm7_pose_saver/local_setup.dsv
[1.233s] -- Symlinking: /home/azif/xarm_ros2_simulation/install/xarm7_pose_saver/share/xarm7_pose_saver/package.dsv
[1.302s] -- Up-to-date symlink: /home/azif/xarm_ros2_simulation/install/xarm7_pose_saver/share/ament_index/resource_index/packages/xarm7_pose_saver
[1.302s] -- Up-to-date symlink: /home/azif/xarm_ros2_simulation/install/xarm7_pose_saver/share/xarm7_pose_saver/cmake/xarm7_pose_saverConfig.cmake
[1.302s] -- Up-to-date symlink: /home/azif/xarm_ros2_simulation/install/xarm7_pose_saver/share/xarm7_pose_saver/cmake/xarm7_pose_saverConfig-version.cmake
[1.302s] -- Up-to-date symlink: /home/azif/xarm_ros2_simulation/install/xarm7_pose_saver/share/xarm7_pose_saver/package.xml
[1.527s] Invoked command in '/home/azif/xarm_ros2_simulation/build/xarm7_pose_saver' returned '0': CMAKE_PREFIX_PATH=/opt/ros/humble /usr/bin/cmake --install /home/azif/xarm_ros2_simulation/build/xarm7_pose_saver
