[0.277s] Invoking command in '/home/azif/xarm_ros2_simulation/build/xarm7_pose_saver': CMAKE_PREFIX_PATH=/opt/ros/humble /usr/bin/cmake --build /home/azif/xarm_ros2_simulation/build/xarm7_pose_saver -- -j16 -l16
[0.357s] [100%] Built target pose_saver
[0.580s] Invoked command in '/home/azif/xarm_ros2_simulation/build/xarm7_pose_saver' returned '0': CMAKE_PREFIX_PATH=/opt/ros/humble /usr/bin/cmake --build /home/azif/xarm_ros2_simulation/build/xarm7_pose_saver -- -j16 -l16
[0.585s] Invoking command in '/home/azif/xarm_ros2_simulation/build/xarm7_pose_saver': CMAKE_PREFIX_PATH=/opt/ros/humble /usr/bin/cmake --install /home/azif/xarm_ros2_simulation/build/xarm7_pose_saver
[0.610s] -- Install configuration: ""
[0.612s] -- Execute custom install script
[0.614s] -- Up-to-date symlink: /home/azif/xarm_ros2_simulation/install/xarm7_pose_saver/lib/xarm7_pose_saver/pose_saver
[0.616s] -- Up-to-date symlink: /home/azif/xarm_ros2_simulation/install/xarm7_pose_saver/share/xarm7_pose_saver//config/saved_poses.yaml
[0.617s] -- Up-to-date symlink: /home/azif/xarm_ros2_simulation/install/xarm7_pose_saver/share/xarm7_pose_saver//launch/pose_saver.launch.py
[0.619s] -- Up-to-date symlink: /home/azif/xarm_ros2_simulation/install/xarm7_pose_saver/share/ament_index/resource_index/package_run_dependencies/xarm7_pose_saver
[0.619s] -- Up-to-date symlink: /home/azif/xarm_ros2_simulation/install/xarm7_pose_saver/share/ament_index/resource_index/parent_prefix_path/xarm7_pose_saver
[0.622s] -- Up-to-date symlink: /home/azif/xarm_ros2_simulation/install/xarm7_pose_saver/share/xarm7_pose_saver/environment/ament_prefix_path.sh
[0.623s] -- Up-to-date symlink: /home/azif/xarm_ros2_simulation/install/xarm7_pose_saver/share/xarm7_pose_saver/environment/ament_prefix_path.dsv
[0.623s] -- Up-to-date symlink: /home/azif/xarm_ros2_simulation/install/xarm7_pose_saver/share/xarm7_pose_saver/environment/path.sh
[0.624s] -- Up-to-date symlink: /home/azif/xarm_ros2_simulation/install/xarm7_pose_saver/share/xarm7_pose_saver/environment/path.dsv
[0.624s] -- Up-to-date symlink: /home/azif/xarm_ros2_simulation/install/xarm7_pose_saver/share/xarm7_pose_saver/local_setup.bash
[0.624s] -- Up-to-date symlink: /home/azif/xarm_ros2_simulation/install/xarm7_pose_saver/share/xarm7_pose_saver/local_setup.sh
[0.625s] -- Up-to-date symlink: /home/azif/xarm_ros2_simulation/install/xarm7_pose_saver/share/xarm7_pose_saver/local_setup.zsh
[0.625s] -- Up-to-date symlink: /home/azif/xarm_ros2_simulation/install/xarm7_pose_saver/share/xarm7_pose_saver/local_setup.dsv
[0.625s] -- Symlinking: /home/azif/xarm_ros2_simulation/install/xarm7_pose_saver/share/xarm7_pose_saver/package.dsv
[0.667s] -- Up-to-date symlink: /home/azif/xarm_ros2_simulation/install/xarm7_pose_saver/share/ament_index/resource_index/packages/xarm7_pose_saver
[0.667s] -- Up-to-date symlink: /home/azif/xarm_ros2_simulation/install/xarm7_pose_saver/share/xarm7_pose_saver/cmake/xarm7_pose_saverConfig.cmake
[0.667s] -- Up-to-date symlink: /home/azif/xarm_ros2_simulation/install/xarm7_pose_saver/share/xarm7_pose_saver/cmake/xarm7_pose_saverConfig-version.cmake
[0.668s] -- Up-to-date symlink: /home/azif/xarm_ros2_simulation/install/xarm7_pose_saver/share/xarm7_pose_saver/package.xml
[0.745s] Invoked command in '/home/azif/xarm_ros2_simulation/build/xarm7_pose_saver' returned '0': CMAKE_PREFIX_PATH=/opt/ros/humble /usr/bin/cmake --install /home/azif/xarm_ros2_simulation/build/xarm7_pose_saver
