[1.026s] Invoking command in '/home/azif/xarm_ros2_simulation/build/xarm_moveit_interface': PYTHONPATH=/home/azif/xarm_ros2_simulation/build/xarm_moveit_interface/prefix_override:/usr/lib/python3/dist-packages/colcon_core/task/python/colcon_distutils_commands:/home/azif/xarm_ros2_simulation/install/xarm_moveit_interface/lib/python3.10/site-packages:${PYTHONPATH} /usr/bin/python3 -W ignore:setup.py install is deprecated -W ignore:easy_install command is deprecated setup.py develop --editable --build-directory /home/azif/xarm_ros2_simulation/build/xarm_moveit_interface/build --no-deps symlink_data
[1.701s] running develop
[2.222s] running egg_info
[2.223s] creating xarm_moveit_interface.egg-info
[2.223s] writing xarm_moveit_interface.egg-info/PKG-INFO
[2.224s] writing dependency_links to xarm_moveit_interface.egg-info/dependency_links.txt
[2.224s] writing entry points to xarm_moveit_interface.egg-info/entry_points.txt
[2.224s] writing requirements to xarm_moveit_interface.egg-info/requires.txt
[2.224s] writing top-level names to xarm_moveit_interface.egg-info/top_level.txt
[2.225s] writing manifest file 'xarm_moveit_interface.egg-info/SOURCES.txt'
[2.227s] reading manifest file 'xarm_moveit_interface.egg-info/SOURCES.txt'
[2.228s] writing manifest file 'xarm_moveit_interface.egg-info/SOURCES.txt'
[2.235s] running build_ext
[2.236s] Creating /home/azif/xarm_ros2_simulation/install/xarm_moveit_interface/lib/python3.10/site-packages/xarm-moveit-interface.egg-link (link to .)
[2.236s] Installing xarm_moveit_interface script to /home/azif/xarm_ros2_simulation/install/xarm_moveit_interface/lib/xarm_moveit_interface
[2.237s] 
[2.237s] Installed /home/azif/xarm_ros2_simulation/build/xarm_moveit_interface
[2.237s] running symlink_data
[2.238s] creating /home/azif/xarm_ros2_simulation/install/xarm_moveit_interface/share/ament_index
[2.238s] creating /home/azif/xarm_ros2_simulation/install/xarm_moveit_interface/share/ament_index/resource_index
[2.238s] creating /home/azif/xarm_ros2_simulation/install/xarm_moveit_interface/share/ament_index/resource_index/packages
[2.238s] symbolically linking /home/azif/xarm_ros2_simulation/build/xarm_moveit_interface/resource/xarm_moveit_interface -> /home/azif/xarm_ros2_simulation/install/xarm_moveit_interface/share/ament_index/resource_index/packages
[2.239s] symbolically linking /home/azif/xarm_ros2_simulation/build/xarm_moveit_interface/package.xml -> /home/azif/xarm_ros2_simulation/install/xarm_moveit_interface/share/xarm_moveit_interface
[2.375s] Invoked command in '/home/azif/xarm_ros2_simulation/build/xarm_moveit_interface' returned '0': PYTHONPATH=/home/azif/xarm_ros2_simulation/build/xarm_moveit_interface/prefix_override:/usr/lib/python3/dist-packages/colcon_core/task/python/colcon_distutils_commands:/home/azif/xarm_ros2_simulation/install/xarm_moveit_interface/lib/python3.10/site-packages:${PYTHONPATH} /usr/bin/python3 -W ignore:setup.py install is deprecated -W ignore:easy_install command is deprecated setup.py develop --editable --build-directory /home/azif/xarm_ros2_simulation/build/xarm_moveit_interface/build --no-deps symlink_data
