[0.015s] Invoking command in '/home/azif/xarm_ros2_simulation/build/xarm7_pipeline': AMENT_PREFIX_PATH=/home/azif/xarm_ros2_simulation/install/xarm_msgs:/home/azif/xarm_ros2_simulation/install/msg_gazebo:${AMENT_PREFIX_PATH} CMAKE_PREFIX_PATH=/home/azif/xarm_ros2_simulation/install/xarm_msgs:/home/azif/xarm_ros2_simulation/install/msg_gazebo:/opt/ros/humble LD_LIBRARY_PATH=/home/azif/xarm_ros2_simulation/install/xarm_msgs/lib:/home/azif/xarm_ros2_simulation/install/msg_gazebo/lib:/usr/lib/x86_64-linux-gnu/gazebo-11/plugins:/opt/ros/humble/opt/rviz_ogre_vendor/lib:/opt/ros/humble/lib/x86_64-linux-gnu:/opt/ros/humble/lib:/usr/share/gazebo-11/../../lib/x86_64-linux-gnu/gazebo-11/plugins PYTHONPATH=/home/azif/xarm_ros2_simulation/install/xarm_msgs/local/lib/python3.10/dist-packages:/home/azif/xarm_ros2_simulation/install/msg_gazebo/local/lib/python3.10/dist-packages:${PYTHONPATH} /usr/bin/cmake --build /home/azif/xarm_ros2_simulation/build/xarm7_pipeline -- -j16 -l16
[0.092s] [100%] Built target xarm7_pipeline_node
[0.130s] Invoked command in '/home/azif/xarm_ros2_simulation/build/xarm7_pipeline' returned '0': AMENT_PREFIX_PATH=/home/azif/xarm_ros2_simulation/install/xarm_msgs:/home/azif/xarm_ros2_simulation/install/msg_gazebo:${AMENT_PREFIX_PATH} CMAKE_PREFIX_PATH=/home/azif/xarm_ros2_simulation/install/xarm_msgs:/home/azif/xarm_ros2_simulation/install/msg_gazebo:/opt/ros/humble LD_LIBRARY_PATH=/home/azif/xarm_ros2_simulation/install/xarm_msgs/lib:/home/azif/xarm_ros2_simulation/install/msg_gazebo/lib:/usr/lib/x86_64-linux-gnu/gazebo-11/plugins:/opt/ros/humble/opt/rviz_ogre_vendor/lib:/opt/ros/humble/lib/x86_64-linux-gnu:/opt/ros/humble/lib:/usr/share/gazebo-11/../../lib/x86_64-linux-gnu/gazebo-11/plugins PYTHONPATH=/home/azif/xarm_ros2_simulation/install/xarm_msgs/local/lib/python3.10/dist-packages:/home/azif/xarm_ros2_simulation/install/msg_gazebo/local/lib/python3.10/dist-packages:${PYTHONPATH} /usr/bin/cmake --build /home/azif/xarm_ros2_simulation/build/xarm7_pipeline -- -j16 -l16
[0.132s] Invoking command in '/home/azif/xarm_ros2_simulation/build/xarm7_pipeline': AMENT_PREFIX_PATH=/home/azif/xarm_ros2_simulation/install/xarm_msgs:/home/azif/xarm_ros2_simulation/install/msg_gazebo:${AMENT_PREFIX_PATH} CMAKE_PREFIX_PATH=/home/azif/xarm_ros2_simulation/install/xarm_msgs:/home/azif/xarm_ros2_simulation/install/msg_gazebo:/opt/ros/humble LD_LIBRARY_PATH=/home/azif/xarm_ros2_simulation/install/xarm_msgs/lib:/home/azif/xarm_ros2_simulation/install/msg_gazebo/lib:/usr/lib/x86_64-linux-gnu/gazebo-11/plugins:/opt/ros/humble/opt/rviz_ogre_vendor/lib:/opt/ros/humble/lib/x86_64-linux-gnu:/opt/ros/humble/lib:/usr/share/gazebo-11/../../lib/x86_64-linux-gnu/gazebo-11/plugins PYTHONPATH=/home/azif/xarm_ros2_simulation/install/xarm_msgs/local/lib/python3.10/dist-packages:/home/azif/xarm_ros2_simulation/install/msg_gazebo/local/lib/python3.10/dist-packages:${PYTHONPATH} /usr/bin/cmake --install /home/azif/xarm_ros2_simulation/build/xarm7_pipeline
[0.145s] -- Install configuration: ""
[0.145s] -- Execute custom install script
[0.146s] -- Up-to-date symlink: /home/azif/xarm_ros2_simulation/install/xarm7_pipeline/lib/xarm7_pipeline/xarm7_pipeline_node
[0.146s] -- Up-to-date symlink: /home/azif/xarm_ros2_simulation/install/xarm7_pipeline/lib/xarm7_pipeline/xarm7_pipeline_node
[0.149s] -- Up-to-date symlink: /home/azif/xarm_ros2_simulation/install/xarm7_pipeline/share/ament_index/resource_index/package_run_dependencies/xarm7_pipeline
[0.150s] -- Up-to-date symlink: /home/azif/xarm_ros2_simulation/install/xarm7_pipeline/share/ament_index/resource_index/parent_prefix_path/xarm7_pipeline
[0.150s] -- Up-to-date symlink: /home/azif/xarm_ros2_simulation/install/xarm7_pipeline/share/xarm7_pipeline/environment/ament_prefix_path.sh
[0.150s] -- Up-to-date symlink: /home/azif/xarm_ros2_simulation/install/xarm7_pipeline/share/xarm7_pipeline/environment/ament_prefix_path.dsv
[0.150s] -- Up-to-date symlink: /home/azif/xarm_ros2_simulation/install/xarm7_pipeline/share/xarm7_pipeline/environment/path.sh
[0.151s] -- Up-to-date symlink: /home/azif/xarm_ros2_simulation/install/xarm7_pipeline/share/xarm7_pipeline/environment/path.dsv
[0.151s] -- Up-to-date symlink: /home/azif/xarm_ros2_simulation/install/xarm7_pipeline/share/xarm7_pipeline/local_setup.bash
[0.151s] -- Up-to-date symlink: /home/azif/xarm_ros2_simulation/install/xarm7_pipeline/share/xarm7_pipeline/local_setup.sh
[0.151s] -- Up-to-date symlink: /home/azif/xarm_ros2_simulation/install/xarm7_pipeline/share/xarm7_pipeline/local_setup.zsh
[0.151s] -- Up-to-date symlink: /home/azif/xarm_ros2_simulation/install/xarm7_pipeline/share/xarm7_pipeline/local_setup.dsv
[0.151s] -- Symlinking: /home/azif/xarm_ros2_simulation/install/xarm7_pipeline/share/xarm7_pipeline/package.dsv
[0.154s] -- Up-to-date symlink: /home/azif/xarm_ros2_simulation/install/xarm7_pipeline/share/ament_index/resource_index/packages/xarm7_pipeline
[0.154s] -- Up-to-date symlink: /home/azif/xarm_ros2_simulation/install/xarm7_pipeline/share/xarm7_pipeline/cmake/xarm7_pipelineConfig.cmake
[0.154s] -- Up-to-date symlink: /home/azif/xarm_ros2_simulation/install/xarm7_pipeline/share/xarm7_pipeline/cmake/xarm7_pipelineConfig-version.cmake
[0.154s] -- Up-to-date symlink: /home/azif/xarm_ros2_simulation/install/xarm7_pipeline/share/xarm7_pipeline/package.xml
[0.180s] Invoked command in '/home/azif/xarm_ros2_simulation/build/xarm7_pipeline' returned '0': AMENT_PREFIX_PATH=/home/azif/xarm_ros2_simulation/install/xarm_msgs:/home/azif/xarm_ros2_simulation/install/msg_gazebo:${AMENT_PREFIX_PATH} CMAKE_PREFIX_PATH=/home/azif/xarm_ros2_simulation/install/xarm_msgs:/home/azif/xarm_ros2_simulation/install/msg_gazebo:/opt/ros/humble LD_LIBRARY_PATH=/home/azif/xarm_ros2_simulation/install/xarm_msgs/lib:/home/azif/xarm_ros2_simulation/install/msg_gazebo/lib:/usr/lib/x86_64-linux-gnu/gazebo-11/plugins:/opt/ros/humble/opt/rviz_ogre_vendor/lib:/opt/ros/humble/lib/x86_64-linux-gnu:/opt/ros/humble/lib:/usr/share/gazebo-11/../../lib/x86_64-linux-gnu/gazebo-11/plugins PYTHONPATH=/home/azif/xarm_ros2_simulation/install/xarm_msgs/local/lib/python3.10/dist-packages:/home/azif/xarm_ros2_simulation/install/msg_gazebo/local/lib/python3.10/dist-packages:${PYTHONPATH} /usr/bin/cmake --install /home/azif/xarm_ros2_simulation/build/xarm7_pipeline
