-- The C compiler identification is GNU 11.4.0
-- The CXX compiler identification is GNU 11.4.0
-- Detecting C compiler ABI info
-- Detecting C compiler ABI info - done
-- Check for working C compiler: /usr/bin/cc - skipped
-- Detecting C compile features
-- Detecting C compile features - done
-- Detecting CXX compiler ABI info
-- Detecting CXX compiler ABI info - done
-- Check for working CXX compiler: /usr/bin/c++ - skipped
-- Detecting CXX compile features
-- Detecting CXX compile features - done
-- Found ament_cmake: 1.3.11 (/opt/ros/humble/share/ament_cmake/cmake)
-- Found Python3: /usr/bin/python3 (found version "3.10.12") found components: Interpreter 
-- Override CMake install command with custom implementation using symlinks instead of copying resources
-- Found rclcpp: 16.0.12 (/opt/ros/humble/share/rclcpp/cmake)
-- Found rosidl_generator_c: 3.1.6 (/opt/ros/humble/share/rosidl_generator_c/cmake)
-- Found rosidl_adapter: 3.1.6 (/opt/ros/humble/share/rosidl_adapter/cmake)
-- Found rosidl_generator_cpp: 3.1.6 (/opt/ros/humble/share/rosidl_generator_cpp/cmake)
-- Using all available rosidl_typesupport_c: rosidl_typesupport_fastrtps_c;rosidl_typesupport_introspection_c
-- Using all available rosidl_typesupport_cpp: rosidl_typesupport_fastrtps_cpp;rosidl_typesupport_introspection_cpp
-- Found rmw_implementation_cmake: 6.1.2 (/opt/ros/humble/share/rmw_implementation_cmake/cmake)
-- Found rmw_cyclonedds_cpp: 1.3.4 (/opt/ros/humble/share/rmw_cyclonedds_cpp/cmake)
-- Using RMW implementation 'rmw_cyclonedds_cpp' as default
-- Looking for pthread.h
-- Looking for pthread.h - found
-- Performing Test CMAKE_HAVE_LIBC_PTHREAD
-- Performing Test CMAKE_HAVE_LIBC_PTHREAD - Success
-- Found Threads: TRUE  
-- Found sensor_msgs: 4.8.0 (/opt/ros/humble/share/sensor_msgs/cmake)
-- Found cv_bridge: 3.2.1 (/opt/ros/humble/share/cv_bridge/cmake)
-- Found image_transport: 3.1.12 (/opt/ros/humble/share/image_transport/cmake)
-- Found OpenCV: /usr (found version "4.5.4") 
-- Found tf2: 0.25.13 (/opt/ros/humble/share/tf2/cmake)
-- Found tf2_ros: 0.25.13 (/opt/ros/humble/share/tf2_ros/cmake)
-- Found tf2_geometry_msgs: 0.25.13 (/opt/ros/humble/share/tf2_geometry_msgs/cmake)
-- Found eigen3_cmake_module: 0.1.1 (/opt/ros/humble/share/eigen3_cmake_module/cmake)
-- Found Eigen3: TRUE (found version "3.4.0") 
-- Ensuring Eigen3 include directory is part of orocos-kdl CMake target
-- Found moveit_ros_planning_interface: 2.5.9 (/opt/ros/humble/share/moveit_ros_planning_interface/cmake)
-- Found Boost: /usr/lib/x86_64-linux-gnu/cmake/Boost-1.74.0/BoostConfig.cmake (found version "1.74.0") found components: date_time filesystem program_options system thread 
-- Found Boost: /usr/lib/x86_64-linux-gnu/cmake/Boost-1.74.0/BoostConfig.cmake (found version "1.74.0") found components: chrono date_time filesystem iostreams program_options regex serialization system thread 
-- Found parameter_traits: 0.4.0 (/opt/ros/humble/share/parameter_traits/cmake)
-- Found rclcpp_lifecycle: 16.0.11 (/opt/ros/humble/share/rclcpp_lifecycle/cmake)
-- Found Boost: /usr/lib/x86_64-linux-gnu/cmake/Boost-1.74.0/BoostConfig.cmake (found version "1.74.0") found components: filesystem 
-- library: /usr/lib/x86_64-linux-gnu/libcurl.so
-- Found Boost: /usr/lib/x86_64-linux-gnu/cmake/Boost-1.74.0/BoostConfig.cmake (found version "1.74.0") found components: system filesystem date_time program_options thread chrono 
-- Found Boost: /usr/lib/x86_64-linux-gnu/cmake/Boost-1.74.0/BoostConfig.cmake (found version "1.74.0") found components: thread system filesystem regex date_time program_options 
-- Found Boost: /usr/lib/x86_64-linux-gnu/cmake/Boost-1.74.0/BoostConfig.cmake (found version "1.74.0") found components: system filesystem date_time program_options thread 
-- Configuring done
-- Generating done
-- Build files have been written to: /home/azif/xarm_ros2_simulation/build/xarm7_aruco_pick
[ 50%] [32mBuilding CXX object CMakeFiles/aruco_detector_node.dir/src/aruco_detector_node.cpp.o[0m
[100%] [32m[1mLinking CXX executable aruco_detector_node[0m
[100%] Built target aruco_detector_node
-- Install configuration: ""
-- Execute custom install script
-- Symlinking: /home/azif/xarm_ros2_simulation/install/xarm7_aruco_pick/share/ament_index/resource_index/package_run_dependencies/xarm7_aruco_pick
-- Symlinking: /home/azif/xarm_ros2_simulation/install/xarm7_aruco_pick/share/ament_index/resource_index/parent_prefix_path/xarm7_aruco_pick
-- Symlinking: /home/azif/xarm_ros2_simulation/install/xarm7_aruco_pick/share/xarm7_aruco_pick/environment/ament_prefix_path.sh
-- Symlinking: /home/azif/xarm_ros2_simulation/install/xarm7_aruco_pick/share/xarm7_aruco_pick/environment/ament_prefix_path.dsv
-- Symlinking: /home/azif/xarm_ros2_simulation/install/xarm7_aruco_pick/share/xarm7_aruco_pick/environment/path.sh
-- Symlinking: /home/azif/xarm_ros2_simulation/install/xarm7_aruco_pick/share/xarm7_aruco_pick/environment/path.dsv
-- Symlinking: /home/azif/xarm_ros2_simulation/install/xarm7_aruco_pick/share/xarm7_aruco_pick/local_setup.bash
-- Symlinking: /home/azif/xarm_ros2_simulation/install/xarm7_aruco_pick/share/xarm7_aruco_pick/local_setup.sh
-- Symlinking: /home/azif/xarm_ros2_simulation/install/xarm7_aruco_pick/share/xarm7_aruco_pick/local_setup.zsh
-- Symlinking: /home/azif/xarm_ros2_simulation/install/xarm7_aruco_pick/share/xarm7_aruco_pick/local_setup.dsv
-- Symlinking: /home/azif/xarm_ros2_simulation/install/xarm7_aruco_pick/share/xarm7_aruco_pick/package.dsv
-- Symlinking: /home/azif/xarm_ros2_simulation/install/xarm7_aruco_pick/share/ament_index/resource_index/packages/xarm7_aruco_pick
-- Symlinking: /home/azif/xarm_ros2_simulation/install/xarm7_aruco_pick/share/xarm7_aruco_pick/cmake/xarm7_aruco_pickConfig.cmake
-- Symlinking: /home/azif/xarm_ros2_simulation/install/xarm7_aruco_pick/share/xarm7_aruco_pick/cmake/xarm7_aruco_pickConfig-version.cmake
-- Symlinking: /home/azif/xarm_ros2_simulation/install/xarm7_aruco_pick/share/xarm7_aruco_pick/package.xml
