-- The C compiler identification is GNU 11.4.0
-- The CXX compiler identification is GNU 11.4.0
-- Detecting C compiler ABI info
-- Detecting C compiler ABI info - done
-- Check for working C compiler: /usr/bin/cc - skipped
-- Detecting C compile features
-- Detecting C compile features - done
-- Detecting CXX compiler ABI info
-- Detecting CXX compiler ABI info - done
-- Check for working CXX compiler: /usr/bin/c++ - skipped
-- Detecting CXX compile features
-- Detecting CXX compile features - done
-- Found ament_cmake: 1.3.11 (/opt/ros/humble/share/ament_cmake/cmake)
-- Found Python3: /usr/bin/python3 (found version "3.10.12") found components: Interpreter 
-- Override CMake install command with custom implementation using symlinks instead of copying resources
-- Found rclcpp: 16.0.12 (/opt/ros/humble/share/rclcpp/cmake)
-- Found rosidl_generator_c: 3.1.6 (/opt/ros/humble/share/rosidl_generator_c/cmake)
-- Found rosidl_adapter: 3.1.6 (/opt/ros/humble/share/rosidl_adapter/cmake)
-- Found rosidl_generator_cpp: 3.1.6 (/opt/ros/humble/share/rosidl_generator_cpp/cmake)
-- Using all available rosidl_typesupport_c: rosidl_typesupport_fastrtps_c;rosidl_typesupport_introspection_c
-- Using all available rosidl_typesupport_cpp: rosidl_typesupport_fastrtps_cpp;rosidl_typesupport_introspection_cpp
-- Found rmw_implementation_cmake: 6.1.2 (/opt/ros/humble/share/rmw_implementation_cmake/cmake)
-- Found rmw_cyclonedds_cpp: 1.3.4 (/opt/ros/humble/share/rmw_cyclonedds_cpp/cmake)
-- Using RMW implementation 'rmw_cyclonedds_cpp' as default
-- Looking for pthread.h
-- Looking for pthread.h - found
-- Performing Test CMAKE_HAVE_LIBC_PTHREAD
-- Performing Test CMAKE_HAVE_LIBC_PTHREAD - Success
-- Found Threads: TRUE  
-- Found tf2_ros: 0.25.13 (/opt/ros/humble/share/tf2_ros/cmake)
-- Found tf2_geometry_msgs: 0.25.13 (/opt/ros/humble/share/tf2_geometry_msgs/cmake)
-- Found eigen3_cmake_module: 0.1.1 (/opt/ros/humble/share/eigen3_cmake_module/cmake)
-- Found Eigen3: TRUE (found version "3.4.0") 
-- Ensuring Eigen3 include directory is part of orocos-kdl CMake target
-- Found object_recognition_msgs: 2.0.0 (/opt/ros/humble/share/object_recognition_msgs/cmake)
-- Found xarm_msgs: 0.0.0 (/home/azif/xarm_ros2_simulation/install/xarm_msgs/share/xarm_msgs/cmake)
-- Found xarm_api: 0.0.0 (/home/azif/xarm_ros2_simulation/install/xarm_api/share/xarm_api/cmake)
-- Found ament_lint_auto: 0.12.11 (/opt/ros/humble/share/ament_lint_auto/cmake)
-- Added test 'copyright' to check source files copyright and LICENSE
-- Added test 'cppcheck' to perform static code analysis on C / C++ code
-- Configured cppcheck include dirs: 
-- Configured cppcheck exclude dirs and/or files: 
-- Added test 'cpplint' to check C / C++ code against the Google style
-- Configured cpplint exclude dirs and/or files: 
-- Added test 'flake8' to check Python code syntax and style conventions
-- Added test 'lint_cmake' to check CMake code style
-- Added test 'pep257' to check Python code against some of the docstring style conventions in PEP 257
-- Added test 'uncrustify' to check C / C++ code style
-- Configured uncrustify additional arguments: 
-- Added test 'xmllint' to check XML markup files
-- Configuring done
-- Generating done
-- Build files have been written to: /home/azif/xarm_ros2_simulation/build/d435i_xarm_setup
[ 16%] [32mBuilding CXX object CMakeFiles/tf_object_to_base.dir/src/tf_object_to_base.cpp.o[0m
[ 33%] [32mBuilding CXX object CMakeFiles/findobj_grasp_xarm_api.dir/src/findobj_grasp_xarm_api.cpp.o[0m
[ 50%] [32mBuilding CXX object CMakeFiles/findobj_grasp_moveit_planner.dir/src/findobj_grasp_moveit_planner.cpp.o[0m
[ 66%] [32m[1mLinking CXX executable findobj_grasp_xarm_api[0m
[ 83%] [32m[1mLinking CXX executable findobj_grasp_moveit_planner[0m
[ 83%] Built target findobj_grasp_moveit_planner
[ 83%] Built target findobj_grasp_xarm_api
[100%] [32m[1mLinking CXX executable tf_object_to_base[0m
[100%] Built target tf_object_to_base
-- Install configuration: ""
-- Execute custom install script
-- Symlinking: /home/azif/xarm_ros2_simulation/install/d435i_xarm_setup/share/d435i_xarm_setup//launch/d435i_findobj2d_robot_api.launch.py
-- Symlinking: /home/azif/xarm_ros2_simulation/install/d435i_xarm_setup/share/d435i_xarm_setup//launch/d435i_findobj2d_robot_moveit_planner.launch.py
-- Symlinking: /home/azif/xarm_ros2_simulation/install/d435i_xarm_setup/share/d435i_xarm_setup//launch/d435i_robot_auto_calib.launch.py
-- Symlinking: /home/azif/xarm_ros2_simulation/install/d435i_xarm_setup/share/d435i_xarm_setup//launch/d435i_robot_ork_linemod.launch.py
-- Symlinking: /home/azif/xarm_ros2_simulation/install/d435i_xarm_setup/share/d435i_xarm_setup//launch/grasp_node_robot_api.launch.py
-- Symlinking: /home/azif/xarm_ros2_simulation/install/d435i_xarm_setup/share/d435i_xarm_setup//launch/grasp_node_robot_moveit_planner.launch.py
-- Symlinking: /home/azif/xarm_ros2_simulation/install/d435i_xarm_setup/share/d435i_xarm_setup//launch/publish_handeye_tf.launch.py
-- Symlinking: /home/azif/xarm_ros2_simulation/install/d435i_xarm_setup/share/d435i_xarm_setup//launch/start_find_obj_2d.launch.py
-- Symlinking: /home/azif/xarm_ros2_simulation/install/d435i_xarm_setup/share/d435i_xarm_setup//objects/1.png
-- Symlinking: /home/azif/xarm_ros2_simulation/install/d435i_xarm_setup/share/d435i_xarm_setup//objects/2.png
-- Symlinking: /home/azif/xarm_ros2_simulation/install/d435i_xarm_setup/share/d435i_xarm_setup//config/extra_robot_api_params.yaml
-- Symlinking: /home/azif/xarm_ros2_simulation/install/d435i_xarm_setup/share/d435i_xarm_setup//config/lite_rs_on_hand_calibration.calib
-- Symlinking: /home/azif/xarm_ros2_simulation/install/d435i_xarm_setup/share/d435i_xarm_setup//config/uf850_rs_on_hand_calibration.calib
-- Symlinking: /home/azif/xarm_ros2_simulation/install/d435i_xarm_setup/share/d435i_xarm_setup//config/xarm_rs_on_hand_calibration.calib
-- Symlinking: /home/azif/xarm_ros2_simulation/install/d435i_xarm_setup/lib/d435i_xarm_setup/findobj_grasp_moveit_planner
-- Symlinking: /home/azif/xarm_ros2_simulation/install/d435i_xarm_setup/lib/d435i_xarm_setup/findobj_grasp_xarm_api
-- Symlinking: /home/azif/xarm_ros2_simulation/install/d435i_xarm_setup/lib/d435i_xarm_setup/tf_object_to_base
-- Symlinking: /home/azif/xarm_ros2_simulation/install/d435i_xarm_setup/share/ament_index/resource_index/package_run_dependencies/d435i_xarm_setup
-- Symlinking: /home/azif/xarm_ros2_simulation/install/d435i_xarm_setup/share/ament_index/resource_index/parent_prefix_path/d435i_xarm_setup
-- Symlinking: /home/azif/xarm_ros2_simulation/install/d435i_xarm_setup/share/d435i_xarm_setup/environment/ament_prefix_path.sh
-- Symlinking: /home/azif/xarm_ros2_simulation/install/d435i_xarm_setup/share/d435i_xarm_setup/environment/ament_prefix_path.dsv
-- Symlinking: /home/azif/xarm_ros2_simulation/install/d435i_xarm_setup/share/d435i_xarm_setup/environment/path.sh
-- Symlinking: /home/azif/xarm_ros2_simulation/install/d435i_xarm_setup/share/d435i_xarm_setup/environment/path.dsv
-- Symlinking: /home/azif/xarm_ros2_simulation/install/d435i_xarm_setup/share/d435i_xarm_setup/local_setup.bash
-- Symlinking: /home/azif/xarm_ros2_simulation/install/d435i_xarm_setup/share/d435i_xarm_setup/local_setup.sh
-- Symlinking: /home/azif/xarm_ros2_simulation/install/d435i_xarm_setup/share/d435i_xarm_setup/local_setup.zsh
-- Symlinking: /home/azif/xarm_ros2_simulation/install/d435i_xarm_setup/share/d435i_xarm_setup/local_setup.dsv
-- Symlinking: /home/azif/xarm_ros2_simulation/install/d435i_xarm_setup/share/d435i_xarm_setup/package.dsv
-- Symlinking: /home/azif/xarm_ros2_simulation/install/d435i_xarm_setup/share/ament_index/resource_index/packages/d435i_xarm_setup
-- Symlinking: /home/azif/xarm_ros2_simulation/install/d435i_xarm_setup/share/d435i_xarm_setup/cmake/d435i_xarm_setupConfig.cmake
-- Symlinking: /home/azif/xarm_ros2_simulation/install/d435i_xarm_setup/share/d435i_xarm_setup/cmake/d435i_xarm_setupConfig-version.cmake
-- Symlinking: /home/azif/xarm_ros2_simulation/install/d435i_xarm_setup/share/d435i_xarm_setup/package.xml
