[0.087s] Invoking command in '/home/azif/xarm_ros2_simulation/build/xarm_description': CMAKE_PREFIX_PATH=/home/azif/xarm_ros2_simulation/install/xarm7_aruco_pick:/home/azif/xarm_ros2_simulation/install/xarm_planner:/home/azif/xarm_ros2_simulation/install/xarm_moveit_servo:/home/azif/xarm_ros2_simulation/install/xarm_moveit_config:/home/azif/xarm_ros2_simulation/install/xarm_gazebo:/home/azif/xarm_ros2_simulation/install/xarm_controller:/home/azif/xarm_ros2_simulation/install/d435i_xarm_setup:/home/azif/xarm_ros2_simulation/install/xarm_api:/home/azif/xarm_ros2_simulation/install/xarm_sdk:/home/azif/xarm_ros2_simulation/install/xarm7_pipeline:/home/azif/xarm_ros2_simulation/install/xarm_msgs:/home/azif/xarm_ros2_simulation/install/xarm_description:/home/azif/xarm_ros2_simulation/install/xarm7_pose_saver:/home/azif/xarm_ros2_simulation/install/realsense_gazebo_plugin:/home/azif/xarm_ros2_simulation/install/xarm7_bringup:/home/azif/xarm_ros2_simulation/install/xarm_moveit_interface:/home/azif/xarm_ros2_simulation/install/uf_ros_lib:/opt/ros/humble:/home/azif/xarm_ros2_simulation/install/attach_detach:/home/azif/xarm_ros2_simulation/install/msg_gazebo:/home/azif/xarm_ros2_simulation/install/mbot_demo /usr/bin/cmake --build /home/azif/xarm_ros2_simulation/build/xarm_description -- -j16 -l16
[1.111s] Invoked command in '/home/azif/xarm_ros2_simulation/build/xarm_description' returned '0': CMAKE_PREFIX_PATH=/home/azif/xarm_ros2_simulation/install/xarm7_aruco_pick:/home/azif/xarm_ros2_simulation/install/xarm_planner:/home/azif/xarm_ros2_simulation/install/xarm_moveit_servo:/home/azif/xarm_ros2_simulation/install/xarm_moveit_config:/home/azif/xarm_ros2_simulation/install/xarm_gazebo:/home/azif/xarm_ros2_simulation/install/xarm_controller:/home/azif/xarm_ros2_simulation/install/d435i_xarm_setup:/home/azif/xarm_ros2_simulation/install/xarm_api:/home/azif/xarm_ros2_simulation/install/xarm_sdk:/home/azif/xarm_ros2_simulation/install/xarm7_pipeline:/home/azif/xarm_ros2_simulation/install/xarm_msgs:/home/azif/xarm_ros2_simulation/install/xarm_description:/home/azif/xarm_ros2_simulation/install/xarm7_pose_saver:/home/azif/xarm_ros2_simulation/install/realsense_gazebo_plugin:/home/azif/xarm_ros2_simulation/install/xarm7_bringup:/home/azif/xarm_ros2_simulation/install/xarm_moveit_interface:/home/azif/xarm_ros2_simulation/install/uf_ros_lib:/opt/ros/humble:/home/azif/xarm_ros2_simulation/install/attach_detach:/home/azif/xarm_ros2_simulation/install/msg_gazebo:/home/azif/xarm_ros2_simulation/install/mbot_demo /usr/bin/cmake --build /home/azif/xarm_ros2_simulation/build/xarm_description -- -j16 -l16
[1.127s] Invoking command in '/home/azif/xarm_ros2_simulation/build/xarm_description': CMAKE_PREFIX_PATH=/home/azif/xarm_ros2_simulation/install/xarm7_aruco_pick:/home/azif/xarm_ros2_simulation/install/xarm_planner:/home/azif/xarm_ros2_simulation/install/xarm_moveit_servo:/home/azif/xarm_ros2_simulation/install/xarm_moveit_config:/home/azif/xarm_ros2_simulation/install/xarm_gazebo:/home/azif/xarm_ros2_simulation/install/xarm_controller:/home/azif/xarm_ros2_simulation/install/d435i_xarm_setup:/home/azif/xarm_ros2_simulation/install/xarm_api:/home/azif/xarm_ros2_simulation/install/xarm_sdk:/home/azif/xarm_ros2_simulation/install/xarm7_pipeline:/home/azif/xarm_ros2_simulation/install/xarm_msgs:/home/azif/xarm_ros2_simulation/install/xarm_description:/home/azif/xarm_ros2_simulation/install/xarm7_pose_saver:/home/azif/xarm_ros2_simulation/install/realsense_gazebo_plugin:/home/azif/xarm_ros2_simulation/install/xarm7_bringup:/home/azif/xarm_ros2_simulation/install/xarm_moveit_interface:/home/azif/xarm_ros2_simulation/install/uf_ros_lib:/opt/ros/humble:/home/azif/xarm_ros2_simulation/install/attach_detach:/home/azif/xarm_ros2_simulation/install/msg_gazebo:/home/azif/xarm_ros2_simulation/install/mbot_demo /usr/bin/cmake --install /home/azif/xarm_ros2_simulation/build/xarm_description
[1.163s] -- Install configuration: ""
[1.163s] -- Execute custom install script
[1.163s] -- Up-to-date symlink: /home/azif/xarm_ros2_simulation/install/xarm_description/share/xarm_description//rviz/display.rviz
[1.163s] -- Up-to-date symlink: /home/azif/xarm_ros2_simulation/install/xarm_description/share/xarm_description//urdf/_private_macro.xacro
[1.163s] -- Up-to-date symlink: /home/azif/xarm_ros2_simulation/install/xarm_description/share/xarm_description//urdf/camera/camera.gazebo.xacro
[1.163s] -- Up-to-date symlink: /home/azif/xarm_ros2_simulation/install/xarm_description/share/xarm_description//urdf/camera/realsense.gazebo.xacro
[1.163s] -- Up-to-date symlink: /home/azif/xarm_ros2_simulation/install/xarm_description/share/xarm_description//urdf/camera/realsense_d435i.urdf.xacro
[1.164s] -- Up-to-date symlink: /home/azif/xarm_ros2_simulation/install/xarm_description/share/xarm_description//urdf/common/common.gazebo.xacro
[1.164s] -- Up-to-date symlink: /home/azif/xarm_ros2_simulation/install/xarm_description/share/xarm_description//urdf/common/common.link.xacro
[1.164s] -- Up-to-date symlink: /home/azif/xarm_ros2_simulation/install/xarm_description/share/xarm_description//urdf/common/common.material.xacro
[1.164s] -- Up-to-date symlink: /home/azif/xarm_ros2_simulation/install/xarm_description/share/xarm_description//urdf/dual_xarm_device.urdf.xacro
[1.164s] -- Up-to-date symlink: /home/azif/xarm_ros2_simulation/install/xarm_description/share/xarm_description//urdf/gripper/bio_gripper.gazebo.xacro
[1.164s] -- Up-to-date symlink: /home/azif/xarm_ros2_simulation/install/xarm_description/share/xarm_description//urdf/gripper/bio_gripper.ros2_control.xacro
[1.164s] -- Up-to-date symlink: /home/azif/xarm_ros2_simulation/install/xarm_description/share/xarm_description//urdf/gripper/bio_gripper.transmission.xacro
[1.164s] -- Up-to-date symlink: /home/azif/xarm_ros2_simulation/install/xarm_description/share/xarm_description//urdf/gripper/bio_gripper.urdf.xacro
[1.164s] -- Up-to-date symlink: /home/azif/xarm_ros2_simulation/install/xarm_description/share/xarm_description//urdf/gripper/bio_gripper_macro.xacro
[1.164s] -- Up-to-date symlink: /home/azif/xarm_ros2_simulation/install/xarm_description/share/xarm_description//urdf/gripper/gripper.urdf.xacro
[1.165s] -- Up-to-date symlink: /home/azif/xarm_ros2_simulation/install/xarm_description/share/xarm_description//urdf/gripper/gripper_macro.xacro
[1.165s] -- Up-to-date symlink: /home/azif/xarm_ros2_simulation/install/xarm_description/share/xarm_description//urdf/gripper/lite_gripper.urdf.xacro
[1.165s] -- Up-to-date symlink: /home/azif/xarm_ros2_simulation/install/xarm_description/share/xarm_description//urdf/gripper/xarm_gripper.gazebo.xacro
[1.165s] -- Up-to-date symlink: /home/azif/xarm_ros2_simulation/install/xarm_description/share/xarm_description//urdf/gripper/xarm_gripper.ros2_control.xacro
[1.165s] -- Up-to-date symlink: /home/azif/xarm_ros2_simulation/install/xarm_description/share/xarm_description//urdf/gripper/xarm_gripper.transmission.xacro
[1.165s] -- Up-to-date symlink: /home/azif/xarm_ros2_simulation/install/xarm_description/share/xarm_description//urdf/gripper/xarm_gripper.urdf.xacro
[1.165s] -- Up-to-date symlink: /home/azif/xarm_ros2_simulation/install/xarm_description/share/xarm_description//urdf/gripper/xarm_gripper_macro.xacro
[1.165s] -- Up-to-date symlink: /home/azif/xarm_ros2_simulation/install/xarm_description/share/xarm_description//urdf/lite6/lite6.gazebo.xacro
[1.165s] -- Up-to-date symlink: /home/azif/xarm_ros2_simulation/install/xarm_description/share/xarm_description//urdf/lite6/lite6.ros2_control.xacro
[1.165s] -- Up-to-date symlink: /home/azif/xarm_ros2_simulation/install/xarm_description/share/xarm_description//urdf/lite6/lite6.transmission.xacro
[1.165s] -- Up-to-date symlink: /home/azif/xarm_ros2_simulation/install/xarm_description/share/xarm_description//urdf/lite6/lite6.urdf.xacro
[1.166s] -- Up-to-date symlink: /home/azif/xarm_ros2_simulation/install/xarm_description/share/xarm_description//urdf/lite6/lite6_robot_macro.xacro
[1.172s] -- Up-to-date symlink: /home/azif/xarm_ros2_simulation/install/xarm_description/share/xarm_description//urdf/other/other_geometry.urdf.xacro
[1.172s] -- Up-to-date symlink: /home/azif/xarm_ros2_simulation/install/xarm_description/share/xarm_description//urdf/uf850/uf850.gazebo.xacro
[1.173s] -- Up-to-date symlink: /home/azif/xarm_ros2_simulation/install/xarm_description/share/xarm_description//urdf/uf850/uf850.ros2_control.xacro
[1.173s] -- Up-to-date symlink: /home/azif/xarm_ros2_simulation/install/xarm_description/share/xarm_description//urdf/uf850/uf850.transmission.xacro
[1.173s] -- Up-to-date symlink: /home/azif/xarm_ros2_simulation/install/xarm_description/share/xarm_description//urdf/uf850/uf850.urdf.xacro
[1.173s] -- Up-to-date symlink: /home/azif/xarm_ros2_simulation/install/xarm_description/share/xarm_description//urdf/uf850/uf850_robot_macro.xacro
[1.179s] -- Up-to-date symlink: /home/azif/xarm_ros2_simulation/install/xarm_description/share/xarm_description//urdf/vacuum_gripper/lite_vacuum_gripper.urdf.xacro
[1.213s] -- Up-to-date symlink: /home/azif/xarm_ros2_simulation/install/xarm_description/share/xarm_description//urdf/vacuum_gripper/vacuum_gripper.urdf.xacro
[1.215s] -- Up-to-date symlink: /home/azif/xarm_ros2_simulation/install/xarm_description/share/xarm_description//urdf/vacuum_gripper/vacuum_gripper_macro.xacro
[1.217s] -- Up-to-date symlink: /home/azif/xarm_ros2_simulation/install/xarm_description/share/xarm_description//urdf/vacuum_gripper/xarm_vacuum_gripper.urdf.xacro
[1.218s] -- Up-to-date symlink: /home/azif/xarm_ros2_simulation/install/xarm_description/share/xarm_description//urdf/xarm5/xarm5.gazebo.xacro
[1.219s] -- Up-to-date symlink: /home/azif/xarm_ros2_simulation/install/xarm_description/share/xarm_description//urdf/xarm5/xarm5.ros2_control.xacro
[1.219s] -- Up-to-date symlink: /home/azif/xarm_ros2_simulation/install/xarm_description/share/xarm_description//urdf/xarm5/xarm5.transmission.xacro
[1.220s] -- Up-to-date symlink: /home/azif/xarm_ros2_simulation/install/xarm_description/share/xarm_description//urdf/xarm5/xarm5.urdf.xacro
[1.221s] -- Up-to-date symlink: /home/azif/xarm_ros2_simulation/install/xarm_description/share/xarm_description//urdf/xarm5/xarm5_robot_macro.xacro
[1.221s] -- Up-to-date symlink: /home/azif/xarm_ros2_simulation/install/xarm_description/share/xarm_description//urdf/xarm6/xarm6.gazebo.xacro
[1.221s] -- Up-to-date symlink: /home/azif/xarm_ros2_simulation/install/xarm_description/share/xarm_description//urdf/xarm6/xarm6.ros2_control.xacro
[1.224s] -- Up-to-date symlink: /home/azif/xarm_ros2_simulation/install/xarm_description/share/xarm_description//urdf/xarm6/xarm6.transmission.xacro
[1.224s] -- Up-to-date symlink: /home/azif/xarm_ros2_simulation/install/xarm_description/share/xarm_description//urdf/xarm6/xarm6.urdf.xacro
[1.224s] -- Up-to-date symlink: /home/azif/xarm_ros2_simulation/install/xarm_description/share/xarm_description//urdf/xarm6/xarm6_robot_macro.xacro
[1.227s] -- Up-to-date symlink: /home/azif/xarm_ros2_simulation/install/xarm_description/share/xarm_description//urdf/xarm7/xarm7.gazebo.xacro
[1.231s] -- Up-to-date symlink: /home/azif/xarm_ros2_simulation/install/xarm_description/share/xarm_description//urdf/xarm7/xarm7.ros2_control.xacro
[1.231s] -- Up-to-date symlink: /home/azif/xarm_ros2_simulation/install/xarm_description/share/xarm_description//urdf/xarm7/xarm7.transmission.xacro
[1.231s] -- Up-to-date symlink: /home/azif/xarm_ros2_simulation/install/xarm_description/share/xarm_description//urdf/xarm7/xarm7.urdf.xacro
[1.231s] -- Up-to-date symlink: /home/azif/xarm_ros2_simulation/install/xarm_description/share/xarm_description//urdf/xarm7/xarm7_robot_macro.xacro
[1.231s] -- Up-to-date symlink: /home/azif/xarm_ros2_simulation/install/xarm_description/share/xarm_description//urdf/xarm7_mirror/xarm7_mirror.gazebo.xacro
[1.232s] -- Up-to-date symlink: /home/azif/xarm_ros2_simulation/install/xarm_description/share/xarm_description//urdf/xarm7_mirror/xarm7_mirror.ros2_control.xacro
[1.232s] -- Up-to-date symlink: /home/azif/xarm_ros2_simulation/install/xarm_description/share/xarm_description//urdf/xarm7_mirror/xarm7_mirror.transmission.xacro
[1.232s] -- Up-to-date symlink: /home/azif/xarm_ros2_simulation/install/xarm_description/share/xarm_description//urdf/xarm7_mirror/xarm7_mirror.urdf.xacro
[1.232s] -- Up-to-date symlink: /home/azif/xarm_ros2_simulation/install/xarm_description/share/xarm_description//urdf/xarm7_mirror/xarm7_mirror_robot_macro.xacro
[1.234s] -- Up-to-date symlink: /home/azif/xarm_ros2_simulation/install/xarm_description/share/xarm_description//urdf/xarm_device.urdf.xacro
[1.238s] -- Up-to-date symlink: /home/azif/xarm_ros2_simulation/install/xarm_description/share/xarm_description//urdf/xarm_device_macro.xacro
[1.243s] -- Up-to-date symlink: /home/azif/xarm_ros2_simulation/install/xarm_description/share/xarm_description//config/kinematics/default/lite6_default_kinematics.yaml
[1.244s] -- Up-to-date symlink: /home/azif/xarm_ros2_simulation/install/xarm_description/share/xarm_description//config/kinematics/default/uf850_default_kinematics.yaml
[1.261s] -- Up-to-date symlink: /home/azif/xarm_ros2_simulation/install/xarm_description/share/xarm_description//config/kinematics/default/xarm5_default_kinematics.yaml
[1.261s] -- Up-to-date symlink: /home/azif/xarm_ros2_simulation/install/xarm_description/share/xarm_description//config/kinematics/default/xarm6_default_kinematics.yaml
[1.261s] -- Up-to-date symlink: /home/azif/xarm_ros2_simulation/install/xarm_description/share/xarm_description//config/kinematics/default/xarm7_default_kinematics.yaml
[1.261s] -- Up-to-date symlink: /home/azif/xarm_ros2_simulation/install/xarm_description/share/xarm_description//config/kinematics/default/xarm7_mirror_default_kinematics.yaml
[1.261s] -- Up-to-date symlink: /home/azif/xarm_ros2_simulation/install/xarm_description/share/xarm_description//config/kinematics/gen_kinematics_params.py
[1.262s] -- Up-to-date symlink: /home/azif/xarm_ros2_simulation/install/xarm_description/share/xarm_description//config/link_inertial/gen_link_inertial_params.py
[1.262s] -- Up-to-date symlink: /home/azif/xarm_ros2_simulation/install/xarm_description/share/xarm_description//config/link_inertial/xarm5_type5_HT_BR.yaml
[1.262s] -- Up-to-date symlink: /home/azif/xarm_ros2_simulation/install/xarm_description/share/xarm_description//config/link_inertial/xarm5_type5_HT_BR2.yaml
[1.262s] -- Up-to-date symlink: /home/azif/xarm_ros2_simulation/install/xarm_description/share/xarm_description//config/link_inertial/xarm5_type5_HT_LD.yaml
[1.262s] -- Up-to-date symlink: /home/azif/xarm_ros2_simulation/install/xarm_description/share/xarm_description//config/link_inertial/xarm5_type5_UJ_BR_2403.yaml
[1.262s] -- Up-to-date symlink: /home/azif/xarm_ros2_simulation/install/xarm_description/share/xarm_description//config/link_inertial/xarm6_type11_HT_LD.yaml
[1.262s] -- Up-to-date symlink: /home/azif/xarm_ros2_simulation/install/xarm_description/share/xarm_description//config/link_inertial/xarm6_type12_HT_LDBR2.yaml
[1.262s] -- Up-to-date symlink: /home/azif/xarm_ros2_simulation/install/xarm_description/share/xarm_description//config/link_inertial/xarm6_type6_HT2_LD.yaml
[1.262s] -- Up-to-date symlink: /home/azif/xarm_ros2_simulation/install/xarm_description/share/xarm_description//config/link_inertial/xarm6_type6_HT_BR.yaml
[1.263s] -- Up-to-date symlink: /home/azif/xarm_ros2_simulation/install/xarm_description/share/xarm_description//config/link_inertial/xarm6_type6_HT_BR2.yaml
[1.263s] -- Up-to-date symlink: /home/azif/xarm_ros2_simulation/install/xarm_description/share/xarm_description//config/link_inertial/xarm6_type6_HT_LD.yaml
[1.263s] -- Up-to-date symlink: /home/azif/xarm_ros2_simulation/install/xarm_description/share/xarm_description//config/link_inertial/xarm6_type6_UJ_BR_2403.yaml
[1.263s] -- Up-to-date symlink: /home/azif/xarm_ros2_simulation/install/xarm_description/share/xarm_description//config/link_inertial/xarm6_type8_HT2_BR2.yaml
[1.263s] -- Up-to-date symlink: /home/azif/xarm_ros2_simulation/install/xarm_description/share/xarm_description//config/link_inertial/xarm6_type9_HT_BR2.yaml
[1.263s] -- Up-to-date symlink: /home/azif/xarm_ros2_simulation/install/xarm_description/share/xarm_description//config/link_inertial/xarm7_type13_HT_BR2.yaml
[1.263s] -- Up-to-date symlink: /home/azif/xarm_ros2_simulation/install/xarm_description/share/xarm_description//config/link_inertial/xarm7_type3_YT_SP.yaml
[1.263s] -- Up-to-date symlink: /home/azif/xarm_ros2_simulation/install/xarm_description/share/xarm_description//config/link_inertial/xarm7_type7_HT_BR.yaml
[1.263s] -- Up-to-date symlink: /home/azif/xarm_ros2_simulation/install/xarm_description/share/xarm_description//config/link_inertial/xarm7_type7_HT_BR2.yaml
[1.267s] -- Up-to-date symlink: /home/azif/xarm_ros2_simulation/install/xarm_description/share/xarm_description//config/link_inertial/xarm7_type7_HT_LD.yaml
[1.267s] -- Up-to-date symlink: /home/azif/xarm_ros2_simulation/install/xarm_description/share/xarm_description//config/link_inertial/xarm7_type7_UJ_BR_2403.yaml
[1.269s] -- Up-to-date symlink: /home/azif/xarm_ros2_simulation/install/xarm_description/share/xarm_description//meshes/camera/realsense/collision/d435_with_cam_stand.stl
[1.270s] -- Up-to-date symlink: /home/azif/xarm_ros2_simulation/install/xarm_description/share/xarm_description//meshes/camera/realsense/visual/d435_with_cam_stand.stl
[1.270s] -- Up-to-date symlink: /home/azif/xarm_ros2_simulation/install/xarm_description/share/xarm_description//meshes/end_tool/collision/end_tool.stl
[1.272s] -- Up-to-date symlink: /home/azif/xarm_ros2_simulation/install/xarm_description/share/xarm_description//meshes/end_tool/collision/end_tool_1300.stl
[1.272s] -- Up-to-date symlink: /home/azif/xarm_ros2_simulation/install/xarm_description/share/xarm_description//meshes/end_tool/visual/end_tool_1300.stl
[1.274s] -- Up-to-date symlink: /home/azif/xarm_ros2_simulation/install/xarm_description/share/xarm_description//meshes/gripper/bio/left_finger.stl
[1.275s] -- Up-to-date symlink: /home/azif/xarm_ros2_simulation/install/xarm_description/share/xarm_description//meshes/gripper/bio/link_base.stl
[1.275s] -- Up-to-date symlink: /home/azif/xarm_ros2_simulation/install/xarm_description/share/xarm_description//meshes/gripper/bio/right_finger.stl
[1.275s] -- Up-to-date symlink: /home/azif/xarm_ros2_simulation/install/xarm_description/share/xarm_description//meshes/gripper/lite/collision/gripper_lite.stl
[1.278s] -- Up-to-date symlink: /home/azif/xarm_ros2_simulation/install/xarm_description/share/xarm_description//meshes/gripper/lite/visual/gripper_lite.stl
[1.279s] -- Up-to-date symlink: /home/azif/xarm_ros2_simulation/install/xarm_description/share/xarm_description//meshes/gripper/xarm/base_link.stl
[1.280s] -- Up-to-date symlink: /home/azif/xarm_ros2_simulation/install/xarm_description/share/xarm_description//meshes/gripper/xarm/left_finger.stl
[1.280s] -- Up-to-date symlink: /home/azif/xarm_ros2_simulation/install/xarm_description/share/xarm_description//meshes/gripper/xarm/left_inner_knuckle.stl
[1.280s] -- Up-to-date symlink: /home/azif/xarm_ros2_simulation/install/xarm_description/share/xarm_description//meshes/gripper/xarm/left_outer_knuckle.stl
[1.281s] -- Up-to-date symlink: /home/azif/xarm_ros2_simulation/install/xarm_description/share/xarm_description//meshes/gripper/xarm/right_finger.stl
[1.281s] -- Up-to-date symlink: /home/azif/xarm_ros2_simulation/install/xarm_description/share/xarm_description//meshes/gripper/xarm/right_inner_knuckle.stl
[1.282s] -- Up-to-date symlink: /home/azif/xarm_ros2_simulation/install/xarm_description/share/xarm_description//meshes/gripper/xarm/right_outer_knuckle.stl
[1.282s] -- Up-to-date symlink: /home/azif/xarm_ros2_simulation/install/xarm_description/share/xarm_description//meshes/lite6/collision/link1.stl
[1.282s] -- Up-to-date symlink: /home/azif/xarm_ros2_simulation/install/xarm_description/share/xarm_description//meshes/lite6/collision/link2.stl
[1.282s] -- Up-to-date symlink: /home/azif/xarm_ros2_simulation/install/xarm_description/share/xarm_description//meshes/lite6/collision/link3.stl
[1.282s] -- Up-to-date symlink: /home/azif/xarm_ros2_simulation/install/xarm_description/share/xarm_description//meshes/lite6/collision/link4.stl
[1.282s] -- Up-to-date symlink: /home/azif/xarm_ros2_simulation/install/xarm_description/share/xarm_description//meshes/lite6/collision/link5.stl
[1.283s] -- Up-to-date symlink: /home/azif/xarm_ros2_simulation/install/xarm_description/share/xarm_description//meshes/lite6/collision/link6.stl
[1.283s] -- Up-to-date symlink: /home/azif/xarm_ros2_simulation/install/xarm_description/share/xarm_description//meshes/lite6/collision/link_base.stl
[1.283s] -- Up-to-date symlink: /home/azif/xarm_ros2_simulation/install/xarm_description/share/xarm_description//meshes/lite6/visual/link1.stl
[1.283s] -- Up-to-date symlink: /home/azif/xarm_ros2_simulation/install/xarm_description/share/xarm_description//meshes/lite6/visual/link2.stl
[1.283s] -- Up-to-date symlink: /home/azif/xarm_ros2_simulation/install/xarm_description/share/xarm_description//meshes/lite6/visual/link3.stl
[1.284s] -- Up-to-date symlink: /home/azif/xarm_ros2_simulation/install/xarm_description/share/xarm_description//meshes/lite6/visual/link4.stl
[1.289s] -- Up-to-date symlink: /home/azif/xarm_ros2_simulation/install/xarm_description/share/xarm_description//meshes/lite6/visual/link5.stl
[1.289s] -- Up-to-date symlink: /home/azif/xarm_ros2_simulation/install/xarm_description/share/xarm_description//meshes/lite6/visual/link6.stl
[1.289s] -- Up-to-date symlink: /home/azif/xarm_ros2_simulation/install/xarm_description/share/xarm_description//meshes/lite6/visual/link_base.stl
[1.290s] -- Up-to-date symlink: /home/azif/xarm_ros2_simulation/install/xarm_description/share/xarm_description//meshes/uf850/collision/link1.stl
[1.290s] -- Up-to-date symlink: /home/azif/xarm_ros2_simulation/install/xarm_description/share/xarm_description//meshes/uf850/collision/link2.stl
[1.290s] -- Up-to-date symlink: /home/azif/xarm_ros2_simulation/install/xarm_description/share/xarm_description//meshes/uf850/collision/link3.stl
[1.290s] -- Up-to-date symlink: /home/azif/xarm_ros2_simulation/install/xarm_description/share/xarm_description//meshes/uf850/collision/link4.stl
[1.290s] -- Up-to-date symlink: /home/azif/xarm_ros2_simulation/install/xarm_description/share/xarm_description//meshes/uf850/collision/link5.stl
[1.290s] -- Up-to-date symlink: /home/azif/xarm_ros2_simulation/install/xarm_description/share/xarm_description//meshes/uf850/collision/link6.stl
[1.290s] -- Up-to-date symlink: /home/azif/xarm_ros2_simulation/install/xarm_description/share/xarm_description//meshes/uf850/collision/link_base.stl
[1.291s] -- Up-to-date symlink: /home/azif/xarm_ros2_simulation/install/xarm_description/share/xarm_description//meshes/uf850/visual/link1.stl
[1.292s] -- Up-to-date symlink: /home/azif/xarm_ros2_simulation/install/xarm_description/share/xarm_description//meshes/uf850/visual/link2.stl
[1.293s] -- Up-to-date symlink: /home/azif/xarm_ros2_simulation/install/xarm_description/share/xarm_description//meshes/uf850/visual/link3.stl
[1.294s] -- Up-to-date symlink: /home/azif/xarm_ros2_simulation/install/xarm_description/share/xarm_description//meshes/uf850/visual/link4.stl
[1.297s] -- Up-to-date symlink: /home/azif/xarm_ros2_simulation/install/xarm_description/share/xarm_description//meshes/uf850/visual/link5.stl
[1.297s] -- Up-to-date symlink: /home/azif/xarm_ros2_simulation/install/xarm_description/share/xarm_description//meshes/uf850/visual/link6.stl
[1.297s] -- Up-to-date symlink: /home/azif/xarm_ros2_simulation/install/xarm_description/share/xarm_description//meshes/uf850/visual/link_base.stl
[1.297s] -- Up-to-date symlink: /home/azif/xarm_ros2_simulation/install/xarm_description/share/xarm_description//meshes/vacuum_gripper/lite/collision/vacuum_gripper_lite.stl
[1.297s] -- Up-to-date symlink: /home/azif/xarm_ros2_simulation/install/xarm_description/share/xarm_description//meshes/vacuum_gripper/lite/visual/vacuum_gripper_lite.stl
[1.298s] -- Up-to-date symlink: /home/azif/xarm_ros2_simulation/install/xarm_description/share/xarm_description//meshes/vacuum_gripper/xarm/collision/vacuum_gripper.stl
[1.299s] -- Up-to-date symlink: /home/azif/xarm_ros2_simulation/install/xarm_description/share/xarm_description//meshes/vacuum_gripper/xarm/visual/vacuum_gripper.stl
[1.301s] -- Up-to-date symlink: /home/azif/xarm_ros2_simulation/install/xarm_description/share/xarm_description//meshes/xarm5/visual/link1.stl
[1.301s] -- Up-to-date symlink: /home/azif/xarm_ros2_simulation/install/xarm_description/share/xarm_description//meshes/xarm5/visual/link2.stl
[1.303s] -- Up-to-date symlink: /home/azif/xarm_ros2_simulation/install/xarm_description/share/xarm_description//meshes/xarm5/visual/link3.stl
[1.305s] -- Up-to-date symlink: /home/azif/xarm_ros2_simulation/install/xarm_description/share/xarm_description//meshes/xarm5/visual/link4.stl
[1.305s] -- Up-to-date symlink: /home/azif/xarm_ros2_simulation/install/xarm_description/share/xarm_description//meshes/xarm5/visual/link5.stl
[1.305s] -- Up-to-date symlink: /home/azif/xarm_ros2_simulation/install/xarm_description/share/xarm_description//meshes/xarm5/visual/link_base.stl
[1.331s] -- Up-to-date symlink: /home/azif/xarm_ros2_simulation/install/xarm_description/share/xarm_description//meshes/xarm5_1305/collision/link1.obj
[1.332s] -- Up-to-date symlink: /home/azif/xarm_ros2_simulation/install/xarm_description/share/xarm_description//meshes/xarm5_1305/collision/link2.obj
[1.333s] -- Up-to-date symlink: /home/azif/xarm_ros2_simulation/install/xarm_description/share/xarm_description//meshes/xarm5_1305/collision/link3.obj
[1.333s] -- Up-to-date symlink: /home/azif/xarm_ros2_simulation/install/xarm_description/share/xarm_description//meshes/xarm5_1305/collision/link4.obj
[1.333s] -- Up-to-date symlink: /home/azif/xarm_ros2_simulation/install/xarm_description/share/xarm_description//meshes/xarm5_1305/collision/link5.obj
[1.333s] -- Up-to-date symlink: /home/azif/xarm_ros2_simulation/install/xarm_description/share/xarm_description//meshes/xarm5_1305/collision/link_base.obj
[1.333s] -- Up-to-date symlink: /home/azif/xarm_ros2_simulation/install/xarm_description/share/xarm_description//meshes/xarm5_1305/visual/link1.stl
[1.333s] -- Up-to-date symlink: /home/azif/xarm_ros2_simulation/install/xarm_description/share/xarm_description//meshes/xarm5_1305/visual/link2.stl
[1.333s] -- Up-to-date symlink: /home/azif/xarm_ros2_simulation/install/xarm_description/share/xarm_description//meshes/xarm5_1305/visual/link3.stl
[1.334s] -- Up-to-date symlink: /home/azif/xarm_ros2_simulation/install/xarm_description/share/xarm_description//meshes/xarm5_1305/visual/link4.stl
[1.334s] -- Up-to-date symlink: /home/azif/xarm_ros2_simulation/install/xarm_description/share/xarm_description//meshes/xarm5_1305/visual/link5.stl
[1.334s] -- Up-to-date symlink: /home/azif/xarm_ros2_simulation/install/xarm_description/share/xarm_description//meshes/xarm5_1305/visual/link_base.stl
[1.334s] -- Up-to-date symlink: /home/azif/xarm_ros2_simulation/install/xarm_description/share/xarm_description//meshes/xarm6/visual/link1.stl
[1.335s] -- Up-to-date symlink: /home/azif/xarm_ros2_simulation/install/xarm_description/share/xarm_description//meshes/xarm6/visual/link2.stl
[1.335s] -- Up-to-date symlink: /home/azif/xarm_ros2_simulation/install/xarm_description/share/xarm_description//meshes/xarm6/visual/link3.stl
[1.337s] -- Up-to-date symlink: /home/azif/xarm_ros2_simulation/install/xarm_description/share/xarm_description//meshes/xarm6/visual/link4.stl
[1.337s] -- Up-to-date symlink: /home/azif/xarm_ros2_simulation/install/xarm_description/share/xarm_description//meshes/xarm6/visual/link5.stl
[1.337s] -- Up-to-date symlink: /home/azif/xarm_ros2_simulation/install/xarm_description/share/xarm_description//meshes/xarm6/visual/link6.stl
[1.337s] -- Up-to-date symlink: /home/azif/xarm_ros2_simulation/install/xarm_description/share/xarm_description//meshes/xarm6/visual/link_base.stl
[1.338s] -- Up-to-date symlink: /home/azif/xarm_ros2_simulation/install/xarm_description/share/xarm_description//meshes/xarm6_1305/collision/link1.obj
[1.338s] -- Up-to-date symlink: /home/azif/xarm_ros2_simulation/install/xarm_description/share/xarm_description//meshes/xarm6_1305/collision/link2.obj
[1.338s] -- Up-to-date symlink: /home/azif/xarm_ros2_simulation/install/xarm_description/share/xarm_description//meshes/xarm6_1305/collision/link3.obj
[1.338s] -- Up-to-date symlink: /home/azif/xarm_ros2_simulation/install/xarm_description/share/xarm_description//meshes/xarm6_1305/collision/link4.obj
[1.338s] -- Up-to-date symlink: /home/azif/xarm_ros2_simulation/install/xarm_description/share/xarm_description//meshes/xarm6_1305/collision/link5.obj
[1.338s] -- Up-to-date symlink: /home/azif/xarm_ros2_simulation/install/xarm_description/share/xarm_description//meshes/xarm6_1305/collision/link6.obj
[1.338s] -- Up-to-date symlink: /home/azif/xarm_ros2_simulation/install/xarm_description/share/xarm_description//meshes/xarm6_1305/collision/link_base.obj
[1.339s] -- Up-to-date symlink: /home/azif/xarm_ros2_simulation/install/xarm_description/share/xarm_description//meshes/xarm6_1305/visual/link1.stl
[1.339s] -- Up-to-date symlink: /home/azif/xarm_ros2_simulation/install/xarm_description/share/xarm_description//meshes/xarm6_1305/visual/link2.stl
[1.339s] -- Up-to-date symlink: /home/azif/xarm_ros2_simulation/install/xarm_description/share/xarm_description//meshes/xarm6_1305/visual/link3.stl
[1.339s] -- Up-to-date symlink: /home/azif/xarm_ros2_simulation/install/xarm_description/share/xarm_description//meshes/xarm6_1305/visual/link4.stl
[1.362s] -- Up-to-date symlink: /home/azif/xarm_ros2_simulation/install/xarm_description/share/xarm_description//meshes/xarm6_1305/visual/link5.stl
[1.362s] -- Up-to-date symlink: /home/azif/xarm_ros2_simulation/install/xarm_description/share/xarm_description//meshes/xarm6_1305/visual/link6.stl
[1.362s] -- Up-to-date symlink: /home/azif/xarm_ros2_simulation/install/xarm_description/share/xarm_description//meshes/xarm6_1305/visual/link_base.stl
[1.364s] -- Up-to-date symlink: /home/azif/xarm_ros2_simulation/install/xarm_description/share/xarm_description//meshes/xarm7/visual/link1.stl
[1.364s] -- Up-to-date symlink: /home/azif/xarm_ros2_simulation/install/xarm_description/share/xarm_description//meshes/xarm7/visual/link2.stl
[1.364s] -- Up-to-date symlink: /home/azif/xarm_ros2_simulation/install/xarm_description/share/xarm_description//meshes/xarm7/visual/link3.stl
[1.365s] -- Up-to-date symlink: /home/azif/xarm_ros2_simulation/install/xarm_description/share/xarm_description//meshes/xarm7/visual/link4.stl
[1.365s] -- Up-to-date symlink: /home/azif/xarm_ros2_simulation/install/xarm_description/share/xarm_description//meshes/xarm7/visual/link5.stl
[1.366s] -- Up-to-date symlink: /home/azif/xarm_ros2_simulation/install/xarm_description/share/xarm_description//meshes/xarm7/visual/link6.stl
[1.366s] -- Up-to-date symlink: /home/azif/xarm_ros2_simulation/install/xarm_description/share/xarm_description//meshes/xarm7/visual/link7.stl
[1.366s] -- Up-to-date symlink: /home/azif/xarm_ros2_simulation/install/xarm_description/share/xarm_description//meshes/xarm7/visual/link_base.stl
[1.366s] -- Up-to-date symlink: /home/azif/xarm_ros2_simulation/install/xarm_description/share/xarm_description//meshes/xarm7_1305/collision/link1.obj
[1.366s] -- Up-to-date symlink: /home/azif/xarm_ros2_simulation/install/xarm_description/share/xarm_description//meshes/xarm7_1305/collision/link2.obj
[1.366s] -- Up-to-date symlink: /home/azif/xarm_ros2_simulation/install/xarm_description/share/xarm_description//meshes/xarm7_1305/collision/link3.obj
[1.367s] -- Up-to-date symlink: /home/azif/xarm_ros2_simulation/install/xarm_description/share/xarm_description//meshes/xarm7_1305/collision/link4.obj
[1.367s] -- Up-to-date symlink: /home/azif/xarm_ros2_simulation/install/xarm_description/share/xarm_description//meshes/xarm7_1305/collision/link5.obj
[1.367s] -- Up-to-date symlink: /home/azif/xarm_ros2_simulation/install/xarm_description/share/xarm_description//meshes/xarm7_1305/collision/link6.obj
[1.367s] -- Up-to-date symlink: /home/azif/xarm_ros2_simulation/install/xarm_description/share/xarm_description//meshes/xarm7_1305/collision/link7.obj
[1.379s] -- Up-to-date symlink: /home/azif/xarm_ros2_simulation/install/xarm_description/share/xarm_description//meshes/xarm7_1305/collision/link_base.obj
[1.379s] -- Up-to-date symlink: /home/azif/xarm_ros2_simulation/install/xarm_description/share/xarm_description//meshes/xarm7_1305/visual/link1.stl
[1.380s] -- Up-to-date symlink: /home/azif/xarm_ros2_simulation/install/xarm_description/share/xarm_description//meshes/xarm7_1305/visual/link2.stl
[1.381s] -- Up-to-date symlink: /home/azif/xarm_ros2_simulation/install/xarm_description/share/xarm_description//meshes/xarm7_1305/visual/link3.stl
[1.382s] -- Up-to-date symlink: /home/azif/xarm_ros2_simulation/install/xarm_description/share/xarm_description//meshes/xarm7_1305/visual/link4.stl
[1.384s] -- Up-to-date symlink: /home/azif/xarm_ros2_simulation/install/xarm_description/share/xarm_description//meshes/xarm7_1305/visual/link5.stl
[1.384s] -- Up-to-date symlink: /home/azif/xarm_ros2_simulation/install/xarm_description/share/xarm_description//meshes/xarm7_1305/visual/link6.stl
[1.385s] -- Up-to-date symlink: /home/azif/xarm_ros2_simulation/install/xarm_description/share/xarm_description//meshes/xarm7_1305/visual/link7.stl
[1.392s] -- Up-to-date symlink: /home/azif/xarm_ros2_simulation/install/xarm_description/share/xarm_description//meshes/xarm7_1305/visual/link_base.stl
[1.392s] -- Up-to-date symlink: /home/azif/xarm_ros2_simulation/install/xarm_description/share/xarm_description//meshes/xarm7_mirror/collision/link1.stl
[1.392s] -- Up-to-date symlink: /home/azif/xarm_ros2_simulation/install/xarm_description/share/xarm_description//meshes/xarm7_mirror/collision/link2.stl
[1.393s] -- Up-to-date symlink: /home/azif/xarm_ros2_simulation/install/xarm_description/share/xarm_description//meshes/xarm7_mirror/collision/link3.stl
[1.394s] -- Up-to-date symlink: /home/azif/xarm_ros2_simulation/install/xarm_description/share/xarm_description//meshes/xarm7_mirror/collision/link4.stl
[1.395s] -- Up-to-date symlink: /home/azif/xarm_ros2_simulation/install/xarm_description/share/xarm_description//meshes/xarm7_mirror/collision/link5.stl
[1.401s] -- Up-to-date symlink: /home/azif/xarm_ros2_simulation/install/xarm_description/share/xarm_description//meshes/xarm7_mirror/collision/link6.stl
[1.401s] -- Up-to-date symlink: /home/azif/xarm_ros2_simulation/install/xarm_description/share/xarm_description//meshes/xarm7_mirror/collision/link7.stl
[1.401s] -- Up-to-date symlink: /home/azif/xarm_ros2_simulation/install/xarm_description/share/xarm_description//meshes/xarm7_mirror/collision/link_base.stl
[1.401s] -- Up-to-date symlink: /home/azif/xarm_ros2_simulation/install/xarm_description/share/xarm_description//meshes/xarm7_mirror/visual/link1.stl
[1.401s] -- Up-to-date symlink: /home/azif/xarm_ros2_simulation/install/xarm_description/share/xarm_description//meshes/xarm7_mirror/visual/link2.stl
[1.405s] -- Up-to-date symlink: /home/azif/xarm_ros2_simulation/install/xarm_description/share/xarm_description//meshes/xarm7_mirror/visual/link3.stl
[1.412s] -- Up-to-date symlink: /home/azif/xarm_ros2_simulation/install/xarm_description/share/xarm_description//meshes/xarm7_mirror/visual/link4.stl
[1.412s] -- Up-to-date symlink: /home/azif/xarm_ros2_simulation/install/xarm_description/share/xarm_description//meshes/xarm7_mirror/visual/link5.stl
[1.414s] -- Up-to-date symlink: /home/azif/xarm_ros2_simulation/install/xarm_description/share/xarm_description//meshes/xarm7_mirror/visual/link6.stl
[1.415s] -- Up-to-date symlink: /home/azif/xarm_ros2_simulation/install/xarm_description/share/xarm_description//meshes/xarm7_mirror/visual/link7.stl
[1.415s] -- Up-to-date symlink: /home/azif/xarm_ros2_simulation/install/xarm_description/share/xarm_description//meshes/xarm7_mirror/visual/link_base.stl
[1.416s] -- Up-to-date symlink: /home/azif/xarm_ros2_simulation/install/xarm_description/share/xarm_description//launch/_robot_description.launch.py
[1.416s] -- Up-to-date symlink: /home/azif/xarm_ros2_simulation/install/xarm_description/share/xarm_description//launch/_robot_joint_state.launch.py
[1.416s] -- Up-to-date symlink: /home/azif/xarm_ros2_simulation/install/xarm_description/share/xarm_description//launch/_robot_rviz_display.launch.py
[1.416s] -- Up-to-date symlink: /home/azif/xarm_ros2_simulation/install/xarm_description/share/xarm_description//launch/_rviz_display.launch.py
[1.417s] -- Up-to-date symlink: /home/azif/xarm_ros2_simulation/install/xarm_description/share/xarm_description//launch/lib/robot_description_lib.py
[1.417s] -- Up-to-date symlink: /home/azif/xarm_ros2_simulation/install/xarm_description/share/xarm_description//launch/lite6_rviz_display.launch.py
[1.418s] -- Up-to-date symlink: /home/azif/xarm_ros2_simulation/install/xarm_description/share/xarm_description//launch/uf850_rviz_display.launch.py
[1.418s] -- Up-to-date symlink: /home/azif/xarm_ros2_simulation/install/xarm_description/share/xarm_description//launch/xarm5_rviz_display.launch.py
[1.421s] -- Up-to-date symlink: /home/azif/xarm_ros2_simulation/install/xarm_description/share/xarm_description//launch/xarm6_rviz_display.launch.py
[1.423s] -- Up-to-date symlink: /home/azif/xarm_ros2_simulation/install/xarm_description/share/xarm_description//launch/xarm7_mirror_rviz_display.launch.py
[1.424s] -- Up-to-date symlink: /home/azif/xarm_ros2_simulation/install/xarm_description/share/xarm_description//launch/xarm7_rviz_display.launch.py
[1.432s] -- Up-to-date symlink: /home/azif/xarm_ros2_simulation/install/xarm_description/share/ament_index/resource_index/package_run_dependencies/xarm_description
[1.432s] -- Up-to-date symlink: /home/azif/xarm_ros2_simulation/install/xarm_description/share/ament_index/resource_index/parent_prefix_path/xarm_description
[1.432s] -- Up-to-date symlink: /home/azif/xarm_ros2_simulation/install/xarm_description/share/xarm_description/environment/ament_prefix_path.sh
[1.432s] -- Up-to-date symlink: /home/azif/xarm_ros2_simulation/install/xarm_description/share/xarm_description/environment/ament_prefix_path.dsv
[1.433s] -- Up-to-date symlink: /home/azif/xarm_ros2_simulation/install/xarm_description/share/xarm_description/environment/path.sh
[1.433s] -- Up-to-date symlink: /home/azif/xarm_ros2_simulation/install/xarm_description/share/xarm_description/environment/path.dsv
[1.433s] -- Up-to-date symlink: /home/azif/xarm_ros2_simulation/install/xarm_description/share/xarm_description/local_setup.bash
[1.433s] -- Up-to-date symlink: /home/azif/xarm_ros2_simulation/install/xarm_description/share/xarm_description/local_setup.sh
[1.437s] -- Up-to-date symlink: /home/azif/xarm_ros2_simulation/install/xarm_description/share/xarm_description/local_setup.zsh
[1.438s] -- Up-to-date symlink: /home/azif/xarm_ros2_simulation/install/xarm_description/share/xarm_description/local_setup.dsv
[1.439s] -- Symlinking: /home/azif/xarm_ros2_simulation/install/xarm_description/share/xarm_description/package.dsv
[1.496s] -- Up-to-date symlink: /home/azif/xarm_ros2_simulation/install/xarm_description/share/ament_index/resource_index/packages/xarm_description
[1.496s] -- Up-to-date symlink: /home/azif/xarm_ros2_simulation/install/xarm_description/share/xarm_description/cmake/xarm_descriptionConfig.cmake
[1.498s] -- Up-to-date symlink: /home/azif/xarm_ros2_simulation/install/xarm_description/share/xarm_description/cmake/xarm_descriptionConfig-version.cmake
[1.498s] -- Up-to-date symlink: /home/azif/xarm_ros2_simulation/install/xarm_description/share/xarm_description/package.xml
[1.721s] Invoked command in '/home/azif/xarm_ros2_simulation/build/xarm_description' returned '0': CMAKE_PREFIX_PATH=/home/azif/xarm_ros2_simulation/install/xarm7_aruco_pick:/home/azif/xarm_ros2_simulation/install/xarm_planner:/home/azif/xarm_ros2_simulation/install/xarm_moveit_servo:/home/azif/xarm_ros2_simulation/install/xarm_moveit_config:/home/azif/xarm_ros2_simulation/install/xarm_gazebo:/home/azif/xarm_ros2_simulation/install/xarm_controller:/home/azif/xarm_ros2_simulation/install/d435i_xarm_setup:/home/azif/xarm_ros2_simulation/install/xarm_api:/home/azif/xarm_ros2_simulation/install/xarm_sdk:/home/azif/xarm_ros2_simulation/install/xarm7_pipeline:/home/azif/xarm_ros2_simulation/install/xarm_msgs:/home/azif/xarm_ros2_simulation/install/xarm_description:/home/azif/xarm_ros2_simulation/install/xarm7_pose_saver:/home/azif/xarm_ros2_simulation/install/realsense_gazebo_plugin:/home/azif/xarm_ros2_simulation/install/xarm7_bringup:/home/azif/xarm_ros2_simulation/install/xarm_moveit_interface:/home/azif/xarm_ros2_simulation/install/uf_ros_lib:/opt/ros/humble:/home/azif/xarm_ros2_simulation/install/attach_detach:/home/azif/xarm_ros2_simulation/install/msg_gazebo:/home/azif/xarm_ros2_simulation/install/mbot_demo /usr/bin/cmake --install /home/azif/xarm_ros2_simulation/build/xarm_description
