[0.310s] Invoking command in '/home/azif/xarm_ros2_simulation/build/realsense_gazebo_plugin': CMAKE_PREFIX_PATH=/opt/ros/humble /usr/bin/cmake --build /home/azif/xarm_ros2_simulation/build/realsense_gazebo_plugin -- -j16 -l16
[0.423s] [100%] Built target realsense_gazebo_plugin
[0.630s] Invoked command in '/home/azif/xarm_ros2_simulation/build/realsense_gazebo_plugin' returned '0': CMAKE_PREFIX_PATH=/opt/ros/humble /usr/bin/cmake --build /home/azif/xarm_ros2_simulation/build/realsense_gazebo_plugin -- -j16 -l16
[0.639s] Invoking command in '/home/azif/xarm_ros2_simulation/build/realsense_gazebo_plugin': CMAKE_PREFIX_PATH=/opt/ros/humble /usr/bin/cmake --install /home/azif/xarm_ros2_simulation/build/realsense_gazebo_plugin
[0.664s] -- Install configuration: ""
[0.667s] -- Execute custom install script
[0.671s] -- Up-to-date symlink: /home/azif/xarm_ros2_simulation/install/realsense_gazebo_plugin/lib/librealsense_gazebo_plugin.so
[0.671s] -- Up-to-date symlink: /home/azif/xarm_ros2_simulation/install/realsense_gazebo_plugin/include//realsense_gazebo_plugin/RealSensePlugin.h
[0.672s] -- Up-to-date symlink: /home/azif/xarm_ros2_simulation/install/realsense_gazebo_plugin/include//realsense_gazebo_plugin/gazebo_ros_realsense.h
[0.672s] -- Up-to-date symlink: /home/azif/xarm_ros2_simulation/install/realsense_gazebo_plugin/share/realsense_gazebo_plugin/environment/library_path.sh
[0.672s] -- Up-to-date symlink: /home/azif/xarm_ros2_simulation/install/realsense_gazebo_plugin/share/realsense_gazebo_plugin/environment/library_path.dsv
[0.672s] -- Up-to-date symlink: /home/azif/xarm_ros2_simulation/install/realsense_gazebo_plugin/share/ament_index/resource_index/package_run_dependencies/realsense_gazebo_plugin
[0.673s] -- Up-to-date symlink: /home/azif/xarm_ros2_simulation/install/realsense_gazebo_plugin/share/ament_index/resource_index/parent_prefix_path/realsense_gazebo_plugin
[0.673s] -- Up-to-date symlink: /home/azif/xarm_ros2_simulation/install/realsense_gazebo_plugin/share/realsense_gazebo_plugin/environment/ament_prefix_path.sh
[0.673s] -- Up-to-date symlink: /home/azif/xarm_ros2_simulation/install/realsense_gazebo_plugin/share/realsense_gazebo_plugin/environment/ament_prefix_path.dsv
[0.673s] -- Up-to-date symlink: /home/azif/xarm_ros2_simulation/install/realsense_gazebo_plugin/share/realsense_gazebo_plugin/environment/path.sh
[0.673s] -- Up-to-date symlink: /home/azif/xarm_ros2_simulation/install/realsense_gazebo_plugin/share/realsense_gazebo_plugin/environment/path.dsv
[0.673s] -- Up-to-date symlink: /home/azif/xarm_ros2_simulation/install/realsense_gazebo_plugin/share/realsense_gazebo_plugin/local_setup.bash
[0.673s] -- Up-to-date symlink: /home/azif/xarm_ros2_simulation/install/realsense_gazebo_plugin/share/realsense_gazebo_plugin/local_setup.sh
[0.674s] -- Up-to-date symlink: /home/azif/xarm_ros2_simulation/install/realsense_gazebo_plugin/share/realsense_gazebo_plugin/local_setup.zsh
[0.674s] -- Up-to-date symlink: /home/azif/xarm_ros2_simulation/install/realsense_gazebo_plugin/share/realsense_gazebo_plugin/local_setup.dsv
[0.675s] -- Symlinking: /home/azif/xarm_ros2_simulation/install/realsense_gazebo_plugin/share/realsense_gazebo_plugin/package.dsv
[0.688s] -- Up-to-date symlink: /home/azif/xarm_ros2_simulation/install/realsense_gazebo_plugin/share/ament_index/resource_index/packages/realsense_gazebo_plugin
[0.688s] -- Up-to-date symlink: /home/azif/xarm_ros2_simulation/install/realsense_gazebo_plugin/share/realsense_gazebo_plugin/cmake/ament_cmake_export_include_directories-extras.cmake
[0.689s] -- Up-to-date symlink: /home/azif/xarm_ros2_simulation/install/realsense_gazebo_plugin/share/realsense_gazebo_plugin/cmake/ament_cmake_export_libraries-extras.cmake
[0.689s] -- Up-to-date symlink: /home/azif/xarm_ros2_simulation/install/realsense_gazebo_plugin/share/realsense_gazebo_plugin/cmake/realsense_gazebo_pluginConfig.cmake
[0.689s] -- Up-to-date symlink: /home/azif/xarm_ros2_simulation/install/realsense_gazebo_plugin/share/realsense_gazebo_plugin/cmake/realsense_gazebo_pluginConfig-version.cmake
[0.689s] -- Up-to-date symlink: /home/azif/xarm_ros2_simulation/install/realsense_gazebo_plugin/share/realsense_gazebo_plugin/package.xml
[0.805s] Invoked command in '/home/azif/xarm_ros2_simulation/build/realsense_gazebo_plugin' returned '0': CMAKE_PREFIX_PATH=/opt/ros/humble /usr/bin/cmake --install /home/azif/xarm_ros2_simulation/build/realsense_gazebo_plugin
