-- The C compiler identification is GNU 11.4.0
-- The CXX compiler identification is GNU 11.4.0
-- Detecting C compiler ABI info
-- Detecting C compiler ABI info - done
-- Check for working C compiler: /usr/bin/cc - skipped
-- Detecting C compile features
-- Detecting C compile features - done
-- Detecting CXX compiler ABI info
-- Detecting CXX compiler ABI info - done
-- Check for working CXX compiler: /usr/bin/c++ - skipped
-- Detecting CXX compile features
-- Detecting CXX compile features - done
-- Found ament_cmake: 1.3.11 (/opt/ros/humble/share/ament_cmake/cmake)
-- Found Python3: /usr/bin/python3 (found version "3.10.12") found components: Interpreter 
-- Override CMake install command with custom implementation using symlinks instead of copying resources
-- Found ament_lint_auto: 0.12.11 (/opt/ros/humble/share/ament_lint_auto/cmake)
-- Found rosidl_default_generators: 1.2.0 (/opt/ros/humble/share/rosidl_default_generators/cmake)
-- Using all available rosidl_typesupport_c: rosidl_typesupport_fastrtps_c;rosidl_typesupport_introspection_c
-- Found rosidl_adapter: 3.1.6 (/opt/ros/humble/share/rosidl_adapter/cmake)
-- Using all available rosidl_typesupport_cpp: rosidl_typesupport_fastrtps_cpp;rosidl_typesupport_introspection_cpp
-- Found ament_cmake_ros: 0.10.0 (/opt/ros/humble/share/ament_cmake_ros/cmake)
-- Using all available rosidl_typesupport_c: rosidl_typesupport_fastrtps_c;rosidl_typesupport_introspection_c
-- Using all available rosidl_typesupport_cpp: rosidl_typesupport_fastrtps_cpp;rosidl_typesupport_introspection_cpp
-- Found PythonInterp: /usr/bin/python3 (found suitable version "3.10.12", minimum required is "3.6") 
-- Found python_cmake_module: 0.10.0 (/opt/ros/humble/share/python_cmake_module/cmake)
-- Found PythonLibs: /usr/lib/x86_64-linux-gnu/libpython3.10.so (found suitable version "3.10.12", minimum required is "3.5") 
-- Using PYTHON_EXECUTABLE: /usr/bin/python3
-- Using PYTHON_INCLUDE_DIRS: /usr/include/python3.10
-- Using PYTHON_LIBRARIES: /usr/lib/x86_64-linux-gnu/libpython3.10.so
-- Found PythonExtra: .so  
-- Added test 'lint_cmake' to check CMake code style
-- Added test 'xmllint' to check XML markup files
-- Configuring done
-- Generating done
-- Build files have been written to: /home/azif/xarm_ros2_simulation/build/msg_gazebo
[  3%] [34m[1mGenerating C code for ROS interfaces[0m
[  6%] [34m[1mGenerating C++ code for ROS interfaces[0m
[  6%] Built target ament_cmake_python_symlink_msg_gazebo
[  6%] Built target msg_gazebo__cpp
running egg_info
[  9%] [32mBuilding C object CMakeFiles/msg_gazebo__rosidl_generator_c.dir/rosidl_generator_c/msg_gazebo/srv/detail/attach_detach__functions.c.o[0m
creating msg_gazebo.egg-info
writing msg_gazebo.egg-info/PKG-INFO
writing dependency_links to msg_gazebo.egg-info/dependency_links.txt
writing top-level names to msg_gazebo.egg-info/top_level.txt
[ 12%] [34m[1mGenerating C++ type support for eProsima Fast-RTPS[0m
writing manifest file 'msg_gazebo.egg-info/SOURCES.txt'
[ 16%] [34m[1mGenerating C++ introspection for ROS interfaces[0m
[ 19%] [34m[1mGenerating C++ type support dispatch for ROS interfaces[0m
reading manifest file 'msg_gazebo.egg-info/SOURCES.txt'
writing manifest file 'msg_gazebo.egg-info/SOURCES.txt'
[ 19%] Built target ament_cmake_python_build_msg_gazebo_egg
[ 22%] [32m[1mLinking C shared library libmsg_gazebo__rosidl_generator_c.so[0m
[ 22%] Built target msg_gazebo__rosidl_generator_c
[ 32%] [34m[1mGenerating C type support dispatch for ROS interfaces[0m
[ 32%] [34m[1mGenerating C type support for eProsima Fast-RTPS[0m
[ 32%] [34m[1mGenerating C introspection for ROS interfaces[0m
[ 35%] [32mBuilding CXX object CMakeFiles/msg_gazebo__rosidl_typesupport_introspection_cpp.dir/rosidl_typesupport_introspection_cpp/msg_gazebo/srv/detail/attach_detach__type_support.cpp.o[0m
[ 38%] [32mBuilding CXX object CMakeFiles/msg_gazebo__rosidl_typesupport_cpp.dir/rosidl_typesupport_cpp/msg_gazebo/srv/attach_detach__type_support.cpp.o[0m
[ 41%] [32mBuilding CXX object CMakeFiles/msg_gazebo__rosidl_typesupport_fastrtps_cpp.dir/rosidl_typesupport_fastrtps_cpp/msg_gazebo/srv/detail/dds_fastrtps/attach_detach__type_support.cpp.o[0m
[ 45%] [32mBuilding CXX object CMakeFiles/msg_gazebo__rosidl_typesupport_c.dir/rosidl_typesupport_c/msg_gazebo/srv/attach_detach__type_support.cpp.o[0m
[ 48%] [32m[1mLinking CXX shared library libmsg_gazebo__rosidl_typesupport_c.so[0m
[ 48%] Built target msg_gazebo__rosidl_typesupport_c
[ 51%] [32mBuilding CXX object CMakeFiles/msg_gazebo__rosidl_typesupport_fastrtps_c.dir/rosidl_typesupport_fastrtps_c/msg_gazebo/srv/detail/attach_detach__type_support_c.cpp.o[0m
[ 54%] [32mBuilding C object CMakeFiles/msg_gazebo__rosidl_typesupport_introspection_c.dir/rosidl_typesupport_introspection_c/msg_gazebo/srv/detail/attach_detach__type_support.c.o[0m
[ 58%] [32m[1mLinking C shared library libmsg_gazebo__rosidl_typesupport_introspection_c.so[0m
[ 58%] Built target msg_gazebo__rosidl_typesupport_introspection_c
[ 61%] [32m[1mLinking CXX shared library libmsg_gazebo__rosidl_typesupport_cpp.so[0m
[ 61%] Built target msg_gazebo__rosidl_typesupport_cpp
[ 64%] [32m[1mLinking CXX shared library libmsg_gazebo__rosidl_typesupport_introspection_cpp.so[0m
[ 67%] [32m[1mLinking CXX shared library libmsg_gazebo__rosidl_typesupport_fastrtps_cpp.so[0m
[ 67%] Built target msg_gazebo__rosidl_typesupport_introspection_cpp
[ 70%] [32m[1mLinking CXX shared library libmsg_gazebo__rosidl_typesupport_fastrtps_c.so[0m
[ 70%] Built target msg_gazebo__rosidl_typesupport_fastrtps_cpp
[ 70%] Built target msg_gazebo__rosidl_typesupport_fastrtps_c
[ 70%] Built target msg_gazebo
[ 74%] [34m[1mGenerating Python code for ROS interfaces[0m
[ 74%] Built target msg_gazebo__py
[ 77%] [32mBuilding C object CMakeFiles/msg_gazebo__rosidl_generator_py.dir/rosidl_generator_py/msg_gazebo/srv/_attach_detach_s.c.o[0m
[ 80%] [32m[1mLinking C shared library rosidl_generator_py/msg_gazebo/libmsg_gazebo__rosidl_generator_py.so[0m
[ 80%] Built target msg_gazebo__rosidl_generator_py
[ 90%] [32mBuilding C object CMakeFiles/msg_gazebo__rosidl_typesupport_introspection_c__pyext.dir/rosidl_generator_py/msg_gazebo/_msg_gazebo_s.ep.rosidl_typesupport_introspection_c.c.o[0m
[ 90%] [32mBuilding C object CMakeFiles/msg_gazebo__rosidl_typesupport_c__pyext.dir/rosidl_generator_py/msg_gazebo/_msg_gazebo_s.ep.rosidl_typesupport_c.c.o[0m
[ 90%] [32mBuilding C object CMakeFiles/msg_gazebo__rosidl_typesupport_fastrtps_c__pyext.dir/rosidl_generator_py/msg_gazebo/_msg_gazebo_s.ep.rosidl_typesupport_fastrtps_c.c.o[0m
[ 93%] [32m[1mLinking C shared library rosidl_generator_py/msg_gazebo/msg_gazebo_s__rosidl_typesupport_c.cpython-310-x86_64-linux-gnu.so[0m
[ 96%] [32m[1mLinking C shared library rosidl_generator_py/msg_gazebo/msg_gazebo_s__rosidl_typesupport_introspection_c.cpython-310-x86_64-linux-gnu.so[0m
[100%] [32m[1mLinking C shared library rosidl_generator_py/msg_gazebo/msg_gazebo_s__rosidl_typesupport_fastrtps_c.cpython-310-x86_64-linux-gnu.so[0m
[100%] Built target msg_gazebo__rosidl_typesupport_c__pyext
[100%] Built target msg_gazebo__rosidl_typesupport_introspection_c__pyext
[100%] Built target msg_gazebo__rosidl_typesupport_fastrtps_c__pyext
-- Install configuration: ""
-- Execute custom install script
-- Symlinking: /home/azif/xarm_ros2_simulation/install/msg_gazebo/share/msg_gazebo/srv/AttachDetach.srv
-- Symlinking: /home/azif/xarm_ros2_simulation/install/msg_gazebo/share/ament_index/resource_index/rosidl_interfaces/msg_gazebo
-- Symlinking: /home/azif/xarm_ros2_simulation/install/msg_gazebo/include/msg_gazebo/msg_gazebo/msg/rosidl_generator_c__visibility_control.h
-- Symlinking: /home/azif/xarm_ros2_simulation/install/msg_gazebo/include/msg_gazebo/msg_gazebo/srv/attach_detach.h
-- Symlinking: /home/azif/xarm_ros2_simulation/install/msg_gazebo/include/msg_gazebo/msg_gazebo/srv/detail/attach_detach__functions.h
-- Symlinking: /home/azif/xarm_ros2_simulation/install/msg_gazebo/include/msg_gazebo/msg_gazebo/srv/detail/attach_detach__struct.h
-- Symlinking: /home/azif/xarm_ros2_simulation/install/msg_gazebo/include/msg_gazebo/msg_gazebo/srv/detail/attach_detach__type_support.h
-- Symlinking: /home/azif/xarm_ros2_simulation/install/msg_gazebo/share/msg_gazebo/environment/library_path.sh
-- Symlinking: /home/azif/xarm_ros2_simulation/install/msg_gazebo/share/msg_gazebo/environment/library_path.dsv
-- Symlinking: /home/azif/xarm_ros2_simulation/install/msg_gazebo/include/msg_gazebo/msg_gazebo/msg/rosidl_typesupport_fastrtps_c__visibility_control.h
-- Symlinking: /home/azif/xarm_ros2_simulation/install/msg_gazebo/include/msg_gazebo/msg_gazebo/srv/detail/attach_detach__rosidl_typesupport_fastrtps_c.h
-- Symlinking: /home/azif/xarm_ros2_simulation/install/msg_gazebo/include/msg_gazebo/msg_gazebo/msg/rosidl_typesupport_introspection_c__visibility_control.h
-- Symlinking: /home/azif/xarm_ros2_simulation/install/msg_gazebo/include/msg_gazebo/msg_gazebo/srv/detail/attach_detach__rosidl_typesupport_introspection_c.h
-- Symlinking: /home/azif/xarm_ros2_simulation/install/msg_gazebo/include/msg_gazebo/msg_gazebo/msg/rosidl_generator_cpp__visibility_control.hpp
-- Symlinking: /home/azif/xarm_ros2_simulation/install/msg_gazebo/include/msg_gazebo/msg_gazebo/srv/attach_detach.hpp
-- Symlinking: /home/azif/xarm_ros2_simulation/install/msg_gazebo/include/msg_gazebo/msg_gazebo/srv/detail/attach_detach__builder.hpp
-- Symlinking: /home/azif/xarm_ros2_simulation/install/msg_gazebo/include/msg_gazebo/msg_gazebo/srv/detail/attach_detach__struct.hpp
-- Symlinking: /home/azif/xarm_ros2_simulation/install/msg_gazebo/include/msg_gazebo/msg_gazebo/srv/detail/attach_detach__traits.hpp
-- Symlinking: /home/azif/xarm_ros2_simulation/install/msg_gazebo/include/msg_gazebo/msg_gazebo/srv/detail/attach_detach__type_support.hpp
-- Symlinking: /home/azif/xarm_ros2_simulation/install/msg_gazebo/include/msg_gazebo/msg_gazebo/msg/rosidl_typesupport_fastrtps_cpp__visibility_control.h
-- Symlinking: /home/azif/xarm_ros2_simulation/install/msg_gazebo/include/msg_gazebo/msg_gazebo/srv/detail/attach_detach__rosidl_typesupport_fastrtps_cpp.hpp
-- Symlinking: /home/azif/xarm_ros2_simulation/install/msg_gazebo/include/msg_gazebo/msg_gazebo/srv/detail/attach_detach__rosidl_typesupport_introspection_cpp.hpp
-- Symlinking: /home/azif/xarm_ros2_simulation/install/msg_gazebo/share/msg_gazebo/environment/pythonpath.sh
-- Symlinking: /home/azif/xarm_ros2_simulation/install/msg_gazebo/share/msg_gazebo/environment/pythonpath.dsv
-- Symlinking: /home/azif/xarm_ros2_simulation/install/msg_gazebo/local/lib/python3.10/dist-packages/msg_gazebo-0.0.0-py3.10.egg-info/PKG-INFO
-- Symlinking: /home/azif/xarm_ros2_simulation/install/msg_gazebo/local/lib/python3.10/dist-packages/msg_gazebo-0.0.0-py3.10.egg-info/SOURCES.txt
-- Symlinking: /home/azif/xarm_ros2_simulation/install/msg_gazebo/local/lib/python3.10/dist-packages/msg_gazebo-0.0.0-py3.10.egg-info/dependency_links.txt
-- Symlinking: /home/azif/xarm_ros2_simulation/install/msg_gazebo/local/lib/python3.10/dist-packages/msg_gazebo-0.0.0-py3.10.egg-info/top_level.txt
-- Symlinking: /home/azif/xarm_ros2_simulation/install/msg_gazebo/local/lib/python3.10/dist-packages/msg_gazebo/__init__.py
-- Symlinking: /home/azif/xarm_ros2_simulation/install/msg_gazebo/local/lib/python3.10/dist-packages/msg_gazebo/_msg_gazebo_s.ep.rosidl_typesupport_c.c
-- Symlinking: /home/azif/xarm_ros2_simulation/install/msg_gazebo/local/lib/python3.10/dist-packages/msg_gazebo/_msg_gazebo_s.ep.rosidl_typesupport_fastrtps_c.c
-- Symlinking: /home/azif/xarm_ros2_simulation/install/msg_gazebo/local/lib/python3.10/dist-packages/msg_gazebo/_msg_gazebo_s.ep.rosidl_typesupport_introspection_c.c
-- Symlinking: /home/azif/xarm_ros2_simulation/install/msg_gazebo/local/lib/python3.10/dist-packages/msg_gazebo/libmsg_gazebo__rosidl_generator_py.so
-- Symlinking: /home/azif/xarm_ros2_simulation/install/msg_gazebo/local/lib/python3.10/dist-packages/msg_gazebo/msg_gazebo_s__rosidl_typesupport_c.cpython-310-x86_64-linux-gnu.so
-- Symlinking: /home/azif/xarm_ros2_simulation/install/msg_gazebo/local/lib/python3.10/dist-packages/msg_gazebo/msg_gazebo_s__rosidl_typesupport_fastrtps_c.cpython-310-x86_64-linux-gnu.so
-- Symlinking: /home/azif/xarm_ros2_simulation/install/msg_gazebo/local/lib/python3.10/dist-packages/msg_gazebo/msg_gazebo_s__rosidl_typesupport_introspection_c.cpython-310-x86_64-linux-gnu.so
-- Symlinking: /home/azif/xarm_ros2_simulation/install/msg_gazebo/local/lib/python3.10/dist-packages/msg_gazebo/srv/__init__.py
-- Symlinking: /home/azif/xarm_ros2_simulation/install/msg_gazebo/local/lib/python3.10/dist-packages/msg_gazebo/srv/_attach_detach.py
-- Symlinking: /home/azif/xarm_ros2_simulation/install/msg_gazebo/local/lib/python3.10/dist-packages/msg_gazebo/srv/_attach_detach_s.c
-- Up-to-date symlink: /home/azif/xarm_ros2_simulation/install/msg_gazebo/local/lib/python3.10/dist-packages/msg_gazebo/msg_gazebo_s__rosidl_typesupport_fastrtps_c.cpython-310-x86_64-linux-gnu.so
-- Up-to-date symlink: /home/azif/xarm_ros2_simulation/install/msg_gazebo/local/lib/python3.10/dist-packages/msg_gazebo/msg_gazebo_s__rosidl_typesupport_introspection_c.cpython-310-x86_64-linux-gnu.so
-- Up-to-date symlink: /home/azif/xarm_ros2_simulation/install/msg_gazebo/local/lib/python3.10/dist-packages/msg_gazebo/msg_gazebo_s__rosidl_typesupport_c.cpython-310-x86_64-linux-gnu.so
-- Symlinking: /home/azif/xarm_ros2_simulation/install/msg_gazebo/share/msg_gazebo/srv/AttachDetach.idl
-- Up-to-date symlink: /home/azif/xarm_ros2_simulation/install/msg_gazebo/share/msg_gazebo/srv/AttachDetach.srv
-- Symlinking: /home/azif/xarm_ros2_simulation/install/msg_gazebo/share/msg_gazebo/srv/AttachDetach_Request.msg
-- Symlinking: /home/azif/xarm_ros2_simulation/install/msg_gazebo/share/msg_gazebo/srv/AttachDetach_Response.msg
-- Symlinking: /home/azif/xarm_ros2_simulation/install/msg_gazebo/share/ament_index/resource_index/package_run_dependencies/msg_gazebo
-- Symlinking: /home/azif/xarm_ros2_simulation/install/msg_gazebo/share/ament_index/resource_index/parent_prefix_path/msg_gazebo
-- Symlinking: /home/azif/xarm_ros2_simulation/install/msg_gazebo/share/msg_gazebo/environment/ament_prefix_path.sh
-- Symlinking: /home/azif/xarm_ros2_simulation/install/msg_gazebo/share/msg_gazebo/environment/ament_prefix_path.dsv
-- Symlinking: /home/azif/xarm_ros2_simulation/install/msg_gazebo/share/msg_gazebo/environment/path.sh
-- Symlinking: /home/azif/xarm_ros2_simulation/install/msg_gazebo/share/msg_gazebo/environment/path.dsv
-- Symlinking: /home/azif/xarm_ros2_simulation/install/msg_gazebo/share/msg_gazebo/local_setup.bash
-- Symlinking: /home/azif/xarm_ros2_simulation/install/msg_gazebo/share/msg_gazebo/local_setup.sh
-- Symlinking: /home/azif/xarm_ros2_simulation/install/msg_gazebo/share/msg_gazebo/local_setup.zsh
-- Symlinking: /home/azif/xarm_ros2_simulation/install/msg_gazebo/share/msg_gazebo/local_setup.dsv
-- Symlinking: /home/azif/xarm_ros2_simulation/install/msg_gazebo/share/msg_gazebo/package.dsv
-- Symlinking: /home/azif/xarm_ros2_simulation/install/msg_gazebo/share/ament_index/resource_index/packages/msg_gazebo
-- Symlinking: /home/azif/xarm_ros2_simulation/install/msg_gazebo/share/msg_gazebo/cmake/rosidl_cmake-extras.cmake
-- Symlinking: /home/azif/xarm_ros2_simulation/install/msg_gazebo/share/msg_gazebo/cmake/ament_cmake_export_include_directories-extras.cmake
-- Symlinking: /home/azif/xarm_ros2_simulation/install/msg_gazebo/share/msg_gazebo/cmake/ament_cmake_export_libraries-extras.cmake
-- Symlinking: /home/azif/xarm_ros2_simulation/install/msg_gazebo/share/msg_gazebo/cmake/ament_cmake_export_targets-extras.cmake
-- Symlinking: /home/azif/xarm_ros2_simulation/install/msg_gazebo/share/msg_gazebo/cmake/rosidl_cmake_export_typesupport_targets-extras.cmake
-- Symlinking: /home/azif/xarm_ros2_simulation/install/msg_gazebo/share/msg_gazebo/cmake/ament_cmake_export_dependencies-extras.cmake
-- Symlinking: /home/azif/xarm_ros2_simulation/install/msg_gazebo/share/msg_gazebo/cmake/rosidl_cmake_export_typesupport_libraries-extras.cmake
-- Symlinking: /home/azif/xarm_ros2_simulation/install/msg_gazebo/share/msg_gazebo/cmake/msg_gazeboConfig.cmake
-- Symlinking: /home/azif/xarm_ros2_simulation/install/msg_gazebo/share/msg_gazebo/cmake/msg_gazeboConfig-version.cmake
-- Symlinking: /home/azif/xarm_ros2_simulation/install/msg_gazebo/share/msg_gazebo/package.xml
-- Installing: /home/azif/xarm_ros2_simulation/install/msg_gazebo/lib/libmsg_gazebo__rosidl_generator_c.so
-- Set runtime path of "/home/azif/xarm_ros2_simulation/install/msg_gazebo/lib/libmsg_gazebo__rosidl_generator_c.so" to ""
-- Installing: /home/azif/xarm_ros2_simulation/install/msg_gazebo/lib/libmsg_gazebo__rosidl_typesupport_fastrtps_c.so
-- Set runtime path of "/home/azif/xarm_ros2_simulation/install/msg_gazebo/lib/libmsg_gazebo__rosidl_typesupport_fastrtps_c.so" to ""
-- Installing: /home/azif/xarm_ros2_simulation/install/msg_gazebo/lib/libmsg_gazebo__rosidl_typesupport_introspection_c.so
-- Set runtime path of "/home/azif/xarm_ros2_simulation/install/msg_gazebo/lib/libmsg_gazebo__rosidl_typesupport_introspection_c.so" to ""
-- Installing: /home/azif/xarm_ros2_simulation/install/msg_gazebo/lib/libmsg_gazebo__rosidl_typesupport_c.so
-- Set runtime path of "/home/azif/xarm_ros2_simulation/install/msg_gazebo/lib/libmsg_gazebo__rosidl_typesupport_c.so" to ""
-- Installing: /home/azif/xarm_ros2_simulation/install/msg_gazebo/lib/libmsg_gazebo__rosidl_typesupport_fastrtps_cpp.so
-- Set runtime path of "/home/azif/xarm_ros2_simulation/install/msg_gazebo/lib/libmsg_gazebo__rosidl_typesupport_fastrtps_cpp.so" to ""
-- Installing: /home/azif/xarm_ros2_simulation/install/msg_gazebo/lib/libmsg_gazebo__rosidl_typesupport_introspection_cpp.so
-- Set runtime path of "/home/azif/xarm_ros2_simulation/install/msg_gazebo/lib/libmsg_gazebo__rosidl_typesupport_introspection_cpp.so" to ""
-- Installing: /home/azif/xarm_ros2_simulation/install/msg_gazebo/lib/libmsg_gazebo__rosidl_typesupport_cpp.so
-- Set runtime path of "/home/azif/xarm_ros2_simulation/install/msg_gazebo/lib/libmsg_gazebo__rosidl_typesupport_cpp.so" to ""
Listing '/home/azif/xarm_ros2_simulation/install/msg_gazebo/local/lib/python3.10/dist-packages/msg_gazebo'...
Compiling '/home/azif/xarm_ros2_simulation/install/msg_gazebo/local/lib/python3.10/dist-packages/msg_gazebo/__init__.py'...
Listing '/home/azif/xarm_ros2_simulation/install/msg_gazebo/local/lib/python3.10/dist-packages/msg_gazebo/srv'...
Compiling '/home/azif/xarm_ros2_simulation/install/msg_gazebo/local/lib/python3.10/dist-packages/msg_gazebo/srv/__init__.py'...
Compiling '/home/azif/xarm_ros2_simulation/install/msg_gazebo/local/lib/python3.10/dist-packages/msg_gazebo/srv/_attach_detach.py'...
-- Installing: /home/azif/xarm_ros2_simulation/install/msg_gazebo/lib/libmsg_gazebo__rosidl_generator_py.so
-- Set runtime path of "/home/azif/xarm_ros2_simulation/install/msg_gazebo/lib/libmsg_gazebo__rosidl_generator_py.so" to ""
-- Installing: /home/azif/xarm_ros2_simulation/install/msg_gazebo/share/msg_gazebo/cmake/export_msg_gazebo__rosidl_generator_cExport.cmake
-- Installing: /home/azif/xarm_ros2_simulation/install/msg_gazebo/share/msg_gazebo/cmake/export_msg_gazebo__rosidl_generator_cExport-noconfig.cmake
-- Installing: /home/azif/xarm_ros2_simulation/install/msg_gazebo/share/msg_gazebo/cmake/export_msg_gazebo__rosidl_typesupport_fastrtps_cExport.cmake
-- Installing: /home/azif/xarm_ros2_simulation/install/msg_gazebo/share/msg_gazebo/cmake/export_msg_gazebo__rosidl_typesupport_fastrtps_cExport-noconfig.cmake
-- Installing: /home/azif/xarm_ros2_simulation/install/msg_gazebo/share/msg_gazebo/cmake/msg_gazebo__rosidl_typesupport_introspection_cExport.cmake
-- Installing: /home/azif/xarm_ros2_simulation/install/msg_gazebo/share/msg_gazebo/cmake/msg_gazebo__rosidl_typesupport_introspection_cExport-noconfig.cmake
-- Installing: /home/azif/xarm_ros2_simulation/install/msg_gazebo/share/msg_gazebo/cmake/msg_gazebo__rosidl_typesupport_cExport.cmake
-- Installing: /home/azif/xarm_ros2_simulation/install/msg_gazebo/share/msg_gazebo/cmake/msg_gazebo__rosidl_typesupport_cExport-noconfig.cmake
-- Installing: /home/azif/xarm_ros2_simulation/install/msg_gazebo/share/msg_gazebo/cmake/export_msg_gazebo__rosidl_generator_cppExport.cmake
-- Installing: /home/azif/xarm_ros2_simulation/install/msg_gazebo/share/msg_gazebo/cmake/export_msg_gazebo__rosidl_typesupport_fastrtps_cppExport.cmake
-- Installing: /home/azif/xarm_ros2_simulation/install/msg_gazebo/share/msg_gazebo/cmake/export_msg_gazebo__rosidl_typesupport_fastrtps_cppExport-noconfig.cmake
-- Installing: /home/azif/xarm_ros2_simulation/install/msg_gazebo/share/msg_gazebo/cmake/msg_gazebo__rosidl_typesupport_introspection_cppExport.cmake
-- Installing: /home/azif/xarm_ros2_simulation/install/msg_gazebo/share/msg_gazebo/cmake/msg_gazebo__rosidl_typesupport_introspection_cppExport-noconfig.cmake
-- Installing: /home/azif/xarm_ros2_simulation/install/msg_gazebo/share/msg_gazebo/cmake/msg_gazebo__rosidl_typesupport_cppExport.cmake
-- Installing: /home/azif/xarm_ros2_simulation/install/msg_gazebo/share/msg_gazebo/cmake/msg_gazebo__rosidl_typesupport_cppExport-noconfig.cmake
-- Installing: /home/azif/xarm_ros2_simulation/install/msg_gazebo/share/msg_gazebo/cmake/export_msg_gazebo__rosidl_generator_pyExport.cmake
-- Installing: /home/azif/xarm_ros2_simulation/install/msg_gazebo/share/msg_gazebo/cmake/export_msg_gazebo__rosidl_generator_pyExport-noconfig.cmake
