[0.258s] Invoking command in '/home/azif/xarm_ros2_simulation/build/msg_gazebo': CMAKE_PREFIX_PATH=/opt/ros/humble /usr/bin/cmake /home/azif/xarm_ros2_simulation/msg_gazebo -DAMENT_CMAKE_SYMLINK_INSTALL=1 -DCMAKE_INSTALL_PREFIX=/home/azif/xarm_ros2_simulation/install/msg_gazebo
[0.310s] -- The C compiler identification is GNU 11.4.0
[0.363s] -- The CXX compiler identification is GNU 11.4.0
[0.370s] -- Detecting C compiler ABI info
[0.439s] -- Detecting C compiler ABI info - done
[0.444s] -- Check for working C compiler: /usr/bin/cc - skipped
[0.444s] -- Detecting C compile features
[0.445s] -- Detecting C compile features - done
[0.447s] -- Detecting CXX compiler ABI info
[0.529s] -- Detecting CXX compiler ABI info - done
[0.535s] -- Check for working CXX compiler: /usr/bin/c++ - skipped
[0.535s] -- Detecting CXX compile features
[0.535s] -- Detecting CXX compile features - done
[0.539s] -- Found ament_cmake: 1.3.11 (/opt/ros/humble/share/ament_cmake/cmake)
[0.698s] -- Found Python3: /usr/bin/python3 (found version "3.10.12") found components: Interpreter 
[0.763s] -- Override CMake install command with custom implementation using symlinks instead of copying resources
[0.796s] -- Found ament_lint_auto: 0.12.11 (/opt/ros/humble/share/ament_lint_auto/cmake)
[0.868s] -- Found rosidl_default_generators: 1.2.0 (/opt/ros/humble/share/rosidl_default_generators/cmake)
[0.872s] -- Using all available rosidl_typesupport_c: rosidl_typesupport_fastrtps_c;rosidl_typesupport_introspection_c
[0.880s] -- Found rosidl_adapter: 3.1.6 (/opt/ros/humble/share/rosidl_adapter/cmake)
[0.924s] -- Using all available rosidl_typesupport_cpp: rosidl_typesupport_fastrtps_cpp;rosidl_typesupport_introspection_cpp
[1.492s] -- Found ament_cmake_ros: 0.10.0 (/opt/ros/humble/share/ament_cmake_ros/cmake)
[2.114s] -- Using all available rosidl_typesupport_c: rosidl_typesupport_fastrtps_c;rosidl_typesupport_introspection_c
[2.745s] -- Using all available rosidl_typesupport_cpp: rosidl_typesupport_fastrtps_cpp;rosidl_typesupport_introspection_cpp
[2.797s] -- Found PythonInterp: /usr/bin/python3 (found suitable version "3.10.12", minimum required is "3.6") 
[2.802s] -- Found python_cmake_module: 0.10.0 (/opt/ros/humble/share/python_cmake_module/cmake)
[2.870s] -- Found PythonLibs: /usr/lib/x86_64-linux-gnu/libpython3.10.so (found suitable version "3.10.12", minimum required is "3.5") 
[2.870s] -- Using PYTHON_EXECUTABLE: /usr/bin/python3
[2.870s] -- Using PYTHON_INCLUDE_DIRS: /usr/include/python3.10
[2.870s] -- Using PYTHON_LIBRARIES: /usr/lib/x86_64-linux-gnu/libpython3.10.so
[2.914s] -- Found PythonExtra: .so  
[3.017s] -- Added test 'lint_cmake' to check CMake code style
[3.019s] -- Added test 'xmllint' to check XML markup files
[3.031s] -- Configuring done
[3.084s] -- Generating done
[3.104s] -- Build files have been written to: /home/azif/xarm_ros2_simulation/build/msg_gazebo
[3.127s] Invoked command in '/home/azif/xarm_ros2_simulation/build/msg_gazebo' returned '0': CMAKE_PREFIX_PATH=/opt/ros/humble /usr/bin/cmake /home/azif/xarm_ros2_simulation/msg_gazebo -DAMENT_CMAKE_SYMLINK_INSTALL=1 -DCMAKE_INSTALL_PREFIX=/home/azif/xarm_ros2_simulation/install/msg_gazebo
[3.129s] Invoking command in '/home/azif/xarm_ros2_simulation/build/msg_gazebo': CMAKE_PREFIX_PATH=/opt/ros/humble /usr/bin/cmake --build /home/azif/xarm_ros2_simulation/build/msg_gazebo -- -j16 -l16
[3.192s] [  3%] [34m[1mGenerating C code for ROS interfaces[0m
[3.202s] [  6%] [34m[1mGenerating C++ code for ROS interfaces[0m
[3.214s] [  6%] Built target ament_cmake_python_symlink_msg_gazebo
[3.522s] [  6%] Built target msg_gazebo__cpp
[3.534s] running egg_info
[3.535s] [  9%] [32mBuilding C object CMakeFiles/msg_gazebo__rosidl_generator_c.dir/rosidl_generator_c/msg_gazebo/srv/detail/attach_detach__functions.c.o[0m
[3.535s] creating msg_gazebo.egg-info
[3.536s] writing msg_gazebo.egg-info/PKG-INFO
[3.536s] writing dependency_links to msg_gazebo.egg-info/dependency_links.txt
[3.536s] writing top-level names to msg_gazebo.egg-info/top_level.txt
[3.536s] [ 12%] [34m[1mGenerating C++ type support for eProsima Fast-RTPS[0m
[3.537s] writing manifest file 'msg_gazebo.egg-info/SOURCES.txt'
[3.537s] [ 16%] [34m[1mGenerating C++ introspection for ROS interfaces[0m
[3.537s] [ 19%] [34m[1mGenerating C++ type support dispatch for ROS interfaces[0m
[3.540s] reading manifest file 'msg_gazebo.egg-info/SOURCES.txt'
[3.541s] writing manifest file 'msg_gazebo.egg-info/SOURCES.txt'
[3.595s] [ 19%] Built target ament_cmake_python_build_msg_gazebo_egg
[3.621s] [ 22%] [32m[1mLinking C shared library libmsg_gazebo__rosidl_generator_c.so[0m
[3.679s] [ 22%] Built target msg_gazebo__rosidl_generator_c
[3.693s] [ 32%] [34m[1mGenerating C type support dispatch for ROS interfaces[0m
[3.694s] [ 32%] [34m[1mGenerating C type support for eProsima Fast-RTPS[0m
[3.694s] [ 32%] [34m[1mGenerating C introspection for ROS interfaces[0m
[3.870s] [ 35%] [32mBuilding CXX object CMakeFiles/msg_gazebo__rosidl_typesupport_introspection_cpp.dir/rosidl_typesupport_introspection_cpp/msg_gazebo/srv/detail/attach_detach__type_support.cpp.o[0m
[3.907s] [ 38%] [32mBuilding CXX object CMakeFiles/msg_gazebo__rosidl_typesupport_cpp.dir/rosidl_typesupport_cpp/msg_gazebo/srv/attach_detach__type_support.cpp.o[0m
[3.932s] [ 41%] [32mBuilding CXX object CMakeFiles/msg_gazebo__rosidl_typesupport_fastrtps_cpp.dir/rosidl_typesupport_fastrtps_cpp/msg_gazebo/srv/detail/dds_fastrtps/attach_detach__type_support.cpp.o[0m
[3.977s] [ 45%] [32mBuilding CXX object CMakeFiles/msg_gazebo__rosidl_typesupport_c.dir/rosidl_typesupport_c/msg_gazebo/srv/attach_detach__type_support.cpp.o[0m
[4.022s] [ 48%] [32m[1mLinking CXX shared library libmsg_gazebo__rosidl_typesupport_c.so[0m
[4.089s] [ 48%] Built target msg_gazebo__rosidl_typesupport_c
[4.096s] [ 51%] [32mBuilding CXX object CMakeFiles/msg_gazebo__rosidl_typesupport_fastrtps_c.dir/rosidl_typesupport_fastrtps_c/msg_gazebo/srv/detail/attach_detach__type_support_c.cpp.o[0m
[4.141s] [ 54%] [32mBuilding C object CMakeFiles/msg_gazebo__rosidl_typesupport_introspection_c.dir/rosidl_typesupport_introspection_c/msg_gazebo/srv/detail/attach_detach__type_support.c.o[0m
[4.199s] [ 58%] [32m[1mLinking C shared library libmsg_gazebo__rosidl_typesupport_introspection_c.so[0m
[4.250s] [ 58%] Built target msg_gazebo__rosidl_typesupport_introspection_c
[4.267s] [ 61%] [32m[1mLinking CXX shared library libmsg_gazebo__rosidl_typesupport_cpp.so[0m
[4.329s] [ 61%] Built target msg_gazebo__rosidl_typesupport_cpp
[4.418s] [ 64%] [32m[1mLinking CXX shared library libmsg_gazebo__rosidl_typesupport_introspection_cpp.so[0m
[4.498s] [ 67%] [32m[1mLinking CXX shared library libmsg_gazebo__rosidl_typesupport_fastrtps_cpp.so[0m
[4.512s] [ 67%] Built target msg_gazebo__rosidl_typesupport_introspection_cpp
[4.522s] [ 70%] [32m[1mLinking CXX shared library libmsg_gazebo__rosidl_typesupport_fastrtps_c.so[0m
[4.606s] [ 70%] Built target msg_gazebo__rosidl_typesupport_fastrtps_cpp
[4.619s] [ 70%] Built target msg_gazebo__rosidl_typesupport_fastrtps_c
[4.639s] [ 70%] Built target msg_gazebo
[4.660s] [ 74%] [34m[1mGenerating Python code for ROS interfaces[0m
[5.025s] [ 74%] Built target msg_gazebo__py
[5.047s] [ 77%] [32mBuilding C object CMakeFiles/msg_gazebo__rosidl_generator_py.dir/rosidl_generator_py/msg_gazebo/srv/_attach_detach_s.c.o[0m
[5.167s] [ 80%] [32m[1mLinking C shared library rosidl_generator_py/msg_gazebo/libmsg_gazebo__rosidl_generator_py.so[0m
[5.210s] [ 80%] Built target msg_gazebo__rosidl_generator_py
[5.234s] [ 90%] [32mBuilding C object CMakeFiles/msg_gazebo__rosidl_typesupport_introspection_c__pyext.dir/rosidl_generator_py/msg_gazebo/_msg_gazebo_s.ep.rosidl_typesupport_introspection_c.c.o[0m
[5.234s] [ 90%] [32mBuilding C object CMakeFiles/msg_gazebo__rosidl_typesupport_c__pyext.dir/rosidl_generator_py/msg_gazebo/_msg_gazebo_s.ep.rosidl_typesupport_c.c.o[0m
[5.234s] [ 90%] [32mBuilding C object CMakeFiles/msg_gazebo__rosidl_typesupport_fastrtps_c__pyext.dir/rosidl_generator_py/msg_gazebo/_msg_gazebo_s.ep.rosidl_typesupport_fastrtps_c.c.o[0m
[5.317s] [ 93%] [32m[1mLinking C shared library rosidl_generator_py/msg_gazebo/msg_gazebo_s__rosidl_typesupport_c.cpython-310-x86_64-linux-gnu.so[0m
[5.324s] [ 96%] [32m[1mLinking C shared library rosidl_generator_py/msg_gazebo/msg_gazebo_s__rosidl_typesupport_introspection_c.cpython-310-x86_64-linux-gnu.so[0m
[5.342s] [100%] [32m[1mLinking C shared library rosidl_generator_py/msg_gazebo/msg_gazebo_s__rosidl_typesupport_fastrtps_c.cpython-310-x86_64-linux-gnu.so[0m
[5.360s] [100%] Built target msg_gazebo__rosidl_typesupport_c__pyext
[5.365s] [100%] Built target msg_gazebo__rosidl_typesupport_introspection_c__pyext
[5.381s] [100%] Built target msg_gazebo__rosidl_typesupport_fastrtps_c__pyext
[5.396s] Invoked command in '/home/azif/xarm_ros2_simulation/build/msg_gazebo' returned '0': CMAKE_PREFIX_PATH=/opt/ros/humble /usr/bin/cmake --build /home/azif/xarm_ros2_simulation/build/msg_gazebo -- -j16 -l16
[5.399s] Invoking command in '/home/azif/xarm_ros2_simulation/build/msg_gazebo': CMAKE_PREFIX_PATH=/opt/ros/humble /usr/bin/cmake --install /home/azif/xarm_ros2_simulation/build/msg_gazebo
[5.406s] -- Install configuration: ""
[5.407s] -- Execute custom install script
[5.407s] -- Symlinking: /home/azif/xarm_ros2_simulation/install/msg_gazebo/share/msg_gazebo/srv/AttachDetach.srv
[5.418s] -- Symlinking: /home/azif/xarm_ros2_simulation/install/msg_gazebo/share/ament_index/resource_index/rosidl_interfaces/msg_gazebo
[5.428s] -- Symlinking: /home/azif/xarm_ros2_simulation/install/msg_gazebo/include/msg_gazebo/msg_gazebo/msg/rosidl_generator_c__visibility_control.h
[5.438s] -- Symlinking: /home/azif/xarm_ros2_simulation/install/msg_gazebo/include/msg_gazebo/msg_gazebo/srv/attach_detach.h
[5.447s] -- Symlinking: /home/azif/xarm_ros2_simulation/install/msg_gazebo/include/msg_gazebo/msg_gazebo/srv/detail/attach_detach__functions.h
[5.457s] -- Symlinking: /home/azif/xarm_ros2_simulation/install/msg_gazebo/include/msg_gazebo/msg_gazebo/srv/detail/attach_detach__struct.h
[5.467s] -- Symlinking: /home/azif/xarm_ros2_simulation/install/msg_gazebo/include/msg_gazebo/msg_gazebo/srv/detail/attach_detach__type_support.h
[5.477s] -- Symlinking: /home/azif/xarm_ros2_simulation/install/msg_gazebo/share/msg_gazebo/environment/library_path.sh
[5.486s] -- Symlinking: /home/azif/xarm_ros2_simulation/install/msg_gazebo/share/msg_gazebo/environment/library_path.dsv
[5.496s] -- Symlinking: /home/azif/xarm_ros2_simulation/install/msg_gazebo/include/msg_gazebo/msg_gazebo/msg/rosidl_typesupport_fastrtps_c__visibility_control.h
[5.507s] -- Symlinking: /home/azif/xarm_ros2_simulation/install/msg_gazebo/include/msg_gazebo/msg_gazebo/srv/detail/attach_detach__rosidl_typesupport_fastrtps_c.h
[5.517s] -- Symlinking: /home/azif/xarm_ros2_simulation/install/msg_gazebo/include/msg_gazebo/msg_gazebo/msg/rosidl_typesupport_introspection_c__visibility_control.h
[5.527s] -- Symlinking: /home/azif/xarm_ros2_simulation/install/msg_gazebo/include/msg_gazebo/msg_gazebo/srv/detail/attach_detach__rosidl_typesupport_introspection_c.h
[5.537s] -- Symlinking: /home/azif/xarm_ros2_simulation/install/msg_gazebo/include/msg_gazebo/msg_gazebo/msg/rosidl_generator_cpp__visibility_control.hpp
[5.546s] -- Symlinking: /home/azif/xarm_ros2_simulation/install/msg_gazebo/include/msg_gazebo/msg_gazebo/srv/attach_detach.hpp
[5.555s] -- Symlinking: /home/azif/xarm_ros2_simulation/install/msg_gazebo/include/msg_gazebo/msg_gazebo/srv/detail/attach_detach__builder.hpp
[5.565s] -- Symlinking: /home/azif/xarm_ros2_simulation/install/msg_gazebo/include/msg_gazebo/msg_gazebo/srv/detail/attach_detach__struct.hpp
[5.575s] -- Symlinking: /home/azif/xarm_ros2_simulation/install/msg_gazebo/include/msg_gazebo/msg_gazebo/srv/detail/attach_detach__traits.hpp
[5.584s] -- Symlinking: /home/azif/xarm_ros2_simulation/install/msg_gazebo/include/msg_gazebo/msg_gazebo/srv/detail/attach_detach__type_support.hpp
[5.594s] -- Symlinking: /home/azif/xarm_ros2_simulation/install/msg_gazebo/include/msg_gazebo/msg_gazebo/msg/rosidl_typesupport_fastrtps_cpp__visibility_control.h
[5.605s] -- Symlinking: /home/azif/xarm_ros2_simulation/install/msg_gazebo/include/msg_gazebo/msg_gazebo/srv/detail/attach_detach__rosidl_typesupport_fastrtps_cpp.hpp
[5.614s] -- Symlinking: /home/azif/xarm_ros2_simulation/install/msg_gazebo/include/msg_gazebo/msg_gazebo/srv/detail/attach_detach__rosidl_typesupport_introspection_cpp.hpp
[5.624s] -- Symlinking: /home/azif/xarm_ros2_simulation/install/msg_gazebo/share/msg_gazebo/environment/pythonpath.sh
[5.635s] -- Symlinking: /home/azif/xarm_ros2_simulation/install/msg_gazebo/share/msg_gazebo/environment/pythonpath.dsv
[5.645s] -- Symlinking: /home/azif/xarm_ros2_simulation/install/msg_gazebo/local/lib/python3.10/dist-packages/msg_gazebo-0.0.0-py3.10.egg-info/PKG-INFO
[5.656s] -- Symlinking: /home/azif/xarm_ros2_simulation/install/msg_gazebo/local/lib/python3.10/dist-packages/msg_gazebo-0.0.0-py3.10.egg-info/SOURCES.txt
[5.666s] -- Symlinking: /home/azif/xarm_ros2_simulation/install/msg_gazebo/local/lib/python3.10/dist-packages/msg_gazebo-0.0.0-py3.10.egg-info/dependency_links.txt
[5.675s] -- Symlinking: /home/azif/xarm_ros2_simulation/install/msg_gazebo/local/lib/python3.10/dist-packages/msg_gazebo-0.0.0-py3.10.egg-info/top_level.txt
[5.686s] -- Symlinking: /home/azif/xarm_ros2_simulation/install/msg_gazebo/local/lib/python3.10/dist-packages/msg_gazebo/__init__.py
[5.695s] -- Symlinking: /home/azif/xarm_ros2_simulation/install/msg_gazebo/local/lib/python3.10/dist-packages/msg_gazebo/_msg_gazebo_s.ep.rosidl_typesupport_c.c
[5.705s] -- Symlinking: /home/azif/xarm_ros2_simulation/install/msg_gazebo/local/lib/python3.10/dist-packages/msg_gazebo/_msg_gazebo_s.ep.rosidl_typesupport_fastrtps_c.c
[5.715s] -- Symlinking: /home/azif/xarm_ros2_simulation/install/msg_gazebo/local/lib/python3.10/dist-packages/msg_gazebo/_msg_gazebo_s.ep.rosidl_typesupport_introspection_c.c
[5.724s] -- Symlinking: /home/azif/xarm_ros2_simulation/install/msg_gazebo/local/lib/python3.10/dist-packages/msg_gazebo/libmsg_gazebo__rosidl_generator_py.so
[5.734s] -- Symlinking: /home/azif/xarm_ros2_simulation/install/msg_gazebo/local/lib/python3.10/dist-packages/msg_gazebo/msg_gazebo_s__rosidl_typesupport_c.cpython-310-x86_64-linux-gnu.so
[5.744s] -- Symlinking: /home/azif/xarm_ros2_simulation/install/msg_gazebo/local/lib/python3.10/dist-packages/msg_gazebo/msg_gazebo_s__rosidl_typesupport_fastrtps_c.cpython-310-x86_64-linux-gnu.so
[5.754s] -- Symlinking: /home/azif/xarm_ros2_simulation/install/msg_gazebo/local/lib/python3.10/dist-packages/msg_gazebo/msg_gazebo_s__rosidl_typesupport_introspection_c.cpython-310-x86_64-linux-gnu.so
[5.765s] -- Symlinking: /home/azif/xarm_ros2_simulation/install/msg_gazebo/local/lib/python3.10/dist-packages/msg_gazebo/srv/__init__.py
[5.776s] -- Symlinking: /home/azif/xarm_ros2_simulation/install/msg_gazebo/local/lib/python3.10/dist-packages/msg_gazebo/srv/_attach_detach.py
[5.786s] -- Symlinking: /home/azif/xarm_ros2_simulation/install/msg_gazebo/local/lib/python3.10/dist-packages/msg_gazebo/srv/_attach_detach_s.c
[5.798s] -- Up-to-date symlink: /home/azif/xarm_ros2_simulation/install/msg_gazebo/local/lib/python3.10/dist-packages/msg_gazebo/msg_gazebo_s__rosidl_typesupport_fastrtps_c.cpython-310-x86_64-linux-gnu.so
[5.798s] -- Up-to-date symlink: /home/azif/xarm_ros2_simulation/install/msg_gazebo/local/lib/python3.10/dist-packages/msg_gazebo/msg_gazebo_s__rosidl_typesupport_introspection_c.cpython-310-x86_64-linux-gnu.so
[5.799s] -- Up-to-date symlink: /home/azif/xarm_ros2_simulation/install/msg_gazebo/local/lib/python3.10/dist-packages/msg_gazebo/msg_gazebo_s__rosidl_typesupport_c.cpython-310-x86_64-linux-gnu.so
[5.799s] -- Symlinking: /home/azif/xarm_ros2_simulation/install/msg_gazebo/share/msg_gazebo/srv/AttachDetach.idl
[5.808s] -- Up-to-date symlink: /home/azif/xarm_ros2_simulation/install/msg_gazebo/share/msg_gazebo/srv/AttachDetach.srv
[5.809s] -- Symlinking: /home/azif/xarm_ros2_simulation/install/msg_gazebo/share/msg_gazebo/srv/AttachDetach_Request.msg
[5.819s] -- Symlinking: /home/azif/xarm_ros2_simulation/install/msg_gazebo/share/msg_gazebo/srv/AttachDetach_Response.msg
[5.828s] -- Symlinking: /home/azif/xarm_ros2_simulation/install/msg_gazebo/share/ament_index/resource_index/package_run_dependencies/msg_gazebo
[5.839s] -- Symlinking: /home/azif/xarm_ros2_simulation/install/msg_gazebo/share/ament_index/resource_index/parent_prefix_path/msg_gazebo
[5.849s] -- Symlinking: /home/azif/xarm_ros2_simulation/install/msg_gazebo/share/msg_gazebo/environment/ament_prefix_path.sh
[5.859s] -- Symlinking: /home/azif/xarm_ros2_simulation/install/msg_gazebo/share/msg_gazebo/environment/ament_prefix_path.dsv
[5.870s] -- Symlinking: /home/azif/xarm_ros2_simulation/install/msg_gazebo/share/msg_gazebo/environment/path.sh
[5.882s] -- Symlinking: /home/azif/xarm_ros2_simulation/install/msg_gazebo/share/msg_gazebo/environment/path.dsv
[5.892s] -- Symlinking: /home/azif/xarm_ros2_simulation/install/msg_gazebo/share/msg_gazebo/local_setup.bash
[5.903s] -- Symlinking: /home/azif/xarm_ros2_simulation/install/msg_gazebo/share/msg_gazebo/local_setup.sh
[5.913s] -- Symlinking: /home/azif/xarm_ros2_simulation/install/msg_gazebo/share/msg_gazebo/local_setup.zsh
[5.923s] -- Symlinking: /home/azif/xarm_ros2_simulation/install/msg_gazebo/share/msg_gazebo/local_setup.dsv
[5.934s] -- Symlinking: /home/azif/xarm_ros2_simulation/install/msg_gazebo/share/msg_gazebo/package.dsv
[5.945s] -- Symlinking: /home/azif/xarm_ros2_simulation/install/msg_gazebo/share/ament_index/resource_index/packages/msg_gazebo
[5.956s] -- Symlinking: /home/azif/xarm_ros2_simulation/install/msg_gazebo/share/msg_gazebo/cmake/rosidl_cmake-extras.cmake
[5.966s] -- Symlinking: /home/azif/xarm_ros2_simulation/install/msg_gazebo/share/msg_gazebo/cmake/ament_cmake_export_include_directories-extras.cmake
[5.976s] -- Symlinking: /home/azif/xarm_ros2_simulation/install/msg_gazebo/share/msg_gazebo/cmake/ament_cmake_export_libraries-extras.cmake
[5.989s] -- Symlinking: /home/azif/xarm_ros2_simulation/install/msg_gazebo/share/msg_gazebo/cmake/ament_cmake_export_targets-extras.cmake
[5.999s] -- Symlinking: /home/azif/xarm_ros2_simulation/install/msg_gazebo/share/msg_gazebo/cmake/rosidl_cmake_export_typesupport_targets-extras.cmake
[6.009s] -- Symlinking: /home/azif/xarm_ros2_simulation/install/msg_gazebo/share/msg_gazebo/cmake/ament_cmake_export_dependencies-extras.cmake
[6.019s] -- Symlinking: /home/azif/xarm_ros2_simulation/install/msg_gazebo/share/msg_gazebo/cmake/rosidl_cmake_export_typesupport_libraries-extras.cmake
[6.029s] -- Symlinking: /home/azif/xarm_ros2_simulation/install/msg_gazebo/share/msg_gazebo/cmake/msg_gazeboConfig.cmake
[6.040s] -- Symlinking: /home/azif/xarm_ros2_simulation/install/msg_gazebo/share/msg_gazebo/cmake/msg_gazeboConfig-version.cmake
[6.049s] -- Symlinking: /home/azif/xarm_ros2_simulation/install/msg_gazebo/share/msg_gazebo/package.xml
[6.060s] -- Installing: /home/azif/xarm_ros2_simulation/install/msg_gazebo/lib/libmsg_gazebo__rosidl_generator_c.so
[6.060s] -- Set runtime path of "/home/azif/xarm_ros2_simulation/install/msg_gazebo/lib/libmsg_gazebo__rosidl_generator_c.so" to ""
[6.060s] -- Installing: /home/azif/xarm_ros2_simulation/install/msg_gazebo/lib/libmsg_gazebo__rosidl_typesupport_fastrtps_c.so
[6.061s] -- Set runtime path of "/home/azif/xarm_ros2_simulation/install/msg_gazebo/lib/libmsg_gazebo__rosidl_typesupport_fastrtps_c.so" to ""
[6.061s] -- Installing: /home/azif/xarm_ros2_simulation/install/msg_gazebo/lib/libmsg_gazebo__rosidl_typesupport_introspection_c.so
[6.061s] -- Set runtime path of "/home/azif/xarm_ros2_simulation/install/msg_gazebo/lib/libmsg_gazebo__rosidl_typesupport_introspection_c.so" to ""
[6.061s] -- Installing: /home/azif/xarm_ros2_simulation/install/msg_gazebo/lib/libmsg_gazebo__rosidl_typesupport_c.so
[6.061s] -- Set runtime path of "/home/azif/xarm_ros2_simulation/install/msg_gazebo/lib/libmsg_gazebo__rosidl_typesupport_c.so" to ""
[6.061s] -- Installing: /home/azif/xarm_ros2_simulation/install/msg_gazebo/lib/libmsg_gazebo__rosidl_typesupport_fastrtps_cpp.so
[6.062s] -- Set runtime path of "/home/azif/xarm_ros2_simulation/install/msg_gazebo/lib/libmsg_gazebo__rosidl_typesupport_fastrtps_cpp.so" to ""
[6.062s] -- Installing: /home/azif/xarm_ros2_simulation/install/msg_gazebo/lib/libmsg_gazebo__rosidl_typesupport_introspection_cpp.so
[6.062s] -- Set runtime path of "/home/azif/xarm_ros2_simulation/install/msg_gazebo/lib/libmsg_gazebo__rosidl_typesupport_introspection_cpp.so" to ""
[6.062s] -- Installing: /home/azif/xarm_ros2_simulation/install/msg_gazebo/lib/libmsg_gazebo__rosidl_typesupport_cpp.so
[6.062s] -- Set runtime path of "/home/azif/xarm_ros2_simulation/install/msg_gazebo/lib/libmsg_gazebo__rosidl_typesupport_cpp.so" to ""
[6.094s] Listing '/home/azif/xarm_ros2_simulation/install/msg_gazebo/local/lib/python3.10/dist-packages/msg_gazebo'...
[6.095s] Compiling '/home/azif/xarm_ros2_simulation/install/msg_gazebo/local/lib/python3.10/dist-packages/msg_gazebo/__init__.py'...
[6.095s] Listing '/home/azif/xarm_ros2_simulation/install/msg_gazebo/local/lib/python3.10/dist-packages/msg_gazebo/srv'...
[6.095s] Compiling '/home/azif/xarm_ros2_simulation/install/msg_gazebo/local/lib/python3.10/dist-packages/msg_gazebo/srv/__init__.py'...
[6.095s] Compiling '/home/azif/xarm_ros2_simulation/install/msg_gazebo/local/lib/python3.10/dist-packages/msg_gazebo/srv/_attach_detach.py'...
[6.100s] -- Installing: /home/azif/xarm_ros2_simulation/install/msg_gazebo/lib/libmsg_gazebo__rosidl_generator_py.so
[6.101s] -- Set runtime path of "/home/azif/xarm_ros2_simulation/install/msg_gazebo/lib/libmsg_gazebo__rosidl_generator_py.so" to ""
[6.101s] -- Installing: /home/azif/xarm_ros2_simulation/install/msg_gazebo/share/msg_gazebo/cmake/export_msg_gazebo__rosidl_generator_cExport.cmake
[6.101s] -- Installing: /home/azif/xarm_ros2_simulation/install/msg_gazebo/share/msg_gazebo/cmake/export_msg_gazebo__rosidl_generator_cExport-noconfig.cmake
[6.101s] -- Installing: /home/azif/xarm_ros2_simulation/install/msg_gazebo/share/msg_gazebo/cmake/export_msg_gazebo__rosidl_typesupport_fastrtps_cExport.cmake
[6.102s] -- Installing: /home/azif/xarm_ros2_simulation/install/msg_gazebo/share/msg_gazebo/cmake/export_msg_gazebo__rosidl_typesupport_fastrtps_cExport-noconfig.cmake
[6.102s] -- Installing: /home/azif/xarm_ros2_simulation/install/msg_gazebo/share/msg_gazebo/cmake/msg_gazebo__rosidl_typesupport_introspection_cExport.cmake
[6.102s] -- Installing: /home/azif/xarm_ros2_simulation/install/msg_gazebo/share/msg_gazebo/cmake/msg_gazebo__rosidl_typesupport_introspection_cExport-noconfig.cmake
[6.102s] -- Installing: /home/azif/xarm_ros2_simulation/install/msg_gazebo/share/msg_gazebo/cmake/msg_gazebo__rosidl_typesupport_cExport.cmake
[6.102s] -- Installing: /home/azif/xarm_ros2_simulation/install/msg_gazebo/share/msg_gazebo/cmake/msg_gazebo__rosidl_typesupport_cExport-noconfig.cmake
[6.102s] -- Installing: /home/azif/xarm_ros2_simulation/install/msg_gazebo/share/msg_gazebo/cmake/export_msg_gazebo__rosidl_generator_cppExport.cmake
[6.102s] -- Installing: /home/azif/xarm_ros2_simulation/install/msg_gazebo/share/msg_gazebo/cmake/export_msg_gazebo__rosidl_typesupport_fastrtps_cppExport.cmake
[6.103s] -- Installing: /home/azif/xarm_ros2_simulation/install/msg_gazebo/share/msg_gazebo/cmake/export_msg_gazebo__rosidl_typesupport_fastrtps_cppExport-noconfig.cmake
[6.103s] -- Installing: /home/azif/xarm_ros2_simulation/install/msg_gazebo/share/msg_gazebo/cmake/msg_gazebo__rosidl_typesupport_introspection_cppExport.cmake
[6.103s] -- Installing: /home/azif/xarm_ros2_simulation/install/msg_gazebo/share/msg_gazebo/cmake/msg_gazebo__rosidl_typesupport_introspection_cppExport-noconfig.cmake
[6.103s] -- Installing: /home/azif/xarm_ros2_simulation/install/msg_gazebo/share/msg_gazebo/cmake/msg_gazebo__rosidl_typesupport_cppExport.cmake
[6.103s] -- Installing: /home/azif/xarm_ros2_simulation/install/msg_gazebo/share/msg_gazebo/cmake/msg_gazebo__rosidl_typesupport_cppExport-noconfig.cmake
[6.103s] -- Installing: /home/azif/xarm_ros2_simulation/install/msg_gazebo/share/msg_gazebo/cmake/export_msg_gazebo__rosidl_generator_pyExport.cmake
[6.104s] -- Installing: /home/azif/xarm_ros2_simulation/install/msg_gazebo/share/msg_gazebo/cmake/export_msg_gazebo__rosidl_generator_pyExport-noconfig.cmake
[6.107s] Invoked command in '/home/azif/xarm_ros2_simulation/build/msg_gazebo' returned '0': CMAKE_PREFIX_PATH=/opt/ros/humble /usr/bin/cmake --install /home/azif/xarm_ros2_simulation/build/msg_gazebo
