[0.059s] Invoking command in '/home/azif/xarm_ros2_simulation/build/xarm_description': CMAKE_PREFIX_PATH=/home/azif/xarm_ros2_simulation/install/xarm7_aruco_pick:/home/azif/xarm_ros2_simulation/install/xarm_planner:/home/azif/xarm_ros2_simulation/install/xarm_moveit_servo:/home/azif/xarm_ros2_simulation/install/xarm_moveit_config:/home/azif/xarm_ros2_simulation/install/xarm_gazebo:/home/azif/xarm_ros2_simulation/install/xarm_controller:/home/azif/xarm_ros2_simulation/install/d435i_xarm_setup:/home/azif/xarm_ros2_simulation/install/xarm_api:/home/azif/xarm_ros2_simulation/install/xarm_sdk:/home/azif/xarm_ros2_simulation/install/xarm7_pipeline:/home/azif/xarm_ros2_simulation/install/xarm_msgs:/home/azif/xarm_ros2_simulation/install/xarm_description:/home/azif/xarm_ros2_simulation/install/xarm7_pose_saver:/home/azif/xarm_ros2_simulation/install/realsense_gazebo_plugin:/home/azif/xarm_ros2_simulation/install/xarm7_bringup:/home/azif/xarm_ros2_simulation/install/xarm_moveit_interface:/home/azif/xarm_ros2_simulation/install/uf_ros_lib:/opt/ros/humble:/home/azif/xarm_ros2_simulation/install/attach_detach:/home/azif/xarm_ros2_simulation/install/msg_gazebo:/home/azif/xarm_ros2_simulation/install/mbot_demo /usr/bin/cmake --build /home/azif/xarm_ros2_simulation/build/xarm_description -- -j16 -l16
[0.595s] Invoked command in '/home/azif/xarm_ros2_simulation/build/xarm_description' returned '0': CMAKE_PREFIX_PATH=/home/azif/xarm_ros2_simulation/install/xarm7_aruco_pick:/home/azif/xarm_ros2_simulation/install/xarm_planner:/home/azif/xarm_ros2_simulation/install/xarm_moveit_servo:/home/azif/xarm_ros2_simulation/install/xarm_moveit_config:/home/azif/xarm_ros2_simulation/install/xarm_gazebo:/home/azif/xarm_ros2_simulation/install/xarm_controller:/home/azif/xarm_ros2_simulation/install/d435i_xarm_setup:/home/azif/xarm_ros2_simulation/install/xarm_api:/home/azif/xarm_ros2_simulation/install/xarm_sdk:/home/azif/xarm_ros2_simulation/install/xarm7_pipeline:/home/azif/xarm_ros2_simulation/install/xarm_msgs:/home/azif/xarm_ros2_simulation/install/xarm_description:/home/azif/xarm_ros2_simulation/install/xarm7_pose_saver:/home/azif/xarm_ros2_simulation/install/realsense_gazebo_plugin:/home/azif/xarm_ros2_simulation/install/xarm7_bringup:/home/azif/xarm_ros2_simulation/install/xarm_moveit_interface:/home/azif/xarm_ros2_simulation/install/uf_ros_lib:/opt/ros/humble:/home/azif/xarm_ros2_simulation/install/attach_detach:/home/azif/xarm_ros2_simulation/install/msg_gazebo:/home/azif/xarm_ros2_simulation/install/mbot_demo /usr/bin/cmake --build /home/azif/xarm_ros2_simulation/build/xarm_description -- -j16 -l16
[0.607s] Invoking command in '/home/azif/xarm_ros2_simulation/build/xarm_description': CMAKE_PREFIX_PATH=/home/azif/xarm_ros2_simulation/install/xarm7_aruco_pick:/home/azif/xarm_ros2_simulation/install/xarm_planner:/home/azif/xarm_ros2_simulation/install/xarm_moveit_servo:/home/azif/xarm_ros2_simulation/install/xarm_moveit_config:/home/azif/xarm_ros2_simulation/install/xarm_gazebo:/home/azif/xarm_ros2_simulation/install/xarm_controller:/home/azif/xarm_ros2_simulation/install/d435i_xarm_setup:/home/azif/xarm_ros2_simulation/install/xarm_api:/home/azif/xarm_ros2_simulation/install/xarm_sdk:/home/azif/xarm_ros2_simulation/install/xarm7_pipeline:/home/azif/xarm_ros2_simulation/install/xarm_msgs:/home/azif/xarm_ros2_simulation/install/xarm_description:/home/azif/xarm_ros2_simulation/install/xarm7_pose_saver:/home/azif/xarm_ros2_simulation/install/realsense_gazebo_plugin:/home/azif/xarm_ros2_simulation/install/xarm7_bringup:/home/azif/xarm_ros2_simulation/install/xarm_moveit_interface:/home/azif/xarm_ros2_simulation/install/uf_ros_lib:/opt/ros/humble:/home/azif/xarm_ros2_simulation/install/attach_detach:/home/azif/xarm_ros2_simulation/install/msg_gazebo:/home/azif/xarm_ros2_simulation/install/mbot_demo /usr/bin/cmake --install /home/azif/xarm_ros2_simulation/build/xarm_description
[0.617s] -- Install configuration: ""
[0.618s] -- Execute custom install script
[0.618s] -- Up-to-date symlink: /home/azif/xarm_ros2_simulation/install/xarm_description/share/xarm_description//rviz/display.rviz
[0.620s] -- Up-to-date symlink: /home/azif/xarm_ros2_simulation/install/xarm_description/share/xarm_description//urdf/_private_macro.xacro
[0.620s] -- Up-to-date symlink: /home/azif/xarm_ros2_simulation/install/xarm_description/share/xarm_description//urdf/camera/camera.gazebo.xacro
[0.620s] -- Up-to-date symlink: /home/azif/xarm_ros2_simulation/install/xarm_description/share/xarm_description//urdf/camera/realsense.gazebo.xacro
[0.625s] -- Up-to-date symlink: /home/azif/xarm_ros2_simulation/install/xarm_description/share/xarm_description//urdf/camera/realsense_d435i.urdf.xacro
[0.626s] -- Up-to-date symlink: /home/azif/xarm_ros2_simulation/install/xarm_description/share/xarm_description//urdf/common/common.gazebo.xacro
[0.626s] -- Up-to-date symlink: /home/azif/xarm_ros2_simulation/install/xarm_description/share/xarm_description//urdf/common/common.link.xacro
[0.626s] -- Up-to-date symlink: /home/azif/xarm_ros2_simulation/install/xarm_description/share/xarm_description//urdf/common/common.material.xacro
[0.626s] -- Up-to-date symlink: /home/azif/xarm_ros2_simulation/install/xarm_description/share/xarm_description//urdf/dual_xarm_device.urdf.xacro
[0.628s] -- Up-to-date symlink: /home/azif/xarm_ros2_simulation/install/xarm_description/share/xarm_description//urdf/gripper/bio_gripper.gazebo.xacro
[0.629s] -- Up-to-date symlink: /home/azif/xarm_ros2_simulation/install/xarm_description/share/xarm_description//urdf/gripper/bio_gripper.ros2_control.xacro
[0.629s] -- Up-to-date symlink: /home/azif/xarm_ros2_simulation/install/xarm_description/share/xarm_description//urdf/gripper/bio_gripper.transmission.xacro
[0.630s] -- Up-to-date symlink: /home/azif/xarm_ros2_simulation/install/xarm_description/share/xarm_description//urdf/gripper/bio_gripper.urdf.xacro
[0.631s] -- Up-to-date symlink: /home/azif/xarm_ros2_simulation/install/xarm_description/share/xarm_description//urdf/gripper/bio_gripper_macro.xacro
[0.631s] -- Up-to-date symlink: /home/azif/xarm_ros2_simulation/install/xarm_description/share/xarm_description//urdf/gripper/gripper.urdf.xacro
[0.631s] -- Up-to-date symlink: /home/azif/xarm_ros2_simulation/install/xarm_description/share/xarm_description//urdf/gripper/gripper_macro.xacro
[0.632s] -- Up-to-date symlink: /home/azif/xarm_ros2_simulation/install/xarm_description/share/xarm_description//urdf/gripper/lite_gripper.urdf.xacro
[0.632s] -- Up-to-date symlink: /home/azif/xarm_ros2_simulation/install/xarm_description/share/xarm_description//urdf/gripper/xarm_gripper.gazebo.xacro
[0.632s] -- Up-to-date symlink: /home/azif/xarm_ros2_simulation/install/xarm_description/share/xarm_description//urdf/gripper/xarm_gripper.ros2_control.xacro
[0.632s] -- Up-to-date symlink: /home/azif/xarm_ros2_simulation/install/xarm_description/share/xarm_description//urdf/gripper/xarm_gripper.transmission.xacro
[0.633s] -- Up-to-date symlink: /home/azif/xarm_ros2_simulation/install/xarm_description/share/xarm_description//urdf/gripper/xarm_gripper.urdf.xacro
[0.633s] -- Up-to-date symlink: /home/azif/xarm_ros2_simulation/install/xarm_description/share/xarm_description//urdf/gripper/xarm_gripper_macro.xacro
[0.633s] -- Up-to-date symlink: /home/azif/xarm_ros2_simulation/install/xarm_description/share/xarm_description//urdf/lite6/lite6.gazebo.xacro
[0.633s] -- Up-to-date symlink: /home/azif/xarm_ros2_simulation/install/xarm_description/share/xarm_description//urdf/lite6/lite6.ros2_control.xacro
[0.633s] -- Up-to-date symlink: /home/azif/xarm_ros2_simulation/install/xarm_description/share/xarm_description//urdf/lite6/lite6.transmission.xacro
[0.633s] -- Up-to-date symlink: /home/azif/xarm_ros2_simulation/install/xarm_description/share/xarm_description//urdf/lite6/lite6.urdf.xacro
[0.633s] -- Up-to-date symlink: /home/azif/xarm_ros2_simulation/install/xarm_description/share/xarm_description//urdf/lite6/lite6_robot_macro.xacro
[0.634s] -- Up-to-date symlink: /home/azif/xarm_ros2_simulation/install/xarm_description/share/xarm_description//urdf/other/other_geometry.urdf.xacro
[0.634s] -- Up-to-date symlink: /home/azif/xarm_ros2_simulation/install/xarm_description/share/xarm_description//urdf/uf850/uf850.gazebo.xacro
[0.635s] -- Up-to-date symlink: /home/azif/xarm_ros2_simulation/install/xarm_description/share/xarm_description//urdf/uf850/uf850.ros2_control.xacro
[0.635s] -- Up-to-date symlink: /home/azif/xarm_ros2_simulation/install/xarm_description/share/xarm_description//urdf/uf850/uf850.transmission.xacro
[0.635s] -- Up-to-date symlink: /home/azif/xarm_ros2_simulation/install/xarm_description/share/xarm_description//urdf/uf850/uf850.urdf.xacro
[0.636s] -- Up-to-date symlink: /home/azif/xarm_ros2_simulation/install/xarm_description/share/xarm_description//urdf/uf850/uf850_robot_macro.xacro
[0.636s] -- Up-to-date symlink: /home/azif/xarm_ros2_simulation/install/xarm_description/share/xarm_description//urdf/vacuum_gripper/lite_vacuum_gripper.urdf.xacro
[0.636s] -- Up-to-date symlink: /home/azif/xarm_ros2_simulation/install/xarm_description/share/xarm_description//urdf/vacuum_gripper/vacuum_gripper.urdf.xacro
[0.636s] -- Up-to-date symlink: /home/azif/xarm_ros2_simulation/install/xarm_description/share/xarm_description//urdf/vacuum_gripper/vacuum_gripper_macro.xacro
[0.636s] -- Up-to-date symlink: /home/azif/xarm_ros2_simulation/install/xarm_description/share/xarm_description//urdf/vacuum_gripper/xarm_vacuum_gripper.urdf.xacro
[0.637s] -- Up-to-date symlink: /home/azif/xarm_ros2_simulation/install/xarm_description/share/xarm_description//urdf/xarm5/xarm5.gazebo.xacro
[0.637s] -- Up-to-date symlink: /home/azif/xarm_ros2_simulation/install/xarm_description/share/xarm_description//urdf/xarm5/xarm5.ros2_control.xacro
[0.637s] -- Up-to-date symlink: /home/azif/xarm_ros2_simulation/install/xarm_description/share/xarm_description//urdf/xarm5/xarm5.transmission.xacro
[0.637s] -- Up-to-date symlink: /home/azif/xarm_ros2_simulation/install/xarm_description/share/xarm_description//urdf/xarm5/xarm5.urdf.xacro
[0.637s] -- Up-to-date symlink: /home/azif/xarm_ros2_simulation/install/xarm_description/share/xarm_description//urdf/xarm5/xarm5_robot_macro.xacro
[0.637s] -- Up-to-date symlink: /home/azif/xarm_ros2_simulation/install/xarm_description/share/xarm_description//urdf/xarm6/xarm6.gazebo.xacro
[0.637s] -- Up-to-date symlink: /home/azif/xarm_ros2_simulation/install/xarm_description/share/xarm_description//urdf/xarm6/xarm6.ros2_control.xacro
[0.637s] -- Up-to-date symlink: /home/azif/xarm_ros2_simulation/install/xarm_description/share/xarm_description//urdf/xarm6/xarm6.transmission.xacro
[0.638s] -- Up-to-date symlink: /home/azif/xarm_ros2_simulation/install/xarm_description/share/xarm_description//urdf/xarm6/xarm6.urdf.xacro
[0.638s] -- Up-to-date symlink: /home/azif/xarm_ros2_simulation/install/xarm_description/share/xarm_description//urdf/xarm6/xarm6_robot_macro.xacro
[0.640s] -- Up-to-date symlink: /home/azif/xarm_ros2_simulation/install/xarm_description/share/xarm_description//urdf/xarm7/xarm7.gazebo.xacro
[0.641s] -- Up-to-date symlink: /home/azif/xarm_ros2_simulation/install/xarm_description/share/xarm_description//urdf/xarm7/xarm7.ros2_control.xacro
[0.641s] -- Up-to-date symlink: /home/azif/xarm_ros2_simulation/install/xarm_description/share/xarm_description//urdf/xarm7/xarm7.transmission.xacro
[0.641s] -- Up-to-date symlink: /home/azif/xarm_ros2_simulation/install/xarm_description/share/xarm_description//urdf/xarm7/xarm7.urdf.xacro
[0.641s] -- Up-to-date symlink: /home/azif/xarm_ros2_simulation/install/xarm_description/share/xarm_description//urdf/xarm7/xarm7_robot_macro.xacro
[0.642s] -- Up-to-date symlink: /home/azif/xarm_ros2_simulation/install/xarm_description/share/xarm_description//urdf/xarm7_mirror/xarm7_mirror.gazebo.xacro
[0.644s] -- Up-to-date symlink: /home/azif/xarm_ros2_simulation/install/xarm_description/share/xarm_description//urdf/xarm7_mirror/xarm7_mirror.ros2_control.xacro
[0.644s] -- Up-to-date symlink: /home/azif/xarm_ros2_simulation/install/xarm_description/share/xarm_description//urdf/xarm7_mirror/xarm7_mirror.transmission.xacro
[0.644s] -- Up-to-date symlink: /home/azif/xarm_ros2_simulation/install/xarm_description/share/xarm_description//urdf/xarm7_mirror/xarm7_mirror.urdf.xacro
[0.645s] -- Up-to-date symlink: /home/azif/xarm_ros2_simulation/install/xarm_description/share/xarm_description//urdf/xarm7_mirror/xarm7_mirror_robot_macro.xacro
[0.645s] -- Up-to-date symlink: /home/azif/xarm_ros2_simulation/install/xarm_description/share/xarm_description//urdf/xarm_device.urdf.xacro
[0.645s] -- Up-to-date symlink: /home/azif/xarm_ros2_simulation/install/xarm_description/share/xarm_description//urdf/xarm_device_macro.xacro
[0.645s] -- Up-to-date symlink: /home/azif/xarm_ros2_simulation/install/xarm_description/share/xarm_description//config/kinematics/default/lite6_default_kinematics.yaml
[0.645s] -- Up-to-date symlink: /home/azif/xarm_ros2_simulation/install/xarm_description/share/xarm_description//config/kinematics/default/uf850_default_kinematics.yaml
[0.646s] -- Up-to-date symlink: /home/azif/xarm_ros2_simulation/install/xarm_description/share/xarm_description//config/kinematics/default/xarm5_default_kinematics.yaml
[0.649s] -- Up-to-date symlink: /home/azif/xarm_ros2_simulation/install/xarm_description/share/xarm_description//config/kinematics/default/xarm6_default_kinematics.yaml
[0.649s] -- Up-to-date symlink: /home/azif/xarm_ros2_simulation/install/xarm_description/share/xarm_description//config/kinematics/default/xarm7_default_kinematics.yaml
[0.649s] -- Up-to-date symlink: /home/azif/xarm_ros2_simulation/install/xarm_description/share/xarm_description//config/kinematics/default/xarm7_mirror_default_kinematics.yaml
[0.649s] -- Up-to-date symlink: /home/azif/xarm_ros2_simulation/install/xarm_description/share/xarm_description//config/kinematics/gen_kinematics_params.py
[0.649s] -- Up-to-date symlink: /home/azif/xarm_ros2_simulation/install/xarm_description/share/xarm_description//config/link_inertial/gen_link_inertial_params.py
[0.649s] -- Up-to-date symlink: /home/azif/xarm_ros2_simulation/install/xarm_description/share/xarm_description//config/link_inertial/xarm5_type5_HT_BR.yaml
[0.649s] -- Up-to-date symlink: /home/azif/xarm_ros2_simulation/install/xarm_description/share/xarm_description//config/link_inertial/xarm5_type5_HT_BR2.yaml
[0.649s] -- Up-to-date symlink: /home/azif/xarm_ros2_simulation/install/xarm_description/share/xarm_description//config/link_inertial/xarm5_type5_HT_LD.yaml
[0.649s] -- Up-to-date symlink: /home/azif/xarm_ros2_simulation/install/xarm_description/share/xarm_description//config/link_inertial/xarm5_type5_UJ_BR_2403.yaml
[0.649s] -- Up-to-date symlink: /home/azif/xarm_ros2_simulation/install/xarm_description/share/xarm_description//config/link_inertial/xarm6_type11_HT_LD.yaml
[0.649s] -- Up-to-date symlink: /home/azif/xarm_ros2_simulation/install/xarm_description/share/xarm_description//config/link_inertial/xarm6_type12_HT_LDBR2.yaml
[0.650s] -- Up-to-date symlink: /home/azif/xarm_ros2_simulation/install/xarm_description/share/xarm_description//config/link_inertial/xarm6_type6_HT2_LD.yaml
[0.650s] -- Up-to-date symlink: /home/azif/xarm_ros2_simulation/install/xarm_description/share/xarm_description//config/link_inertial/xarm6_type6_HT_BR.yaml
[0.650s] -- Up-to-date symlink: /home/azif/xarm_ros2_simulation/install/xarm_description/share/xarm_description//config/link_inertial/xarm6_type6_HT_BR2.yaml
[0.650s] -- Up-to-date symlink: /home/azif/xarm_ros2_simulation/install/xarm_description/share/xarm_description//config/link_inertial/xarm6_type6_HT_LD.yaml
[0.653s] -- Up-to-date symlink: /home/azif/xarm_ros2_simulation/install/xarm_description/share/xarm_description//config/link_inertial/xarm6_type6_UJ_BR_2403.yaml
[0.654s] -- Up-to-date symlink: /home/azif/xarm_ros2_simulation/install/xarm_description/share/xarm_description//config/link_inertial/xarm6_type8_HT2_BR2.yaml
[0.655s] -- Up-to-date symlink: /home/azif/xarm_ros2_simulation/install/xarm_description/share/xarm_description//config/link_inertial/xarm6_type9_HT_BR2.yaml
[0.655s] -- Up-to-date symlink: /home/azif/xarm_ros2_simulation/install/xarm_description/share/xarm_description//config/link_inertial/xarm7_type13_HT_BR2.yaml
[0.655s] -- Up-to-date symlink: /home/azif/xarm_ros2_simulation/install/xarm_description/share/xarm_description//config/link_inertial/xarm7_type3_YT_SP.yaml
[0.655s] -- Up-to-date symlink: /home/azif/xarm_ros2_simulation/install/xarm_description/share/xarm_description//config/link_inertial/xarm7_type7_HT_BR.yaml
[0.655s] -- Up-to-date symlink: /home/azif/xarm_ros2_simulation/install/xarm_description/share/xarm_description//config/link_inertial/xarm7_type7_HT_BR2.yaml
[0.655s] -- Up-to-date symlink: /home/azif/xarm_ros2_simulation/install/xarm_description/share/xarm_description//config/link_inertial/xarm7_type7_HT_LD.yaml
[0.656s] -- Up-to-date symlink: /home/azif/xarm_ros2_simulation/install/xarm_description/share/xarm_description//config/link_inertial/xarm7_type7_UJ_BR_2403.yaml
[0.657s] -- Up-to-date symlink: /home/azif/xarm_ros2_simulation/install/xarm_description/share/xarm_description//meshes/camera/realsense/collision/d435_with_cam_stand.stl
[0.658s] -- Up-to-date symlink: /home/azif/xarm_ros2_simulation/install/xarm_description/share/xarm_description//meshes/camera/realsense/visual/d435_with_cam_stand.stl
[0.660s] -- Up-to-date symlink: /home/azif/xarm_ros2_simulation/install/xarm_description/share/xarm_description//meshes/end_tool/collision/end_tool.stl
[0.660s] -- Up-to-date symlink: /home/azif/xarm_ros2_simulation/install/xarm_description/share/xarm_description//meshes/end_tool/collision/end_tool_1300.stl
[0.661s] -- Up-to-date symlink: /home/azif/xarm_ros2_simulation/install/xarm_description/share/xarm_description//meshes/end_tool/visual/end_tool_1300.stl
[0.662s] -- Up-to-date symlink: /home/azif/xarm_ros2_simulation/install/xarm_description/share/xarm_description//meshes/gripper/bio/left_finger.stl
[0.663s] -- Up-to-date symlink: /home/azif/xarm_ros2_simulation/install/xarm_description/share/xarm_description//meshes/gripper/bio/link_base.stl
[0.663s] -- Up-to-date symlink: /home/azif/xarm_ros2_simulation/install/xarm_description/share/xarm_description//meshes/gripper/bio/right_finger.stl
[0.663s] -- Up-to-date symlink: /home/azif/xarm_ros2_simulation/install/xarm_description/share/xarm_description//meshes/gripper/lite/collision/gripper_lite.stl
[0.663s] -- Up-to-date symlink: /home/azif/xarm_ros2_simulation/install/xarm_description/share/xarm_description//meshes/gripper/lite/visual/gripper_lite.stl
[0.663s] -- Up-to-date symlink: /home/azif/xarm_ros2_simulation/install/xarm_description/share/xarm_description//meshes/gripper/xarm/base_link.stl
[0.663s] -- Up-to-date symlink: /home/azif/xarm_ros2_simulation/install/xarm_description/share/xarm_description//meshes/gripper/xarm/left_finger.stl
[0.664s] -- Up-to-date symlink: /home/azif/xarm_ros2_simulation/install/xarm_description/share/xarm_description//meshes/gripper/xarm/left_inner_knuckle.stl
[0.668s] -- Up-to-date symlink: /home/azif/xarm_ros2_simulation/install/xarm_description/share/xarm_description//meshes/gripper/xarm/left_outer_knuckle.stl
[0.668s] -- Up-to-date symlink: /home/azif/xarm_ros2_simulation/install/xarm_description/share/xarm_description//meshes/gripper/xarm/right_finger.stl
[0.670s] -- Up-to-date symlink: /home/azif/xarm_ros2_simulation/install/xarm_description/share/xarm_description//meshes/gripper/xarm/right_inner_knuckle.stl
[0.672s] -- Up-to-date symlink: /home/azif/xarm_ros2_simulation/install/xarm_description/share/xarm_description//meshes/gripper/xarm/right_outer_knuckle.stl
[0.673s] -- Up-to-date symlink: /home/azif/xarm_ros2_simulation/install/xarm_description/share/xarm_description//meshes/lite6/collision/link1.stl
[0.675s] -- Up-to-date symlink: /home/azif/xarm_ros2_simulation/install/xarm_description/share/xarm_description//meshes/lite6/collision/link2.stl
[0.675s] -- Up-to-date symlink: /home/azif/xarm_ros2_simulation/install/xarm_description/share/xarm_description//meshes/lite6/collision/link3.stl
[0.676s] -- Up-to-date symlink: /home/azif/xarm_ros2_simulation/install/xarm_description/share/xarm_description//meshes/lite6/collision/link4.stl
[0.676s] -- Up-to-date symlink: /home/azif/xarm_ros2_simulation/install/xarm_description/share/xarm_description//meshes/lite6/collision/link5.stl
[0.677s] -- Up-to-date symlink: /home/azif/xarm_ros2_simulation/install/xarm_description/share/xarm_description//meshes/lite6/collision/link6.stl
[0.678s] -- Up-to-date symlink: /home/azif/xarm_ros2_simulation/install/xarm_description/share/xarm_description//meshes/lite6/collision/link_base.stl
[0.679s] -- Up-to-date symlink: /home/azif/xarm_ros2_simulation/install/xarm_description/share/xarm_description//meshes/lite6/visual/link1.stl
[0.679s] -- Up-to-date symlink: /home/azif/xarm_ros2_simulation/install/xarm_description/share/xarm_description//meshes/lite6/visual/link2.stl
[0.679s] -- Up-to-date symlink: /home/azif/xarm_ros2_simulation/install/xarm_description/share/xarm_description//meshes/lite6/visual/link3.stl
[0.680s] -- Up-to-date symlink: /home/azif/xarm_ros2_simulation/install/xarm_description/share/xarm_description//meshes/lite6/visual/link4.stl
[0.680s] -- Up-to-date symlink: /home/azif/xarm_ros2_simulation/install/xarm_description/share/xarm_description//meshes/lite6/visual/link5.stl
[0.680s] -- Up-to-date symlink: /home/azif/xarm_ros2_simulation/install/xarm_description/share/xarm_description//meshes/lite6/visual/link6.stl
[0.680s] -- Up-to-date symlink: /home/azif/xarm_ros2_simulation/install/xarm_description/share/xarm_description//meshes/lite6/visual/link_base.stl
[0.681s] -- Up-to-date symlink: /home/azif/xarm_ros2_simulation/install/xarm_description/share/xarm_description//meshes/uf850/collision/link1.stl
[0.681s] -- Up-to-date symlink: /home/azif/xarm_ros2_simulation/install/xarm_description/share/xarm_description//meshes/uf850/collision/link2.stl
[0.681s] -- Up-to-date symlink: /home/azif/xarm_ros2_simulation/install/xarm_description/share/xarm_description//meshes/uf850/collision/link3.stl
[0.681s] -- Up-to-date symlink: /home/azif/xarm_ros2_simulation/install/xarm_description/share/xarm_description//meshes/uf850/collision/link4.stl
[0.681s] -- Up-to-date symlink: /home/azif/xarm_ros2_simulation/install/xarm_description/share/xarm_description//meshes/uf850/collision/link5.stl
[0.681s] -- Up-to-date symlink: /home/azif/xarm_ros2_simulation/install/xarm_description/share/xarm_description//meshes/uf850/collision/link6.stl
[0.681s] -- Up-to-date symlink: /home/azif/xarm_ros2_simulation/install/xarm_description/share/xarm_description//meshes/uf850/collision/link_base.stl
[0.681s] -- Up-to-date symlink: /home/azif/xarm_ros2_simulation/install/xarm_description/share/xarm_description//meshes/uf850/visual/link1.stl
[0.681s] -- Up-to-date symlink: /home/azif/xarm_ros2_simulation/install/xarm_description/share/xarm_description//meshes/uf850/visual/link2.stl
[0.682s] -- Up-to-date symlink: /home/azif/xarm_ros2_simulation/install/xarm_description/share/xarm_description//meshes/uf850/visual/link3.stl
[0.682s] -- Up-to-date symlink: /home/azif/xarm_ros2_simulation/install/xarm_description/share/xarm_description//meshes/uf850/visual/link4.stl
[0.682s] -- Up-to-date symlink: /home/azif/xarm_ros2_simulation/install/xarm_description/share/xarm_description//meshes/uf850/visual/link5.stl
[0.682s] -- Up-to-date symlink: /home/azif/xarm_ros2_simulation/install/xarm_description/share/xarm_description//meshes/uf850/visual/link6.stl
[0.682s] -- Up-to-date symlink: /home/azif/xarm_ros2_simulation/install/xarm_description/share/xarm_description//meshes/uf850/visual/link_base.stl
[0.682s] -- Up-to-date symlink: /home/azif/xarm_ros2_simulation/install/xarm_description/share/xarm_description//meshes/vacuum_gripper/lite/collision/vacuum_gripper_lite.stl
[0.682s] -- Up-to-date symlink: /home/azif/xarm_ros2_simulation/install/xarm_description/share/xarm_description//meshes/vacuum_gripper/lite/visual/vacuum_gripper_lite.stl
[0.683s] -- Up-to-date symlink: /home/azif/xarm_ros2_simulation/install/xarm_description/share/xarm_description//meshes/vacuum_gripper/xarm/collision/vacuum_gripper.stl
[0.683s] -- Up-to-date symlink: /home/azif/xarm_ros2_simulation/install/xarm_description/share/xarm_description//meshes/vacuum_gripper/xarm/visual/vacuum_gripper.stl
[0.683s] -- Up-to-date symlink: /home/azif/xarm_ros2_simulation/install/xarm_description/share/xarm_description//meshes/xarm5/visual/link1.stl
[0.683s] -- Up-to-date symlink: /home/azif/xarm_ros2_simulation/install/xarm_description/share/xarm_description//meshes/xarm5/visual/link2.stl
[0.683s] -- Up-to-date symlink: /home/azif/xarm_ros2_simulation/install/xarm_description/share/xarm_description//meshes/xarm5/visual/link3.stl
[0.683s] -- Up-to-date symlink: /home/azif/xarm_ros2_simulation/install/xarm_description/share/xarm_description//meshes/xarm5/visual/link4.stl
[0.683s] -- Up-to-date symlink: /home/azif/xarm_ros2_simulation/install/xarm_description/share/xarm_description//meshes/xarm5/visual/link5.stl
[0.683s] -- Up-to-date symlink: /home/azif/xarm_ros2_simulation/install/xarm_description/share/xarm_description//meshes/xarm5/visual/link_base.stl
[0.683s] -- Up-to-date symlink: /home/azif/xarm_ros2_simulation/install/xarm_description/share/xarm_description//meshes/xarm5_1305/collision/link1.obj
[0.683s] -- Up-to-date symlink: /home/azif/xarm_ros2_simulation/install/xarm_description/share/xarm_description//meshes/xarm5_1305/collision/link2.obj
[0.683s] -- Up-to-date symlink: /home/azif/xarm_ros2_simulation/install/xarm_description/share/xarm_description//meshes/xarm5_1305/collision/link3.obj
[0.683s] -- Up-to-date symlink: /home/azif/xarm_ros2_simulation/install/xarm_description/share/xarm_description//meshes/xarm5_1305/collision/link4.obj
[0.684s] -- Up-to-date symlink: /home/azif/xarm_ros2_simulation/install/xarm_description/share/xarm_description//meshes/xarm5_1305/collision/link5.obj
[0.684s] -- Up-to-date symlink: /home/azif/xarm_ros2_simulation/install/xarm_description/share/xarm_description//meshes/xarm5_1305/collision/link_base.obj
[0.684s] -- Up-to-date symlink: /home/azif/xarm_ros2_simulation/install/xarm_description/share/xarm_description//meshes/xarm5_1305/visual/link1.stl
[0.684s] -- Up-to-date symlink: /home/azif/xarm_ros2_simulation/install/xarm_description/share/xarm_description//meshes/xarm5_1305/visual/link2.stl
[0.684s] -- Up-to-date symlink: /home/azif/xarm_ros2_simulation/install/xarm_description/share/xarm_description//meshes/xarm5_1305/visual/link3.stl
[0.684s] -- Up-to-date symlink: /home/azif/xarm_ros2_simulation/install/xarm_description/share/xarm_description//meshes/xarm5_1305/visual/link4.stl
[0.684s] -- Up-to-date symlink: /home/azif/xarm_ros2_simulation/install/xarm_description/share/xarm_description//meshes/xarm5_1305/visual/link5.stl
[0.684s] -- Up-to-date symlink: /home/azif/xarm_ros2_simulation/install/xarm_description/share/xarm_description//meshes/xarm5_1305/visual/link_base.stl
[0.684s] -- Up-to-date symlink: /home/azif/xarm_ros2_simulation/install/xarm_description/share/xarm_description//meshes/xarm6/visual/link1.stl
[0.684s] -- Up-to-date symlink: /home/azif/xarm_ros2_simulation/install/xarm_description/share/xarm_description//meshes/xarm6/visual/link2.stl
[0.685s] -- Up-to-date symlink: /home/azif/xarm_ros2_simulation/install/xarm_description/share/xarm_description//meshes/xarm6/visual/link3.stl
[0.685s] -- Up-to-date symlink: /home/azif/xarm_ros2_simulation/install/xarm_description/share/xarm_description//meshes/xarm6/visual/link4.stl
[0.685s] -- Up-to-date symlink: /home/azif/xarm_ros2_simulation/install/xarm_description/share/xarm_description//meshes/xarm6/visual/link5.stl
[0.685s] -- Up-to-date symlink: /home/azif/xarm_ros2_simulation/install/xarm_description/share/xarm_description//meshes/xarm6/visual/link6.stl
[0.685s] -- Up-to-date symlink: /home/azif/xarm_ros2_simulation/install/xarm_description/share/xarm_description//meshes/xarm6/visual/link_base.stl
[0.685s] -- Up-to-date symlink: /home/azif/xarm_ros2_simulation/install/xarm_description/share/xarm_description//meshes/xarm6_1305/collision/link1.obj
[0.686s] -- Up-to-date symlink: /home/azif/xarm_ros2_simulation/install/xarm_description/share/xarm_description//meshes/xarm6_1305/collision/link2.obj
[0.686s] -- Up-to-date symlink: /home/azif/xarm_ros2_simulation/install/xarm_description/share/xarm_description//meshes/xarm6_1305/collision/link3.obj
[0.686s] -- Up-to-date symlink: /home/azif/xarm_ros2_simulation/install/xarm_description/share/xarm_description//meshes/xarm6_1305/collision/link4.obj
[0.686s] -- Up-to-date symlink: /home/azif/xarm_ros2_simulation/install/xarm_description/share/xarm_description//meshes/xarm6_1305/collision/link5.obj
[0.686s] -- Up-to-date symlink: /home/azif/xarm_ros2_simulation/install/xarm_description/share/xarm_description//meshes/xarm6_1305/collision/link6.obj
[0.686s] -- Up-to-date symlink: /home/azif/xarm_ros2_simulation/install/xarm_description/share/xarm_description//meshes/xarm6_1305/collision/link_base.obj
[0.687s] -- Up-to-date symlink: /home/azif/xarm_ros2_simulation/install/xarm_description/share/xarm_description//meshes/xarm6_1305/visual/link1.stl
[0.687s] -- Up-to-date symlink: /home/azif/xarm_ros2_simulation/install/xarm_description/share/xarm_description//meshes/xarm6_1305/visual/link2.stl
[0.687s] -- Up-to-date symlink: /home/azif/xarm_ros2_simulation/install/xarm_description/share/xarm_description//meshes/xarm6_1305/visual/link3.stl
[0.687s] -- Up-to-date symlink: /home/azif/xarm_ros2_simulation/install/xarm_description/share/xarm_description//meshes/xarm6_1305/visual/link4.stl
[0.687s] -- Up-to-date symlink: /home/azif/xarm_ros2_simulation/install/xarm_description/share/xarm_description//meshes/xarm6_1305/visual/link5.stl
[0.688s] -- Up-to-date symlink: /home/azif/xarm_ros2_simulation/install/xarm_description/share/xarm_description//meshes/xarm6_1305/visual/link6.stl
[0.689s] -- Up-to-date symlink: /home/azif/xarm_ros2_simulation/install/xarm_description/share/xarm_description//meshes/xarm6_1305/visual/link_base.stl
[0.689s] -- Up-to-date symlink: /home/azif/xarm_ros2_simulation/install/xarm_description/share/xarm_description//meshes/xarm7/visual/link1.stl
[0.689s] -- Up-to-date symlink: /home/azif/xarm_ros2_simulation/install/xarm_description/share/xarm_description//meshes/xarm7/visual/link2.stl
[0.689s] -- Up-to-date symlink: /home/azif/xarm_ros2_simulation/install/xarm_description/share/xarm_description//meshes/xarm7/visual/link3.stl
[0.689s] -- Up-to-date symlink: /home/azif/xarm_ros2_simulation/install/xarm_description/share/xarm_description//meshes/xarm7/visual/link4.stl
[0.691s] -- Up-to-date symlink: /home/azif/xarm_ros2_simulation/install/xarm_description/share/xarm_description//meshes/xarm7/visual/link5.stl
[0.692s] -- Up-to-date symlink: /home/azif/xarm_ros2_simulation/install/xarm_description/share/xarm_description//meshes/xarm7/visual/link6.stl
[0.694s] -- Up-to-date symlink: /home/azif/xarm_ros2_simulation/install/xarm_description/share/xarm_description//meshes/xarm7/visual/link7.stl
[0.695s] -- Up-to-date symlink: /home/azif/xarm_ros2_simulation/install/xarm_description/share/xarm_description//meshes/xarm7/visual/link_base.stl
[0.695s] -- Up-to-date symlink: /home/azif/xarm_ros2_simulation/install/xarm_description/share/xarm_description//meshes/xarm7_1305/collision/link1.obj
[0.698s] -- Up-to-date symlink: /home/azif/xarm_ros2_simulation/install/xarm_description/share/xarm_description//meshes/xarm7_1305/collision/link2.obj
[0.698s] -- Up-to-date symlink: /home/azif/xarm_ros2_simulation/install/xarm_description/share/xarm_description//meshes/xarm7_1305/collision/link3.obj
[0.701s] -- Up-to-date symlink: /home/azif/xarm_ros2_simulation/install/xarm_description/share/xarm_description//meshes/xarm7_1305/collision/link4.obj
[0.701s] -- Up-to-date symlink: /home/azif/xarm_ros2_simulation/install/xarm_description/share/xarm_description//meshes/xarm7_1305/collision/link5.obj
[0.702s] -- Up-to-date symlink: /home/azif/xarm_ros2_simulation/install/xarm_description/share/xarm_description//meshes/xarm7_1305/collision/link6.obj
[0.702s] -- Up-to-date symlink: /home/azif/xarm_ros2_simulation/install/xarm_description/share/xarm_description//meshes/xarm7_1305/collision/link7.obj
[0.703s] -- Up-to-date symlink: /home/azif/xarm_ros2_simulation/install/xarm_description/share/xarm_description//meshes/xarm7_1305/collision/link_base.obj
[0.703s] -- Up-to-date symlink: /home/azif/xarm_ros2_simulation/install/xarm_description/share/xarm_description//meshes/xarm7_1305/visual/link1.stl
[0.703s] -- Up-to-date symlink: /home/azif/xarm_ros2_simulation/install/xarm_description/share/xarm_description//meshes/xarm7_1305/visual/link2.stl
[0.704s] -- Up-to-date symlink: /home/azif/xarm_ros2_simulation/install/xarm_description/share/xarm_description//meshes/xarm7_1305/visual/link3.stl
[0.707s] -- Up-to-date symlink: /home/azif/xarm_ros2_simulation/install/xarm_description/share/xarm_description//meshes/xarm7_1305/visual/link4.stl
[0.707s] -- Up-to-date symlink: /home/azif/xarm_ros2_simulation/install/xarm_description/share/xarm_description//meshes/xarm7_1305/visual/link5.stl
[0.709s] -- Up-to-date symlink: /home/azif/xarm_ros2_simulation/install/xarm_description/share/xarm_description//meshes/xarm7_1305/visual/link6.stl
[0.709s] -- Up-to-date symlink: /home/azif/xarm_ros2_simulation/install/xarm_description/share/xarm_description//meshes/xarm7_1305/visual/link7.stl
[0.710s] -- Up-to-date symlink: /home/azif/xarm_ros2_simulation/install/xarm_description/share/xarm_description//meshes/xarm7_1305/visual/link_base.stl
[0.710s] -- Up-to-date symlink: /home/azif/xarm_ros2_simulation/install/xarm_description/share/xarm_description//meshes/xarm7_mirror/collision/link1.stl
[0.710s] -- Up-to-date symlink: /home/azif/xarm_ros2_simulation/install/xarm_description/share/xarm_description//meshes/xarm7_mirror/collision/link2.stl
[0.710s] -- Up-to-date symlink: /home/azif/xarm_ros2_simulation/install/xarm_description/share/xarm_description//meshes/xarm7_mirror/collision/link3.stl
[0.712s] -- Up-to-date symlink: /home/azif/xarm_ros2_simulation/install/xarm_description/share/xarm_description//meshes/xarm7_mirror/collision/link4.stl
[0.712s] -- Up-to-date symlink: /home/azif/xarm_ros2_simulation/install/xarm_description/share/xarm_description//meshes/xarm7_mirror/collision/link5.stl
[0.714s] -- Up-to-date symlink: /home/azif/xarm_ros2_simulation/install/xarm_description/share/xarm_description//meshes/xarm7_mirror/collision/link6.stl
[0.714s] -- Up-to-date symlink: /home/azif/xarm_ros2_simulation/install/xarm_description/share/xarm_description//meshes/xarm7_mirror/collision/link7.stl
[0.714s] -- Up-to-date symlink: /home/azif/xarm_ros2_simulation/install/xarm_description/share/xarm_description//meshes/xarm7_mirror/collision/link_base.stl
[0.715s] -- Up-to-date symlink: /home/azif/xarm_ros2_simulation/install/xarm_description/share/xarm_description//meshes/xarm7_mirror/visual/link1.stl
[0.715s] -- Up-to-date symlink: /home/azif/xarm_ros2_simulation/install/xarm_description/share/xarm_description//meshes/xarm7_mirror/visual/link2.stl
[0.715s] -- Up-to-date symlink: /home/azif/xarm_ros2_simulation/install/xarm_description/share/xarm_description//meshes/xarm7_mirror/visual/link3.stl
[0.716s] -- Up-to-date symlink: /home/azif/xarm_ros2_simulation/install/xarm_description/share/xarm_description//meshes/xarm7_mirror/visual/link4.stl
[0.718s] -- Up-to-date symlink: /home/azif/xarm_ros2_simulation/install/xarm_description/share/xarm_description//meshes/xarm7_mirror/visual/link5.stl
[0.718s] -- Up-to-date symlink: /home/azif/xarm_ros2_simulation/install/xarm_description/share/xarm_description//meshes/xarm7_mirror/visual/link6.stl
[0.718s] -- Up-to-date symlink: /home/azif/xarm_ros2_simulation/install/xarm_description/share/xarm_description//meshes/xarm7_mirror/visual/link7.stl
[0.718s] -- Up-to-date symlink: /home/azif/xarm_ros2_simulation/install/xarm_description/share/xarm_description//meshes/xarm7_mirror/visual/link_base.stl
[0.719s] -- Up-to-date symlink: /home/azif/xarm_ros2_simulation/install/xarm_description/share/xarm_description//launch/_robot_description.launch.py
[0.719s] -- Up-to-date symlink: /home/azif/xarm_ros2_simulation/install/xarm_description/share/xarm_description//launch/_robot_joint_state.launch.py
[0.719s] -- Up-to-date symlink: /home/azif/xarm_ros2_simulation/install/xarm_description/share/xarm_description//launch/_robot_rviz_display.launch.py
[0.720s] -- Up-to-date symlink: /home/azif/xarm_ros2_simulation/install/xarm_description/share/xarm_description//launch/_rviz_display.launch.py
[0.720s] -- Up-to-date symlink: /home/azif/xarm_ros2_simulation/install/xarm_description/share/xarm_description//launch/lib/robot_description_lib.py
[0.720s] -- Up-to-date symlink: /home/azif/xarm_ros2_simulation/install/xarm_description/share/xarm_description//launch/lite6_rviz_display.launch.py
[0.720s] -- Up-to-date symlink: /home/azif/xarm_ros2_simulation/install/xarm_description/share/xarm_description//launch/uf850_rviz_display.launch.py
[0.720s] -- Up-to-date symlink: /home/azif/xarm_ros2_simulation/install/xarm_description/share/xarm_description//launch/xarm5_rviz_display.launch.py
[0.720s] -- Up-to-date symlink: /home/azif/xarm_ros2_simulation/install/xarm_description/share/xarm_description//launch/xarm6_rviz_display.launch.py
[0.720s] -- Up-to-date symlink: /home/azif/xarm_ros2_simulation/install/xarm_description/share/xarm_description//launch/xarm7_mirror_rviz_display.launch.py
[0.721s] -- Up-to-date symlink: /home/azif/xarm_ros2_simulation/install/xarm_description/share/xarm_description//launch/xarm7_rviz_display.launch.py
[0.721s] -- Up-to-date symlink: /home/azif/xarm_ros2_simulation/install/xarm_description/share/ament_index/resource_index/package_run_dependencies/xarm_description
[0.721s] -- Up-to-date symlink: /home/azif/xarm_ros2_simulation/install/xarm_description/share/ament_index/resource_index/parent_prefix_path/xarm_description
[0.721s] -- Up-to-date symlink: /home/azif/xarm_ros2_simulation/install/xarm_description/share/xarm_description/environment/ament_prefix_path.sh
[0.721s] -- Up-to-date symlink: /home/azif/xarm_ros2_simulation/install/xarm_description/share/xarm_description/environment/ament_prefix_path.dsv
[0.722s] -- Up-to-date symlink: /home/azif/xarm_ros2_simulation/install/xarm_description/share/xarm_description/environment/path.sh
[0.722s] -- Up-to-date symlink: /home/azif/xarm_ros2_simulation/install/xarm_description/share/xarm_description/environment/path.dsv
[0.722s] -- Up-to-date symlink: /home/azif/xarm_ros2_simulation/install/xarm_description/share/xarm_description/local_setup.bash
[0.723s] -- Up-to-date symlink: /home/azif/xarm_ros2_simulation/install/xarm_description/share/xarm_description/local_setup.sh
[0.723s] -- Up-to-date symlink: /home/azif/xarm_ros2_simulation/install/xarm_description/share/xarm_description/local_setup.zsh
[0.723s] -- Up-to-date symlink: /home/azif/xarm_ros2_simulation/install/xarm_description/share/xarm_description/local_setup.dsv
[0.723s] -- Symlinking: /home/azif/xarm_ros2_simulation/install/xarm_description/share/xarm_description/package.dsv
[0.731s] -- Up-to-date symlink: /home/azif/xarm_ros2_simulation/install/xarm_description/share/ament_index/resource_index/packages/xarm_description
[0.731s] -- Up-to-date symlink: /home/azif/xarm_ros2_simulation/install/xarm_description/share/xarm_description/cmake/xarm_descriptionConfig.cmake
[0.732s] -- Up-to-date symlink: /home/azif/xarm_ros2_simulation/install/xarm_description/share/xarm_description/cmake/xarm_descriptionConfig-version.cmake
[0.732s] -- Up-to-date symlink: /home/azif/xarm_ros2_simulation/install/xarm_description/share/xarm_description/package.xml
[0.784s] Invoked command in '/home/azif/xarm_ros2_simulation/build/xarm_description' returned '0': CMAKE_PREFIX_PATH=/home/azif/xarm_ros2_simulation/install/xarm7_aruco_pick:/home/azif/xarm_ros2_simulation/install/xarm_planner:/home/azif/xarm_ros2_simulation/install/xarm_moveit_servo:/home/azif/xarm_ros2_simulation/install/xarm_moveit_config:/home/azif/xarm_ros2_simulation/install/xarm_gazebo:/home/azif/xarm_ros2_simulation/install/xarm_controller:/home/azif/xarm_ros2_simulation/install/d435i_xarm_setup:/home/azif/xarm_ros2_simulation/install/xarm_api:/home/azif/xarm_ros2_simulation/install/xarm_sdk:/home/azif/xarm_ros2_simulation/install/xarm7_pipeline:/home/azif/xarm_ros2_simulation/install/xarm_msgs:/home/azif/xarm_ros2_simulation/install/xarm_description:/home/azif/xarm_ros2_simulation/install/xarm7_pose_saver:/home/azif/xarm_ros2_simulation/install/realsense_gazebo_plugin:/home/azif/xarm_ros2_simulation/install/xarm7_bringup:/home/azif/xarm_ros2_simulation/install/xarm_moveit_interface:/home/azif/xarm_ros2_simulation/install/uf_ros_lib:/opt/ros/humble:/home/azif/xarm_ros2_simulation/install/attach_detach:/home/azif/xarm_ros2_simulation/install/msg_gazebo:/home/azif/xarm_ros2_simulation/install/mbot_demo /usr/bin/cmake --install /home/azif/xarm_ros2_simulation/build/xarm_description
