[1.054s] Invoking command in '/home/azif/xarm_ros2_simulation/build/uf_ros_lib': PYTHONPATH=/home/azif/xarm_ros2_simulation/build/uf_ros_lib/prefix_override:/usr/lib/python3/dist-packages/colcon_core/task/python/colcon_distutils_commands:/home/azif/xarm_ros2_simulation/install/uf_ros_lib/lib/python3.10/site-packages:${PYTHONPATH} /usr/bin/python3 -W ignore:setup.py install is deprecated -W ignore:easy_install command is deprecated setup.py develop --editable --build-directory /home/azif/xarm_ros2_simulation/build/uf_ros_lib/build --no-deps symlink_data
[1.716s] running develop
[2.207s] running egg_info
[2.207s] creating uf_ros_lib.egg-info
[2.208s] writing uf_ros_lib.egg-info/PKG-INFO
[2.209s] writing dependency_links to uf_ros_lib.egg-info/dependency_links.txt
[2.209s] writing entry points to uf_ros_lib.egg-info/entry_points.txt
[2.209s] writing requirements to uf_ros_lib.egg-info/requires.txt
[2.209s] writing top-level names to uf_ros_lib.egg-info/top_level.txt
[2.210s] writing manifest file 'uf_ros_lib.egg-info/SOURCES.txt'
[2.213s] reading manifest file 'uf_ros_lib.egg-info/SOURCES.txt'
[2.214s] writing manifest file 'uf_ros_lib.egg-info/SOURCES.txt'
[2.218s] running build_ext
[2.219s] Creating /home/azif/xarm_ros2_simulation/install/uf_ros_lib/lib/python3.10/site-packages/uf-ros-lib.egg-link (link to .)
[2.219s] 
[2.219s] Installed /home/azif/xarm_ros2_simulation/build/uf_ros_lib
[2.219s] running symlink_data
[2.219s] creating /home/azif/xarm_ros2_simulation/install/uf_ros_lib/share/ament_index
[2.220s] creating /home/azif/xarm_ros2_simulation/install/uf_ros_lib/share/ament_index/resource_index
[2.220s] creating /home/azif/xarm_ros2_simulation/install/uf_ros_lib/share/ament_index/resource_index/packages
[2.223s] symbolically linking /home/azif/xarm_ros2_simulation/build/uf_ros_lib/resource/uf_ros_lib -> /home/azif/xarm_ros2_simulation/install/uf_ros_lib/share/ament_index/resource_index/packages
[2.224s] symbolically linking /home/azif/xarm_ros2_simulation/build/uf_ros_lib/package.xml -> /home/azif/xarm_ros2_simulation/install/uf_ros_lib/share/uf_ros_lib
[2.347s] Invoked command in '/home/azif/xarm_ros2_simulation/build/uf_ros_lib' returned '0': PYTHONPATH=/home/azif/xarm_ros2_simulation/build/uf_ros_lib/prefix_override:/usr/lib/python3/dist-packages/colcon_core/task/python/colcon_distutils_commands:/home/azif/xarm_ros2_simulation/install/uf_ros_lib/lib/python3.10/site-packages:${PYTHONPATH} /usr/bin/python3 -W ignore:setup.py install is deprecated -W ignore:easy_install command is deprecated setup.py develop --editable --build-directory /home/azif/xarm_ros2_simulation/build/uf_ros_lib/build --no-deps symlink_data
