[0.255s] Invoking command in '/home/azif/xarm_ros2_simulation/build/realsense_gazebo_plugin': CMAKE_PREFIX_PATH=/opt/ros/humble /usr/bin/cmake /home/azif/xarm_ros2_simulation/thirdparty/realsense_gazebo_plugin -DAMENT_CMAKE_SYMLINK_INSTALL=1 -DCMAKE_INSTALL_PREFIX=/home/azif/xarm_ros2_simulation/install/realsense_gazebo_plugin
[0.306s] -- The C compiler identification is GNU 11.4.0
[0.358s] -- The CXX compiler identification is GNU 11.4.0
[0.366s] -- Detecting C compiler ABI info
[0.434s] -- Detecting C compiler ABI info - done
[0.440s] -- Check for working C compiler: /usr/bin/cc - skipped
[0.440s] -- Detecting C compile features
[0.440s] -- Detecting C compile features - done
[0.443s] -- Detecting CXX compiler ABI info
[0.523s] -- Detecting CXX compiler ABI info - done
[0.530s] -- Check for working CXX compiler: /usr/bin/c++ - skipped
[0.530s] -- Detecting CXX compile features
[0.530s] -- Detecting CXX compile features - done
[0.533s] -- Found ament_cmake: 1.3.11 (/opt/ros/humble/share/ament_cmake/cmake)
[0.694s] -- Found Python3: /usr/bin/python3 (found version "3.10.12") found components: Interpreter 
[0.758s] -- Override CMake install command with custom implementation using symlinks instead of copying resources
[0.800s] -- Found rclcpp: 16.0.12 (/opt/ros/humble/share/rclcpp/cmake)
[0.856s] -- Found rosidl_generator_c: 3.1.6 (/opt/ros/humble/share/rosidl_generator_c/cmake)
[0.864s] -- Found rosidl_adapter: 3.1.6 (/opt/ros/humble/share/rosidl_adapter/cmake)
[0.879s] -- Found rosidl_generator_cpp: 3.1.6 (/opt/ros/humble/share/rosidl_generator_cpp/cmake)
[0.893s] -- Using all available rosidl_typesupport_c: rosidl_typesupport_fastrtps_c;rosidl_typesupport_introspection_c
[0.913s] -- Using all available rosidl_typesupport_cpp: rosidl_typesupport_fastrtps_cpp;rosidl_typesupport_introspection_cpp
[1.013s] -- Found rmw_implementation_cmake: 6.1.2 (/opt/ros/humble/share/rmw_implementation_cmake/cmake)
[1.033s] -- Found rmw_cyclonedds_cpp: 1.3.4 (/opt/ros/humble/share/rmw_cyclonedds_cpp/cmake)
[1.119s] -- Using RMW implementation 'rmw_cyclonedds_cpp' as default
[1.187s] -- Looking for pthread.h
[1.464s] -- Looking for pthread.h - found
[1.465s] -- Performing Test CMAKE_HAVE_LIBC_PTHREAD
[1.696s] -- Performing Test CMAKE_HAVE_LIBC_PTHREAD - Success
[1.698s] -- Found Threads: TRUE  
[1.911s] -- Found gazebo_ros: 3.9.0 (/opt/ros/humble/share/gazebo_ros/cmake)
[1.956s] -- Found PkgConfig: /usr/bin/pkg-config (found version "0.29.2") 
[1.958s] -- Checking for module 'bullet>=2.82'
[2.005s] --   Found bullet, version 3.05
[2.390s] -- Found fcl: /usr/include (found suitable version "0.7.0", minimum required is "0.5.0") 
[2.540s] -- Found assimp: /usr/include (found version "5.2.0") 
[2.615s] -- Found DART: /usr/include (Required is at least version "6.6") found components: dart 
[2.742s] -- Found Boost: /usr/lib/x86_64-linux-gnu/cmake/Boost-1.74.0/BoostConfig.cmake (found suitable version "1.74.0", minimum required is "1.40.0") found components: thread system filesystem program_options regex iostreams date_time 
[2.826s] -- Found Protobuf: /usr/lib/x86_64-linux-gnu/libprotobuf.so (found version "3.12.4") 
[2.847s] -- Looking for ignition-math6 -- found version 6.15.1
[2.874s] -- Searching for dependencies of ignition-math6
[2.884s] -- Looking for OGRE...
[2.887s] -- OGRE_PREFIX_WATCH changed.
[2.893s] -- Checking for module 'OGRE'
[2.928s] --   Found OGRE, version 1.9.0
[3.015s] -- Found Ogre Ghadamon (1.9.0)
[3.041s] -- Found OGRE: optimized;/usr/lib/x86_64-linux-gnu/libOgreMain.so;debug;/usr/lib/x86_64-linux-gnu/libOgreMain.so
[3.057s] -- Looking for OGRE_Paging...
[3.074s] -- Found OGRE_Paging: optimized;/usr/lib/x86_64-linux-gnu/libOgrePaging.so;debug;/usr/lib/x86_64-linux-gnu/libOgrePaging.so
[3.075s] -- Looking for OGRE_Terrain...
[3.092s] -- Found OGRE_Terrain: optimized;/usr/lib/x86_64-linux-gnu/libOgreTerrain.so;debug;/usr/lib/x86_64-linux-gnu/libOgreTerrain.so
[3.093s] -- Looking for OGRE_Property...
[3.113s] -- Found OGRE_Property: optimized;/usr/lib/x86_64-linux-gnu/libOgreProperty.so;debug;/usr/lib/x86_64-linux-gnu/libOgreProperty.so
[3.114s] -- Looking for OGRE_RTShaderSystem...
[3.132s] -- Found OGRE_RTShaderSystem: optimized;/usr/lib/x86_64-linux-gnu/libOgreRTShaderSystem.so;debug;/usr/lib/x86_64-linux-gnu/libOgreRTShaderSystem.so
[3.132s] -- Looking for OGRE_Volume...
[3.149s] -- Found OGRE_Volume: optimized;/usr/lib/x86_64-linux-gnu/libOgreVolume.so;debug;/usr/lib/x86_64-linux-gnu/libOgreVolume.so
[3.150s] -- Looking for OGRE_Overlay...
[3.166s] -- Found OGRE_Overlay: optimized;/usr/lib/x86_64-linux-gnu/libOgreOverlay.so;debug;/usr/lib/x86_64-linux-gnu/libOgreOverlay.so
[3.385s] -- Looking for ignition-math6 -- found version 6.15.1
[3.389s] -- Looking for ignition-transport8 -- found version 8.2.1
[3.389s] -- Searching for dependencies of ignition-transport8
[3.409s] -- Found Protobuf: /usr/lib/x86_64-linux-gnu/libprotobuf.so (found suitable version "3.12.4", minimum required is "3") 
[3.422s] -- Config-file not installed for ZeroMQ -- checking for pkg-config
[3.427s] -- Checking for module 'libzmq >= 4'
[3.445s] --   Found libzmq , version 4.3.4
[3.494s] -- Found ZeroMQ: TRUE (Required is at least version "4") 
[3.504s] -- Checking for module 'uuid'
[3.523s] --   Found uuid, version 2.37.2
[3.580s] -- Found UUID: TRUE  
[3.585s] -- Looking for ignition-msgs5 -- found version 5.8.1
[3.585s] -- Searching for dependencies of ignition-msgs5
[3.614s] -- Looking for ignition-math6 -- found version 6.15.1
[3.621s] -- Checking for module 'tinyxml2'
[3.640s] --   Found tinyxml2, version 9.0.0
[3.694s] -- Looking for ignition-msgs5 -- found version 5.8.1
[3.699s] -- Looking for ignition-common3 -- found version 3.14.0
[3.700s] -- Searching for dependencies of ignition-common3
[3.701s] -- Looking for dlfcn.h - found
[3.703s] -- Looking for libdl - found
[3.705s] -- Found DL: TRUE  
[3.725s] -- Found tinyobjloader: /usr/lib/x86_64-linux-gnu/cmake/tinyobjloader/tinyobjloader-config.cmake (found version "2.0.0") 
[3.726s] -- Searching for <ignition-common3> component [graphics]
[3.731s] -- Looking for ignition-common3-graphics -- found version 3.14.0
[3.732s] -- Searching for dependencies of ignition-common3-graphics
[3.732s] -- Looking for ignition-math6 -- found version 6.15.1
[3.739s] -- Looking for ignition-fuel_tools4 -- found version 4.4.0
[3.740s] -- Searching for dependencies of ignition-fuel_tools4
[3.867s] -- Found CURL: /usr/lib/x86_64-linux-gnu/libcurl.so (found version "7.81.0")  
[3.882s] -- Checking for module 'jsoncpp'
[3.902s] --   Found jsoncpp, version 1.9.5
[3.957s] -- Found JSONCPP: TRUE  
[3.964s] -- Checking for module 'libzip'
[3.988s] --   Found libzip, version 1.7.3
[4.051s] -- Found ZIP: TRUE  
[4.052s] -- Looking for ignition-common3 -- found version 3.14.0
[4.053s] -- Looking for ignition-math6 -- found version 6.15.1
[4.053s] -- Looking for ignition-msgs5 -- found version 5.8.1
[4.061s] -- Gazebo version: 11.10
[4.062s] -- Checking for module 'tbb'
[4.089s] --   Found tbb, version 2021.5.0
[4.160s] -- Found image_transport: 3.1.12 (/opt/ros/humble/share/image_transport/cmake)
[4.285s] -- Found camera_info_manager: 3.1.12 (/opt/ros/humble/share/camera_info_manager/cmake)
[4.319s] -- Found ament_lint_auto: 0.12.11 (/opt/ros/humble/share/ament_lint_auto/cmake)
[4.408s] -- Configuring done
[4.472s] -- Generating done
[4.478s] -- Build files have been written to: /home/azif/xarm_ros2_simulation/build/realsense_gazebo_plugin
[4.510s] Invoked command in '/home/azif/xarm_ros2_simulation/build/realsense_gazebo_plugin' returned '0': CMAKE_PREFIX_PATH=/opt/ros/humble /usr/bin/cmake /home/azif/xarm_ros2_simulation/thirdparty/realsense_gazebo_plugin -DAMENT_CMAKE_SYMLINK_INSTALL=1 -DCMAKE_INSTALL_PREFIX=/home/azif/xarm_ros2_simulation/install/realsense_gazebo_plugin
[4.513s] Invoking command in '/home/azif/xarm_ros2_simulation/build/realsense_gazebo_plugin': CMAKE_PREFIX_PATH=/opt/ros/humble /usr/bin/cmake --build /home/azif/xarm_ros2_simulation/build/realsense_gazebo_plugin -- -j16 -l16
[4.582s] [ 33%] [32mBuilding CXX object CMakeFiles/realsense_gazebo_plugin.dir/src/RealSensePlugin.cpp.o[0m
[4.583s] [ 66%] [32mBuilding CXX object CMakeFiles/realsense_gazebo_plugin.dir/src/gazebo_ros_realsense.cpp.o[0m
[36.244s] [100%] [32m[1mLinking CXX shared library librealsense_gazebo_plugin.so[0m
[37.299s] [100%] Built target realsense_gazebo_plugin
[37.312s] Invoked command in '/home/azif/xarm_ros2_simulation/build/realsense_gazebo_plugin' returned '0': CMAKE_PREFIX_PATH=/opt/ros/humble /usr/bin/cmake --build /home/azif/xarm_ros2_simulation/build/realsense_gazebo_plugin -- -j16 -l16
[37.314s] Invoking command in '/home/azif/xarm_ros2_simulation/build/realsense_gazebo_plugin': CMAKE_PREFIX_PATH=/opt/ros/humble /usr/bin/cmake --install /home/azif/xarm_ros2_simulation/build/realsense_gazebo_plugin
[37.322s] -- Install configuration: ""
[37.323s] -- Execute custom install script
[37.323s] -- Symlinking: /home/azif/xarm_ros2_simulation/install/realsense_gazebo_plugin/lib/librealsense_gazebo_plugin.so
[37.335s] -- Symlinking: /home/azif/xarm_ros2_simulation/install/realsense_gazebo_plugin/include//realsense_gazebo_plugin/RealSensePlugin.h
[37.347s] -- Symlinking: /home/azif/xarm_ros2_simulation/install/realsense_gazebo_plugin/include//realsense_gazebo_plugin/gazebo_ros_realsense.h
[37.358s] -- Symlinking: /home/azif/xarm_ros2_simulation/install/realsense_gazebo_plugin/share/realsense_gazebo_plugin/environment/library_path.sh
[37.369s] -- Symlinking: /home/azif/xarm_ros2_simulation/install/realsense_gazebo_plugin/share/realsense_gazebo_plugin/environment/library_path.dsv
[37.379s] -- Symlinking: /home/azif/xarm_ros2_simulation/install/realsense_gazebo_plugin/share/ament_index/resource_index/package_run_dependencies/realsense_gazebo_plugin
[37.390s] -- Symlinking: /home/azif/xarm_ros2_simulation/install/realsense_gazebo_plugin/share/ament_index/resource_index/parent_prefix_path/realsense_gazebo_plugin
[37.401s] -- Symlinking: /home/azif/xarm_ros2_simulation/install/realsense_gazebo_plugin/share/realsense_gazebo_plugin/environment/ament_prefix_path.sh
[37.411s] -- Symlinking: /home/azif/xarm_ros2_simulation/install/realsense_gazebo_plugin/share/realsense_gazebo_plugin/environment/ament_prefix_path.dsv
[37.421s] -- Symlinking: /home/azif/xarm_ros2_simulation/install/realsense_gazebo_plugin/share/realsense_gazebo_plugin/environment/path.sh
[37.430s] -- Symlinking: /home/azif/xarm_ros2_simulation/install/realsense_gazebo_plugin/share/realsense_gazebo_plugin/environment/path.dsv
[37.439s] -- Symlinking: /home/azif/xarm_ros2_simulation/install/realsense_gazebo_plugin/share/realsense_gazebo_plugin/local_setup.bash
[37.450s] -- Symlinking: /home/azif/xarm_ros2_simulation/install/realsense_gazebo_plugin/share/realsense_gazebo_plugin/local_setup.sh
[37.460s] -- Symlinking: /home/azif/xarm_ros2_simulation/install/realsense_gazebo_plugin/share/realsense_gazebo_plugin/local_setup.zsh
[37.470s] -- Symlinking: /home/azif/xarm_ros2_simulation/install/realsense_gazebo_plugin/share/realsense_gazebo_plugin/local_setup.dsv
[37.480s] -- Symlinking: /home/azif/xarm_ros2_simulation/install/realsense_gazebo_plugin/share/realsense_gazebo_plugin/package.dsv
[37.490s] -- Symlinking: /home/azif/xarm_ros2_simulation/install/realsense_gazebo_plugin/share/ament_index/resource_index/packages/realsense_gazebo_plugin
[37.501s] -- Symlinking: /home/azif/xarm_ros2_simulation/install/realsense_gazebo_plugin/share/realsense_gazebo_plugin/cmake/ament_cmake_export_include_directories-extras.cmake
[37.511s] -- Symlinking: /home/azif/xarm_ros2_simulation/install/realsense_gazebo_plugin/share/realsense_gazebo_plugin/cmake/ament_cmake_export_libraries-extras.cmake
[37.525s] -- Symlinking: /home/azif/xarm_ros2_simulation/install/realsense_gazebo_plugin/share/realsense_gazebo_plugin/cmake/realsense_gazebo_pluginConfig.cmake
[37.535s] -- Symlinking: /home/azif/xarm_ros2_simulation/install/realsense_gazebo_plugin/share/realsense_gazebo_plugin/cmake/realsense_gazebo_pluginConfig-version.cmake
[37.545s] -- Symlinking: /home/azif/xarm_ros2_simulation/install/realsense_gazebo_plugin/share/realsense_gazebo_plugin/package.xml
[37.556s] Invoked command in '/home/azif/xarm_ros2_simulation/build/realsense_gazebo_plugin' returned '0': CMAKE_PREFIX_PATH=/opt/ros/humble /usr/bin/cmake --install /home/azif/xarm_ros2_simulation/build/realsense_gazebo_plugin
