[0.025s] Invoking command in '/home/azif/xarm_ros2_simulation/build/xarm_gazebo': AMENT_PREFIX_PATH=/home/azif/xarm_ros2_simulation/install/uf_ros_lib:/home/azif/xarm_ros2_simulation/install/xarm7_bringup:/home/azif/xarm_ros2_simulation/install/xarm7_aruco_pick:/home/azif/xarm_ros2_simulation/install/xarm_planner:/home/azif/xarm_ros2_simulation/install/xarm_moveit_servo:/home/azif/xarm_ros2_simulation/install/xarm_moveit_config:/home/azif/xarm_ros2_simulation/install/xarm_gazebo:/home/azif/xarm_ros2_simulation/install/xarm_controller:/home/azif/xarm_ros2_simulation/install/d435i_xarm_setup:/home/azif/xarm_ros2_simulation/install/xarm_api:/home/azif/xarm_ros2_simulation/install/xarm_sdk:/home/azif/xarm_ros2_simulation/install/xarm7_pipeline:/home/azif/xarm_ros2_simulation/install/xarm_msgs:/home/azif/xarm_ros2_simulation/install/xarm_moveit_interface:/home/azif/xarm_ros2_simulation/install/xarm_description:/home/azif/xarm_ros2_simulation/install/xarm7_pose_saver:/home/azif/xarm_ros2_simulation/install/realsense_gazebo_plugin:/home/azif/xarm_ros2_simulation/install/msg_gazebo:/home/azif/xarm_ros2_simulation/install/mbot_demo:/opt/ros/humble CMAKE_PREFIX_PATH=/home/azif/xarm_ros2_simulation/install/xarm_controller:/home/azif/xarm_ros2_simulation/install/xarm_api:/home/azif/xarm_ros2_simulation/install/xarm_sdk:/home/azif/xarm_ros2_simulation/install/xarm_msgs:/home/azif/xarm_ros2_simulation/install/xarm_description:/home/azif/xarm_ros2_simulation/install/xarm7_aruco_pick:/home/azif/xarm_ros2_simulation/install/xarm_planner:/home/azif/xarm_ros2_simulation/install/xarm_moveit_servo:/home/azif/xarm_ros2_simulation/install/xarm_moveit_config:/home/azif/xarm_ros2_simulation/install/xarm_gazebo:/home/azif/xarm_ros2_simulation/install/d435i_xarm_setup:/home/azif/xarm_ros2_simulation/install/xarm7_pipeline:/home/azif/xarm_ros2_simulation/install/xarm7_pose_saver:/home/azif/xarm_ros2_simulation/install/realsense_gazebo_plugin:/home/azif/xarm_ros2_simulation/install/xarm7_bringup:/home/azif/xarm_ros2_simulation/install/xarm_moveit_interface:/home/azif/xarm_ros2_simulation/install/uf_ros_lib:/opt/ros/humble:/home/azif/xarm_ros2_simulation/install/attach_detach:/home/azif/xarm_ros2_simulation/install/msg_gazebo:/home/azif/xarm_ros2_simulation/install/mbot_demo LD_LIBRARY_PATH=/home/azif/xarm_ros2_simulation/install/xarm_controller/lib:/home/azif/xarm_ros2_simulation/install/xarm_api/lib:/home/azif/xarm_ros2_simulation/install/xarm_sdk/lib:/home/azif/xarm_ros2_simulation/install/xarm_msgs/lib:/home/azif/xarm_ros2_simulation/install/xarm_planner/lib:/home/azif/xarm_ros2_simulation/install/xarm_moveit_servo/lib:/home/azif/xarm_ros2_simulation/install/xarm_gazebo/lib:/home/azif/xarm_ros2_simulation/install/realsense_gazebo_plugin/lib:/home/azif/xarm_ros2_simulation/install/attach_detach/lib:/home/azif/xarm_ros2_simulation/install/msg_gazebo/lib:/usr/lib/x86_64-linux-gnu/gazebo-11/plugins:/opt/ros/humble/opt/rviz_ogre_vendor/lib:/opt/ros/humble/lib/x86_64-linux-gnu:/opt/ros/humble/lib:/usr/share/gazebo-11/../../lib/x86_64-linux-gnu/gazebo-11/plugins PYTHONPATH=/home/azif/xarm_ros2_simulation/build/uf_ros_lib:/home/azif/xarm_ros2_simulation/install/uf_ros_lib/lib/python3.10/site-packages:/home/azif/xarm_ros2_simulation/build/xarm7_bringup:/home/azif/xarm_ros2_simulation/install/xarm7_bringup/lib/python3.10/site-packages:/home/azif/xarm_ros2_simulation/install/xarm_msgs/local/lib/python3.10/dist-packages:/home/azif/xarm_ros2_simulation/build/xarm_moveit_interface:/home/azif/xarm_ros2_simulation/install/xarm_moveit_interface/lib/python3.10/site-packages:/home/azif/xarm_ros2_simulation/install/msg_gazebo/local/lib/python3.10/dist-packages:/opt/ros/humble/lib/python3.10/site-packages:/opt/ros/humble/local/lib/python3.10/dist-packages /usr/bin/cmake --build /home/azif/xarm_ros2_simulation/build/xarm_gazebo -- -j16 -l16
[0.107s] [100%] Built target gazebo_mimic_joint_plugin
[0.120s] Invoked command in '/home/azif/xarm_ros2_simulation/build/xarm_gazebo' returned '0': AMENT_PREFIX_PATH=/home/azif/xarm_ros2_simulation/install/uf_ros_lib:/home/azif/xarm_ros2_simulation/install/xarm7_bringup:/home/azif/xarm_ros2_simulation/install/xarm7_aruco_pick:/home/azif/xarm_ros2_simulation/install/xarm_planner:/home/azif/xarm_ros2_simulation/install/xarm_moveit_servo:/home/azif/xarm_ros2_simulation/install/xarm_moveit_config:/home/azif/xarm_ros2_simulation/install/xarm_gazebo:/home/azif/xarm_ros2_simulation/install/xarm_controller:/home/azif/xarm_ros2_simulation/install/d435i_xarm_setup:/home/azif/xarm_ros2_simulation/install/xarm_api:/home/azif/xarm_ros2_simulation/install/xarm_sdk:/home/azif/xarm_ros2_simulation/install/xarm7_pipeline:/home/azif/xarm_ros2_simulation/install/xarm_msgs:/home/azif/xarm_ros2_simulation/install/xarm_moveit_interface:/home/azif/xarm_ros2_simulation/install/xarm_description:/home/azif/xarm_ros2_simulation/install/xarm7_pose_saver:/home/azif/xarm_ros2_simulation/install/realsense_gazebo_plugin:/home/azif/xarm_ros2_simulation/install/msg_gazebo:/home/azif/xarm_ros2_simulation/install/mbot_demo:/opt/ros/humble CMAKE_PREFIX_PATH=/home/azif/xarm_ros2_simulation/install/xarm_controller:/home/azif/xarm_ros2_simulation/install/xarm_api:/home/azif/xarm_ros2_simulation/install/xarm_sdk:/home/azif/xarm_ros2_simulation/install/xarm_msgs:/home/azif/xarm_ros2_simulation/install/xarm_description:/home/azif/xarm_ros2_simulation/install/xarm7_aruco_pick:/home/azif/xarm_ros2_simulation/install/xarm_planner:/home/azif/xarm_ros2_simulation/install/xarm_moveit_servo:/home/azif/xarm_ros2_simulation/install/xarm_moveit_config:/home/azif/xarm_ros2_simulation/install/xarm_gazebo:/home/azif/xarm_ros2_simulation/install/d435i_xarm_setup:/home/azif/xarm_ros2_simulation/install/xarm7_pipeline:/home/azif/xarm_ros2_simulation/install/xarm7_pose_saver:/home/azif/xarm_ros2_simulation/install/realsense_gazebo_plugin:/home/azif/xarm_ros2_simulation/install/xarm7_bringup:/home/azif/xarm_ros2_simulation/install/xarm_moveit_interface:/home/azif/xarm_ros2_simulation/install/uf_ros_lib:/opt/ros/humble:/home/azif/xarm_ros2_simulation/install/attach_detach:/home/azif/xarm_ros2_simulation/install/msg_gazebo:/home/azif/xarm_ros2_simulation/install/mbot_demo LD_LIBRARY_PATH=/home/azif/xarm_ros2_simulation/install/xarm_controller/lib:/home/azif/xarm_ros2_simulation/install/xarm_api/lib:/home/azif/xarm_ros2_simulation/install/xarm_sdk/lib:/home/azif/xarm_ros2_simulation/install/xarm_msgs/lib:/home/azif/xarm_ros2_simulation/install/xarm_planner/lib:/home/azif/xarm_ros2_simulation/install/xarm_moveit_servo/lib:/home/azif/xarm_ros2_simulation/install/xarm_gazebo/lib:/home/azif/xarm_ros2_simulation/install/realsense_gazebo_plugin/lib:/home/azif/xarm_ros2_simulation/install/attach_detach/lib:/home/azif/xarm_ros2_simulation/install/msg_gazebo/lib:/usr/lib/x86_64-linux-gnu/gazebo-11/plugins:/opt/ros/humble/opt/rviz_ogre_vendor/lib:/opt/ros/humble/lib/x86_64-linux-gnu:/opt/ros/humble/lib:/usr/share/gazebo-11/../../lib/x86_64-linux-gnu/gazebo-11/plugins PYTHONPATH=/home/azif/xarm_ros2_simulation/build/uf_ros_lib:/home/azif/xarm_ros2_simulation/install/uf_ros_lib/lib/python3.10/site-packages:/home/azif/xarm_ros2_simulation/build/xarm7_bringup:/home/azif/xarm_ros2_simulation/install/xarm7_bringup/lib/python3.10/site-packages:/home/azif/xarm_ros2_simulation/install/xarm_msgs/local/lib/python3.10/dist-packages:/home/azif/xarm_ros2_simulation/build/xarm_moveit_interface:/home/azif/xarm_ros2_simulation/install/xarm_moveit_interface/lib/python3.10/site-packages:/home/azif/xarm_ros2_simulation/install/msg_gazebo/local/lib/python3.10/dist-packages:/opt/ros/humble/lib/python3.10/site-packages:/opt/ros/humble/local/lib/python3.10/dist-packages /usr/bin/cmake --build /home/azif/xarm_ros2_simulation/build/xarm_gazebo -- -j16 -l16
[0.122s] Invoking command in '/home/azif/xarm_ros2_simulation/build/xarm_gazebo': AMENT_PREFIX_PATH=/home/azif/xarm_ros2_simulation/install/uf_ros_lib:/home/azif/xarm_ros2_simulation/install/xarm7_bringup:/home/azif/xarm_ros2_simulation/install/xarm7_aruco_pick:/home/azif/xarm_ros2_simulation/install/xarm_planner:/home/azif/xarm_ros2_simulation/install/xarm_moveit_servo:/home/azif/xarm_ros2_simulation/install/xarm_moveit_config:/home/azif/xarm_ros2_simulation/install/xarm_gazebo:/home/azif/xarm_ros2_simulation/install/xarm_controller:/home/azif/xarm_ros2_simulation/install/d435i_xarm_setup:/home/azif/xarm_ros2_simulation/install/xarm_api:/home/azif/xarm_ros2_simulation/install/xarm_sdk:/home/azif/xarm_ros2_simulation/install/xarm7_pipeline:/home/azif/xarm_ros2_simulation/install/xarm_msgs:/home/azif/xarm_ros2_simulation/install/xarm_moveit_interface:/home/azif/xarm_ros2_simulation/install/xarm_description:/home/azif/xarm_ros2_simulation/install/xarm7_pose_saver:/home/azif/xarm_ros2_simulation/install/realsense_gazebo_plugin:/home/azif/xarm_ros2_simulation/install/msg_gazebo:/home/azif/xarm_ros2_simulation/install/mbot_demo:/opt/ros/humble CMAKE_PREFIX_PATH=/home/azif/xarm_ros2_simulation/install/xarm_controller:/home/azif/xarm_ros2_simulation/install/xarm_api:/home/azif/xarm_ros2_simulation/install/xarm_sdk:/home/azif/xarm_ros2_simulation/install/xarm_msgs:/home/azif/xarm_ros2_simulation/install/xarm_description:/home/azif/xarm_ros2_simulation/install/xarm7_aruco_pick:/home/azif/xarm_ros2_simulation/install/xarm_planner:/home/azif/xarm_ros2_simulation/install/xarm_moveit_servo:/home/azif/xarm_ros2_simulation/install/xarm_moveit_config:/home/azif/xarm_ros2_simulation/install/xarm_gazebo:/home/azif/xarm_ros2_simulation/install/d435i_xarm_setup:/home/azif/xarm_ros2_simulation/install/xarm7_pipeline:/home/azif/xarm_ros2_simulation/install/xarm7_pose_saver:/home/azif/xarm_ros2_simulation/install/realsense_gazebo_plugin:/home/azif/xarm_ros2_simulation/install/xarm7_bringup:/home/azif/xarm_ros2_simulation/install/xarm_moveit_interface:/home/azif/xarm_ros2_simulation/install/uf_ros_lib:/opt/ros/humble:/home/azif/xarm_ros2_simulation/install/attach_detach:/home/azif/xarm_ros2_simulation/install/msg_gazebo:/home/azif/xarm_ros2_simulation/install/mbot_demo LD_LIBRARY_PATH=/home/azif/xarm_ros2_simulation/install/xarm_controller/lib:/home/azif/xarm_ros2_simulation/install/xarm_api/lib:/home/azif/xarm_ros2_simulation/install/xarm_sdk/lib:/home/azif/xarm_ros2_simulation/install/xarm_msgs/lib:/home/azif/xarm_ros2_simulation/install/xarm_planner/lib:/home/azif/xarm_ros2_simulation/install/xarm_moveit_servo/lib:/home/azif/xarm_ros2_simulation/install/xarm_gazebo/lib:/home/azif/xarm_ros2_simulation/install/realsense_gazebo_plugin/lib:/home/azif/xarm_ros2_simulation/install/attach_detach/lib:/home/azif/xarm_ros2_simulation/install/msg_gazebo/lib:/usr/lib/x86_64-linux-gnu/gazebo-11/plugins:/opt/ros/humble/opt/rviz_ogre_vendor/lib:/opt/ros/humble/lib/x86_64-linux-gnu:/opt/ros/humble/lib:/usr/share/gazebo-11/../../lib/x86_64-linux-gnu/gazebo-11/plugins PYTHONPATH=/home/azif/xarm_ros2_simulation/build/uf_ros_lib:/home/azif/xarm_ros2_simulation/install/uf_ros_lib/lib/python3.10/site-packages:/home/azif/xarm_ros2_simulation/build/xarm7_bringup:/home/azif/xarm_ros2_simulation/install/xarm7_bringup/lib/python3.10/site-packages:/home/azif/xarm_ros2_simulation/install/xarm_msgs/local/lib/python3.10/dist-packages:/home/azif/xarm_ros2_simulation/build/xarm_moveit_interface:/home/azif/xarm_ros2_simulation/install/xarm_moveit_interface/lib/python3.10/site-packages:/home/azif/xarm_ros2_simulation/install/msg_gazebo/local/lib/python3.10/dist-packages:/opt/ros/humble/lib/python3.10/site-packages:/opt/ros/humble/local/lib/python3.10/dist-packages /usr/bin/cmake --install /home/azif/xarm_ros2_simulation/build/xarm_gazebo
[0.131s] -- Install configuration: ""
[0.131s] -- Execute custom install script
[0.132s] -- Up-to-date symlink: /home/azif/xarm_ros2_simulation/install/xarm_gazebo/include/xarm_gazebo/mimic_joint_plugin.h
[0.132s] -- Up-to-date symlink: /home/azif/xarm_ros2_simulation/install/xarm_gazebo/lib/libgazebo_mimic_joint_plugin.so
[0.136s] -- Symlinking: /home/azif/xarm_ros2_simulation/install/xarm_gazebo/share/xarm_gazebo//worlds/aws-robomaker-small-warehouse-world-ros1/CMakeLists.txt
[0.147s] -- Symlinking: /home/azif/xarm_ros2_simulation/install/xarm_gazebo/share/xarm_gazebo//worlds/aws-robomaker-small-warehouse-world-ros1/CODE_OF_CONDUCT.md
[0.156s] -- Symlinking: /home/azif/xarm_ros2_simulation/install/xarm_gazebo/share/xarm_gazebo//worlds/aws-robomaker-small-warehouse-world-ros1/CONTRIBUTING.md
[0.167s] -- Symlinking: /home/azif/xarm_ros2_simulation/install/xarm_gazebo/share/xarm_gazebo//worlds/aws-robomaker-small-warehouse-world-ros1/LICENSE
[0.178s] -- Symlinking: /home/azif/xarm_ros2_simulation/install/xarm_gazebo/share/xarm_gazebo//worlds/aws-robomaker-small-warehouse-world-ros1/README.md
[0.189s] -- Symlinking: /home/azif/xarm_ros2_simulation/install/xarm_gazebo/share/xarm_gazebo//worlds/aws-robomaker-small-warehouse-world-ros1/docs/.DS_Store
[0.200s] -- Symlinking: /home/azif/xarm_ros2_simulation/install/xarm_gazebo/share/xarm_gazebo//worlds/aws-robomaker-small-warehouse-world-ros1/docs/images/.DS_Store
[0.211s] -- Symlinking: /home/azif/xarm_ros2_simulation/install/xarm_gazebo/share/xarm_gazebo//worlds/aws-robomaker-small-warehouse-world-ros1/docs/images/gzweb_aws_warehouse.png
[0.222s] -- Symlinking: /home/azif/xarm_ros2_simulation/install/xarm_gazebo/share/xarm_gazebo//worlds/aws-robomaker-small-warehouse-world-ros1/docs/images/models_boxes.png
[0.232s] -- Symlinking: /home/azif/xarm_ros2_simulation/install/xarm_gazebo/share/xarm_gazebo//worlds/aws-robomaker-small-warehouse-world-ros1/docs/images/models_buckets.png
[0.242s] -- Symlinking: /home/azif/xarm_ros2_simulation/install/xarm_gazebo/share/xarm_gazebo//worlds/aws-robomaker-small-warehouse-world-ros1/docs/images/models_ceiling_lamp.png
[0.254s] -- Symlinking: /home/azif/xarm_ros2_simulation/install/xarm_gazebo/share/xarm_gazebo//worlds/aws-robomaker-small-warehouse-world-ros1/docs/images/models_desk.png
[0.264s] -- Symlinking: /home/azif/xarm_ros2_simulation/install/xarm_gazebo/share/xarm_gazebo//worlds/aws-robomaker-small-warehouse-world-ros1/docs/images/models_lift.png
[0.274s] -- Symlinking: /home/azif/xarm_ros2_simulation/install/xarm_gazebo/share/xarm_gazebo//worlds/aws-robomaker-small-warehouse-world-ros1/docs/images/models_shelves.png
[0.284s] -- Symlinking: /home/azif/xarm_ros2_simulation/install/xarm_gazebo/share/xarm_gazebo//worlds/aws-robomaker-small-warehouse-world-ros1/docs/images/models_trashcan.png
[0.296s] -- Symlinking: /home/azif/xarm_ros2_simulation/install/xarm_gazebo/share/xarm_gazebo//worlds/aws-robomaker-small-warehouse-world-ros1/docs/images/models_warehouse_ground_paint.png
[0.306s] -- Symlinking: /home/azif/xarm_ros2_simulation/install/xarm_gazebo/share/xarm_gazebo//worlds/aws-robomaker-small-warehouse-world-ros1/docs/images/small_warehouse_gazebo.png
[0.317s] -- Symlinking: /home/azif/xarm_ros2_simulation/install/xarm_gazebo/share/xarm_gazebo//worlds/aws-robomaker-small-warehouse-world-ros1/launch/no_roof_small_warehouse.launch
[0.328s] -- Symlinking: /home/azif/xarm_ros2_simulation/install/xarm_gazebo/share/xarm_gazebo//worlds/aws-robomaker-small-warehouse-world-ros1/launch/small_warehouse.launch
[0.339s] -- Symlinking: /home/azif/xarm_ros2_simulation/install/xarm_gazebo/share/xarm_gazebo//worlds/aws-robomaker-small-warehouse-world-ros1/launch/view_small_warehouse.launch
[0.351s] -- Symlinking: /home/azif/xarm_ros2_simulation/install/xarm_gazebo/share/xarm_gazebo//worlds/aws-robomaker-small-warehouse-world-ros1/maps/.DS_Store
[0.362s] -- Symlinking: /home/azif/xarm_ros2_simulation/install/xarm_gazebo/share/xarm_gazebo//worlds/aws-robomaker-small-warehouse-world-ros1/maps/002/map.pgm
[0.372s] -- Symlinking: /home/azif/xarm_ros2_simulation/install/xarm_gazebo/share/xarm_gazebo//worlds/aws-robomaker-small-warehouse-world-ros1/maps/002/map.yaml
[0.383s] -- Symlinking: /home/azif/xarm_ros2_simulation/install/xarm_gazebo/share/xarm_gazebo//worlds/aws-robomaker-small-warehouse-world-ros1/maps/005/map.pgm
[0.394s] -- Symlinking: /home/azif/xarm_ros2_simulation/install/xarm_gazebo/share/xarm_gazebo//worlds/aws-robomaker-small-warehouse-world-ros1/maps/005/map.yaml
[0.404s] -- Symlinking: /home/azif/xarm_ros2_simulation/install/xarm_gazebo/share/xarm_gazebo//worlds/aws-robomaker-small-warehouse-world-ros1/maps/005/map_rotated.pgm
[0.415s] -- Symlinking: /home/azif/xarm_ros2_simulation/install/xarm_gazebo/share/xarm_gazebo//worlds/aws-robomaker-small-warehouse-world-ros1/maps/005/map_rotated.png
[0.425s] -- Symlinking: /home/azif/xarm_ros2_simulation/install/xarm_gazebo/share/xarm_gazebo//worlds/aws-robomaker-small-warehouse-world-ros1/models/.DS_Store
[0.435s] -- Symlinking: /home/azif/xarm_ros2_simulation/install/xarm_gazebo/share/xarm_gazebo//worlds/aws-robomaker-small-warehouse-world-ros1/models/aws_robomaker_warehouse_Bucket_01/.DS_Store
[0.446s] -- Symlinking: /home/azif/xarm_ros2_simulation/install/xarm_gazebo/share/xarm_gazebo//worlds/aws-robomaker-small-warehouse-world-ros1/models/aws_robomaker_warehouse_Bucket_01/materials/.DS_Store
[0.456s] -- Symlinking: /home/azif/xarm_ros2_simulation/install/xarm_gazebo/share/xarm_gazebo//worlds/aws-robomaker-small-warehouse-world-ros1/models/aws_robomaker_warehouse_Bucket_01/materials/textures/aws_robomaker_warehouse_Bucket_01.png
[0.467s] -- Symlinking: /home/azif/xarm_ros2_simulation/install/xarm_gazebo/share/xarm_gazebo//worlds/aws-robomaker-small-warehouse-world-ros1/models/aws_robomaker_warehouse_Bucket_01/meshes/aws_robomaker_warehouse_Bucket_01_collision.DAE
[0.477s] -- Symlinking: /home/azif/xarm_ros2_simulation/install/xarm_gazebo/share/xarm_gazebo//worlds/aws-robomaker-small-warehouse-world-ros1/models/aws_robomaker_warehouse_Bucket_01/meshes/aws_robomaker_warehouse_Bucket_01_visual.DAE
[0.488s] -- Symlinking: /home/azif/xarm_ros2_simulation/install/xarm_gazebo/share/xarm_gazebo//worlds/aws-robomaker-small-warehouse-world-ros1/models/aws_robomaker_warehouse_Bucket_01/model.config
[0.499s] -- Symlinking: /home/azif/xarm_ros2_simulation/install/xarm_gazebo/share/xarm_gazebo//worlds/aws-robomaker-small-warehouse-world-ros1/models/aws_robomaker_warehouse_Bucket_01/model.sdf
[0.512s] -- Symlinking: /home/azif/xarm_ros2_simulation/install/xarm_gazebo/share/xarm_gazebo//worlds/aws-robomaker-small-warehouse-world-ros1/models/aws_robomaker_warehouse_ClutteringA_01/.DS_Store
[0.522s] -- Symlinking: /home/azif/xarm_ros2_simulation/install/xarm_gazebo/share/xarm_gazebo//worlds/aws-robomaker-small-warehouse-world-ros1/models/aws_robomaker_warehouse_ClutteringA_01/materials/.DS_Store
[0.533s] -- Symlinking: /home/azif/xarm_ros2_simulation/install/xarm_gazebo/share/xarm_gazebo//worlds/aws-robomaker-small-warehouse-world-ros1/models/aws_robomaker_warehouse_ClutteringA_01/materials/textures/.DS_Store
[0.543s] -- Symlinking: /home/azif/xarm_ros2_simulation/install/xarm_gazebo/share/xarm_gazebo//worlds/aws-robomaker-small-warehouse-world-ros1/models/aws_robomaker_warehouse_ClutteringA_01/materials/textures/aws_robomaker_warehouse_ClutteringA_01.png
[0.555s] -- Symlinking: /home/azif/xarm_ros2_simulation/install/xarm_gazebo/share/xarm_gazebo//worlds/aws-robomaker-small-warehouse-world-ros1/models/aws_robomaker_warehouse_ClutteringA_01/materials/textures/aws_robomaker_warehouse_ClutteringA_02.png
[0.569s] -- Symlinking: /home/azif/xarm_ros2_simulation/install/xarm_gazebo/share/xarm_gazebo//worlds/aws-robomaker-small-warehouse-world-ros1/models/aws_robomaker_warehouse_ClutteringA_01/materials/textures/aws_robomaker_warehouse_ClutteringA_03.png
[0.580s] -- Symlinking: /home/azif/xarm_ros2_simulation/install/xarm_gazebo/share/xarm_gazebo//worlds/aws-robomaker-small-warehouse-world-ros1/models/aws_robomaker_warehouse_ClutteringA_01/meshes/aws_robomaker_warehouse_ClutteringA_01_collision.DAE
[0.591s] -- Symlinking: /home/azif/xarm_ros2_simulation/install/xarm_gazebo/share/xarm_gazebo//worlds/aws-robomaker-small-warehouse-world-ros1/models/aws_robomaker_warehouse_ClutteringA_01/meshes/aws_robomaker_warehouse_ClutteringA_01_visual.DAE
[0.601s] -- Symlinking: /home/azif/xarm_ros2_simulation/install/xarm_gazebo/share/xarm_gazebo//worlds/aws-robomaker-small-warehouse-world-ros1/models/aws_robomaker_warehouse_ClutteringA_01/model.config
[0.612s] -- Symlinking: /home/azif/xarm_ros2_simulation/install/xarm_gazebo/share/xarm_gazebo//worlds/aws-robomaker-small-warehouse-world-ros1/models/aws_robomaker_warehouse_ClutteringA_01/model.sdf
[0.623s] -- Symlinking: /home/azif/xarm_ros2_simulation/install/xarm_gazebo/share/xarm_gazebo//worlds/aws-robomaker-small-warehouse-world-ros1/models/aws_robomaker_warehouse_ClutteringC_01/materials/textures/aws_robomaker_warehouse_ClutteringC_01.png
[0.634s] -- Symlinking: /home/azif/xarm_ros2_simulation/install/xarm_gazebo/share/xarm_gazebo//worlds/aws-robomaker-small-warehouse-world-ros1/models/aws_robomaker_warehouse_ClutteringC_01/materials/textures/aws_robomaker_warehouse_ClutteringC_02.png
[0.644s] -- Symlinking: /home/azif/xarm_ros2_simulation/install/xarm_gazebo/share/xarm_gazebo//worlds/aws-robomaker-small-warehouse-world-ros1/models/aws_robomaker_warehouse_ClutteringC_01/meshes/aws_robomaker_warehouse_ClutteringC_01_collision.DAE
[0.654s] -- Symlinking: /home/azif/xarm_ros2_simulation/install/xarm_gazebo/share/xarm_gazebo//worlds/aws-robomaker-small-warehouse-world-ros1/models/aws_robomaker_warehouse_ClutteringC_01/meshes/aws_robomaker_warehouse_ClutteringC_01_visual.DAE
[0.665s] -- Symlinking: /home/azif/xarm_ros2_simulation/install/xarm_gazebo/share/xarm_gazebo//worlds/aws-robomaker-small-warehouse-world-ros1/models/aws_robomaker_warehouse_ClutteringC_01/model.config
[0.676s] -- Symlinking: /home/azif/xarm_ros2_simulation/install/xarm_gazebo/share/xarm_gazebo//worlds/aws-robomaker-small-warehouse-world-ros1/models/aws_robomaker_warehouse_ClutteringC_01/model.sdf
[0.687s] -- Symlinking: /home/azif/xarm_ros2_simulation/install/xarm_gazebo/share/xarm_gazebo//worlds/aws-robomaker-small-warehouse-world-ros1/models/aws_robomaker_warehouse_ClutteringD_01/materials/textures/aws_robomaker_warehouse_ClutteringD_01.png
[0.698s] -- Symlinking: /home/azif/xarm_ros2_simulation/install/xarm_gazebo/share/xarm_gazebo//worlds/aws-robomaker-small-warehouse-world-ros1/models/aws_robomaker_warehouse_ClutteringD_01/materials/textures/aws_robomaker_warehouse_ClutteringD_02.png
[0.709s] -- Symlinking: /home/azif/xarm_ros2_simulation/install/xarm_gazebo/share/xarm_gazebo//worlds/aws-robomaker-small-warehouse-world-ros1/models/aws_robomaker_warehouse_ClutteringD_01/meshes/aws_robomaker_warehouse_ClutteringD_01_collision.DAE
[0.719s] -- Symlinking: /home/azif/xarm_ros2_simulation/install/xarm_gazebo/share/xarm_gazebo//worlds/aws-robomaker-small-warehouse-world-ros1/models/aws_robomaker_warehouse_ClutteringD_01/meshes/aws_robomaker_warehouse_ClutteringD_01_visual.DAE
[0.730s] -- Symlinking: /home/azif/xarm_ros2_simulation/install/xarm_gazebo/share/xarm_gazebo//worlds/aws-robomaker-small-warehouse-world-ros1/models/aws_robomaker_warehouse_ClutteringD_01/model.config
[0.740s] -- Symlinking: /home/azif/xarm_ros2_simulation/install/xarm_gazebo/share/xarm_gazebo//worlds/aws-robomaker-small-warehouse-world-ros1/models/aws_robomaker_warehouse_ClutteringD_01/model.sdf
[0.751s] -- Symlinking: /home/azif/xarm_ros2_simulation/install/xarm_gazebo/share/xarm_gazebo//worlds/aws-robomaker-small-warehouse-world-ros1/models/aws_robomaker_warehouse_DeskC_01/materials/.DS_Store
[0.762s] -- Symlinking: /home/azif/xarm_ros2_simulation/install/xarm_gazebo/share/xarm_gazebo//worlds/aws-robomaker-small-warehouse-world-ros1/models/aws_robomaker_warehouse_DeskC_01/materials/textures/aws_robomaker_warehouse_DeskC_01.png
[0.774s] -- Symlinking: /home/azif/xarm_ros2_simulation/install/xarm_gazebo/share/xarm_gazebo//worlds/aws-robomaker-small-warehouse-world-ros1/models/aws_robomaker_warehouse_DeskC_01/materials/textures/aws_robomaker_warehouse_DeskC_02.png
[0.784s] -- Symlinking: /home/azif/xarm_ros2_simulation/install/xarm_gazebo/share/xarm_gazebo//worlds/aws-robomaker-small-warehouse-world-ros1/models/aws_robomaker_warehouse_DeskC_01/materials/textures/aws_robomaker_warehouse_DeskC_03.png
[0.794s] -- Symlinking: /home/azif/xarm_ros2_simulation/install/xarm_gazebo/share/xarm_gazebo//worlds/aws-robomaker-small-warehouse-world-ros1/models/aws_robomaker_warehouse_DeskC_01/materials/textures/aws_robomaker_warehouse_DeskC_03.psd
[0.805s] -- Symlinking: /home/azif/xarm_ros2_simulation/install/xarm_gazebo/share/xarm_gazebo//worlds/aws-robomaker-small-warehouse-world-ros1/models/aws_robomaker_warehouse_DeskC_01/materials/textures/aws_robomaker_warehouse_DeskC_04.png
[0.816s] -- Symlinking: /home/azif/xarm_ros2_simulation/install/xarm_gazebo/share/xarm_gazebo//worlds/aws-robomaker-small-warehouse-world-ros1/models/aws_robomaker_warehouse_DeskC_01/meshes/aws_robomaker_warehouse_DeskC_01_collision.DAE
[0.826s] -- Symlinking: /home/azif/xarm_ros2_simulation/install/xarm_gazebo/share/xarm_gazebo//worlds/aws-robomaker-small-warehouse-world-ros1/models/aws_robomaker_warehouse_DeskC_01/meshes/aws_robomaker_warehouse_DeskC_01_visual.DAE
[0.837s] -- Symlinking: /home/azif/xarm_ros2_simulation/install/xarm_gazebo/share/xarm_gazebo//worlds/aws-robomaker-small-warehouse-world-ros1/models/aws_robomaker_warehouse_DeskC_01/model.config
[0.848s] -- Symlinking: /home/azif/xarm_ros2_simulation/install/xarm_gazebo/share/xarm_gazebo//worlds/aws-robomaker-small-warehouse-world-ros1/models/aws_robomaker_warehouse_DeskC_01/model.sdf
[0.859s] -- Symlinking: /home/azif/xarm_ros2_simulation/install/xarm_gazebo/share/xarm_gazebo//worlds/aws-robomaker-small-warehouse-world-ros1/models/aws_robomaker_warehouse_GroundB_01/materials/textures/aws_robomaker_warehouse_GroundB_01.png
[0.869s] -- Symlinking: /home/azif/xarm_ros2_simulation/install/xarm_gazebo/share/xarm_gazebo//worlds/aws-robomaker-small-warehouse-world-ros1/models/aws_robomaker_warehouse_GroundB_01/materials/textures/aws_robomaker_warehouse_GroundB_02.png
[0.880s] -- Symlinking: /home/azif/xarm_ros2_simulation/install/xarm_gazebo/share/xarm_gazebo//worlds/aws-robomaker-small-warehouse-world-ros1/models/aws_robomaker_warehouse_GroundB_01/meshes/aws_robomaker_warehouse_GroundB_01_collision.DAE
[0.890s] -- Symlinking: /home/azif/xarm_ros2_simulation/install/xarm_gazebo/share/xarm_gazebo//worlds/aws-robomaker-small-warehouse-world-ros1/models/aws_robomaker_warehouse_GroundB_01/meshes/aws_robomaker_warehouse_GroundB_01_visual.DAE
[0.902s] -- Symlinking: /home/azif/xarm_ros2_simulation/install/xarm_gazebo/share/xarm_gazebo//worlds/aws-robomaker-small-warehouse-world-ros1/models/aws_robomaker_warehouse_GroundB_01/model.config
[0.911s] -- Symlinking: /home/azif/xarm_ros2_simulation/install/xarm_gazebo/share/xarm_gazebo//worlds/aws-robomaker-small-warehouse-world-ros1/models/aws_robomaker_warehouse_GroundB_01/model.sdf
[0.921s] -- Symlinking: /home/azif/xarm_ros2_simulation/install/xarm_gazebo/share/xarm_gazebo//worlds/aws-robomaker-small-warehouse-world-ros1/models/aws_robomaker_warehouse_Lamp_01/materials/textures/aws_robomaker_warehouse_Lamp_01.png
[0.931s] -- Symlinking: /home/azif/xarm_ros2_simulation/install/xarm_gazebo/share/xarm_gazebo//worlds/aws-robomaker-small-warehouse-world-ros1/models/aws_robomaker_warehouse_Lamp_01/meshes/aws_robomaker_warehouse_Lamp_01_collision.DAE
[0.942s] -- Symlinking: /home/azif/xarm_ros2_simulation/install/xarm_gazebo/share/xarm_gazebo//worlds/aws-robomaker-small-warehouse-world-ros1/models/aws_robomaker_warehouse_Lamp_01/meshes/aws_robomaker_warehouse_Lamp_01_visual.DAE
[0.952s] -- Symlinking: /home/azif/xarm_ros2_simulation/install/xarm_gazebo/share/xarm_gazebo//worlds/aws-robomaker-small-warehouse-world-ros1/models/aws_robomaker_warehouse_Lamp_01/model.config
[0.962s] -- Symlinking: /home/azif/xarm_ros2_simulation/install/xarm_gazebo/share/xarm_gazebo//worlds/aws-robomaker-small-warehouse-world-ros1/models/aws_robomaker_warehouse_Lamp_01/model.sdf
[0.973s] -- Symlinking: /home/azif/xarm_ros2_simulation/install/xarm_gazebo/share/xarm_gazebo//worlds/aws-robomaker-small-warehouse-world-ros1/models/aws_robomaker_warehouse_PalletJackB_01/.DS_Store
[0.983s] -- Symlinking: /home/azif/xarm_ros2_simulation/install/xarm_gazebo/share/xarm_gazebo//worlds/aws-robomaker-small-warehouse-world-ros1/models/aws_robomaker_warehouse_PalletJackB_01/materials/.DS_Store
[0.993s] -- Symlinking: /home/azif/xarm_ros2_simulation/install/xarm_gazebo/share/xarm_gazebo//worlds/aws-robomaker-small-warehouse-world-ros1/models/aws_robomaker_warehouse_PalletJackB_01/materials/textures/aws_robomaker_warehouse_PalletJackB_01.png
[1.003s] -- Symlinking: /home/azif/xarm_ros2_simulation/install/xarm_gazebo/share/xarm_gazebo//worlds/aws-robomaker-small-warehouse-world-ros1/models/aws_robomaker_warehouse_PalletJackB_01/materials/textures/aws_robomaker_warehouse_PalletJackB_02.png
[1.013s] -- Symlinking: /home/azif/xarm_ros2_simulation/install/xarm_gazebo/share/xarm_gazebo//worlds/aws-robomaker-small-warehouse-world-ros1/models/aws_robomaker_warehouse_PalletJackB_01/meshes/aws_robomaker_warehouse_PalletJackB_01_collision.DAE
[1.024s] -- Symlinking: /home/azif/xarm_ros2_simulation/install/xarm_gazebo/share/xarm_gazebo//worlds/aws-robomaker-small-warehouse-world-ros1/models/aws_robomaker_warehouse_PalletJackB_01/meshes/aws_robomaker_warehouse_PalletJackB_01_visual.DAE
[1.034s] -- Symlinking: /home/azif/xarm_ros2_simulation/install/xarm_gazebo/share/xarm_gazebo//worlds/aws-robomaker-small-warehouse-world-ros1/models/aws_robomaker_warehouse_PalletJackB_01/model.config
[1.044s] -- Symlinking: /home/azif/xarm_ros2_simulation/install/xarm_gazebo/share/xarm_gazebo//worlds/aws-robomaker-small-warehouse-world-ros1/models/aws_robomaker_warehouse_PalletJackB_01/model.sdf
[1.055s] -- Symlinking: /home/azif/xarm_ros2_simulation/install/xarm_gazebo/share/xarm_gazebo//worlds/aws-robomaker-small-warehouse-world-ros1/models/aws_robomaker_warehouse_RoofB_01/materials/textures/aws_robomaker_warehouse_RoofB_01.png
[1.066s] -- Symlinking: /home/azif/xarm_ros2_simulation/install/xarm_gazebo/share/xarm_gazebo//worlds/aws-robomaker-small-warehouse-world-ros1/models/aws_robomaker_warehouse_RoofB_01/meshes/aws_robomaker_warehouse_RoofB_01_collision.DAE
[1.076s] -- Symlinking: /home/azif/xarm_ros2_simulation/install/xarm_gazebo/share/xarm_gazebo//worlds/aws-robomaker-small-warehouse-world-ros1/models/aws_robomaker_warehouse_RoofB_01/meshes/aws_robomaker_warehouse_RoofB_01_visual.DAE
[1.085s] -- Symlinking: /home/azif/xarm_ros2_simulation/install/xarm_gazebo/share/xarm_gazebo//worlds/aws-robomaker-small-warehouse-world-ros1/models/aws_robomaker_warehouse_RoofB_01/model.config
[1.096s] -- Symlinking: /home/azif/xarm_ros2_simulation/install/xarm_gazebo/share/xarm_gazebo//worlds/aws-robomaker-small-warehouse-world-ros1/models/aws_robomaker_warehouse_RoofB_01/model.sdf
[1.106s] -- Symlinking: /home/azif/xarm_ros2_simulation/install/xarm_gazebo/share/xarm_gazebo//worlds/aws-robomaker-small-warehouse-world-ros1/models/aws_robomaker_warehouse_ShelfD_01/materials/textures/aws_robomaker_warehouse_ShelfD_01.png
[1.116s] -- Symlinking: /home/azif/xarm_ros2_simulation/install/xarm_gazebo/share/xarm_gazebo//worlds/aws-robomaker-small-warehouse-world-ros1/models/aws_robomaker_warehouse_ShelfD_01/materials/textures/aws_robomaker_warehouse_ShelfD_02.png
[1.126s] -- Symlinking: /home/azif/xarm_ros2_simulation/install/xarm_gazebo/share/xarm_gazebo//worlds/aws-robomaker-small-warehouse-world-ros1/models/aws_robomaker_warehouse_ShelfD_01/materials/textures/aws_robomaker_warehouse_ShelfD_03.png
[1.137s] -- Symlinking: /home/azif/xarm_ros2_simulation/install/xarm_gazebo/share/xarm_gazebo//worlds/aws-robomaker-small-warehouse-world-ros1/models/aws_robomaker_warehouse_ShelfD_01/materials/textures/aws_robomaker_warehouse_ShelfD_04.png
[1.148s] -- Symlinking: /home/azif/xarm_ros2_simulation/install/xarm_gazebo/share/xarm_gazebo//worlds/aws-robomaker-small-warehouse-world-ros1/models/aws_robomaker_warehouse_ShelfD_01/meshes/aws_robomaker_warehouse_ShelfD_01_collision.DAE
[1.159s] -- Symlinking: /home/azif/xarm_ros2_simulation/install/xarm_gazebo/share/xarm_gazebo//worlds/aws-robomaker-small-warehouse-world-ros1/models/aws_robomaker_warehouse_ShelfD_01/meshes/aws_robomaker_warehouse_ShelfD_01_visual.DAE
[1.169s] -- Symlinking: /home/azif/xarm_ros2_simulation/install/xarm_gazebo/share/xarm_gazebo//worlds/aws-robomaker-small-warehouse-world-ros1/models/aws_robomaker_warehouse_ShelfD_01/model.config
[1.179s] -- Symlinking: /home/azif/xarm_ros2_simulation/install/xarm_gazebo/share/xarm_gazebo//worlds/aws-robomaker-small-warehouse-world-ros1/models/aws_robomaker_warehouse_ShelfD_01/model.sdf
[1.191s] -- Symlinking: /home/azif/xarm_ros2_simulation/install/xarm_gazebo/share/xarm_gazebo//worlds/aws-robomaker-small-warehouse-world-ros1/models/aws_robomaker_warehouse_ShelfE_01/.DS_Store
[1.202s] -- Symlinking: /home/azif/xarm_ros2_simulation/install/xarm_gazebo/share/xarm_gazebo//worlds/aws-robomaker-small-warehouse-world-ros1/models/aws_robomaker_warehouse_ShelfE_01/materials/.DS_Store
[1.213s] -- Symlinking: /home/azif/xarm_ros2_simulation/install/xarm_gazebo/share/xarm_gazebo//worlds/aws-robomaker-small-warehouse-world-ros1/models/aws_robomaker_warehouse_ShelfE_01/materials/textures/aws_robomaker_warehouse_ShelfE_01.png
[1.222s] -- Symlinking: /home/azif/xarm_ros2_simulation/install/xarm_gazebo/share/xarm_gazebo//worlds/aws-robomaker-small-warehouse-world-ros1/models/aws_robomaker_warehouse_ShelfE_01/materials/textures/aws_robomaker_warehouse_ShelfE_02.png
[1.233s] -- Symlinking: /home/azif/xarm_ros2_simulation/install/xarm_gazebo/share/xarm_gazebo//worlds/aws-robomaker-small-warehouse-world-ros1/models/aws_robomaker_warehouse_ShelfE_01/materials/textures/aws_robomaker_warehouse_ShelfE_03.png
[1.243s] -- Symlinking: /home/azif/xarm_ros2_simulation/install/xarm_gazebo/share/xarm_gazebo//worlds/aws-robomaker-small-warehouse-world-ros1/models/aws_robomaker_warehouse_ShelfE_01/materials/textures/aws_robomaker_warehouse_ShelfE_04.png
[1.254s] -- Symlinking: /home/azif/xarm_ros2_simulation/install/xarm_gazebo/share/xarm_gazebo//worlds/aws-robomaker-small-warehouse-world-ros1/models/aws_robomaker_warehouse_ShelfE_01/meshes/aws_robomaker_warehouse_ShelfE_01_collision.DAE
[1.264s] -- Symlinking: /home/azif/xarm_ros2_simulation/install/xarm_gazebo/share/xarm_gazebo//worlds/aws-robomaker-small-warehouse-world-ros1/models/aws_robomaker_warehouse_ShelfE_01/meshes/aws_robomaker_warehouse_ShelfE_01_visual.DAE
[1.274s] -- Symlinking: /home/azif/xarm_ros2_simulation/install/xarm_gazebo/share/xarm_gazebo//worlds/aws-robomaker-small-warehouse-world-ros1/models/aws_robomaker_warehouse_ShelfE_01/model.config
[1.284s] -- Symlinking: /home/azif/xarm_ros2_simulation/install/xarm_gazebo/share/xarm_gazebo//worlds/aws-robomaker-small-warehouse-world-ros1/models/aws_robomaker_warehouse_ShelfE_01/model.sdf
[1.295s] -- Symlinking: /home/azif/xarm_ros2_simulation/install/xarm_gazebo/share/xarm_gazebo//worlds/aws-robomaker-small-warehouse-world-ros1/models/aws_robomaker_warehouse_ShelfF_01/materials/textures/aws_robomaker_warehouse_ShelfF_01.png
[1.305s] -- Symlinking: /home/azif/xarm_ros2_simulation/install/xarm_gazebo/share/xarm_gazebo//worlds/aws-robomaker-small-warehouse-world-ros1/models/aws_robomaker_warehouse_ShelfF_01/materials/textures/aws_robomaker_warehouse_ShelfF_02.png
[1.315s] -- Symlinking: /home/azif/xarm_ros2_simulation/install/xarm_gazebo/share/xarm_gazebo//worlds/aws-robomaker-small-warehouse-world-ros1/models/aws_robomaker_warehouse_ShelfF_01/materials/textures/aws_robomaker_warehouse_ShelfF_03.png
[1.326s] -- Symlinking: /home/azif/xarm_ros2_simulation/install/xarm_gazebo/share/xarm_gazebo//worlds/aws-robomaker-small-warehouse-world-ros1/models/aws_robomaker_warehouse_ShelfF_01/meshes/aws_robomaker_warehouse_ShelfF_01_collision.DAE
[1.337s] -- Symlinking: /home/azif/xarm_ros2_simulation/install/xarm_gazebo/share/xarm_gazebo//worlds/aws-robomaker-small-warehouse-world-ros1/models/aws_robomaker_warehouse_ShelfF_01/meshes/aws_robomaker_warehouse_ShelfF_01_visual.DAE
[1.347s] -- Symlinking: /home/azif/xarm_ros2_simulation/install/xarm_gazebo/share/xarm_gazebo//worlds/aws-robomaker-small-warehouse-world-ros1/models/aws_robomaker_warehouse_ShelfF_01/model.config
[1.357s] -- Symlinking: /home/azif/xarm_ros2_simulation/install/xarm_gazebo/share/xarm_gazebo//worlds/aws-robomaker-small-warehouse-world-ros1/models/aws_robomaker_warehouse_ShelfF_01/model.sdf
[1.366s] -- Symlinking: /home/azif/xarm_ros2_simulation/install/xarm_gazebo/share/xarm_gazebo//worlds/aws-robomaker-small-warehouse-world-ros1/models/aws_robomaker_warehouse_TrashCanC_01/materials/textures/aws_robomaker_warehouse_TrashCanC_01.png
[1.376s] -- Symlinking: /home/azif/xarm_ros2_simulation/install/xarm_gazebo/share/xarm_gazebo//worlds/aws-robomaker-small-warehouse-world-ros1/models/aws_robomaker_warehouse_TrashCanC_01/meshes/aws_robomaker_warehouse_TrashCanC_01_collision.DAE
[1.386s] -- Symlinking: /home/azif/xarm_ros2_simulation/install/xarm_gazebo/share/xarm_gazebo//worlds/aws-robomaker-small-warehouse-world-ros1/models/aws_robomaker_warehouse_TrashCanC_01/meshes/aws_robomaker_warehouse_TrashCanC_01_visual.DAE
[1.395s] -- Symlinking: /home/azif/xarm_ros2_simulation/install/xarm_gazebo/share/xarm_gazebo//worlds/aws-robomaker-small-warehouse-world-ros1/models/aws_robomaker_warehouse_TrashCanC_01/model.config
[1.404s] -- Symlinking: /home/azif/xarm_ros2_simulation/install/xarm_gazebo/share/xarm_gazebo//worlds/aws-robomaker-small-warehouse-world-ros1/models/aws_robomaker_warehouse_TrashCanC_01/model.sdf
[1.415s] -- Symlinking: /home/azif/xarm_ros2_simulation/install/xarm_gazebo/share/xarm_gazebo//worlds/aws-robomaker-small-warehouse-world-ros1/models/aws_robomaker_warehouse_WallB_01/materials/textures/aws_robomaker_warehouse_WallB_01.png
[1.425s] -- Symlinking: /home/azif/xarm_ros2_simulation/install/xarm_gazebo/share/xarm_gazebo//worlds/aws-robomaker-small-warehouse-world-ros1/models/aws_robomaker_warehouse_WallB_01/meshes/aws_robomaker_warehouse_WallB_01_collision.DAE
[1.435s] -- Symlinking: /home/azif/xarm_ros2_simulation/install/xarm_gazebo/share/xarm_gazebo//worlds/aws-robomaker-small-warehouse-world-ros1/models/aws_robomaker_warehouse_WallB_01/meshes/aws_robomaker_warehouse_WallB_01_visual.DAE
[1.444s] -- Symlinking: /home/azif/xarm_ros2_simulation/install/xarm_gazebo/share/xarm_gazebo//worlds/aws-robomaker-small-warehouse-world-ros1/models/aws_robomaker_warehouse_WallB_01/model.config
[1.453s] -- Symlinking: /home/azif/xarm_ros2_simulation/install/xarm_gazebo/share/xarm_gazebo//worlds/aws-robomaker-small-warehouse-world-ros1/models/aws_robomaker_warehouse_WallB_01/model.sdf
[1.463s] -- Symlinking: /home/azif/xarm_ros2_simulation/install/xarm_gazebo/share/xarm_gazebo//worlds/aws-robomaker-small-warehouse-world-ros1/package.xml
[1.474s] -- Symlinking: /home/azif/xarm_ros2_simulation/install/xarm_gazebo/share/xarm_gazebo//worlds/aws-robomaker-small-warehouse-world-ros1/rviz/basic_data.rviz
[1.484s] -- Symlinking: /home/azif/xarm_ros2_simulation/install/xarm_gazebo/share/xarm_gazebo//worlds/aws-robomaker-small-warehouse-world-ros1/worlds/no_roof_small_warehouse.world
[1.493s] -- Symlinking: /home/azif/xarm_ros2_simulation/install/xarm_gazebo/share/xarm_gazebo//worlds/aws-robomaker-small-warehouse-world-ros1/worlds/small_warehouse.world
[1.503s] -- Up-to-date symlink: /home/azif/xarm_ros2_simulation/install/xarm_gazebo/share/xarm_gazebo//worlds/docs/images/gzweb_aws_warehouse.png
[1.503s] -- Up-to-date symlink: /home/azif/xarm_ros2_simulation/install/xarm_gazebo/share/xarm_gazebo//worlds/docs/images/models_boxes.png
[1.503s] -- Up-to-date symlink: /home/azif/xarm_ros2_simulation/install/xarm_gazebo/share/xarm_gazebo//worlds/docs/images/models_buckets.png
[1.503s] -- Up-to-date symlink: /home/azif/xarm_ros2_simulation/install/xarm_gazebo/share/xarm_gazebo//worlds/docs/images/models_ceiling_lamp.png
[1.503s] -- Up-to-date symlink: /home/azif/xarm_ros2_simulation/install/xarm_gazebo/share/xarm_gazebo//worlds/docs/images/models_desk.png
[1.503s] -- Up-to-date symlink: /home/azif/xarm_ros2_simulation/install/xarm_gazebo/share/xarm_gazebo//worlds/docs/images/models_lift.png
[1.504s] -- Up-to-date symlink: /home/azif/xarm_ros2_simulation/install/xarm_gazebo/share/xarm_gazebo//worlds/docs/images/models_shelves.png
[1.504s] -- Up-to-date symlink: /home/azif/xarm_ros2_simulation/install/xarm_gazebo/share/xarm_gazebo//worlds/docs/images/models_trashcan.png
[1.504s] -- Up-to-date symlink: /home/azif/xarm_ros2_simulation/install/xarm_gazebo/share/xarm_gazebo//worlds/docs/images/models_warehouse_ground_paint.png
[1.504s] -- Up-to-date symlink: /home/azif/xarm_ros2_simulation/install/xarm_gazebo/share/xarm_gazebo//worlds/docs/images/small_warehouse_gazebo.png
[1.504s] -- Up-to-date symlink: /home/azif/xarm_ros2_simulation/install/xarm_gazebo/share/xarm_gazebo//worlds/launch/logistics_warehouse.launch
[1.504s] -- Up-to-date symlink: /home/azif/xarm_ros2_simulation/install/xarm_gazebo/share/xarm_gazebo//worlds/maps/002/map.pgm
[1.504s] -- Up-to-date symlink: /home/azif/xarm_ros2_simulation/install/xarm_gazebo/share/xarm_gazebo//worlds/maps/002/map.yaml
[1.504s] -- Up-to-date symlink: /home/azif/xarm_ros2_simulation/install/xarm_gazebo/share/xarm_gazebo//worlds/maps/005/map.pgm
[1.504s] -- Up-to-date symlink: /home/azif/xarm_ros2_simulation/install/xarm_gazebo/share/xarm_gazebo//worlds/maps/005/map.yaml
[1.504s] -- Up-to-date symlink: /home/azif/xarm_ros2_simulation/install/xarm_gazebo/share/xarm_gazebo//worlds/maps/005/map_rotated.pgm
[1.504s] -- Up-to-date symlink: /home/azif/xarm_ros2_simulation/install/xarm_gazebo/share/xarm_gazebo//worlds/maps/005/map_rotated.png
[1.504s] -- Up-to-date symlink: /home/azif/xarm_ros2_simulation/install/xarm_gazebo/share/xarm_gazebo//worlds/models/aws_robomaker_warehouse_ClutteringA_01/materials/textures/aws_robomaker_warehouse_ClutteringA_01.png
[1.504s] -- Up-to-date symlink: /home/azif/xarm_ros2_simulation/install/xarm_gazebo/share/xarm_gazebo//worlds/models/aws_robomaker_warehouse_ClutteringA_01/materials/textures/aws_robomaker_warehouse_ClutteringA_02.png
[1.504s] -- Up-to-date symlink: /home/azif/xarm_ros2_simulation/install/xarm_gazebo/share/xarm_gazebo//worlds/models/aws_robomaker_warehouse_ClutteringA_01/materials/textures/aws_robomaker_warehouse_ClutteringA_03.png
[1.505s] -- Up-to-date symlink: /home/azif/xarm_ros2_simulation/install/xarm_gazebo/share/xarm_gazebo//worlds/models/aws_robomaker_warehouse_ClutteringA_01/meshes/aws_robomaker_warehouse_ClutteringA_01_collision.DAE
[1.505s] -- Up-to-date symlink: /home/azif/xarm_ros2_simulation/install/xarm_gazebo/share/xarm_gazebo//worlds/models/aws_robomaker_warehouse_ClutteringA_01/meshes/aws_robomaker_warehouse_ClutteringA_01_visual.DAE
[1.505s] -- Up-to-date symlink: /home/azif/xarm_ros2_simulation/install/xarm_gazebo/share/xarm_gazebo//worlds/models/aws_robomaker_warehouse_ClutteringA_01/model.config
[1.505s] -- Up-to-date symlink: /home/azif/xarm_ros2_simulation/install/xarm_gazebo/share/xarm_gazebo//worlds/models/aws_robomaker_warehouse_ClutteringA_01/model.sdf
[1.505s] -- Up-to-date symlink: /home/azif/xarm_ros2_simulation/install/xarm_gazebo/share/xarm_gazebo//worlds/models/aws_robomaker_warehouse_ClutteringC_01/materials/textures/aws_robomaker_warehouse_ClutteringC_01.png
[1.505s] -- Up-to-date symlink: /home/azif/xarm_ros2_simulation/install/xarm_gazebo/share/xarm_gazebo//worlds/models/aws_robomaker_warehouse_ClutteringC_01/materials/textures/aws_robomaker_warehouse_ClutteringC_02.png
[1.505s] -- Up-to-date symlink: /home/azif/xarm_ros2_simulation/install/xarm_gazebo/share/xarm_gazebo//worlds/models/aws_robomaker_warehouse_ClutteringC_01/meshes/aws_robomaker_warehouse_ClutteringC_01_collision.DAE
[1.505s] -- Up-to-date symlink: /home/azif/xarm_ros2_simulation/install/xarm_gazebo/share/xarm_gazebo//worlds/models/aws_robomaker_warehouse_ClutteringC_01/meshes/aws_robomaker_warehouse_ClutteringC_01_visual.DAE
[1.505s] -- Up-to-date symlink: /home/azif/xarm_ros2_simulation/install/xarm_gazebo/share/xarm_gazebo//worlds/models/aws_robomaker_warehouse_ClutteringC_01/model.config
[1.505s] -- Up-to-date symlink: /home/azif/xarm_ros2_simulation/install/xarm_gazebo/share/xarm_gazebo//worlds/models/aws_robomaker_warehouse_ClutteringC_01/model.sdf
[1.505s] -- Up-to-date symlink: /home/azif/xarm_ros2_simulation/install/xarm_gazebo/share/xarm_gazebo//worlds/models/aws_robomaker_warehouse_ClutteringD_01/materials/textures/aws_robomaker_warehouse_ClutteringD_01.png
[1.506s] -- Up-to-date symlink: /home/azif/xarm_ros2_simulation/install/xarm_gazebo/share/xarm_gazebo//worlds/models/aws_robomaker_warehouse_ClutteringD_01/materials/textures/aws_robomaker_warehouse_ClutteringD_02.png
[1.506s] -- Up-to-date symlink: /home/azif/xarm_ros2_simulation/install/xarm_gazebo/share/xarm_gazebo//worlds/models/aws_robomaker_warehouse_ClutteringD_01/meshes/aws_robomaker_warehouse_ClutteringD_01_collision.DAE
[1.506s] -- Up-to-date symlink: /home/azif/xarm_ros2_simulation/install/xarm_gazebo/share/xarm_gazebo//worlds/models/aws_robomaker_warehouse_ClutteringD_01/meshes/aws_robomaker_warehouse_ClutteringD_01_visual.DAE
[1.506s] -- Up-to-date symlink: /home/azif/xarm_ros2_simulation/install/xarm_gazebo/share/xarm_gazebo//worlds/models/aws_robomaker_warehouse_ClutteringD_01/model.config
[1.506s] -- Up-to-date symlink: /home/azif/xarm_ros2_simulation/install/xarm_gazebo/share/xarm_gazebo//worlds/models/aws_robomaker_warehouse_ClutteringD_01/model.sdf
[1.506s] -- Up-to-date symlink: /home/azif/xarm_ros2_simulation/install/xarm_gazebo/share/xarm_gazebo//worlds/models/aws_robomaker_warehouse_DeskC_01/materials/textures/aws_robomaker_warehouse_DeskC_01.png
[1.506s] -- Up-to-date symlink: /home/azif/xarm_ros2_simulation/install/xarm_gazebo/share/xarm_gazebo//worlds/models/aws_robomaker_warehouse_DeskC_01/materials/textures/aws_robomaker_warehouse_DeskC_02.png
[1.506s] -- Up-to-date symlink: /home/azif/xarm_ros2_simulation/install/xarm_gazebo/share/xarm_gazebo//worlds/models/aws_robomaker_warehouse_DeskC_01/materials/textures/aws_robomaker_warehouse_DeskC_03.png
[1.506s] -- Up-to-date symlink: /home/azif/xarm_ros2_simulation/install/xarm_gazebo/share/xarm_gazebo//worlds/models/aws_robomaker_warehouse_DeskC_01/materials/textures/aws_robomaker_warehouse_DeskC_03.psd
[1.506s] -- Up-to-date symlink: /home/azif/xarm_ros2_simulation/install/xarm_gazebo/share/xarm_gazebo//worlds/models/aws_robomaker_warehouse_DeskC_01/materials/textures/aws_robomaker_warehouse_DeskC_04.png
[1.506s] -- Up-to-date symlink: /home/azif/xarm_ros2_simulation/install/xarm_gazebo/share/xarm_gazebo//worlds/models/aws_robomaker_warehouse_DeskC_01/meshes/aws_robomaker_warehouse_DeskC_01_collision.DAE
[1.506s] -- Up-to-date symlink: /home/azif/xarm_ros2_simulation/install/xarm_gazebo/share/xarm_gazebo//worlds/models/aws_robomaker_warehouse_DeskC_01/meshes/aws_robomaker_warehouse_DeskC_01_visual.DAE
[1.507s] -- Up-to-date symlink: /home/azif/xarm_ros2_simulation/install/xarm_gazebo/share/xarm_gazebo//worlds/models/aws_robomaker_warehouse_DeskC_01/model.config
[1.507s] -- Up-to-date symlink: /home/azif/xarm_ros2_simulation/install/xarm_gazebo/share/xarm_gazebo//worlds/models/aws_robomaker_warehouse_DeskC_01/model.sdf
[1.507s] -- Up-to-date symlink: /home/azif/xarm_ros2_simulation/install/xarm_gazebo/share/xarm_gazebo//worlds/models/aws_robomaker_warehouse_GroundB_01/materials/textures/aws_robomaker_warehouse_GroundB_01.png
[1.507s] -- Up-to-date symlink: /home/azif/xarm_ros2_simulation/install/xarm_gazebo/share/xarm_gazebo//worlds/models/aws_robomaker_warehouse_GroundB_01/materials/textures/aws_robomaker_warehouse_GroundB_02.png
[1.507s] -- Up-to-date symlink: /home/azif/xarm_ros2_simulation/install/xarm_gazebo/share/xarm_gazebo//worlds/models/aws_robomaker_warehouse_GroundB_01/meshes/aws_robomaker_warehouse_GroundB_01_collision.DAE
[1.507s] -- Up-to-date symlink: /home/azif/xarm_ros2_simulation/install/xarm_gazebo/share/xarm_gazebo//worlds/models/aws_robomaker_warehouse_GroundB_01/meshes/aws_robomaker_warehouse_GroundB_01_visual.DAE
[1.507s] -- Up-to-date symlink: /home/azif/xarm_ros2_simulation/install/xarm_gazebo/share/xarm_gazebo//worlds/models/aws_robomaker_warehouse_GroundB_01/model.config
[1.507s] -- Up-to-date symlink: /home/azif/xarm_ros2_simulation/install/xarm_gazebo/share/xarm_gazebo//worlds/models/aws_robomaker_warehouse_GroundB_01/model.sdf
[1.507s] -- Up-to-date symlink: /home/azif/xarm_ros2_simulation/install/xarm_gazebo/share/xarm_gazebo//worlds/models/aws_robomaker_warehouse_Lamp_01/materials/textures/aws_robomaker_warehouse_Lamp_01.png
[1.507s] -- Up-to-date symlink: /home/azif/xarm_ros2_simulation/install/xarm_gazebo/share/xarm_gazebo//worlds/models/aws_robomaker_warehouse_Lamp_01/meshes/aws_robomaker_warehouse_Lamp_01_collision.DAE
[1.507s] -- Up-to-date symlink: /home/azif/xarm_ros2_simulation/install/xarm_gazebo/share/xarm_gazebo//worlds/models/aws_robomaker_warehouse_Lamp_01/meshes/aws_robomaker_warehouse_Lamp_01_visual.DAE
[1.508s] -- Up-to-date symlink: /home/azif/xarm_ros2_simulation/install/xarm_gazebo/share/xarm_gazebo//worlds/models/aws_robomaker_warehouse_Lamp_01/model.config
[1.508s] -- Up-to-date symlink: /home/azif/xarm_ros2_simulation/install/xarm_gazebo/share/xarm_gazebo//worlds/models/aws_robomaker_warehouse_Lamp_01/model.sdf
[1.508s] -- Up-to-date symlink: /home/azif/xarm_ros2_simulation/install/xarm_gazebo/share/xarm_gazebo//worlds/models/aws_robomaker_warehouse_PalletJackB_01/materials/textures/aws_robomaker_warehouse_PalletJackB_01.png
[1.508s] -- Up-to-date symlink: /home/azif/xarm_ros2_simulation/install/xarm_gazebo/share/xarm_gazebo//worlds/models/aws_robomaker_warehouse_PalletJackB_01/materials/textures/aws_robomaker_warehouse_PalletJackB_02.png
[1.508s] -- Up-to-date symlink: /home/azif/xarm_ros2_simulation/install/xarm_gazebo/share/xarm_gazebo//worlds/models/aws_robomaker_warehouse_PalletJackB_01/meshes/aws_robomaker_warehouse_PalletJackB_01_collision.DAE
[1.508s] -- Up-to-date symlink: /home/azif/xarm_ros2_simulation/install/xarm_gazebo/share/xarm_gazebo//worlds/models/aws_robomaker_warehouse_PalletJackB_01/meshes/aws_robomaker_warehouse_PalletJackB_01_visual.DAE
[1.508s] -- Up-to-date symlink: /home/azif/xarm_ros2_simulation/install/xarm_gazebo/share/xarm_gazebo//worlds/models/aws_robomaker_warehouse_PalletJackB_01/model.config
[1.508s] -- Up-to-date symlink: /home/azif/xarm_ros2_simulation/install/xarm_gazebo/share/xarm_gazebo//worlds/models/aws_robomaker_warehouse_PalletJackB_01/model.sdf
[1.508s] -- Up-to-date symlink: /home/azif/xarm_ros2_simulation/install/xarm_gazebo/share/xarm_gazebo//worlds/models/aws_robomaker_warehouse_RoofB_01/materials/textures/aws_robomaker_warehouse_RoofB_01.png
[1.508s] -- Up-to-date symlink: /home/azif/xarm_ros2_simulation/install/xarm_gazebo/share/xarm_gazebo//worlds/models/aws_robomaker_warehouse_RoofB_01/meshes/aws_robomaker_warehouse_RoofB_01_collision.DAE
[1.508s] -- Up-to-date symlink: /home/azif/xarm_ros2_simulation/install/xarm_gazebo/share/xarm_gazebo//worlds/models/aws_robomaker_warehouse_RoofB_01/meshes/aws_robomaker_warehouse_RoofB_01_visual.DAE
[1.508s] -- Up-to-date symlink: /home/azif/xarm_ros2_simulation/install/xarm_gazebo/share/xarm_gazebo//worlds/models/aws_robomaker_warehouse_RoofB_01/model.config
[1.509s] -- Up-to-date symlink: /home/azif/xarm_ros2_simulation/install/xarm_gazebo/share/xarm_gazebo//worlds/models/aws_robomaker_warehouse_RoofB_01/model.sdf
[1.509s] -- Up-to-date symlink: /home/azif/xarm_ros2_simulation/install/xarm_gazebo/share/xarm_gazebo//worlds/models/aws_robomaker_warehouse_ShelfD_01/materials/textures/aws_robomaker_warehouse_ShelfD_01.png
[1.509s] -- Up-to-date symlink: /home/azif/xarm_ros2_simulation/install/xarm_gazebo/share/xarm_gazebo//worlds/models/aws_robomaker_warehouse_ShelfD_01/materials/textures/aws_robomaker_warehouse_ShelfD_02.png
[1.509s] -- Up-to-date symlink: /home/azif/xarm_ros2_simulation/install/xarm_gazebo/share/xarm_gazebo//worlds/models/aws_robomaker_warehouse_ShelfD_01/materials/textures/aws_robomaker_warehouse_ShelfD_03.png
[1.509s] -- Up-to-date symlink: /home/azif/xarm_ros2_simulation/install/xarm_gazebo/share/xarm_gazebo//worlds/models/aws_robomaker_warehouse_ShelfD_01/materials/textures/aws_robomaker_warehouse_ShelfD_04.png
[1.509s] -- Up-to-date symlink: /home/azif/xarm_ros2_simulation/install/xarm_gazebo/share/xarm_gazebo//worlds/models/aws_robomaker_warehouse_ShelfD_01/model.config
[1.509s] -- Up-to-date symlink: /home/azif/xarm_ros2_simulation/install/xarm_gazebo/share/xarm_gazebo//worlds/models/aws_robomaker_warehouse_ShelfD_01/model.sdf
[1.509s] -- Up-to-date symlink: /home/azif/xarm_ros2_simulation/install/xarm_gazebo/share/xarm_gazebo//worlds/models/aws_robomaker_warehouse_ShelfE_01/materials/textures/aws_robomaker_warehouse_ShelfE_01.png
[1.509s] -- Up-to-date symlink: /home/azif/xarm_ros2_simulation/install/xarm_gazebo/share/xarm_gazebo//worlds/models/aws_robomaker_warehouse_ShelfE_01/materials/textures/aws_robomaker_warehouse_ShelfE_02.png
[1.509s] -- Up-to-date symlink: /home/azif/xarm_ros2_simulation/install/xarm_gazebo/share/xarm_gazebo//worlds/models/aws_robomaker_warehouse_ShelfE_01/materials/textures/aws_robomaker_warehouse_ShelfE_03.png
[1.509s] -- Up-to-date symlink: /home/azif/xarm_ros2_simulation/install/xarm_gazebo/share/xarm_gazebo//worlds/models/aws_robomaker_warehouse_ShelfE_01/materials/textures/aws_robomaker_warehouse_ShelfE_04.png
[1.510s] -- Up-to-date symlink: /home/azif/xarm_ros2_simulation/install/xarm_gazebo/share/xarm_gazebo//worlds/models/aws_robomaker_warehouse_ShelfE_01/meshes/aws_robomaker_warehouse_ShelfE_01_collision.DAE
[1.510s] -- Up-to-date symlink: /home/azif/xarm_ros2_simulation/install/xarm_gazebo/share/xarm_gazebo//worlds/models/aws_robomaker_warehouse_ShelfE_01/meshes/aws_robomaker_warehouse_ShelfE_01_visual.DAE
[1.510s] -- Up-to-date symlink: /home/azif/xarm_ros2_simulation/install/xarm_gazebo/share/xarm_gazebo//worlds/models/aws_robomaker_warehouse_ShelfE_01/model.config
[1.510s] -- Up-to-date symlink: /home/azif/xarm_ros2_simulation/install/xarm_gazebo/share/xarm_gazebo//worlds/models/aws_robomaker_warehouse_ShelfE_01/model.sdf
[1.510s] -- Up-to-date symlink: /home/azif/xarm_ros2_simulation/install/xarm_gazebo/share/xarm_gazebo//worlds/models/aws_robomaker_warehouse_ShelfF_01/materials/textures/aws_robomaker_warehouse_ShelfF_01.png
[1.510s] -- Up-to-date symlink: /home/azif/xarm_ros2_simulation/install/xarm_gazebo/share/xarm_gazebo//worlds/models/aws_robomaker_warehouse_ShelfF_01/materials/textures/aws_robomaker_warehouse_ShelfF_02.png
[1.510s] -- Up-to-date symlink: /home/azif/xarm_ros2_simulation/install/xarm_gazebo/share/xarm_gazebo//worlds/models/aws_robomaker_warehouse_ShelfF_01/materials/textures/aws_robomaker_warehouse_ShelfF_03.png
[1.510s] -- Up-to-date symlink: /home/azif/xarm_ros2_simulation/install/xarm_gazebo/share/xarm_gazebo//worlds/models/aws_robomaker_warehouse_ShelfF_01/meshes/aws_robomaker_warehouse_ShelfF_01_collision.DAE
[1.510s] -- Up-to-date symlink: /home/azif/xarm_ros2_simulation/install/xarm_gazebo/share/xarm_gazebo//worlds/models/aws_robomaker_warehouse_ShelfF_01/meshes/aws_robomaker_warehouse_ShelfF_01_visual.DAE
[1.510s] -- Up-to-date symlink: /home/azif/xarm_ros2_simulation/install/xarm_gazebo/share/xarm_gazebo//worlds/models/aws_robomaker_warehouse_ShelfF_01/model.config
[1.510s] -- Up-to-date symlink: /home/azif/xarm_ros2_simulation/install/xarm_gazebo/share/xarm_gazebo//worlds/models/aws_robomaker_warehouse_ShelfF_01/model.sdf
[1.511s] -- Up-to-date symlink: /home/azif/xarm_ros2_simulation/install/xarm_gazebo/share/xarm_gazebo//worlds/models/aws_robomaker_warehouse_TrashCanC_01/materials/textures/aws_robomaker_warehouse_TrashCanC_01.png
[1.511s] -- Up-to-date symlink: /home/azif/xarm_ros2_simulation/install/xarm_gazebo/share/xarm_gazebo//worlds/models/aws_robomaker_warehouse_TrashCanC_01/meshes/aws_robomaker_warehouse_TrashCanC_01_collision.DAE
[1.511s] -- Up-to-date symlink: /home/azif/xarm_ros2_simulation/install/xarm_gazebo/share/xarm_gazebo//worlds/models/aws_robomaker_warehouse_TrashCanC_01/meshes/aws_robomaker_warehouse_TrashCanC_01_visual.DAE
[1.511s] -- Up-to-date symlink: /home/azif/xarm_ros2_simulation/install/xarm_gazebo/share/xarm_gazebo//worlds/models/aws_robomaker_warehouse_TrashCanC_01/model.config
[1.511s] -- Up-to-date symlink: /home/azif/xarm_ros2_simulation/install/xarm_gazebo/share/xarm_gazebo//worlds/models/aws_robomaker_warehouse_TrashCanC_01/model.sdf
[1.511s] -- Up-to-date symlink: /home/azif/xarm_ros2_simulation/install/xarm_gazebo/share/xarm_gazebo//worlds/models/aws_robomaker_warehouse_WallB_01/materials/textures/aws_robomaker_warehouse_WallB_01.png
[1.511s] -- Up-to-date symlink: /home/azif/xarm_ros2_simulation/install/xarm_gazebo/share/xarm_gazebo//worlds/models/aws_robomaker_warehouse_WallB_01/meshes/aws_robomaker_warehouse_WallB_01_collision.DAE
[1.511s] -- Up-to-date symlink: /home/azif/xarm_ros2_simulation/install/xarm_gazebo/share/xarm_gazebo//worlds/models/aws_robomaker_warehouse_WallB_01/meshes/aws_robomaker_warehouse_WallB_01_visual.DAE
[1.511s] -- Up-to-date symlink: /home/azif/xarm_ros2_simulation/install/xarm_gazebo/share/xarm_gazebo//worlds/models/aws_robomaker_warehouse_WallB_01/model.config
[1.511s] -- Up-to-date symlink: /home/azif/xarm_ros2_simulation/install/xarm_gazebo/share/xarm_gazebo//worlds/models/aws_robomaker_warehouse_WallB_01/model.sdf
[1.511s] -- Up-to-date symlink: /home/azif/xarm_ros2_simulation/install/xarm_gazebo/share/xarm_gazebo//worlds/modelss/box_1/meshes/aruco_tag.jpg
[1.511s] -- Up-to-date symlink: /home/azif/xarm_ros2_simulation/install/xarm_gazebo/share/xarm_gazebo//worlds/modelss/box_1/meshes/box.dae
[1.512s] -- Up-to-date symlink: /home/azif/xarm_ros2_simulation/install/xarm_gazebo/share/xarm_gazebo//worlds/modelss/box_1/meshes/box__bg.png
[1.512s] -- Up-to-date symlink: /home/azif/xarm_ros2_simulation/install/xarm_gazebo/share/xarm_gazebo//worlds/modelss/box_1/meshes/cardboard_bg.png
[1.512s] -- Up-to-date symlink: /home/azif/xarm_ros2_simulation/install/xarm_gazebo/share/xarm_gazebo//worlds/modelss/box_1/model.config
[1.512s] -- Up-to-date symlink: /home/azif/xarm_ros2_simulation/install/xarm_gazebo/share/xarm_gazebo//worlds/modelss/box_1/model.sdf
[1.512s] -- Up-to-date symlink: /home/azif/xarm_ros2_simulation/install/xarm_gazebo/share/xarm_gazebo//worlds/modelss/box_2/meshes/aruco_tag.jpg
[1.512s] -- Up-to-date symlink: /home/azif/xarm_ros2_simulation/install/xarm_gazebo/share/xarm_gazebo//worlds/modelss/box_2/meshes/box.dae
[1.512s] -- Up-to-date symlink: /home/azif/xarm_ros2_simulation/install/xarm_gazebo/share/xarm_gazebo//worlds/modelss/box_2/meshes/box__bg.png
[1.512s] -- Up-to-date symlink: /home/azif/xarm_ros2_simulation/install/xarm_gazebo/share/xarm_gazebo//worlds/modelss/box_2/meshes/cardboard_bg.png
[1.512s] -- Up-to-date symlink: /home/azif/xarm_ros2_simulation/install/xarm_gazebo/share/xarm_gazebo//worlds/modelss/box_2/model.config
[1.512s] -- Up-to-date symlink: /home/azif/xarm_ros2_simulation/install/xarm_gazebo/share/xarm_gazebo//worlds/modelss/box_2/model.sdf
[1.512s] -- Up-to-date symlink: /home/azif/xarm_ros2_simulation/install/xarm_gazebo/share/xarm_gazebo//worlds/modelss/shelf/model.config
[1.513s] -- Up-to-date symlink: /home/azif/xarm_ros2_simulation/install/xarm_gazebo/share/xarm_gazebo//worlds/modelss/shelf/model.sdf
[1.513s] -- Up-to-date symlink: /home/azif/xarm_ros2_simulation/install/xarm_gazebo/share/xarm_gazebo//worlds/modelss/turtlebot3_house/model.config
[1.513s] -- Up-to-date symlink: /home/azif/xarm_ros2_simulation/install/xarm_gazebo/share/xarm_gazebo//worlds/modelss/turtlebot3_house/model.sdf
[1.513s] -- Up-to-date symlink: /home/azif/xarm_ros2_simulation/install/xarm_gazebo/share/xarm_gazebo//worlds/table.world
[1.513s] -- Up-to-date symlink: /home/azif/xarm_ros2_simulation/install/xarm_gazebo/share/xarm_gazebo//worlds/worlds/warehouse.world
[1.513s] -- Up-to-date symlink: /home/azif/xarm_ros2_simulation/install/xarm_gazebo/share/xarm_gazebo//launch/_dual_robot_beside_table_gazebo.launch.py
[1.513s] -- Up-to-date symlink: /home/azif/xarm_ros2_simulation/install/xarm_gazebo/share/xarm_gazebo//launch/_robot_beside_table_gazebo.launch.py
[1.513s] -- Up-to-date symlink: /home/azif/xarm_ros2_simulation/install/xarm_gazebo/share/xarm_gazebo//launch/_robot_beside_table_ignition.launch.py
[1.513s] -- Up-to-date symlink: /home/azif/xarm_ros2_simulation/install/xarm_gazebo/share/xarm_gazebo//launch/lite6_beside_table_gazebo.launch.py
[1.513s] -- Up-to-date symlink: /home/azif/xarm_ros2_simulation/install/xarm_gazebo/share/xarm_gazebo//launch/uf850_beside_table_gazebo.launch.py
[1.513s] -- Up-to-date symlink: /home/azif/xarm_ros2_simulation/install/xarm_gazebo/share/xarm_gazebo//launch/xarm5_beside_table_gazebo.launch.py
[1.514s] -- Up-to-date symlink: /home/azif/xarm_ros2_simulation/install/xarm_gazebo/share/xarm_gazebo//launch/xarm6_beside_table_gazebo.launch.py
[1.514s] -- Up-to-date symlink: /home/azif/xarm_ros2_simulation/install/xarm_gazebo/share/xarm_gazebo//launch/xarm7_beside_table_gazebo.launch.py
[1.514s] -- Up-to-date symlink: /home/azif/xarm_ros2_simulation/install/xarm_gazebo/share/xarm_gazebo//launch/xarm7_mirror_beside_table_gazebo.launch.py
[1.514s] -- Up-to-date symlink: /home/azif/xarm_ros2_simulation/install/xarm_gazebo/share/ament_index/resource_index/package_run_dependencies/xarm_gazebo
[1.514s] -- Up-to-date symlink: /home/azif/xarm_ros2_simulation/install/xarm_gazebo/share/ament_index/resource_index/parent_prefix_path/xarm_gazebo
[1.514s] -- Up-to-date symlink: /home/azif/xarm_ros2_simulation/install/xarm_gazebo/share/xarm_gazebo/environment/ament_prefix_path.sh
[1.514s] -- Up-to-date symlink: /home/azif/xarm_ros2_simulation/install/xarm_gazebo/share/xarm_gazebo/environment/ament_prefix_path.dsv
[1.514s] -- Up-to-date symlink: /home/azif/xarm_ros2_simulation/install/xarm_gazebo/share/xarm_gazebo/environment/path.sh
[1.514s] -- Up-to-date symlink: /home/azif/xarm_ros2_simulation/install/xarm_gazebo/share/xarm_gazebo/environment/path.dsv
[1.514s] -- Up-to-date symlink: /home/azif/xarm_ros2_simulation/install/xarm_gazebo/share/xarm_gazebo/local_setup.bash
[1.515s] -- Up-to-date symlink: /home/azif/xarm_ros2_simulation/install/xarm_gazebo/share/xarm_gazebo/local_setup.sh
[1.515s] -- Up-to-date symlink: /home/azif/xarm_ros2_simulation/install/xarm_gazebo/share/xarm_gazebo/local_setup.zsh
[1.515s] -- Up-to-date symlink: /home/azif/xarm_ros2_simulation/install/xarm_gazebo/share/xarm_gazebo/local_setup.dsv
[1.515s] -- Symlinking: /home/azif/xarm_ros2_simulation/install/xarm_gazebo/share/xarm_gazebo/package.dsv
[1.525s] -- Up-to-date symlink: /home/azif/xarm_ros2_simulation/install/xarm_gazebo/share/ament_index/resource_index/packages/xarm_gazebo
[1.525s] -- Up-to-date symlink: /home/azif/xarm_ros2_simulation/install/xarm_gazebo/share/xarm_gazebo/cmake/xarm_gazeboConfig.cmake
[1.525s] -- Up-to-date symlink: /home/azif/xarm_ros2_simulation/install/xarm_gazebo/share/xarm_gazebo/cmake/xarm_gazeboConfig-version.cmake
[1.526s] -- Up-to-date symlink: /home/azif/xarm_ros2_simulation/install/xarm_gazebo/share/xarm_gazebo/package.xml
[1.528s] Invoked command in '/home/azif/xarm_ros2_simulation/build/xarm_gazebo' returned '0': AMENT_PREFIX_PATH=/home/azif/xarm_ros2_simulation/install/uf_ros_lib:/home/azif/xarm_ros2_simulation/install/xarm7_bringup:/home/azif/xarm_ros2_simulation/install/xarm7_aruco_pick:/home/azif/xarm_ros2_simulation/install/xarm_planner:/home/azif/xarm_ros2_simulation/install/xarm_moveit_servo:/home/azif/xarm_ros2_simulation/install/xarm_moveit_config:/home/azif/xarm_ros2_simulation/install/xarm_gazebo:/home/azif/xarm_ros2_simulation/install/xarm_controller:/home/azif/xarm_ros2_simulation/install/d435i_xarm_setup:/home/azif/xarm_ros2_simulation/install/xarm_api:/home/azif/xarm_ros2_simulation/install/xarm_sdk:/home/azif/xarm_ros2_simulation/install/xarm7_pipeline:/home/azif/xarm_ros2_simulation/install/xarm_msgs:/home/azif/xarm_ros2_simulation/install/xarm_moveit_interface:/home/azif/xarm_ros2_simulation/install/xarm_description:/home/azif/xarm_ros2_simulation/install/xarm7_pose_saver:/home/azif/xarm_ros2_simulation/install/realsense_gazebo_plugin:/home/azif/xarm_ros2_simulation/install/msg_gazebo:/home/azif/xarm_ros2_simulation/install/mbot_demo:/opt/ros/humble CMAKE_PREFIX_PATH=/home/azif/xarm_ros2_simulation/install/xarm_controller:/home/azif/xarm_ros2_simulation/install/xarm_api:/home/azif/xarm_ros2_simulation/install/xarm_sdk:/home/azif/xarm_ros2_simulation/install/xarm_msgs:/home/azif/xarm_ros2_simulation/install/xarm_description:/home/azif/xarm_ros2_simulation/install/xarm7_aruco_pick:/home/azif/xarm_ros2_simulation/install/xarm_planner:/home/azif/xarm_ros2_simulation/install/xarm_moveit_servo:/home/azif/xarm_ros2_simulation/install/xarm_moveit_config:/home/azif/xarm_ros2_simulation/install/xarm_gazebo:/home/azif/xarm_ros2_simulation/install/d435i_xarm_setup:/home/azif/xarm_ros2_simulation/install/xarm7_pipeline:/home/azif/xarm_ros2_simulation/install/xarm7_pose_saver:/home/azif/xarm_ros2_simulation/install/realsense_gazebo_plugin:/home/azif/xarm_ros2_simulation/install/xarm7_bringup:/home/azif/xarm_ros2_simulation/install/xarm_moveit_interface:/home/azif/xarm_ros2_simulation/install/uf_ros_lib:/opt/ros/humble:/home/azif/xarm_ros2_simulation/install/attach_detach:/home/azif/xarm_ros2_simulation/install/msg_gazebo:/home/azif/xarm_ros2_simulation/install/mbot_demo LD_LIBRARY_PATH=/home/azif/xarm_ros2_simulation/install/xarm_controller/lib:/home/azif/xarm_ros2_simulation/install/xarm_api/lib:/home/azif/xarm_ros2_simulation/install/xarm_sdk/lib:/home/azif/xarm_ros2_simulation/install/xarm_msgs/lib:/home/azif/xarm_ros2_simulation/install/xarm_planner/lib:/home/azif/xarm_ros2_simulation/install/xarm_moveit_servo/lib:/home/azif/xarm_ros2_simulation/install/xarm_gazebo/lib:/home/azif/xarm_ros2_simulation/install/realsense_gazebo_plugin/lib:/home/azif/xarm_ros2_simulation/install/attach_detach/lib:/home/azif/xarm_ros2_simulation/install/msg_gazebo/lib:/usr/lib/x86_64-linux-gnu/gazebo-11/plugins:/opt/ros/humble/opt/rviz_ogre_vendor/lib:/opt/ros/humble/lib/x86_64-linux-gnu:/opt/ros/humble/lib:/usr/share/gazebo-11/../../lib/x86_64-linux-gnu/gazebo-11/plugins PYTHONPATH=/home/azif/xarm_ros2_simulation/build/uf_ros_lib:/home/azif/xarm_ros2_simulation/install/uf_ros_lib/lib/python3.10/site-packages:/home/azif/xarm_ros2_simulation/build/xarm7_bringup:/home/azif/xarm_ros2_simulation/install/xarm7_bringup/lib/python3.10/site-packages:/home/azif/xarm_ros2_simulation/install/xarm_msgs/local/lib/python3.10/dist-packages:/home/azif/xarm_ros2_simulation/build/xarm_moveit_interface:/home/azif/xarm_ros2_simulation/install/xarm_moveit_interface/lib/python3.10/site-packages:/home/azif/xarm_ros2_simulation/install/msg_gazebo/local/lib/python3.10/dist-packages:/opt/ros/humble/lib/python3.10/site-packages:/opt/ros/humble/local/lib/python3.10/dist-packages /usr/bin/cmake --install /home/azif/xarm_ros2_simulation/build/xarm_gazebo
