[0.010s] Invoking command in '/home/azif/xarm_ros2_simulation/build/attach_detach': AMENT_PREFIX_PATH=/home/azif/xarm_ros2_simulation/install/msg_gazebo:${AMENT_PREFIX_PATH} CMAKE_PREFIX_PATH=/home/azif/xarm_ros2_simulation/install/msg_gazebo LD_LIBRARY_PATH=/home/azif/xarm_ros2_simulation/install/msg_gazebo/lib:/usr/lib/x86_64-linux-gnu/gazebo-11/plugins:/opt/ros/humble/opt/rviz_ogre_vendor/lib:/opt/ros/humble/lib/x86_64-linux-gnu:/opt/ros/humble/lib:/usr/share/gazebo-11/../../lib/x86_64-linux-gnu/gazebo-11/plugins PYTHONPATH=/home/azif/xarm_ros2_simulation/install/msg_gazebo/local/lib/python3.10/dist-packages:${PYTHONPATH} /usr/bin/cmake /home/azif/xarm_ros2_simulation/attach_detach -DCATKIN_INSTALL_INTO_PREFIX_ROOT=0 -DCATKIN_SYMLINK_INSTALL=ON -DCMAKE_INSTALL_PREFIX=/home/azif/xarm_ros2_simulation/install/attach_detach
[0.066s] -- The C compiler identification is GNU 11.4.0
[0.125s] -- The CXX compiler identification is GNU 11.4.0
[0.133s] -- Detecting C compiler ABI info
[0.203s] -- Detecting C compiler ABI info - done
[0.212s] -- Check for working C compiler: /usr/bin/cc - skipped
[0.212s] -- Detecting C compile features
[0.213s] -- Detecting C compile features - done
[0.215s] -- Detecting CXX compiler ABI info
[0.301s] -- Detecting CXX compiler ABI info - done
[0.307s] -- Check for working CXX compiler: /usr/bin/c++ - skipped
[0.307s] -- Detecting CXX compile features
[0.307s] -- Detecting CXX compile features - done
[0.316s] [33mCMake Warning (dev) at /usr/share/cmake-3.22/Modules/FindPackageHandleStandardArgs.cmake:438 (message):
[0.316s]   The package name passed to `find_package_handle_standard_args` (PkgConfig)
[0.316s]   does not match the name of the calling package (gazebo).  This can lead to
[0.316s]   problems in calling code that expects `find_package` result variables
[0.316s]   (e.g., `_FOUND`) to follow a certain pattern.
[0.316s] Call Stack (most recent call first):
[0.316s]   /usr/share/cmake-3.22/Modules/FindPkgConfig.cmake:99 (find_package_handle_standard_args)
[0.316s]   /usr/lib/x86_64-linux-gnu/cmake/gazebo/gazebo-config.cmake:72 (include)
[0.316s]   CMakeLists.txt:17 (find_package)
[0.316s] This warning is for project developers.  Use -Wno-dev to suppress it.
[0.316s] [0m
[0.316s] -- Found PkgConfig: /usr/bin/pkg-config (found version "0.29.2") 
[0.320s] -- Checking for module 'bullet>=2.82'
[0.334s] --   Found bullet, version 3.05
[0.460s] -- Found fcl: /usr/include (found suitable version "0.7.0", minimum required is "0.5.0") 
[0.520s] -- Found assimp: /usr/include (found version "5.2.0") 
[0.533s] -- Found DART: /usr/include (Required is at least version "6.6") found components: dart 
[0.716s] -- Found Boost: /usr/lib/x86_64-linux-gnu/cmake/Boost-1.74.0/BoostConfig.cmake (found suitable version "1.74.0", minimum required is "1.40.0") found components: thread system filesystem program_options regex iostreams date_time 
[0.732s] -- Found Protobuf: /usr/lib/x86_64-linux-gnu/libprotobuf.so (found version "3.12.4") 
[0.739s] -- Looking for ignition-math6 -- found version 6.15.1
[0.747s] -- Searching for dependencies of ignition-math6
[0.749s] -- Looking for OGRE...
[0.749s] -- OGRE_PREFIX_WATCH changed.
[0.755s] -- Checking for module 'OGRE'
[0.771s] --   Found OGRE, version 1.9.0
[0.812s] -- Found Ogre Ghadamon (1.9.0)
[0.822s] -- Found OGRE: optimized;/usr/lib/x86_64-linux-gnu/libOgreMain.so;debug;/usr/lib/x86_64-linux-gnu/libOgreMain.so
[0.830s] -- Looking for OGRE_Paging...
[0.836s] -- Found OGRE_Paging: optimized;/usr/lib/x86_64-linux-gnu/libOgrePaging.so;debug;/usr/lib/x86_64-linux-gnu/libOgrePaging.so
[0.836s] -- Looking for OGRE_Terrain...
[0.842s] -- Found OGRE_Terrain: optimized;/usr/lib/x86_64-linux-gnu/libOgreTerrain.so;debug;/usr/lib/x86_64-linux-gnu/libOgreTerrain.so
[0.842s] -- Looking for OGRE_Property...
[0.851s] -- Found OGRE_Property: optimized;/usr/lib/x86_64-linux-gnu/libOgreProperty.so;debug;/usr/lib/x86_64-linux-gnu/libOgreProperty.so
[0.851s] -- Looking for OGRE_RTShaderSystem...
[0.860s] -- Found OGRE_RTShaderSystem: optimized;/usr/lib/x86_64-linux-gnu/libOgreRTShaderSystem.so;debug;/usr/lib/x86_64-linux-gnu/libOgreRTShaderSystem.so
[0.861s] -- Looking for OGRE_Volume...
[0.866s] -- Found OGRE_Volume: optimized;/usr/lib/x86_64-linux-gnu/libOgreVolume.so;debug;/usr/lib/x86_64-linux-gnu/libOgreVolume.so
[0.866s] -- Looking for OGRE_Overlay...
[0.873s] -- Found OGRE_Overlay: optimized;/usr/lib/x86_64-linux-gnu/libOgreOverlay.so;debug;/usr/lib/x86_64-linux-gnu/libOgreOverlay.so
[1.006s] -- Looking for ignition-math6 -- found version 6.15.1
[1.009s] -- Looking for ignition-transport8 -- found version 8.2.1
[1.009s] -- Searching for dependencies of ignition-transport8
[1.028s] -- Found Protobuf: /usr/lib/x86_64-linux-gnu/libprotobuf.so (found suitable version "3.12.4", minimum required is "3") 
[1.041s] -- Config-file not installed for ZeroMQ -- checking for pkg-config
[1.047s] -- Checking for module 'libzmq >= 4'
[1.066s] --   Found libzmq , version 4.3.4
[1.111s] -- Found ZeroMQ: TRUE (Required is at least version "4") 
[1.117s] -- Checking for module 'uuid'
[1.132s] --   Found uuid, version 2.37.2
[1.175s] -- Found UUID: TRUE  
[1.179s] -- Looking for ignition-msgs5 -- found version 5.8.1
[1.179s] -- Searching for dependencies of ignition-msgs5
[1.199s] -- Looking for ignition-math6 -- found version 6.15.1
[1.206s] -- Checking for module 'tinyxml2'
[1.221s] --   Found tinyxml2, version 9.0.0
[1.263s] -- Looking for ignition-msgs5 -- found version 5.8.1
[1.266s] -- Looking for ignition-common3 -- found version 3.14.0
[1.266s] -- Searching for dependencies of ignition-common3
[1.266s] -- Looking for dlfcn.h - found
[1.268s] -- Looking for libdl - found
[1.269s] -- Found DL: TRUE  
[1.281s] -- Found tinyobjloader: /usr/lib/x86_64-linux-gnu/cmake/tinyobjloader/tinyobjloader-config.cmake (found version "2.0.0") 
[1.282s] -- Searching for <ignition-common3> component [graphics]
[1.285s] -- Looking for ignition-common3-graphics -- found version 3.14.0
[1.285s] -- Searching for dependencies of ignition-common3-graphics
[1.285s] -- Looking for ignition-math6 -- found version 6.15.1
[1.289s] -- Looking for ignition-fuel_tools4 -- found version 4.4.0
[1.289s] -- Searching for dependencies of ignition-fuel_tools4
[1.386s] -- Found CURL: /usr/lib/x86_64-linux-gnu/libcurl.so (found version "7.81.0")  
[1.398s] -- Checking for module 'jsoncpp'
[1.413s] --   Found jsoncpp, version 1.9.5
[1.451s] -- Found JSONCPP: TRUE  
[1.457s] -- Checking for module 'libzip'
[1.471s] --   Found libzip, version 1.7.3
[1.513s] -- Found ZIP: TRUE  
[1.513s] -- Looking for ignition-common3 -- found version 3.14.0
[1.514s] -- Looking for ignition-math6 -- found version 6.15.1
[1.514s] -- Looking for ignition-msgs5 -- found version 5.8.1
[1.520s] -- Found rclcpp: 16.0.12 (/opt/ros/humble/share/rclcpp/cmake)
[1.665s] -- Found Python3: /usr/bin/python3 (found version "3.10.12") found components: Interpreter 
[1.803s] -- Found rosidl_generator_c: 3.1.6 (/opt/ros/humble/share/rosidl_generator_c/cmake)
[1.809s] -- Found rosidl_adapter: 3.1.6 (/opt/ros/humble/share/rosidl_adapter/cmake)
[1.819s] -- Found rosidl_generator_cpp: 3.1.6 (/opt/ros/humble/share/rosidl_generator_cpp/cmake)
[1.831s] -- Using all available rosidl_typesupport_c: rosidl_typesupport_fastrtps_c;rosidl_typesupport_introspection_c
[1.848s] -- Using all available rosidl_typesupport_cpp: rosidl_typesupport_fastrtps_cpp;rosidl_typesupport_introspection_cpp
[1.897s] -- Found rmw_implementation_cmake: 6.1.2 (/opt/ros/humble/share/rmw_implementation_cmake/cmake)
[1.900s] -- Found rmw_cyclonedds_cpp: 1.3.4 (/opt/ros/humble/share/rmw_cyclonedds_cpp/cmake)
[1.920s] -- Using RMW implementation 'rmw_cyclonedds_cpp' as default
[1.930s] -- Found Threads: TRUE  
[1.974s] -- Found msg_gazebo: 0.0.0 (/home/azif/xarm_ros2_simulation/install/msg_gazebo/share/msg_gazebo/cmake)
[1.984s] -- Found rosidl_default_generators: 1.2.0 (/opt/ros/humble/share/rosidl_default_generators/cmake)
[2.058s] -- Configuring done
[2.075s] -- Generating done
[2.076s] [33mCMake Warning:
[2.076s]   Manually-specified variables were not used by the project:
[2.076s] 
[2.077s]     CATKIN_INSTALL_INTO_PREFIX_ROOT
[2.077s]     CATKIN_SYMLINK_INSTALL
[2.077s] 
[2.077s] [0m
[2.079s] -- Build files have been written to: /home/azif/xarm_ros2_simulation/build/attach_detach
[2.095s] Invoked command in '/home/azif/xarm_ros2_simulation/build/attach_detach' returned '0': AMENT_PREFIX_PATH=/home/azif/xarm_ros2_simulation/install/msg_gazebo:${AMENT_PREFIX_PATH} CMAKE_PREFIX_PATH=/home/azif/xarm_ros2_simulation/install/msg_gazebo LD_LIBRARY_PATH=/home/azif/xarm_ros2_simulation/install/msg_gazebo/lib:/usr/lib/x86_64-linux-gnu/gazebo-11/plugins:/opt/ros/humble/opt/rviz_ogre_vendor/lib:/opt/ros/humble/lib/x86_64-linux-gnu:/opt/ros/humble/lib:/usr/share/gazebo-11/../../lib/x86_64-linux-gnu/gazebo-11/plugins PYTHONPATH=/home/azif/xarm_ros2_simulation/install/msg_gazebo/local/lib/python3.10/dist-packages:${PYTHONPATH} /usr/bin/cmake /home/azif/xarm_ros2_simulation/attach_detach -DCATKIN_INSTALL_INTO_PREFIX_ROOT=0 -DCATKIN_SYMLINK_INSTALL=ON -DCMAKE_INSTALL_PREFIX=/home/azif/xarm_ros2_simulation/install/attach_detach
[2.096s] Invoking command in '/home/azif/xarm_ros2_simulation/build/attach_detach': AMENT_PREFIX_PATH=/home/azif/xarm_ros2_simulation/install/msg_gazebo:${AMENT_PREFIX_PATH} CMAKE_PREFIX_PATH=/home/azif/xarm_ros2_simulation/install/msg_gazebo LD_LIBRARY_PATH=/home/azif/xarm_ros2_simulation/install/msg_gazebo/lib:/usr/lib/x86_64-linux-gnu/gazebo-11/plugins:/opt/ros/humble/opt/rviz_ogre_vendor/lib:/opt/ros/humble/lib/x86_64-linux-gnu:/opt/ros/humble/lib:/usr/share/gazebo-11/../../lib/x86_64-linux-gnu/gazebo-11/plugins PYTHONPATH=/home/azif/xarm_ros2_simulation/install/msg_gazebo/local/lib/python3.10/dist-packages:${PYTHONPATH} /usr/bin/cmake --build /home/azif/xarm_ros2_simulation/build/attach_detach -- -j16 -l16
[2.155s] [ 50%] [32mBuilding CXX object CMakeFiles/attach_detach.dir/attach_detach.cc.o[0m
[23.730s] [100%] [32m[1mLinking CXX shared library libattach_detach.so[0m
[24.196s] [100%] Built target attach_detach
[24.209s] Invoked command in '/home/azif/xarm_ros2_simulation/build/attach_detach' returned '0': AMENT_PREFIX_PATH=/home/azif/xarm_ros2_simulation/install/msg_gazebo:${AMENT_PREFIX_PATH} CMAKE_PREFIX_PATH=/home/azif/xarm_ros2_simulation/install/msg_gazebo LD_LIBRARY_PATH=/home/azif/xarm_ros2_simulation/install/msg_gazebo/lib:/usr/lib/x86_64-linux-gnu/gazebo-11/plugins:/opt/ros/humble/opt/rviz_ogre_vendor/lib:/opt/ros/humble/lib/x86_64-linux-gnu:/opt/ros/humble/lib:/usr/share/gazebo-11/../../lib/x86_64-linux-gnu/gazebo-11/plugins PYTHONPATH=/home/azif/xarm_ros2_simulation/install/msg_gazebo/local/lib/python3.10/dist-packages:${PYTHONPATH} /usr/bin/cmake --build /home/azif/xarm_ros2_simulation/build/attach_detach -- -j16 -l16
[24.211s] Invoking command in '/home/azif/xarm_ros2_simulation/build/attach_detach': AMENT_PREFIX_PATH=/home/azif/xarm_ros2_simulation/install/msg_gazebo:${AMENT_PREFIX_PATH} CMAKE_PREFIX_PATH=/home/azif/xarm_ros2_simulation/install/msg_gazebo LD_LIBRARY_PATH=/home/azif/xarm_ros2_simulation/install/msg_gazebo/lib:/usr/lib/x86_64-linux-gnu/gazebo-11/plugins:/opt/ros/humble/opt/rviz_ogre_vendor/lib:/opt/ros/humble/lib/x86_64-linux-gnu:/opt/ros/humble/lib:/usr/share/gazebo-11/../../lib/x86_64-linux-gnu/gazebo-11/plugins PYTHONPATH=/home/azif/xarm_ros2_simulation/install/msg_gazebo/local/lib/python3.10/dist-packages:${PYTHONPATH} /usr/bin/cmake --install /home/azif/xarm_ros2_simulation/build/attach_detach
[24.219s] -- Install configuration: ""
[24.219s] -- Installing: /home/azif/xarm_ros2_simulation/install/attach_detach/lib/libattach_detach.so
[24.222s] -- Set runtime path of "/home/azif/xarm_ros2_simulation/install/attach_detach/lib/libattach_detach.so" to ""
[24.222s] -- Installing: /home/azif/xarm_ros2_simulation/install/attach_detach/share/ament_index/resource_index/package_run_dependencies/attach_detach
[24.223s] -- Installing: /home/azif/xarm_ros2_simulation/install/attach_detach/share/ament_index/resource_index/parent_prefix_path/attach_detach
[24.223s] -- Installing: /home/azif/xarm_ros2_simulation/install/attach_detach/share/attach_detach/environment/ament_prefix_path.sh
[24.223s] -- Installing: /home/azif/xarm_ros2_simulation/install/attach_detach/share/attach_detach/environment/ament_prefix_path.dsv
[24.223s] -- Installing: /home/azif/xarm_ros2_simulation/install/attach_detach/share/attach_detach/environment/path.sh
[24.223s] -- Installing: /home/azif/xarm_ros2_simulation/install/attach_detach/share/attach_detach/environment/path.dsv
[24.223s] -- Installing: /home/azif/xarm_ros2_simulation/install/attach_detach/share/attach_detach/local_setup.bash
[24.223s] -- Installing: /home/azif/xarm_ros2_simulation/install/attach_detach/share/attach_detach/local_setup.sh
[24.224s] -- Installing: /home/azif/xarm_ros2_simulation/install/attach_detach/share/attach_detach/local_setup.zsh
[24.224s] -- Installing: /home/azif/xarm_ros2_simulation/install/attach_detach/share/attach_detach/local_setup.dsv
[24.224s] -- Installing: /home/azif/xarm_ros2_simulation/install/attach_detach/share/attach_detach/package.dsv
[24.224s] -- Installing: /home/azif/xarm_ros2_simulation/install/attach_detach/share/ament_index/resource_index/packages/attach_detach
[24.224s] -- Installing: /home/azif/xarm_ros2_simulation/install/attach_detach/share/attach_detach/cmake/attach_detachConfig.cmake
[24.224s] -- Installing: /home/azif/xarm_ros2_simulation/install/attach_detach/share/attach_detach/cmake/attach_detachConfig-version.cmake
[24.225s] -- Installing: /home/azif/xarm_ros2_simulation/install/attach_detach/share/attach_detach/package.xml
[24.227s] Invoked command in '/home/azif/xarm_ros2_simulation/build/attach_detach' returned '0': AMENT_PREFIX_PATH=/home/azif/xarm_ros2_simulation/install/msg_gazebo:${AMENT_PREFIX_PATH} CMAKE_PREFIX_PATH=/home/azif/xarm_ros2_simulation/install/msg_gazebo LD_LIBRARY_PATH=/home/azif/xarm_ros2_simulation/install/msg_gazebo/lib:/usr/lib/x86_64-linux-gnu/gazebo-11/plugins:/opt/ros/humble/opt/rviz_ogre_vendor/lib:/opt/ros/humble/lib/x86_64-linux-gnu:/opt/ros/humble/lib:/usr/share/gazebo-11/../../lib/x86_64-linux-gnu/gazebo-11/plugins PYTHONPATH=/home/azif/xarm_ros2_simulation/install/msg_gazebo/local/lib/python3.10/dist-packages:${PYTHONPATH} /usr/bin/cmake --install /home/azif/xarm_ros2_simulation/build/attach_detach
