[0.086s] Invoking command in '/home/azif/xarm_ros2_simulation/build/xarm_sdk': CMAKE_PREFIX_PATH=/home/azif/xarm_ros2_simulation/install/xarm7_aruco_pick:/home/azif/xarm_ros2_simulation/install/xarm_planner:/home/azif/xarm_ros2_simulation/install/xarm_moveit_servo:/home/azif/xarm_ros2_simulation/install/xarm_moveit_config:/home/azif/xarm_ros2_simulation/install/xarm_gazebo:/home/azif/xarm_ros2_simulation/install/xarm_controller:/home/azif/xarm_ros2_simulation/install/d435i_xarm_setup:/home/azif/xarm_ros2_simulation/install/xarm_api:/home/azif/xarm_ros2_simulation/install/xarm_sdk:/home/azif/xarm_ros2_simulation/install/xarm7_pipeline:/home/azif/xarm_ros2_simulation/install/xarm_msgs:/home/azif/xarm_ros2_simulation/install/xarm_description:/home/azif/xarm_ros2_simulation/install/xarm7_pose_saver:/home/azif/xarm_ros2_simulation/install/realsense_gazebo_plugin:/home/azif/xarm_ros2_simulation/install/xarm7_bringup:/home/azif/xarm_ros2_simulation/install/xarm_moveit_interface:/home/azif/xarm_ros2_simulation/install/uf_ros_lib:/opt/ros/humble:/home/azif/xarm_ros2_simulation/install/attach_detach:/home/azif/xarm_ros2_simulation/install/msg_gazebo:/home/azif/xarm_ros2_simulation/install/mbot_demo /usr/bin/cmake --build /home/azif/xarm_ros2_simulation/build/xarm_sdk -- -j16 -l16
[0.582s] [100%] Built target xarm_cxx_sdk
[1.121s] Invoked command in '/home/azif/xarm_ros2_simulation/build/xarm_sdk' returned '0': CMAKE_PREFIX_PATH=/home/azif/xarm_ros2_simulation/install/xarm7_aruco_pick:/home/azif/xarm_ros2_simulation/install/xarm_planner:/home/azif/xarm_ros2_simulation/install/xarm_moveit_servo:/home/azif/xarm_ros2_simulation/install/xarm_moveit_config:/home/azif/xarm_ros2_simulation/install/xarm_gazebo:/home/azif/xarm_ros2_simulation/install/xarm_controller:/home/azif/xarm_ros2_simulation/install/d435i_xarm_setup:/home/azif/xarm_ros2_simulation/install/xarm_api:/home/azif/xarm_ros2_simulation/install/xarm_sdk:/home/azif/xarm_ros2_simulation/install/xarm7_pipeline:/home/azif/xarm_ros2_simulation/install/xarm_msgs:/home/azif/xarm_ros2_simulation/install/xarm_description:/home/azif/xarm_ros2_simulation/install/xarm7_pose_saver:/home/azif/xarm_ros2_simulation/install/realsense_gazebo_plugin:/home/azif/xarm_ros2_simulation/install/xarm7_bringup:/home/azif/xarm_ros2_simulation/install/xarm_moveit_interface:/home/azif/xarm_ros2_simulation/install/uf_ros_lib:/opt/ros/humble:/home/azif/xarm_ros2_simulation/install/attach_detach:/home/azif/xarm_ros2_simulation/install/msg_gazebo:/home/azif/xarm_ros2_simulation/install/mbot_demo /usr/bin/cmake --build /home/azif/xarm_ros2_simulation/build/xarm_sdk -- -j16 -l16
[1.123s] Invoking command in '/home/azif/xarm_ros2_simulation/build/xarm_sdk': CMAKE_PREFIX_PATH=/home/azif/xarm_ros2_simulation/install/xarm7_aruco_pick:/home/azif/xarm_ros2_simulation/install/xarm_planner:/home/azif/xarm_ros2_simulation/install/xarm_moveit_servo:/home/azif/xarm_ros2_simulation/install/xarm_moveit_config:/home/azif/xarm_ros2_simulation/install/xarm_gazebo:/home/azif/xarm_ros2_simulation/install/xarm_controller:/home/azif/xarm_ros2_simulation/install/d435i_xarm_setup:/home/azif/xarm_ros2_simulation/install/xarm_api:/home/azif/xarm_ros2_simulation/install/xarm_sdk:/home/azif/xarm_ros2_simulation/install/xarm7_pipeline:/home/azif/xarm_ros2_simulation/install/xarm_msgs:/home/azif/xarm_ros2_simulation/install/xarm_description:/home/azif/xarm_ros2_simulation/install/xarm7_pose_saver:/home/azif/xarm_ros2_simulation/install/realsense_gazebo_plugin:/home/azif/xarm_ros2_simulation/install/xarm7_bringup:/home/azif/xarm_ros2_simulation/install/xarm_moveit_interface:/home/azif/xarm_ros2_simulation/install/uf_ros_lib:/opt/ros/humble:/home/azif/xarm_ros2_simulation/install/attach_detach:/home/azif/xarm_ros2_simulation/install/msg_gazebo:/home/azif/xarm_ros2_simulation/install/mbot_demo /usr/bin/cmake --install /home/azif/xarm_ros2_simulation/build/xarm_sdk
[1.156s] -- Install configuration: ""
[1.172s] -- Execute custom install script
[1.175s] -- Up-to-date symlink: /home/azif/xarm_ros2_simulation/install/xarm_sdk/share/xarm_sdk/environment/library_path.sh
[1.176s] -- Up-to-date symlink: /home/azif/xarm_ros2_simulation/install/xarm_sdk/share/xarm_sdk/environment/library_path.dsv
[1.177s] -- Up-to-date symlink: /home/azif/xarm_ros2_simulation/install/xarm_sdk/cxx/include/serial/impl/unix.h
[1.178s] -- Up-to-date symlink: /home/azif/xarm_ros2_simulation/install/xarm_sdk/cxx/include/serial/impl/win.h
[1.179s] -- Up-to-date symlink: /home/azif/xarm_ros2_simulation/install/xarm_sdk/cxx/include/serial/serial.h
[1.182s] -- Up-to-date symlink: /home/azif/xarm_ros2_simulation/install/xarm_sdk/cxx/include/serial/v8stdint.h
[1.185s] -- Up-to-date symlink: /home/azif/xarm_ros2_simulation/install/xarm_sdk/cxx/include/xarm/core/common/crc16.h
[1.186s] -- Up-to-date symlink: /home/azif/xarm_ros2_simulation/install/xarm_sdk/cxx/include/xarm/core/common/data_type.h
[1.189s] -- Up-to-date symlink: /home/azif/xarm_ros2_simulation/install/xarm_sdk/cxx/include/xarm/core/common/queue_memcpy.h
[1.189s] -- Up-to-date symlink: /home/azif/xarm_ros2_simulation/install/xarm_sdk/cxx/include/xarm/core/connect.h
[1.190s] -- Up-to-date symlink: /home/azif/xarm_ros2_simulation/install/xarm_sdk/cxx/include/xarm/core/debug/debug_print.h
[1.191s] -- Up-to-date symlink: /home/azif/xarm_ros2_simulation/install/xarm_sdk/cxx/include/xarm/core/instruction/servo3_config.h
[1.191s] -- Up-to-date symlink: /home/azif/xarm_ros2_simulation/install/xarm_sdk/cxx/include/xarm/core/instruction/uxbus_cmd.h
[1.191s] -- Up-to-date symlink: /home/azif/xarm_ros2_simulation/install/xarm_sdk/cxx/include/xarm/core/instruction/uxbus_cmd_config.h
[1.191s] -- Up-to-date symlink: /home/azif/xarm_ros2_simulation/install/xarm_sdk/cxx/include/xarm/core/instruction/uxbus_cmd_ser.h
[1.194s] -- Up-to-date symlink: /home/azif/xarm_ros2_simulation/install/xarm_sdk/cxx/include/xarm/core/instruction/uxbus_cmd_tcp.h
[1.196s] -- Up-to-date symlink: /home/azif/xarm_ros2_simulation/install/xarm_sdk/cxx/include/xarm/core/os/bak/thread.h
[1.198s] -- Up-to-date symlink: /home/azif/xarm_ros2_simulation/install/xarm_sdk/cxx/include/xarm/core/os/network.h
[1.199s] -- Up-to-date symlink: /home/azif/xarm_ros2_simulation/install/xarm_sdk/cxx/include/xarm/core/port/ser.h
[1.201s] -- Up-to-date symlink: /home/azif/xarm_ros2_simulation/install/xarm_sdk/cxx/include/xarm/core/port/socket.h
[1.204s] -- Up-to-date symlink: /home/azif/xarm_ros2_simulation/install/xarm_sdk/cxx/include/xarm/core/report_data.h
[1.205s] -- Up-to-date symlink: /home/azif/xarm_ros2_simulation/install/xarm_sdk/cxx/include/xarm/core/xarm_config.h
[1.241s] -- Up-to-date symlink: /home/azif/xarm_ros2_simulation/install/xarm_sdk/cxx/include/xarm/wrapper/common/timer.h
[1.245s] -- Up-to-date symlink: /home/azif/xarm_ros2_simulation/install/xarm_sdk/cxx/include/xarm/wrapper/common/utils.h
[1.245s] -- Up-to-date symlink: /home/azif/xarm_ros2_simulation/install/xarm_sdk/cxx/include/xarm/wrapper/xarm_api.h
[1.250s] -- Up-to-date symlink: /home/azif/xarm_ros2_simulation/install/xarm_sdk/lib/libxarm_cxx_sdk.so
[1.250s] -- Up-to-date symlink: /home/azif/xarm_ros2_simulation/install/xarm_sdk/share/ament_index/resource_index/package_run_dependencies/xarm_sdk
[1.251s] -- Up-to-date symlink: /home/azif/xarm_ros2_simulation/install/xarm_sdk/share/ament_index/resource_index/parent_prefix_path/xarm_sdk
[1.252s] -- Up-to-date symlink: /home/azif/xarm_ros2_simulation/install/xarm_sdk/share/xarm_sdk/environment/ament_prefix_path.sh
[1.252s] -- Up-to-date symlink: /home/azif/xarm_ros2_simulation/install/xarm_sdk/share/xarm_sdk/environment/ament_prefix_path.dsv
[1.252s] -- Up-to-date symlink: /home/azif/xarm_ros2_simulation/install/xarm_sdk/share/xarm_sdk/environment/path.sh
[1.253s] -- Up-to-date symlink: /home/azif/xarm_ros2_simulation/install/xarm_sdk/share/xarm_sdk/environment/path.dsv
[1.253s] -- Up-to-date symlink: /home/azif/xarm_ros2_simulation/install/xarm_sdk/share/xarm_sdk/local_setup.bash
[1.253s] -- Up-to-date symlink: /home/azif/xarm_ros2_simulation/install/xarm_sdk/share/xarm_sdk/local_setup.sh
[1.253s] -- Up-to-date symlink: /home/azif/xarm_ros2_simulation/install/xarm_sdk/share/xarm_sdk/local_setup.zsh
[1.253s] -- Up-to-date symlink: /home/azif/xarm_ros2_simulation/install/xarm_sdk/share/xarm_sdk/local_setup.dsv
[1.253s] -- Symlinking: /home/azif/xarm_ros2_simulation/install/xarm_sdk/share/xarm_sdk/package.dsv
[1.331s] -- Up-to-date symlink: /home/azif/xarm_ros2_simulation/install/xarm_sdk/share/ament_index/resource_index/packages/xarm_sdk
[1.355s] -- Up-to-date symlink: /home/azif/xarm_ros2_simulation/install/xarm_sdk/share/xarm_sdk/cmake/ament_cmake_export_libraries-extras.cmake
[1.355s] -- Up-to-date symlink: /home/azif/xarm_ros2_simulation/install/xarm_sdk/share/xarm_sdk/cmake/ament_cmake_export_include_directories-extras.cmake
[1.356s] -- Up-to-date symlink: /home/azif/xarm_ros2_simulation/install/xarm_sdk/share/xarm_sdk/cmake/xarm_sdkConfig.cmake
[1.356s] -- Up-to-date symlink: /home/azif/xarm_ros2_simulation/install/xarm_sdk/share/xarm_sdk/cmake/xarm_sdkConfig-version.cmake
[1.356s] -- Up-to-date symlink: /home/azif/xarm_ros2_simulation/install/xarm_sdk/share/xarm_sdk/package.xml
[1.403s] Invoked command in '/home/azif/xarm_ros2_simulation/build/xarm_sdk' returned '0': CMAKE_PREFIX_PATH=/home/azif/xarm_ros2_simulation/install/xarm7_aruco_pick:/home/azif/xarm_ros2_simulation/install/xarm_planner:/home/azif/xarm_ros2_simulation/install/xarm_moveit_servo:/home/azif/xarm_ros2_simulation/install/xarm_moveit_config:/home/azif/xarm_ros2_simulation/install/xarm_gazebo:/home/azif/xarm_ros2_simulation/install/xarm_controller:/home/azif/xarm_ros2_simulation/install/d435i_xarm_setup:/home/azif/xarm_ros2_simulation/install/xarm_api:/home/azif/xarm_ros2_simulation/install/xarm_sdk:/home/azif/xarm_ros2_simulation/install/xarm7_pipeline:/home/azif/xarm_ros2_simulation/install/xarm_msgs:/home/azif/xarm_ros2_simulation/install/xarm_description:/home/azif/xarm_ros2_simulation/install/xarm7_pose_saver:/home/azif/xarm_ros2_simulation/install/realsense_gazebo_plugin:/home/azif/xarm_ros2_simulation/install/xarm7_bringup:/home/azif/xarm_ros2_simulation/install/xarm_moveit_interface:/home/azif/xarm_ros2_simulation/install/uf_ros_lib:/opt/ros/humble:/home/azif/xarm_ros2_simulation/install/attach_detach:/home/azif/xarm_ros2_simulation/install/msg_gazebo:/home/azif/xarm_ros2_simulation/install/mbot_demo /usr/bin/cmake --install /home/azif/xarm_ros2_simulation/build/xarm_sdk
