[0.028s] Invoking command in '/home/azif/xarm_ros2_simulation/build/d435i_xarm_setup': AMENT_PREFIX_PATH=/home/azif/xarm_ros2_simulation/install/xarm_api:/home/azif/xarm_ros2_simulation/install/xarm_sdk:/home/azif/xarm_ros2_simulation/install/xarm_msgs:/home/azif/xarm_ros2_simulation/install/xarm_description:${AMENT_PREFIX_PATH} CMAKE_PREFIX_PATH=/home/azif/xarm_ros2_simulation/install/xarm_api:/home/azif/xarm_ros2_simulation/install/xarm_sdk:/home/azif/xarm_ros2_simulation/install/xarm_msgs:/home/azif/xarm_ros2_simulation/install/xarm_description:/opt/ros/humble LD_LIBRARY_PATH=/home/azif/xarm_ros2_simulation/install/xarm_api/lib:/home/azif/xarm_ros2_simulation/install/xarm_sdk/lib:/home/azif/xarm_ros2_simulation/install/xarm_msgs/lib:/usr/lib/x86_64-linux-gnu/gazebo-11/plugins:/opt/ros/humble/opt/rviz_ogre_vendor/lib:/opt/ros/humble/lib/x86_64-linux-gnu:/opt/ros/humble/lib:/usr/share/gazebo-11/../../lib/x86_64-linux-gnu/gazebo-11/plugins:/usr/share/gazebo-11/../../lib/x86_64-linux-gnu/gazebo-11/plugins:/usr/share/gazebo-11/../../lib/x86_64-linux-gnu/gazebo-11/plugins PYTHONPATH=/home/azif/xarm_ros2_simulation/install/xarm_msgs/local/lib/python3.10/dist-packages:${PYTHONPATH} /usr/bin/cmake --build /home/azif/xarm_ros2_simulation/build/d435i_xarm_setup -- -j16 -l16
[0.089s] [ 66%] Built target findobj_grasp_moveit_planner
[0.089s] [ 66%] Built target tf_object_to_base
[0.091s] [100%] Built target findobj_grasp_xarm_api
[0.105s] Invoked command in '/home/azif/xarm_ros2_simulation/build/d435i_xarm_setup' returned '0': AMENT_PREFIX_PATH=/home/azif/xarm_ros2_simulation/install/xarm_api:/home/azif/xarm_ros2_simulation/install/xarm_sdk:/home/azif/xarm_ros2_simulation/install/xarm_msgs:/home/azif/xarm_ros2_simulation/install/xarm_description:${AMENT_PREFIX_PATH} CMAKE_PREFIX_PATH=/home/azif/xarm_ros2_simulation/install/xarm_api:/home/azif/xarm_ros2_simulation/install/xarm_sdk:/home/azif/xarm_ros2_simulation/install/xarm_msgs:/home/azif/xarm_ros2_simulation/install/xarm_description:/opt/ros/humble LD_LIBRARY_PATH=/home/azif/xarm_ros2_simulation/install/xarm_api/lib:/home/azif/xarm_ros2_simulation/install/xarm_sdk/lib:/home/azif/xarm_ros2_simulation/install/xarm_msgs/lib:/usr/lib/x86_64-linux-gnu/gazebo-11/plugins:/opt/ros/humble/opt/rviz_ogre_vendor/lib:/opt/ros/humble/lib/x86_64-linux-gnu:/opt/ros/humble/lib:/usr/share/gazebo-11/../../lib/x86_64-linux-gnu/gazebo-11/plugins:/usr/share/gazebo-11/../../lib/x86_64-linux-gnu/gazebo-11/plugins:/usr/share/gazebo-11/../../lib/x86_64-linux-gnu/gazebo-11/plugins PYTHONPATH=/home/azif/xarm_ros2_simulation/install/xarm_msgs/local/lib/python3.10/dist-packages:${PYTHONPATH} /usr/bin/cmake --build /home/azif/xarm_ros2_simulation/build/d435i_xarm_setup -- -j16 -l16
[0.107s] Invoking command in '/home/azif/xarm_ros2_simulation/build/d435i_xarm_setup': AMENT_PREFIX_PATH=/home/azif/xarm_ros2_simulation/install/xarm_api:/home/azif/xarm_ros2_simulation/install/xarm_sdk:/home/azif/xarm_ros2_simulation/install/xarm_msgs:/home/azif/xarm_ros2_simulation/install/xarm_description:${AMENT_PREFIX_PATH} CMAKE_PREFIX_PATH=/home/azif/xarm_ros2_simulation/install/xarm_api:/home/azif/xarm_ros2_simulation/install/xarm_sdk:/home/azif/xarm_ros2_simulation/install/xarm_msgs:/home/azif/xarm_ros2_simulation/install/xarm_description:/opt/ros/humble LD_LIBRARY_PATH=/home/azif/xarm_ros2_simulation/install/xarm_api/lib:/home/azif/xarm_ros2_simulation/install/xarm_sdk/lib:/home/azif/xarm_ros2_simulation/install/xarm_msgs/lib:/usr/lib/x86_64-linux-gnu/gazebo-11/plugins:/opt/ros/humble/opt/rviz_ogre_vendor/lib:/opt/ros/humble/lib/x86_64-linux-gnu:/opt/ros/humble/lib:/usr/share/gazebo-11/../../lib/x86_64-linux-gnu/gazebo-11/plugins:/usr/share/gazebo-11/../../lib/x86_64-linux-gnu/gazebo-11/plugins:/usr/share/gazebo-11/../../lib/x86_64-linux-gnu/gazebo-11/plugins PYTHONPATH=/home/azif/xarm_ros2_simulation/install/xarm_msgs/local/lib/python3.10/dist-packages:${PYTHONPATH} /usr/bin/cmake --install /home/azif/xarm_ros2_simulation/build/d435i_xarm_setup
[0.114s] -- Install configuration: ""
[0.115s] -- Execute custom install script
[0.115s] -- Up-to-date symlink: /home/azif/xarm_ros2_simulation/install/d435i_xarm_setup/share/d435i_xarm_setup//launch/d435i_findobj2d_robot_api.launch.py
[0.115s] -- Up-to-date symlink: /home/azif/xarm_ros2_simulation/install/d435i_xarm_setup/share/d435i_xarm_setup//launch/d435i_findobj2d_robot_moveit_planner.launch.py
[0.116s] -- Up-to-date symlink: /home/azif/xarm_ros2_simulation/install/d435i_xarm_setup/share/d435i_xarm_setup//launch/d435i_robot_auto_calib.launch.py
[0.116s] -- Up-to-date symlink: /home/azif/xarm_ros2_simulation/install/d435i_xarm_setup/share/d435i_xarm_setup//launch/d435i_robot_ork_linemod.launch.py
[0.116s] -- Up-to-date symlink: /home/azif/xarm_ros2_simulation/install/d435i_xarm_setup/share/d435i_xarm_setup//launch/grasp_node_robot_api.launch.py
[0.117s] -- Up-to-date symlink: /home/azif/xarm_ros2_simulation/install/d435i_xarm_setup/share/d435i_xarm_setup//launch/grasp_node_robot_moveit_planner.launch.py
[0.117s] -- Up-to-date symlink: /home/azif/xarm_ros2_simulation/install/d435i_xarm_setup/share/d435i_xarm_setup//launch/publish_handeye_tf.launch.py
[0.117s] -- Up-to-date symlink: /home/azif/xarm_ros2_simulation/install/d435i_xarm_setup/share/d435i_xarm_setup//launch/start_find_obj_2d.launch.py
[0.117s] -- Up-to-date symlink: /home/azif/xarm_ros2_simulation/install/d435i_xarm_setup/share/d435i_xarm_setup//objects/1.png
[0.118s] -- Up-to-date symlink: /home/azif/xarm_ros2_simulation/install/d435i_xarm_setup/share/d435i_xarm_setup//objects/2.png
[0.118s] -- Up-to-date symlink: /home/azif/xarm_ros2_simulation/install/d435i_xarm_setup/share/d435i_xarm_setup//config/extra_robot_api_params.yaml
[0.118s] -- Up-to-date symlink: /home/azif/xarm_ros2_simulation/install/d435i_xarm_setup/share/d435i_xarm_setup//config/lite_rs_on_hand_calibration.calib
[0.118s] -- Up-to-date symlink: /home/azif/xarm_ros2_simulation/install/d435i_xarm_setup/share/d435i_xarm_setup//config/uf850_rs_on_hand_calibration.calib
[0.119s] -- Up-to-date symlink: /home/azif/xarm_ros2_simulation/install/d435i_xarm_setup/share/d435i_xarm_setup//config/xarm_rs_on_hand_calibration.calib
[0.119s] -- Up-to-date symlink: /home/azif/xarm_ros2_simulation/install/d435i_xarm_setup/lib/d435i_xarm_setup/findobj_grasp_moveit_planner
[0.119s] -- Up-to-date symlink: /home/azif/xarm_ros2_simulation/install/d435i_xarm_setup/lib/d435i_xarm_setup/findobj_grasp_xarm_api
[0.119s] -- Up-to-date symlink: /home/azif/xarm_ros2_simulation/install/d435i_xarm_setup/lib/d435i_xarm_setup/tf_object_to_base
[0.120s] -- Up-to-date symlink: /home/azif/xarm_ros2_simulation/install/d435i_xarm_setup/share/ament_index/resource_index/package_run_dependencies/d435i_xarm_setup
[0.120s] -- Up-to-date symlink: /home/azif/xarm_ros2_simulation/install/d435i_xarm_setup/share/ament_index/resource_index/parent_prefix_path/d435i_xarm_setup
[0.120s] -- Up-to-date symlink: /home/azif/xarm_ros2_simulation/install/d435i_xarm_setup/share/d435i_xarm_setup/environment/ament_prefix_path.sh
[0.120s] -- Up-to-date symlink: /home/azif/xarm_ros2_simulation/install/d435i_xarm_setup/share/d435i_xarm_setup/environment/ament_prefix_path.dsv
[0.120s] -- Up-to-date symlink: /home/azif/xarm_ros2_simulation/install/d435i_xarm_setup/share/d435i_xarm_setup/environment/path.sh
[0.120s] -- Up-to-date symlink: /home/azif/xarm_ros2_simulation/install/d435i_xarm_setup/share/d435i_xarm_setup/environment/path.dsv
[0.120s] -- Up-to-date symlink: /home/azif/xarm_ros2_simulation/install/d435i_xarm_setup/share/d435i_xarm_setup/local_setup.bash
[0.120s] -- Up-to-date symlink: /home/azif/xarm_ros2_simulation/install/d435i_xarm_setup/share/d435i_xarm_setup/local_setup.sh
[0.120s] -- Up-to-date symlink: /home/azif/xarm_ros2_simulation/install/d435i_xarm_setup/share/d435i_xarm_setup/local_setup.zsh
[0.120s] -- Up-to-date symlink: /home/azif/xarm_ros2_simulation/install/d435i_xarm_setup/share/d435i_xarm_setup/local_setup.dsv
[0.120s] -- Symlinking: /home/azif/xarm_ros2_simulation/install/d435i_xarm_setup/share/d435i_xarm_setup/package.dsv
[0.128s] -- Up-to-date symlink: /home/azif/xarm_ros2_simulation/install/d435i_xarm_setup/share/ament_index/resource_index/packages/d435i_xarm_setup
[0.128s] -- Up-to-date symlink: /home/azif/xarm_ros2_simulation/install/d435i_xarm_setup/share/d435i_xarm_setup/cmake/d435i_xarm_setupConfig.cmake
[0.128s] -- Up-to-date symlink: /home/azif/xarm_ros2_simulation/install/d435i_xarm_setup/share/d435i_xarm_setup/cmake/d435i_xarm_setupConfig-version.cmake
[0.128s] -- Up-to-date symlink: /home/azif/xarm_ros2_simulation/install/d435i_xarm_setup/share/d435i_xarm_setup/package.xml
[0.131s] Invoked command in '/home/azif/xarm_ros2_simulation/build/d435i_xarm_setup' returned '0': AMENT_PREFIX_PATH=/home/azif/xarm_ros2_simulation/install/xarm_api:/home/azif/xarm_ros2_simulation/install/xarm_sdk:/home/azif/xarm_ros2_simulation/install/xarm_msgs:/home/azif/xarm_ros2_simulation/install/xarm_description:${AMENT_PREFIX_PATH} CMAKE_PREFIX_PATH=/home/azif/xarm_ros2_simulation/install/xarm_api:/home/azif/xarm_ros2_simulation/install/xarm_sdk:/home/azif/xarm_ros2_simulation/install/xarm_msgs:/home/azif/xarm_ros2_simulation/install/xarm_description:/opt/ros/humble LD_LIBRARY_PATH=/home/azif/xarm_ros2_simulation/install/xarm_api/lib:/home/azif/xarm_ros2_simulation/install/xarm_sdk/lib:/home/azif/xarm_ros2_simulation/install/xarm_msgs/lib:/usr/lib/x86_64-linux-gnu/gazebo-11/plugins:/opt/ros/humble/opt/rviz_ogre_vendor/lib:/opt/ros/humble/lib/x86_64-linux-gnu:/opt/ros/humble/lib:/usr/share/gazebo-11/../../lib/x86_64-linux-gnu/gazebo-11/plugins:/usr/share/gazebo-11/../../lib/x86_64-linux-gnu/gazebo-11/plugins:/usr/share/gazebo-11/../../lib/x86_64-linux-gnu/gazebo-11/plugins PYTHONPATH=/home/azif/xarm_ros2_simulation/install/xarm_msgs/local/lib/python3.10/dist-packages:${PYTHONPATH} /usr/bin/cmake --install /home/azif/xarm_ros2_simulation/build/d435i_xarm_setup
