[0.482s] Invoking command in '/home/azif/xarm_ros2_simulation/build/msg_gazebo': CMAKE_PREFIX_PATH=/home/azif/xarm_ros2_simulation/install/xarm7_aruco_pick:/home/azif/xarm_ros2_simulation/install/xarm_planner:/home/azif/xarm_ros2_simulation/install/xarm_moveit_servo:/home/azif/xarm_ros2_simulation/install/xarm_moveit_config:/home/azif/xarm_ros2_simulation/install/xarm_gazebo:/home/azif/xarm_ros2_simulation/install/xarm_controller:/home/azif/xarm_ros2_simulation/install/d435i_xarm_setup:/home/azif/xarm_ros2_simulation/install/xarm_api:/home/azif/xarm_ros2_simulation/install/xarm_sdk:/home/azif/xarm_ros2_simulation/install/xarm7_pipeline:/home/azif/xarm_ros2_simulation/install/xarm_msgs:/home/azif/xarm_ros2_simulation/install/xarm_description:/home/azif/xarm_ros2_simulation/install/xarm7_pose_saver:/home/azif/xarm_ros2_simulation/install/realsense_gazebo_plugin:/home/azif/xarm_ros2_simulation/install/xarm7_bringup:/home/azif/xarm_ros2_simulation/install/xarm_moveit_interface:/home/azif/xarm_ros2_simulation/install/uf_ros_lib:/opt/ros/humble:/home/azif/xarm_ros2_simulation/install/attach_detach:/home/azif/xarm_ros2_simulation/install/msg_gazebo:/home/azif/xarm_ros2_simulation/install/mbot_demo /usr/bin/cmake --build /home/azif/xarm_ros2_simulation/build/msg_gazebo -- -j16 -l16
[0.580s] [  9%] Built target msg_gazebo__cpp
[0.580s] [ 12%] Built target msg_gazebo__rosidl_generator_c
[0.594s] [ 12%] Built target ament_cmake_python_symlink_msg_gazebo
[0.643s] [ 22%] Built target msg_gazebo__rosidl_typesupport_cpp
[0.647s] [ 32%] Built target msg_gazebo__rosidl_typesupport_introspection_cpp
[0.649s] [ 41%] Built target msg_gazebo__rosidl_typesupport_fastrtps_cpp
[0.661s] [ 51%] Built target msg_gazebo__rosidl_typesupport_fastrtps_c
[0.661s] [ 61%] Built target msg_gazebo__rosidl_typesupport_c
[0.673s] [ 70%] Built target msg_gazebo__rosidl_typesupport_introspection_c
[0.708s] [ 70%] Built target msg_gazebo
[0.748s] [ 74%] Built target msg_gazebo__py
[0.796s] [ 80%] Built target msg_gazebo__rosidl_generator_py
[0.846s] [100%] Built target msg_gazebo__rosidl_typesupport_c__pyext
[0.846s] [100%] Built target msg_gazebo__rosidl_typesupport_introspection_c__pyext
[0.846s] [100%] Built target msg_gazebo__rosidl_typesupport_fastrtps_c__pyext
[1.083s] running egg_info
[1.083s] writing msg_gazebo.egg-info/PKG-INFO
[1.084s] writing dependency_links to msg_gazebo.egg-info/dependency_links.txt
[1.085s] writing top-level names to msg_gazebo.egg-info/top_level.txt
[1.092s] reading manifest file 'msg_gazebo.egg-info/SOURCES.txt'
[1.096s] writing manifest file 'msg_gazebo.egg-info/SOURCES.txt'
[1.301s] [100%] Built target ament_cmake_python_build_msg_gazebo_egg
[1.539s] Invoked command in '/home/azif/xarm_ros2_simulation/build/msg_gazebo' returned '0': CMAKE_PREFIX_PATH=/home/azif/xarm_ros2_simulation/install/xarm7_aruco_pick:/home/azif/xarm_ros2_simulation/install/xarm_planner:/home/azif/xarm_ros2_simulation/install/xarm_moveit_servo:/home/azif/xarm_ros2_simulation/install/xarm_moveit_config:/home/azif/xarm_ros2_simulation/install/xarm_gazebo:/home/azif/xarm_ros2_simulation/install/xarm_controller:/home/azif/xarm_ros2_simulation/install/d435i_xarm_setup:/home/azif/xarm_ros2_simulation/install/xarm_api:/home/azif/xarm_ros2_simulation/install/xarm_sdk:/home/azif/xarm_ros2_simulation/install/xarm7_pipeline:/home/azif/xarm_ros2_simulation/install/xarm_msgs:/home/azif/xarm_ros2_simulation/install/xarm_description:/home/azif/xarm_ros2_simulation/install/xarm7_pose_saver:/home/azif/xarm_ros2_simulation/install/realsense_gazebo_plugin:/home/azif/xarm_ros2_simulation/install/xarm7_bringup:/home/azif/xarm_ros2_simulation/install/xarm_moveit_interface:/home/azif/xarm_ros2_simulation/install/uf_ros_lib:/opt/ros/humble:/home/azif/xarm_ros2_simulation/install/attach_detach:/home/azif/xarm_ros2_simulation/install/msg_gazebo:/home/azif/xarm_ros2_simulation/install/mbot_demo /usr/bin/cmake --build /home/azif/xarm_ros2_simulation/build/msg_gazebo -- -j16 -l16
[1.541s] Invoking command in '/home/azif/xarm_ros2_simulation/build/msg_gazebo': CMAKE_PREFIX_PATH=/home/azif/xarm_ros2_simulation/install/xarm7_aruco_pick:/home/azif/xarm_ros2_simulation/install/xarm_planner:/home/azif/xarm_ros2_simulation/install/xarm_moveit_servo:/home/azif/xarm_ros2_simulation/install/xarm_moveit_config:/home/azif/xarm_ros2_simulation/install/xarm_gazebo:/home/azif/xarm_ros2_simulation/install/xarm_controller:/home/azif/xarm_ros2_simulation/install/d435i_xarm_setup:/home/azif/xarm_ros2_simulation/install/xarm_api:/home/azif/xarm_ros2_simulation/install/xarm_sdk:/home/azif/xarm_ros2_simulation/install/xarm7_pipeline:/home/azif/xarm_ros2_simulation/install/xarm_msgs:/home/azif/xarm_ros2_simulation/install/xarm_description:/home/azif/xarm_ros2_simulation/install/xarm7_pose_saver:/home/azif/xarm_ros2_simulation/install/realsense_gazebo_plugin:/home/azif/xarm_ros2_simulation/install/xarm7_bringup:/home/azif/xarm_ros2_simulation/install/xarm_moveit_interface:/home/azif/xarm_ros2_simulation/install/uf_ros_lib:/opt/ros/humble:/home/azif/xarm_ros2_simulation/install/attach_detach:/home/azif/xarm_ros2_simulation/install/msg_gazebo:/home/azif/xarm_ros2_simulation/install/mbot_demo /usr/bin/cmake --install /home/azif/xarm_ros2_simulation/build/msg_gazebo
[1.553s] -- Install configuration: ""
[1.553s] -- Execute custom install script
[1.554s] -- Up-to-date symlink: /home/azif/xarm_ros2_simulation/install/msg_gazebo/share/msg_gazebo/srv/AttachDetach.srv
[1.554s] -- Up-to-date symlink: /home/azif/xarm_ros2_simulation/install/msg_gazebo/share/ament_index/resource_index/rosidl_interfaces/msg_gazebo
[1.554s] -- Up-to-date symlink: /home/azif/xarm_ros2_simulation/install/msg_gazebo/include/msg_gazebo/msg_gazebo/msg/rosidl_generator_c__visibility_control.h
[1.554s] -- Up-to-date symlink: /home/azif/xarm_ros2_simulation/install/msg_gazebo/include/msg_gazebo/msg_gazebo/srv/attach_detach.h
[1.554s] -- Up-to-date symlink: /home/azif/xarm_ros2_simulation/install/msg_gazebo/include/msg_gazebo/msg_gazebo/srv/detail/attach_detach__functions.h
[1.554s] -- Up-to-date symlink: /home/azif/xarm_ros2_simulation/install/msg_gazebo/include/msg_gazebo/msg_gazebo/srv/detail/attach_detach__struct.h
[1.555s] -- Up-to-date symlink: /home/azif/xarm_ros2_simulation/install/msg_gazebo/include/msg_gazebo/msg_gazebo/srv/detail/attach_detach__type_support.h
[1.555s] -- Up-to-date symlink: /home/azif/xarm_ros2_simulation/install/msg_gazebo/share/msg_gazebo/environment/library_path.sh
[1.555s] -- Up-to-date symlink: /home/azif/xarm_ros2_simulation/install/msg_gazebo/share/msg_gazebo/environment/library_path.dsv
[1.555s] -- Up-to-date symlink: /home/azif/xarm_ros2_simulation/install/msg_gazebo/include/msg_gazebo/msg_gazebo/msg/rosidl_typesupport_fastrtps_c__visibility_control.h
[1.555s] -- Up-to-date symlink: /home/azif/xarm_ros2_simulation/install/msg_gazebo/include/msg_gazebo/msg_gazebo/srv/detail/attach_detach__rosidl_typesupport_fastrtps_c.h
[1.556s] -- Up-to-date symlink: /home/azif/xarm_ros2_simulation/install/msg_gazebo/include/msg_gazebo/msg_gazebo/msg/rosidl_typesupport_introspection_c__visibility_control.h
[1.556s] -- Up-to-date symlink: /home/azif/xarm_ros2_simulation/install/msg_gazebo/include/msg_gazebo/msg_gazebo/srv/detail/attach_detach__rosidl_typesupport_introspection_c.h
[1.556s] -- Up-to-date symlink: /home/azif/xarm_ros2_simulation/install/msg_gazebo/include/msg_gazebo/msg_gazebo/msg/rosidl_generator_cpp__visibility_control.hpp
[1.556s] -- Up-to-date symlink: /home/azif/xarm_ros2_simulation/install/msg_gazebo/include/msg_gazebo/msg_gazebo/srv/attach_detach.hpp
[1.558s] -- Up-to-date symlink: /home/azif/xarm_ros2_simulation/install/msg_gazebo/include/msg_gazebo/msg_gazebo/srv/detail/attach_detach__builder.hpp
[1.559s] -- Up-to-date symlink: /home/azif/xarm_ros2_simulation/install/msg_gazebo/include/msg_gazebo/msg_gazebo/srv/detail/attach_detach__struct.hpp
[1.559s] -- Up-to-date symlink: /home/azif/xarm_ros2_simulation/install/msg_gazebo/include/msg_gazebo/msg_gazebo/srv/detail/attach_detach__traits.hpp
[1.559s] -- Up-to-date symlink: /home/azif/xarm_ros2_simulation/install/msg_gazebo/include/msg_gazebo/msg_gazebo/srv/detail/attach_detach__type_support.hpp
[1.559s] -- Up-to-date symlink: /home/azif/xarm_ros2_simulation/install/msg_gazebo/include/msg_gazebo/msg_gazebo/msg/rosidl_typesupport_fastrtps_cpp__visibility_control.h
[1.559s] -- Up-to-date symlink: /home/azif/xarm_ros2_simulation/install/msg_gazebo/include/msg_gazebo/msg_gazebo/srv/detail/attach_detach__rosidl_typesupport_fastrtps_cpp.hpp
[1.560s] -- Up-to-date symlink: /home/azif/xarm_ros2_simulation/install/msg_gazebo/include/msg_gazebo/msg_gazebo/srv/detail/attach_detach__rosidl_typesupport_introspection_cpp.hpp
[1.560s] -- Up-to-date symlink: /home/azif/xarm_ros2_simulation/install/msg_gazebo/share/msg_gazebo/environment/pythonpath.sh
[1.560s] -- Up-to-date symlink: /home/azif/xarm_ros2_simulation/install/msg_gazebo/share/msg_gazebo/environment/pythonpath.dsv
[1.560s] -- Up-to-date symlink: /home/azif/xarm_ros2_simulation/install/msg_gazebo/local/lib/python3.10/dist-packages/msg_gazebo-0.0.0-py3.10.egg-info/PKG-INFO
[1.560s] -- Up-to-date symlink: /home/azif/xarm_ros2_simulation/install/msg_gazebo/local/lib/python3.10/dist-packages/msg_gazebo-0.0.0-py3.10.egg-info/SOURCES.txt
[1.560s] -- Up-to-date symlink: /home/azif/xarm_ros2_simulation/install/msg_gazebo/local/lib/python3.10/dist-packages/msg_gazebo-0.0.0-py3.10.egg-info/dependency_links.txt
[1.561s] -- Up-to-date symlink: /home/azif/xarm_ros2_simulation/install/msg_gazebo/local/lib/python3.10/dist-packages/msg_gazebo-0.0.0-py3.10.egg-info/top_level.txt
[1.561s] -- Up-to-date symlink: /home/azif/xarm_ros2_simulation/install/msg_gazebo/local/lib/python3.10/dist-packages/msg_gazebo/__init__.py
[1.561s] -- Up-to-date symlink: /home/azif/xarm_ros2_simulation/install/msg_gazebo/local/lib/python3.10/dist-packages/msg_gazebo/_msg_gazebo_s.ep.rosidl_typesupport_c.c
[1.561s] -- Up-to-date symlink: /home/azif/xarm_ros2_simulation/install/msg_gazebo/local/lib/python3.10/dist-packages/msg_gazebo/_msg_gazebo_s.ep.rosidl_typesupport_fastrtps_c.c
[1.562s] -- Up-to-date symlink: /home/azif/xarm_ros2_simulation/install/msg_gazebo/local/lib/python3.10/dist-packages/msg_gazebo/_msg_gazebo_s.ep.rosidl_typesupport_introspection_c.c
[1.562s] -- Up-to-date symlink: /home/azif/xarm_ros2_simulation/install/msg_gazebo/local/lib/python3.10/dist-packages/msg_gazebo/libmsg_gazebo__rosidl_generator_py.so
[1.562s] -- Up-to-date symlink: /home/azif/xarm_ros2_simulation/install/msg_gazebo/local/lib/python3.10/dist-packages/msg_gazebo/msg_gazebo_s__rosidl_typesupport_c.cpython-310-x86_64-linux-gnu.so
[1.562s] -- Up-to-date symlink: /home/azif/xarm_ros2_simulation/install/msg_gazebo/local/lib/python3.10/dist-packages/msg_gazebo/msg_gazebo_s__rosidl_typesupport_fastrtps_c.cpython-310-x86_64-linux-gnu.so
[1.563s] -- Up-to-date symlink: /home/azif/xarm_ros2_simulation/install/msg_gazebo/local/lib/python3.10/dist-packages/msg_gazebo/msg_gazebo_s__rosidl_typesupport_introspection_c.cpython-310-x86_64-linux-gnu.so
[1.563s] -- Up-to-date symlink: /home/azif/xarm_ros2_simulation/install/msg_gazebo/local/lib/python3.10/dist-packages/msg_gazebo/srv/__init__.py
[1.563s] -- Up-to-date symlink: /home/azif/xarm_ros2_simulation/install/msg_gazebo/local/lib/python3.10/dist-packages/msg_gazebo/srv/_attach_detach.py
[1.563s] -- Up-to-date symlink: /home/azif/xarm_ros2_simulation/install/msg_gazebo/local/lib/python3.10/dist-packages/msg_gazebo/srv/_attach_detach_s.c
[1.563s] -- Up-to-date symlink: /home/azif/xarm_ros2_simulation/install/msg_gazebo/local/lib/python3.10/dist-packages/msg_gazebo/msg_gazebo_s__rosidl_typesupport_fastrtps_c.cpython-310-x86_64-linux-gnu.so
[1.563s] -- Up-to-date symlink: /home/azif/xarm_ros2_simulation/install/msg_gazebo/local/lib/python3.10/dist-packages/msg_gazebo/msg_gazebo_s__rosidl_typesupport_introspection_c.cpython-310-x86_64-linux-gnu.so
[1.564s] -- Up-to-date symlink: /home/azif/xarm_ros2_simulation/install/msg_gazebo/local/lib/python3.10/dist-packages/msg_gazebo/msg_gazebo_s__rosidl_typesupport_c.cpython-310-x86_64-linux-gnu.so
[1.564s] -- Up-to-date symlink: /home/azif/xarm_ros2_simulation/install/msg_gazebo/share/msg_gazebo/srv/AttachDetach.idl
[1.564s] -- Up-to-date symlink: /home/azif/xarm_ros2_simulation/install/msg_gazebo/share/msg_gazebo/srv/AttachDetach.srv
[1.564s] -- Up-to-date symlink: /home/azif/xarm_ros2_simulation/install/msg_gazebo/share/msg_gazebo/srv/AttachDetach_Request.msg
[1.564s] -- Up-to-date symlink: /home/azif/xarm_ros2_simulation/install/msg_gazebo/share/msg_gazebo/srv/AttachDetach_Response.msg
[1.564s] -- Up-to-date symlink: /home/azif/xarm_ros2_simulation/install/msg_gazebo/share/ament_index/resource_index/package_run_dependencies/msg_gazebo
[1.565s] -- Up-to-date symlink: /home/azif/xarm_ros2_simulation/install/msg_gazebo/share/ament_index/resource_index/parent_prefix_path/msg_gazebo
[1.565s] -- Up-to-date symlink: /home/azif/xarm_ros2_simulation/install/msg_gazebo/share/msg_gazebo/environment/ament_prefix_path.sh
[1.565s] -- Up-to-date symlink: /home/azif/xarm_ros2_simulation/install/msg_gazebo/share/msg_gazebo/environment/ament_prefix_path.dsv
[1.565s] -- Up-to-date symlink: /home/azif/xarm_ros2_simulation/install/msg_gazebo/share/msg_gazebo/environment/path.sh
[1.566s] -- Up-to-date symlink: /home/azif/xarm_ros2_simulation/install/msg_gazebo/share/msg_gazebo/environment/path.dsv
[1.566s] -- Up-to-date symlink: /home/azif/xarm_ros2_simulation/install/msg_gazebo/share/msg_gazebo/local_setup.bash
[1.566s] -- Up-to-date symlink: /home/azif/xarm_ros2_simulation/install/msg_gazebo/share/msg_gazebo/local_setup.sh
[1.569s] -- Up-to-date symlink: /home/azif/xarm_ros2_simulation/install/msg_gazebo/share/msg_gazebo/local_setup.zsh
[1.569s] -- Up-to-date symlink: /home/azif/xarm_ros2_simulation/install/msg_gazebo/share/msg_gazebo/local_setup.dsv
[1.570s] -- Symlinking: /home/azif/xarm_ros2_simulation/install/msg_gazebo/share/msg_gazebo/package.dsv
[1.591s] -- Up-to-date symlink: /home/azif/xarm_ros2_simulation/install/msg_gazebo/share/ament_index/resource_index/packages/msg_gazebo
[1.592s] -- Up-to-date symlink: /home/azif/xarm_ros2_simulation/install/msg_gazebo/share/msg_gazebo/cmake/rosidl_cmake-extras.cmake
[1.592s] -- Up-to-date symlink: /home/azif/xarm_ros2_simulation/install/msg_gazebo/share/msg_gazebo/cmake/ament_cmake_export_include_directories-extras.cmake
[1.592s] -- Up-to-date symlink: /home/azif/xarm_ros2_simulation/install/msg_gazebo/share/msg_gazebo/cmake/ament_cmake_export_libraries-extras.cmake
[1.593s] -- Up-to-date symlink: /home/azif/xarm_ros2_simulation/install/msg_gazebo/share/msg_gazebo/cmake/ament_cmake_export_targets-extras.cmake
[1.593s] -- Up-to-date symlink: /home/azif/xarm_ros2_simulation/install/msg_gazebo/share/msg_gazebo/cmake/rosidl_cmake_export_typesupport_targets-extras.cmake
[1.593s] -- Up-to-date symlink: /home/azif/xarm_ros2_simulation/install/msg_gazebo/share/msg_gazebo/cmake/ament_cmake_export_dependencies-extras.cmake
[1.593s] -- Up-to-date symlink: /home/azif/xarm_ros2_simulation/install/msg_gazebo/share/msg_gazebo/cmake/rosidl_cmake_export_typesupport_libraries-extras.cmake
[1.593s] -- Up-to-date symlink: /home/azif/xarm_ros2_simulation/install/msg_gazebo/share/msg_gazebo/cmake/msg_gazeboConfig.cmake
[1.593s] -- Up-to-date symlink: /home/azif/xarm_ros2_simulation/install/msg_gazebo/share/msg_gazebo/cmake/msg_gazeboConfig-version.cmake
[1.593s] -- Up-to-date symlink: /home/azif/xarm_ros2_simulation/install/msg_gazebo/share/msg_gazebo/package.xml
[1.594s] -- Up-to-date: /home/azif/xarm_ros2_simulation/install/msg_gazebo/lib/libmsg_gazebo__rosidl_generator_c.so
[1.594s] -- Up-to-date: /home/azif/xarm_ros2_simulation/install/msg_gazebo/lib/libmsg_gazebo__rosidl_typesupport_fastrtps_c.so
[1.594s] -- Up-to-date: /home/azif/xarm_ros2_simulation/install/msg_gazebo/lib/libmsg_gazebo__rosidl_typesupport_introspection_c.so
[1.595s] -- Up-to-date: /home/azif/xarm_ros2_simulation/install/msg_gazebo/lib/libmsg_gazebo__rosidl_typesupport_c.so
[1.596s] -- Up-to-date: /home/azif/xarm_ros2_simulation/install/msg_gazebo/lib/libmsg_gazebo__rosidl_typesupport_fastrtps_cpp.so
[1.596s] -- Up-to-date: /home/azif/xarm_ros2_simulation/install/msg_gazebo/lib/libmsg_gazebo__rosidl_typesupport_introspection_cpp.so
[1.596s] -- Up-to-date: /home/azif/xarm_ros2_simulation/install/msg_gazebo/lib/libmsg_gazebo__rosidl_typesupport_cpp.so
[1.670s] Listing '/home/azif/xarm_ros2_simulation/install/msg_gazebo/local/lib/python3.10/dist-packages/msg_gazebo'...
[1.671s] Listing '/home/azif/xarm_ros2_simulation/install/msg_gazebo/local/lib/python3.10/dist-packages/msg_gazebo/srv'...
[1.689s] -- Up-to-date: /home/azif/xarm_ros2_simulation/install/msg_gazebo/lib/libmsg_gazebo__rosidl_generator_py.so
[1.689s] -- Up-to-date: /home/azif/xarm_ros2_simulation/install/msg_gazebo/share/msg_gazebo/cmake/export_msg_gazebo__rosidl_generator_cExport.cmake
[1.689s] -- Up-to-date: /home/azif/xarm_ros2_simulation/install/msg_gazebo/share/msg_gazebo/cmake/export_msg_gazebo__rosidl_generator_cExport-noconfig.cmake
[1.690s] -- Up-to-date: /home/azif/xarm_ros2_simulation/install/msg_gazebo/share/msg_gazebo/cmake/export_msg_gazebo__rosidl_typesupport_fastrtps_cExport.cmake
[1.690s] -- Up-to-date: /home/azif/xarm_ros2_simulation/install/msg_gazebo/share/msg_gazebo/cmake/export_msg_gazebo__rosidl_typesupport_fastrtps_cExport-noconfig.cmake
[1.690s] -- Up-to-date: /home/azif/xarm_ros2_simulation/install/msg_gazebo/share/msg_gazebo/cmake/msg_gazebo__rosidl_typesupport_introspection_cExport.cmake
[1.690s] -- Up-to-date: /home/azif/xarm_ros2_simulation/install/msg_gazebo/share/msg_gazebo/cmake/msg_gazebo__rosidl_typesupport_introspection_cExport-noconfig.cmake
[1.690s] -- Up-to-date: /home/azif/xarm_ros2_simulation/install/msg_gazebo/share/msg_gazebo/cmake/msg_gazebo__rosidl_typesupport_cExport.cmake
[1.690s] -- Up-to-date: /home/azif/xarm_ros2_simulation/install/msg_gazebo/share/msg_gazebo/cmake/msg_gazebo__rosidl_typesupport_cExport-noconfig.cmake
[1.691s] -- Up-to-date: /home/azif/xarm_ros2_simulation/install/msg_gazebo/share/msg_gazebo/cmake/export_msg_gazebo__rosidl_generator_cppExport.cmake
[1.691s] -- Up-to-date: /home/azif/xarm_ros2_simulation/install/msg_gazebo/share/msg_gazebo/cmake/export_msg_gazebo__rosidl_typesupport_fastrtps_cppExport.cmake
[1.691s] -- Up-to-date: /home/azif/xarm_ros2_simulation/install/msg_gazebo/share/msg_gazebo/cmake/export_msg_gazebo__rosidl_typesupport_fastrtps_cppExport-noconfig.cmake
[1.691s] -- Up-to-date: /home/azif/xarm_ros2_simulation/install/msg_gazebo/share/msg_gazebo/cmake/msg_gazebo__rosidl_typesupport_introspection_cppExport.cmake
[1.692s] -- Up-to-date: /home/azif/xarm_ros2_simulation/install/msg_gazebo/share/msg_gazebo/cmake/msg_gazebo__rosidl_typesupport_introspection_cppExport-noconfig.cmake
[1.692s] -- Up-to-date: /home/azif/xarm_ros2_simulation/install/msg_gazebo/share/msg_gazebo/cmake/msg_gazebo__rosidl_typesupport_cppExport.cmake
[1.692s] -- Up-to-date: /home/azif/xarm_ros2_simulation/install/msg_gazebo/share/msg_gazebo/cmake/msg_gazebo__rosidl_typesupport_cppExport-noconfig.cmake
[1.693s] -- Up-to-date: /home/azif/xarm_ros2_simulation/install/msg_gazebo/share/msg_gazebo/cmake/export_msg_gazebo__rosidl_generator_pyExport.cmake
[1.693s] -- Up-to-date: /home/azif/xarm_ros2_simulation/install/msg_gazebo/share/msg_gazebo/cmake/export_msg_gazebo__rosidl_generator_pyExport-noconfig.cmake
[1.698s] Invoked command in '/home/azif/xarm_ros2_simulation/build/msg_gazebo' returned '0': CMAKE_PREFIX_PATH=/home/azif/xarm_ros2_simulation/install/xarm7_aruco_pick:/home/azif/xarm_ros2_simulation/install/xarm_planner:/home/azif/xarm_ros2_simulation/install/xarm_moveit_servo:/home/azif/xarm_ros2_simulation/install/xarm_moveit_config:/home/azif/xarm_ros2_simulation/install/xarm_gazebo:/home/azif/xarm_ros2_simulation/install/xarm_controller:/home/azif/xarm_ros2_simulation/install/d435i_xarm_setup:/home/azif/xarm_ros2_simulation/install/xarm_api:/home/azif/xarm_ros2_simulation/install/xarm_sdk:/home/azif/xarm_ros2_simulation/install/xarm7_pipeline:/home/azif/xarm_ros2_simulation/install/xarm_msgs:/home/azif/xarm_ros2_simulation/install/xarm_description:/home/azif/xarm_ros2_simulation/install/xarm7_pose_saver:/home/azif/xarm_ros2_simulation/install/realsense_gazebo_plugin:/home/azif/xarm_ros2_simulation/install/xarm7_bringup:/home/azif/xarm_ros2_simulation/install/xarm_moveit_interface:/home/azif/xarm_ros2_simulation/install/uf_ros_lib:/opt/ros/humble:/home/azif/xarm_ros2_simulation/install/attach_detach:/home/azif/xarm_ros2_simulation/install/msg_gazebo:/home/azif/xarm_ros2_simulation/install/mbot_demo /usr/bin/cmake --install /home/azif/xarm_ros2_simulation/build/msg_gazebo
