[0.030s] Invoking command in '/home/azif/xarm_ros2_simulation/build/xarm_gazebo': AMENT_PREFIX_PATH=/home/azif/xarm_ros2_simulation/install/uf_ros_lib:/home/azif/xarm_ros2_simulation/install/xarm7_bringup:/home/azif/xarm_ros2_simulation/install/xarm7_aruco_pick:/home/azif/xarm_ros2_simulation/install/xarm_planner:/home/azif/xarm_ros2_simulation/install/xarm_moveit_servo:/home/azif/xarm_ros2_simulation/install/xarm_moveit_config:/home/azif/xarm_ros2_simulation/install/xarm_gazebo:/home/azif/xarm_ros2_simulation/install/xarm_controller:/home/azif/xarm_ros2_simulation/install/d435i_xarm_setup:/home/azif/xarm_ros2_simulation/install/xarm_api:/home/azif/xarm_ros2_simulation/install/xarm_sdk:/home/azif/xarm_ros2_simulation/install/xarm7_pipeline:/home/azif/xarm_ros2_simulation/install/xarm_msgs:/home/azif/xarm_ros2_simulation/install/xarm_moveit_interface:/home/azif/xarm_ros2_simulation/install/xarm_description:/home/azif/xarm_ros2_simulation/install/xarm7_pose_saver:/home/azif/xarm_ros2_simulation/install/realsense_gazebo_plugin:/home/azif/xarm_ros2_simulation/install/msg_gazebo:/home/azif/xarm_ros2_simulation/install/mbot_demo:/opt/ros/humble CMAKE_PREFIX_PATH=/home/azif/xarm_ros2_simulation/install/xarm_controller:/home/azif/xarm_ros2_simulation/install/xarm_api:/home/azif/xarm_ros2_simulation/install/xarm_sdk:/home/azif/xarm_ros2_simulation/install/xarm_msgs:/home/azif/xarm_ros2_simulation/install/xarm_description:/home/azif/xarm_ros2_simulation/install/xarm7_aruco_pick:/home/azif/xarm_ros2_simulation/install/xarm_planner:/home/azif/xarm_ros2_simulation/install/xarm_moveit_servo:/home/azif/xarm_ros2_simulation/install/xarm_moveit_config:/home/azif/xarm_ros2_simulation/install/xarm_gazebo:/home/azif/xarm_ros2_simulation/install/d435i_xarm_setup:/home/azif/xarm_ros2_simulation/install/xarm7_pipeline:/home/azif/xarm_ros2_simulation/install/xarm7_pose_saver:/home/azif/xarm_ros2_simulation/install/realsense_gazebo_plugin:/home/azif/xarm_ros2_simulation/install/xarm7_bringup:/home/azif/xarm_ros2_simulation/install/xarm_moveit_interface:/home/azif/xarm_ros2_simulation/install/uf_ros_lib:/opt/ros/humble:/home/azif/xarm_ros2_simulation/install/attach_detach:/home/azif/xarm_ros2_simulation/install/msg_gazebo:/home/azif/xarm_ros2_simulation/install/mbot_demo LD_LIBRARY_PATH=/home/azif/xarm_ros2_simulation/install/xarm_controller/lib:/home/azif/xarm_ros2_simulation/install/xarm_api/lib:/home/azif/xarm_ros2_simulation/install/xarm_sdk/lib:/home/azif/xarm_ros2_simulation/install/xarm_msgs/lib:/home/azif/xarm_ros2_simulation/install/xarm_planner/lib:/home/azif/xarm_ros2_simulation/install/xarm_moveit_servo/lib:/home/azif/xarm_ros2_simulation/install/xarm_gazebo/lib:/home/azif/xarm_ros2_simulation/install/realsense_gazebo_plugin/lib:/home/azif/xarm_ros2_simulation/install/attach_detach/lib:/home/azif/xarm_ros2_simulation/install/msg_gazebo/lib:/usr/lib/x86_64-linux-gnu/gazebo-11/plugins:/opt/ros/humble/opt/rviz_ogre_vendor/lib:/opt/ros/humble/lib/x86_64-linux-gnu:/opt/ros/humble/lib:/usr/share/gazebo-11/../../lib/x86_64-linux-gnu/gazebo-11/plugins PYTHONPATH=/home/azif/xarm_ros2_simulation/build/uf_ros_lib:/home/azif/xarm_ros2_simulation/install/uf_ros_lib/lib/python3.10/site-packages:/home/azif/xarm_ros2_simulation/build/xarm7_bringup:/home/azif/xarm_ros2_simulation/install/xarm7_bringup/lib/python3.10/site-packages:/home/azif/xarm_ros2_simulation/install/xarm_msgs/local/lib/python3.10/dist-packages:/home/azif/xarm_ros2_simulation/build/xarm_moveit_interface:/home/azif/xarm_ros2_simulation/install/xarm_moveit_interface/lib/python3.10/site-packages:/home/azif/xarm_ros2_simulation/install/msg_gazebo/local/lib/python3.10/dist-packages:/opt/ros/humble/lib/python3.10/site-packages:/opt/ros/humble/local/lib/python3.10/dist-packages /usr/bin/cmake --build /home/azif/xarm_ros2_simulation/build/xarm_gazebo -- -j16 -l16
[0.116s] [100%] Built target gazebo_mimic_joint_plugin
[0.133s] Invoked command in '/home/azif/xarm_ros2_simulation/build/xarm_gazebo' returned '0': AMENT_PREFIX_PATH=/home/azif/xarm_ros2_simulation/install/uf_ros_lib:/home/azif/xarm_ros2_simulation/install/xarm7_bringup:/home/azif/xarm_ros2_simulation/install/xarm7_aruco_pick:/home/azif/xarm_ros2_simulation/install/xarm_planner:/home/azif/xarm_ros2_simulation/install/xarm_moveit_servo:/home/azif/xarm_ros2_simulation/install/xarm_moveit_config:/home/azif/xarm_ros2_simulation/install/xarm_gazebo:/home/azif/xarm_ros2_simulation/install/xarm_controller:/home/azif/xarm_ros2_simulation/install/d435i_xarm_setup:/home/azif/xarm_ros2_simulation/install/xarm_api:/home/azif/xarm_ros2_simulation/install/xarm_sdk:/home/azif/xarm_ros2_simulation/install/xarm7_pipeline:/home/azif/xarm_ros2_simulation/install/xarm_msgs:/home/azif/xarm_ros2_simulation/install/xarm_moveit_interface:/home/azif/xarm_ros2_simulation/install/xarm_description:/home/azif/xarm_ros2_simulation/install/xarm7_pose_saver:/home/azif/xarm_ros2_simulation/install/realsense_gazebo_plugin:/home/azif/xarm_ros2_simulation/install/msg_gazebo:/home/azif/xarm_ros2_simulation/install/mbot_demo:/opt/ros/humble CMAKE_PREFIX_PATH=/home/azif/xarm_ros2_simulation/install/xarm_controller:/home/azif/xarm_ros2_simulation/install/xarm_api:/home/azif/xarm_ros2_simulation/install/xarm_sdk:/home/azif/xarm_ros2_simulation/install/xarm_msgs:/home/azif/xarm_ros2_simulation/install/xarm_description:/home/azif/xarm_ros2_simulation/install/xarm7_aruco_pick:/home/azif/xarm_ros2_simulation/install/xarm_planner:/home/azif/xarm_ros2_simulation/install/xarm_moveit_servo:/home/azif/xarm_ros2_simulation/install/xarm_moveit_config:/home/azif/xarm_ros2_simulation/install/xarm_gazebo:/home/azif/xarm_ros2_simulation/install/d435i_xarm_setup:/home/azif/xarm_ros2_simulation/install/xarm7_pipeline:/home/azif/xarm_ros2_simulation/install/xarm7_pose_saver:/home/azif/xarm_ros2_simulation/install/realsense_gazebo_plugin:/home/azif/xarm_ros2_simulation/install/xarm7_bringup:/home/azif/xarm_ros2_simulation/install/xarm_moveit_interface:/home/azif/xarm_ros2_simulation/install/uf_ros_lib:/opt/ros/humble:/home/azif/xarm_ros2_simulation/install/attach_detach:/home/azif/xarm_ros2_simulation/install/msg_gazebo:/home/azif/xarm_ros2_simulation/install/mbot_demo LD_LIBRARY_PATH=/home/azif/xarm_ros2_simulation/install/xarm_controller/lib:/home/azif/xarm_ros2_simulation/install/xarm_api/lib:/home/azif/xarm_ros2_simulation/install/xarm_sdk/lib:/home/azif/xarm_ros2_simulation/install/xarm_msgs/lib:/home/azif/xarm_ros2_simulation/install/xarm_planner/lib:/home/azif/xarm_ros2_simulation/install/xarm_moveit_servo/lib:/home/azif/xarm_ros2_simulation/install/xarm_gazebo/lib:/home/azif/xarm_ros2_simulation/install/realsense_gazebo_plugin/lib:/home/azif/xarm_ros2_simulation/install/attach_detach/lib:/home/azif/xarm_ros2_simulation/install/msg_gazebo/lib:/usr/lib/x86_64-linux-gnu/gazebo-11/plugins:/opt/ros/humble/opt/rviz_ogre_vendor/lib:/opt/ros/humble/lib/x86_64-linux-gnu:/opt/ros/humble/lib:/usr/share/gazebo-11/../../lib/x86_64-linux-gnu/gazebo-11/plugins PYTHONPATH=/home/azif/xarm_ros2_simulation/build/uf_ros_lib:/home/azif/xarm_ros2_simulation/install/uf_ros_lib/lib/python3.10/site-packages:/home/azif/xarm_ros2_simulation/build/xarm7_bringup:/home/azif/xarm_ros2_simulation/install/xarm7_bringup/lib/python3.10/site-packages:/home/azif/xarm_ros2_simulation/install/xarm_msgs/local/lib/python3.10/dist-packages:/home/azif/xarm_ros2_simulation/build/xarm_moveit_interface:/home/azif/xarm_ros2_simulation/install/xarm_moveit_interface/lib/python3.10/site-packages:/home/azif/xarm_ros2_simulation/install/msg_gazebo/local/lib/python3.10/dist-packages:/opt/ros/humble/lib/python3.10/site-packages:/opt/ros/humble/local/lib/python3.10/dist-packages /usr/bin/cmake --build /home/azif/xarm_ros2_simulation/build/xarm_gazebo -- -j16 -l16
[0.134s] Invoking command in '/home/azif/xarm_ros2_simulation/build/xarm_gazebo': AMENT_PREFIX_PATH=/home/azif/xarm_ros2_simulation/install/uf_ros_lib:/home/azif/xarm_ros2_simulation/install/xarm7_bringup:/home/azif/xarm_ros2_simulation/install/xarm7_aruco_pick:/home/azif/xarm_ros2_simulation/install/xarm_planner:/home/azif/xarm_ros2_simulation/install/xarm_moveit_servo:/home/azif/xarm_ros2_simulation/install/xarm_moveit_config:/home/azif/xarm_ros2_simulation/install/xarm_gazebo:/home/azif/xarm_ros2_simulation/install/xarm_controller:/home/azif/xarm_ros2_simulation/install/d435i_xarm_setup:/home/azif/xarm_ros2_simulation/install/xarm_api:/home/azif/xarm_ros2_simulation/install/xarm_sdk:/home/azif/xarm_ros2_simulation/install/xarm7_pipeline:/home/azif/xarm_ros2_simulation/install/xarm_msgs:/home/azif/xarm_ros2_simulation/install/xarm_moveit_interface:/home/azif/xarm_ros2_simulation/install/xarm_description:/home/azif/xarm_ros2_simulation/install/xarm7_pose_saver:/home/azif/xarm_ros2_simulation/install/realsense_gazebo_plugin:/home/azif/xarm_ros2_simulation/install/msg_gazebo:/home/azif/xarm_ros2_simulation/install/mbot_demo:/opt/ros/humble CMAKE_PREFIX_PATH=/home/azif/xarm_ros2_simulation/install/xarm_controller:/home/azif/xarm_ros2_simulation/install/xarm_api:/home/azif/xarm_ros2_simulation/install/xarm_sdk:/home/azif/xarm_ros2_simulation/install/xarm_msgs:/home/azif/xarm_ros2_simulation/install/xarm_description:/home/azif/xarm_ros2_simulation/install/xarm7_aruco_pick:/home/azif/xarm_ros2_simulation/install/xarm_planner:/home/azif/xarm_ros2_simulation/install/xarm_moveit_servo:/home/azif/xarm_ros2_simulation/install/xarm_moveit_config:/home/azif/xarm_ros2_simulation/install/xarm_gazebo:/home/azif/xarm_ros2_simulation/install/d435i_xarm_setup:/home/azif/xarm_ros2_simulation/install/xarm7_pipeline:/home/azif/xarm_ros2_simulation/install/xarm7_pose_saver:/home/azif/xarm_ros2_simulation/install/realsense_gazebo_plugin:/home/azif/xarm_ros2_simulation/install/xarm7_bringup:/home/azif/xarm_ros2_simulation/install/xarm_moveit_interface:/home/azif/xarm_ros2_simulation/install/uf_ros_lib:/opt/ros/humble:/home/azif/xarm_ros2_simulation/install/attach_detach:/home/azif/xarm_ros2_simulation/install/msg_gazebo:/home/azif/xarm_ros2_simulation/install/mbot_demo LD_LIBRARY_PATH=/home/azif/xarm_ros2_simulation/install/xarm_controller/lib:/home/azif/xarm_ros2_simulation/install/xarm_api/lib:/home/azif/xarm_ros2_simulation/install/xarm_sdk/lib:/home/azif/xarm_ros2_simulation/install/xarm_msgs/lib:/home/azif/xarm_ros2_simulation/install/xarm_planner/lib:/home/azif/xarm_ros2_simulation/install/xarm_moveit_servo/lib:/home/azif/xarm_ros2_simulation/install/xarm_gazebo/lib:/home/azif/xarm_ros2_simulation/install/realsense_gazebo_plugin/lib:/home/azif/xarm_ros2_simulation/install/attach_detach/lib:/home/azif/xarm_ros2_simulation/install/msg_gazebo/lib:/usr/lib/x86_64-linux-gnu/gazebo-11/plugins:/opt/ros/humble/opt/rviz_ogre_vendor/lib:/opt/ros/humble/lib/x86_64-linux-gnu:/opt/ros/humble/lib:/usr/share/gazebo-11/../../lib/x86_64-linux-gnu/gazebo-11/plugins PYTHONPATH=/home/azif/xarm_ros2_simulation/build/uf_ros_lib:/home/azif/xarm_ros2_simulation/install/uf_ros_lib/lib/python3.10/site-packages:/home/azif/xarm_ros2_simulation/build/xarm7_bringup:/home/azif/xarm_ros2_simulation/install/xarm7_bringup/lib/python3.10/site-packages:/home/azif/xarm_ros2_simulation/install/xarm_msgs/local/lib/python3.10/dist-packages:/home/azif/xarm_ros2_simulation/build/xarm_moveit_interface:/home/azif/xarm_ros2_simulation/install/xarm_moveit_interface/lib/python3.10/site-packages:/home/azif/xarm_ros2_simulation/install/msg_gazebo/local/lib/python3.10/dist-packages:/opt/ros/humble/lib/python3.10/site-packages:/opt/ros/humble/local/lib/python3.10/dist-packages /usr/bin/cmake --install /home/azif/xarm_ros2_simulation/build/xarm_gazebo
[0.143s] -- Install configuration: ""
[0.143s] -- Execute custom install script
[0.143s] -- Up-to-date symlink: /home/azif/xarm_ros2_simulation/install/xarm_gazebo/include/xarm_gazebo/mimic_joint_plugin.h
[0.143s] -- Up-to-date symlink: /home/azif/xarm_ros2_simulation/install/xarm_gazebo/lib/libgazebo_mimic_joint_plugin.so
[0.145s] -- Symlinking: /home/azif/xarm_ros2_simulation/install/xarm_gazebo/share/xarm_gazebo//worlds/docs/images/gzweb_aws_warehouse.png
[0.156s] -- Symlinking: /home/azif/xarm_ros2_simulation/install/xarm_gazebo/share/xarm_gazebo//worlds/docs/images/models_boxes.png
[0.166s] -- Symlinking: /home/azif/xarm_ros2_simulation/install/xarm_gazebo/share/xarm_gazebo//worlds/docs/images/models_buckets.png
[0.177s] -- Symlinking: /home/azif/xarm_ros2_simulation/install/xarm_gazebo/share/xarm_gazebo//worlds/docs/images/models_ceiling_lamp.png
[0.187s] -- Symlinking: /home/azif/xarm_ros2_simulation/install/xarm_gazebo/share/xarm_gazebo//worlds/docs/images/models_desk.png
[0.199s] -- Symlinking: /home/azif/xarm_ros2_simulation/install/xarm_gazebo/share/xarm_gazebo//worlds/docs/images/models_lift.png
[0.209s] -- Symlinking: /home/azif/xarm_ros2_simulation/install/xarm_gazebo/share/xarm_gazebo//worlds/docs/images/models_shelves.png
[0.220s] -- Symlinking: /home/azif/xarm_ros2_simulation/install/xarm_gazebo/share/xarm_gazebo//worlds/docs/images/models_trashcan.png
[0.231s] -- Symlinking: /home/azif/xarm_ros2_simulation/install/xarm_gazebo/share/xarm_gazebo//worlds/docs/images/models_warehouse_ground_paint.png
[0.242s] -- Symlinking: /home/azif/xarm_ros2_simulation/install/xarm_gazebo/share/xarm_gazebo//worlds/docs/images/small_warehouse_gazebo.png
[0.253s] -- Symlinking: /home/azif/xarm_ros2_simulation/install/xarm_gazebo/share/xarm_gazebo//worlds/launch/logistics_warehouse.launch
[0.264s] -- Symlinking: /home/azif/xarm_ros2_simulation/install/xarm_gazebo/share/xarm_gazebo//worlds/maps/002/map.pgm
[0.275s] -- Symlinking: /home/azif/xarm_ros2_simulation/install/xarm_gazebo/share/xarm_gazebo//worlds/maps/002/map.yaml
[0.285s] -- Symlinking: /home/azif/xarm_ros2_simulation/install/xarm_gazebo/share/xarm_gazebo//worlds/maps/005/map.pgm
[0.297s] -- Symlinking: /home/azif/xarm_ros2_simulation/install/xarm_gazebo/share/xarm_gazebo//worlds/maps/005/map.yaml
[0.308s] -- Symlinking: /home/azif/xarm_ros2_simulation/install/xarm_gazebo/share/xarm_gazebo//worlds/maps/005/map_rotated.pgm
[0.318s] -- Symlinking: /home/azif/xarm_ros2_simulation/install/xarm_gazebo/share/xarm_gazebo//worlds/maps/005/map_rotated.png
[0.329s] -- Symlinking: /home/azif/xarm_ros2_simulation/install/xarm_gazebo/share/xarm_gazebo//worlds/models/aws_robomaker_warehouse_ClutteringA_01/materials/textures/aws_robomaker_warehouse_ClutteringA_01.png
[0.339s] -- Symlinking: /home/azif/xarm_ros2_simulation/install/xarm_gazebo/share/xarm_gazebo//worlds/models/aws_robomaker_warehouse_ClutteringA_01/materials/textures/aws_robomaker_warehouse_ClutteringA_02.png
[0.350s] -- Symlinking: /home/azif/xarm_ros2_simulation/install/xarm_gazebo/share/xarm_gazebo//worlds/models/aws_robomaker_warehouse_ClutteringA_01/materials/textures/aws_robomaker_warehouse_ClutteringA_03.png
[0.361s] -- Symlinking: /home/azif/xarm_ros2_simulation/install/xarm_gazebo/share/xarm_gazebo//worlds/models/aws_robomaker_warehouse_ClutteringA_01/meshes/aws_robomaker_warehouse_ClutteringA_01_collision.DAE
[0.371s] -- Symlinking: /home/azif/xarm_ros2_simulation/install/xarm_gazebo/share/xarm_gazebo//worlds/models/aws_robomaker_warehouse_ClutteringA_01/meshes/aws_robomaker_warehouse_ClutteringA_01_visual.DAE
[0.382s] -- Symlinking: /home/azif/xarm_ros2_simulation/install/xarm_gazebo/share/xarm_gazebo//worlds/models/aws_robomaker_warehouse_ClutteringA_01/model.config
[0.394s] -- Symlinking: /home/azif/xarm_ros2_simulation/install/xarm_gazebo/share/xarm_gazebo//worlds/models/aws_robomaker_warehouse_ClutteringA_01/model.sdf
[0.407s] -- Symlinking: /home/azif/xarm_ros2_simulation/install/xarm_gazebo/share/xarm_gazebo//worlds/models/aws_robomaker_warehouse_ClutteringC_01/materials/textures/aws_robomaker_warehouse_ClutteringC_01.png
[0.423s] -- Symlinking: /home/azif/xarm_ros2_simulation/install/xarm_gazebo/share/xarm_gazebo//worlds/models/aws_robomaker_warehouse_ClutteringC_01/materials/textures/aws_robomaker_warehouse_ClutteringC_02.png
[0.436s] -- Symlinking: /home/azif/xarm_ros2_simulation/install/xarm_gazebo/share/xarm_gazebo//worlds/models/aws_robomaker_warehouse_ClutteringC_01/meshes/aws_robomaker_warehouse_ClutteringC_01_collision.DAE
[0.446s] -- Symlinking: /home/azif/xarm_ros2_simulation/install/xarm_gazebo/share/xarm_gazebo//worlds/models/aws_robomaker_warehouse_ClutteringC_01/meshes/aws_robomaker_warehouse_ClutteringC_01_visual.DAE
[0.457s] -- Symlinking: /home/azif/xarm_ros2_simulation/install/xarm_gazebo/share/xarm_gazebo//worlds/models/aws_robomaker_warehouse_ClutteringC_01/model.config
[0.468s] -- Symlinking: /home/azif/xarm_ros2_simulation/install/xarm_gazebo/share/xarm_gazebo//worlds/models/aws_robomaker_warehouse_ClutteringC_01/model.sdf
[0.478s] -- Symlinking: /home/azif/xarm_ros2_simulation/install/xarm_gazebo/share/xarm_gazebo//worlds/models/aws_robomaker_warehouse_ClutteringD_01/materials/textures/aws_robomaker_warehouse_ClutteringD_01.png
[0.489s] -- Symlinking: /home/azif/xarm_ros2_simulation/install/xarm_gazebo/share/xarm_gazebo//worlds/models/aws_robomaker_warehouse_ClutteringD_01/materials/textures/aws_robomaker_warehouse_ClutteringD_02.png
[0.501s] -- Symlinking: /home/azif/xarm_ros2_simulation/install/xarm_gazebo/share/xarm_gazebo//worlds/models/aws_robomaker_warehouse_ClutteringD_01/meshes/aws_robomaker_warehouse_ClutteringD_01_collision.DAE
[0.514s] -- Symlinking: /home/azif/xarm_ros2_simulation/install/xarm_gazebo/share/xarm_gazebo//worlds/models/aws_robomaker_warehouse_ClutteringD_01/meshes/aws_robomaker_warehouse_ClutteringD_01_visual.DAE
[0.525s] -- Symlinking: /home/azif/xarm_ros2_simulation/install/xarm_gazebo/share/xarm_gazebo//worlds/models/aws_robomaker_warehouse_ClutteringD_01/model.config
[0.536s] -- Symlinking: /home/azif/xarm_ros2_simulation/install/xarm_gazebo/share/xarm_gazebo//worlds/models/aws_robomaker_warehouse_ClutteringD_01/model.sdf
[0.546s] -- Symlinking: /home/azif/xarm_ros2_simulation/install/xarm_gazebo/share/xarm_gazebo//worlds/models/aws_robomaker_warehouse_DeskC_01/materials/textures/aws_robomaker_warehouse_DeskC_01.png
[0.558s] -- Symlinking: /home/azif/xarm_ros2_simulation/install/xarm_gazebo/share/xarm_gazebo//worlds/models/aws_robomaker_warehouse_DeskC_01/materials/textures/aws_robomaker_warehouse_DeskC_02.png
[0.569s] -- Symlinking: /home/azif/xarm_ros2_simulation/install/xarm_gazebo/share/xarm_gazebo//worlds/models/aws_robomaker_warehouse_DeskC_01/materials/textures/aws_robomaker_warehouse_DeskC_03.png
[0.579s] -- Symlinking: /home/azif/xarm_ros2_simulation/install/xarm_gazebo/share/xarm_gazebo//worlds/models/aws_robomaker_warehouse_DeskC_01/materials/textures/aws_robomaker_warehouse_DeskC_03.psd
[0.590s] -- Symlinking: /home/azif/xarm_ros2_simulation/install/xarm_gazebo/share/xarm_gazebo//worlds/models/aws_robomaker_warehouse_DeskC_01/materials/textures/aws_robomaker_warehouse_DeskC_04.png
[0.600s] -- Symlinking: /home/azif/xarm_ros2_simulation/install/xarm_gazebo/share/xarm_gazebo//worlds/models/aws_robomaker_warehouse_DeskC_01/meshes/aws_robomaker_warehouse_DeskC_01_collision.DAE
[0.610s] -- Symlinking: /home/azif/xarm_ros2_simulation/install/xarm_gazebo/share/xarm_gazebo//worlds/models/aws_robomaker_warehouse_DeskC_01/meshes/aws_robomaker_warehouse_DeskC_01_visual.DAE
[0.621s] -- Symlinking: /home/azif/xarm_ros2_simulation/install/xarm_gazebo/share/xarm_gazebo//worlds/models/aws_robomaker_warehouse_DeskC_01/model.config
[0.632s] -- Symlinking: /home/azif/xarm_ros2_simulation/install/xarm_gazebo/share/xarm_gazebo//worlds/models/aws_robomaker_warehouse_DeskC_01/model.sdf
[0.643s] -- Symlinking: /home/azif/xarm_ros2_simulation/install/xarm_gazebo/share/xarm_gazebo//worlds/models/aws_robomaker_warehouse_GroundB_01/materials/textures/aws_robomaker_warehouse_GroundB_01.png
[0.654s] -- Symlinking: /home/azif/xarm_ros2_simulation/install/xarm_gazebo/share/xarm_gazebo//worlds/models/aws_robomaker_warehouse_GroundB_01/materials/textures/aws_robomaker_warehouse_GroundB_02.png
[0.664s] -- Symlinking: /home/azif/xarm_ros2_simulation/install/xarm_gazebo/share/xarm_gazebo//worlds/models/aws_robomaker_warehouse_GroundB_01/meshes/aws_robomaker_warehouse_GroundB_01_collision.DAE
[0.675s] -- Symlinking: /home/azif/xarm_ros2_simulation/install/xarm_gazebo/share/xarm_gazebo//worlds/models/aws_robomaker_warehouse_GroundB_01/meshes/aws_robomaker_warehouse_GroundB_01_visual.DAE
[0.685s] -- Symlinking: /home/azif/xarm_ros2_simulation/install/xarm_gazebo/share/xarm_gazebo//worlds/models/aws_robomaker_warehouse_GroundB_01/model.config
[0.697s] -- Symlinking: /home/azif/xarm_ros2_simulation/install/xarm_gazebo/share/xarm_gazebo//worlds/models/aws_robomaker_warehouse_GroundB_01/model.sdf
[0.709s] -- Symlinking: /home/azif/xarm_ros2_simulation/install/xarm_gazebo/share/xarm_gazebo//worlds/models/aws_robomaker_warehouse_Lamp_01/materials/textures/aws_robomaker_warehouse_Lamp_01.png
[0.723s] -- Symlinking: /home/azif/xarm_ros2_simulation/install/xarm_gazebo/share/xarm_gazebo//worlds/models/aws_robomaker_warehouse_Lamp_01/meshes/aws_robomaker_warehouse_Lamp_01_collision.DAE
[0.735s] -- Symlinking: /home/azif/xarm_ros2_simulation/install/xarm_gazebo/share/xarm_gazebo//worlds/models/aws_robomaker_warehouse_Lamp_01/meshes/aws_robomaker_warehouse_Lamp_01_visual.DAE
[0.747s] -- Symlinking: /home/azif/xarm_ros2_simulation/install/xarm_gazebo/share/xarm_gazebo//worlds/models/aws_robomaker_warehouse_Lamp_01/model.config
[0.757s] -- Symlinking: /home/azif/xarm_ros2_simulation/install/xarm_gazebo/share/xarm_gazebo//worlds/models/aws_robomaker_warehouse_Lamp_01/model.sdf
[0.770s] -- Symlinking: /home/azif/xarm_ros2_simulation/install/xarm_gazebo/share/xarm_gazebo//worlds/models/aws_robomaker_warehouse_PalletJackB_01/materials/textures/aws_robomaker_warehouse_PalletJackB_01.png
[0.782s] -- Symlinking: /home/azif/xarm_ros2_simulation/install/xarm_gazebo/share/xarm_gazebo//worlds/models/aws_robomaker_warehouse_PalletJackB_01/materials/textures/aws_robomaker_warehouse_PalletJackB_02.png
[0.794s] -- Symlinking: /home/azif/xarm_ros2_simulation/install/xarm_gazebo/share/xarm_gazebo//worlds/models/aws_robomaker_warehouse_PalletJackB_01/meshes/aws_robomaker_warehouse_PalletJackB_01_collision.DAE
[0.806s] -- Symlinking: /home/azif/xarm_ros2_simulation/install/xarm_gazebo/share/xarm_gazebo//worlds/models/aws_robomaker_warehouse_PalletJackB_01/meshes/aws_robomaker_warehouse_PalletJackB_01_visual.DAE
[0.818s] -- Symlinking: /home/azif/xarm_ros2_simulation/install/xarm_gazebo/share/xarm_gazebo//worlds/models/aws_robomaker_warehouse_PalletJackB_01/model.config
[0.829s] -- Symlinking: /home/azif/xarm_ros2_simulation/install/xarm_gazebo/share/xarm_gazebo//worlds/models/aws_robomaker_warehouse_PalletJackB_01/model.sdf
[0.842s] -- Symlinking: /home/azif/xarm_ros2_simulation/install/xarm_gazebo/share/xarm_gazebo//worlds/models/aws_robomaker_warehouse_RoofB_01/materials/textures/aws_robomaker_warehouse_RoofB_01.png
[0.852s] -- Symlinking: /home/azif/xarm_ros2_simulation/install/xarm_gazebo/share/xarm_gazebo//worlds/models/aws_robomaker_warehouse_RoofB_01/meshes/aws_robomaker_warehouse_RoofB_01_collision.DAE
[0.862s] -- Symlinking: /home/azif/xarm_ros2_simulation/install/xarm_gazebo/share/xarm_gazebo//worlds/models/aws_robomaker_warehouse_RoofB_01/meshes/aws_robomaker_warehouse_RoofB_01_visual.DAE
[0.872s] -- Symlinking: /home/azif/xarm_ros2_simulation/install/xarm_gazebo/share/xarm_gazebo//worlds/models/aws_robomaker_warehouse_RoofB_01/model.config
[0.883s] -- Symlinking: /home/azif/xarm_ros2_simulation/install/xarm_gazebo/share/xarm_gazebo//worlds/models/aws_robomaker_warehouse_RoofB_01/model.sdf
[0.893s] -- Symlinking: /home/azif/xarm_ros2_simulation/install/xarm_gazebo/share/xarm_gazebo//worlds/models/aws_robomaker_warehouse_ShelfD_01/materials/textures/aws_robomaker_warehouse_ShelfD_01.png
[0.904s] -- Symlinking: /home/azif/xarm_ros2_simulation/install/xarm_gazebo/share/xarm_gazebo//worlds/models/aws_robomaker_warehouse_ShelfD_01/materials/textures/aws_robomaker_warehouse_ShelfD_02.png
[0.914s] -- Symlinking: /home/azif/xarm_ros2_simulation/install/xarm_gazebo/share/xarm_gazebo//worlds/models/aws_robomaker_warehouse_ShelfD_01/materials/textures/aws_robomaker_warehouse_ShelfD_03.png
[0.925s] -- Symlinking: /home/azif/xarm_ros2_simulation/install/xarm_gazebo/share/xarm_gazebo//worlds/models/aws_robomaker_warehouse_ShelfD_01/materials/textures/aws_robomaker_warehouse_ShelfD_04.png
[0.935s] -- Symlinking: /home/azif/xarm_ros2_simulation/install/xarm_gazebo/share/xarm_gazebo//worlds/models/aws_robomaker_warehouse_ShelfD_01/model.config
[0.947s] -- Symlinking: /home/azif/xarm_ros2_simulation/install/xarm_gazebo/share/xarm_gazebo//worlds/models/aws_robomaker_warehouse_ShelfD_01/model.sdf
[0.958s] -- Symlinking: /home/azif/xarm_ros2_simulation/install/xarm_gazebo/share/xarm_gazebo//worlds/models/aws_robomaker_warehouse_ShelfE_01/materials/textures/aws_robomaker_warehouse_ShelfE_01.png
[0.968s] -- Symlinking: /home/azif/xarm_ros2_simulation/install/xarm_gazebo/share/xarm_gazebo//worlds/models/aws_robomaker_warehouse_ShelfE_01/materials/textures/aws_robomaker_warehouse_ShelfE_02.png
[0.979s] -- Symlinking: /home/azif/xarm_ros2_simulation/install/xarm_gazebo/share/xarm_gazebo//worlds/models/aws_robomaker_warehouse_ShelfE_01/materials/textures/aws_robomaker_warehouse_ShelfE_03.png
[0.991s] -- Symlinking: /home/azif/xarm_ros2_simulation/install/xarm_gazebo/share/xarm_gazebo//worlds/models/aws_robomaker_warehouse_ShelfE_01/materials/textures/aws_robomaker_warehouse_ShelfE_04.png
[1.003s] -- Symlinking: /home/azif/xarm_ros2_simulation/install/xarm_gazebo/share/xarm_gazebo//worlds/models/aws_robomaker_warehouse_ShelfE_01/meshes/aws_robomaker_warehouse_ShelfE_01_collision.DAE
[1.013s] -- Symlinking: /home/azif/xarm_ros2_simulation/install/xarm_gazebo/share/xarm_gazebo//worlds/models/aws_robomaker_warehouse_ShelfE_01/meshes/aws_robomaker_warehouse_ShelfE_01_visual.DAE
[1.023s] -- Symlinking: /home/azif/xarm_ros2_simulation/install/xarm_gazebo/share/xarm_gazebo//worlds/models/aws_robomaker_warehouse_ShelfE_01/model.config
[1.033s] -- Symlinking: /home/azif/xarm_ros2_simulation/install/xarm_gazebo/share/xarm_gazebo//worlds/models/aws_robomaker_warehouse_ShelfE_01/model.sdf
[1.044s] -- Symlinking: /home/azif/xarm_ros2_simulation/install/xarm_gazebo/share/xarm_gazebo//worlds/models/aws_robomaker_warehouse_ShelfF_01/materials/textures/aws_robomaker_warehouse_ShelfF_01.png
[1.054s] -- Symlinking: /home/azif/xarm_ros2_simulation/install/xarm_gazebo/share/xarm_gazebo//worlds/models/aws_robomaker_warehouse_ShelfF_01/materials/textures/aws_robomaker_warehouse_ShelfF_02.png
[1.065s] -- Symlinking: /home/azif/xarm_ros2_simulation/install/xarm_gazebo/share/xarm_gazebo//worlds/models/aws_robomaker_warehouse_ShelfF_01/materials/textures/aws_robomaker_warehouse_ShelfF_03.png
[1.076s] -- Symlinking: /home/azif/xarm_ros2_simulation/install/xarm_gazebo/share/xarm_gazebo//worlds/models/aws_robomaker_warehouse_ShelfF_01/meshes/aws_robomaker_warehouse_ShelfF_01_collision.DAE
[1.087s] -- Symlinking: /home/azif/xarm_ros2_simulation/install/xarm_gazebo/share/xarm_gazebo//worlds/models/aws_robomaker_warehouse_ShelfF_01/meshes/aws_robomaker_warehouse_ShelfF_01_visual.DAE
[1.099s] -- Symlinking: /home/azif/xarm_ros2_simulation/install/xarm_gazebo/share/xarm_gazebo//worlds/models/aws_robomaker_warehouse_ShelfF_01/model.config
[1.109s] -- Symlinking: /home/azif/xarm_ros2_simulation/install/xarm_gazebo/share/xarm_gazebo//worlds/models/aws_robomaker_warehouse_ShelfF_01/model.sdf
[1.120s] -- Symlinking: /home/azif/xarm_ros2_simulation/install/xarm_gazebo/share/xarm_gazebo//worlds/models/aws_robomaker_warehouse_TrashCanC_01/materials/textures/aws_robomaker_warehouse_TrashCanC_01.png
[1.133s] -- Symlinking: /home/azif/xarm_ros2_simulation/install/xarm_gazebo/share/xarm_gazebo//worlds/models/aws_robomaker_warehouse_TrashCanC_01/meshes/aws_robomaker_warehouse_TrashCanC_01_collision.DAE
[1.144s] -- Symlinking: /home/azif/xarm_ros2_simulation/install/xarm_gazebo/share/xarm_gazebo//worlds/models/aws_robomaker_warehouse_TrashCanC_01/meshes/aws_robomaker_warehouse_TrashCanC_01_visual.DAE
[1.154s] -- Symlinking: /home/azif/xarm_ros2_simulation/install/xarm_gazebo/share/xarm_gazebo//worlds/models/aws_robomaker_warehouse_TrashCanC_01/model.config
[1.165s] -- Symlinking: /home/azif/xarm_ros2_simulation/install/xarm_gazebo/share/xarm_gazebo//worlds/models/aws_robomaker_warehouse_TrashCanC_01/model.sdf
[1.175s] -- Symlinking: /home/azif/xarm_ros2_simulation/install/xarm_gazebo/share/xarm_gazebo//worlds/models/aws_robomaker_warehouse_WallB_01/materials/textures/aws_robomaker_warehouse_WallB_01.png
[1.187s] -- Symlinking: /home/azif/xarm_ros2_simulation/install/xarm_gazebo/share/xarm_gazebo//worlds/models/aws_robomaker_warehouse_WallB_01/meshes/aws_robomaker_warehouse_WallB_01_collision.DAE
[1.198s] -- Symlinking: /home/azif/xarm_ros2_simulation/install/xarm_gazebo/share/xarm_gazebo//worlds/models/aws_robomaker_warehouse_WallB_01/meshes/aws_robomaker_warehouse_WallB_01_visual.DAE
[1.209s] -- Symlinking: /home/azif/xarm_ros2_simulation/install/xarm_gazebo/share/xarm_gazebo//worlds/models/aws_robomaker_warehouse_WallB_01/model.config
[1.219s] -- Symlinking: /home/azif/xarm_ros2_simulation/install/xarm_gazebo/share/xarm_gazebo//worlds/models/aws_robomaker_warehouse_WallB_01/model.sdf
[1.229s] -- Symlinking: /home/azif/xarm_ros2_simulation/install/xarm_gazebo/share/xarm_gazebo//worlds/modelss/box_1/meshes/aruco_tag.jpg
[1.239s] -- Symlinking: /home/azif/xarm_ros2_simulation/install/xarm_gazebo/share/xarm_gazebo//worlds/modelss/box_1/meshes/box.dae
[1.250s] -- Symlinking: /home/azif/xarm_ros2_simulation/install/xarm_gazebo/share/xarm_gazebo//worlds/modelss/box_1/meshes/box__bg.png
[1.259s] -- Symlinking: /home/azif/xarm_ros2_simulation/install/xarm_gazebo/share/xarm_gazebo//worlds/modelss/box_1/meshes/cardboard_bg.png
[1.269s] -- Symlinking: /home/azif/xarm_ros2_simulation/install/xarm_gazebo/share/xarm_gazebo//worlds/modelss/box_1/model.config
[1.279s] -- Symlinking: /home/azif/xarm_ros2_simulation/install/xarm_gazebo/share/xarm_gazebo//worlds/modelss/box_1/model.sdf
[1.291s] -- Symlinking: /home/azif/xarm_ros2_simulation/install/xarm_gazebo/share/xarm_gazebo//worlds/modelss/box_2/meshes/aruco_tag.jpg
[1.302s] -- Symlinking: /home/azif/xarm_ros2_simulation/install/xarm_gazebo/share/xarm_gazebo//worlds/modelss/box_2/meshes/box.dae
[1.313s] -- Symlinking: /home/azif/xarm_ros2_simulation/install/xarm_gazebo/share/xarm_gazebo//worlds/modelss/box_2/meshes/box__bg.png
[1.323s] -- Symlinking: /home/azif/xarm_ros2_simulation/install/xarm_gazebo/share/xarm_gazebo//worlds/modelss/box_2/meshes/cardboard_bg.png
[1.333s] -- Symlinking: /home/azif/xarm_ros2_simulation/install/xarm_gazebo/share/xarm_gazebo//worlds/modelss/box_2/model.config
[1.344s] -- Symlinking: /home/azif/xarm_ros2_simulation/install/xarm_gazebo/share/xarm_gazebo//worlds/modelss/box_2/model.sdf
[1.354s] -- Symlinking: /home/azif/xarm_ros2_simulation/install/xarm_gazebo/share/xarm_gazebo//worlds/modelss/shelf/model.config
[1.365s] -- Symlinking: /home/azif/xarm_ros2_simulation/install/xarm_gazebo/share/xarm_gazebo//worlds/modelss/shelf/model.sdf
[1.374s] -- Symlinking: /home/azif/xarm_ros2_simulation/install/xarm_gazebo/share/xarm_gazebo//worlds/modelss/turtlebot3_house/model.config
[1.384s] -- Symlinking: /home/azif/xarm_ros2_simulation/install/xarm_gazebo/share/xarm_gazebo//worlds/modelss/turtlebot3_house/model.sdf
[1.395s] -- Up-to-date symlink: /home/azif/xarm_ros2_simulation/install/xarm_gazebo/share/xarm_gazebo//worlds/table.world
[1.395s] -- Symlinking: /home/azif/xarm_ros2_simulation/install/xarm_gazebo/share/xarm_gazebo//worlds/worlds/warehouse.world
[1.405s] -- Up-to-date symlink: /home/azif/xarm_ros2_simulation/install/xarm_gazebo/share/xarm_gazebo//launch/_dual_robot_beside_table_gazebo.launch.py
[1.405s] -- Up-to-date symlink: /home/azif/xarm_ros2_simulation/install/xarm_gazebo/share/xarm_gazebo//launch/_robot_beside_table_gazebo.launch.py
[1.405s] -- Up-to-date symlink: /home/azif/xarm_ros2_simulation/install/xarm_gazebo/share/xarm_gazebo//launch/_robot_beside_table_ignition.launch.py
[1.406s] -- Up-to-date symlink: /home/azif/xarm_ros2_simulation/install/xarm_gazebo/share/xarm_gazebo//launch/lite6_beside_table_gazebo.launch.py
[1.406s] -- Up-to-date symlink: /home/azif/xarm_ros2_simulation/install/xarm_gazebo/share/xarm_gazebo//launch/uf850_beside_table_gazebo.launch.py
[1.406s] -- Up-to-date symlink: /home/azif/xarm_ros2_simulation/install/xarm_gazebo/share/xarm_gazebo//launch/xarm5_beside_table_gazebo.launch.py
[1.406s] -- Up-to-date symlink: /home/azif/xarm_ros2_simulation/install/xarm_gazebo/share/xarm_gazebo//launch/xarm6_beside_table_gazebo.launch.py
[1.406s] -- Up-to-date symlink: /home/azif/xarm_ros2_simulation/install/xarm_gazebo/share/xarm_gazebo//launch/xarm7_beside_table_gazebo.launch.py
[1.406s] -- Up-to-date symlink: /home/azif/xarm_ros2_simulation/install/xarm_gazebo/share/xarm_gazebo//launch/xarm7_mirror_beside_table_gazebo.launch.py
[1.406s] -- Up-to-date symlink: /home/azif/xarm_ros2_simulation/install/xarm_gazebo/share/ament_index/resource_index/package_run_dependencies/xarm_gazebo
[1.406s] -- Up-to-date symlink: /home/azif/xarm_ros2_simulation/install/xarm_gazebo/share/ament_index/resource_index/parent_prefix_path/xarm_gazebo
[1.406s] -- Up-to-date symlink: /home/azif/xarm_ros2_simulation/install/xarm_gazebo/share/xarm_gazebo/environment/ament_prefix_path.sh
[1.406s] -- Up-to-date symlink: /home/azif/xarm_ros2_simulation/install/xarm_gazebo/share/xarm_gazebo/environment/ament_prefix_path.dsv
[1.406s] -- Up-to-date symlink: /home/azif/xarm_ros2_simulation/install/xarm_gazebo/share/xarm_gazebo/environment/path.sh
[1.407s] -- Up-to-date symlink: /home/azif/xarm_ros2_simulation/install/xarm_gazebo/share/xarm_gazebo/environment/path.dsv
[1.407s] -- Up-to-date symlink: /home/azif/xarm_ros2_simulation/install/xarm_gazebo/share/xarm_gazebo/local_setup.bash
[1.407s] -- Up-to-date symlink: /home/azif/xarm_ros2_simulation/install/xarm_gazebo/share/xarm_gazebo/local_setup.sh
[1.407s] -- Up-to-date symlink: /home/azif/xarm_ros2_simulation/install/xarm_gazebo/share/xarm_gazebo/local_setup.zsh
[1.407s] -- Up-to-date symlink: /home/azif/xarm_ros2_simulation/install/xarm_gazebo/share/xarm_gazebo/local_setup.dsv
[1.407s] -- Symlinking: /home/azif/xarm_ros2_simulation/install/xarm_gazebo/share/xarm_gazebo/package.dsv
[1.418s] -- Up-to-date symlink: /home/azif/xarm_ros2_simulation/install/xarm_gazebo/share/ament_index/resource_index/packages/xarm_gazebo
[1.418s] -- Up-to-date symlink: /home/azif/xarm_ros2_simulation/install/xarm_gazebo/share/xarm_gazebo/cmake/xarm_gazeboConfig.cmake
[1.418s] -- Up-to-date symlink: /home/azif/xarm_ros2_simulation/install/xarm_gazebo/share/xarm_gazebo/cmake/xarm_gazeboConfig-version.cmake
[1.418s] -- Up-to-date symlink: /home/azif/xarm_ros2_simulation/install/xarm_gazebo/share/xarm_gazebo/package.xml
[1.421s] Invoked command in '/home/azif/xarm_ros2_simulation/build/xarm_gazebo' returned '0': AMENT_PREFIX_PATH=/home/azif/xarm_ros2_simulation/install/uf_ros_lib:/home/azif/xarm_ros2_simulation/install/xarm7_bringup:/home/azif/xarm_ros2_simulation/install/xarm7_aruco_pick:/home/azif/xarm_ros2_simulation/install/xarm_planner:/home/azif/xarm_ros2_simulation/install/xarm_moveit_servo:/home/azif/xarm_ros2_simulation/install/xarm_moveit_config:/home/azif/xarm_ros2_simulation/install/xarm_gazebo:/home/azif/xarm_ros2_simulation/install/xarm_controller:/home/azif/xarm_ros2_simulation/install/d435i_xarm_setup:/home/azif/xarm_ros2_simulation/install/xarm_api:/home/azif/xarm_ros2_simulation/install/xarm_sdk:/home/azif/xarm_ros2_simulation/install/xarm7_pipeline:/home/azif/xarm_ros2_simulation/install/xarm_msgs:/home/azif/xarm_ros2_simulation/install/xarm_moveit_interface:/home/azif/xarm_ros2_simulation/install/xarm_description:/home/azif/xarm_ros2_simulation/install/xarm7_pose_saver:/home/azif/xarm_ros2_simulation/install/realsense_gazebo_plugin:/home/azif/xarm_ros2_simulation/install/msg_gazebo:/home/azif/xarm_ros2_simulation/install/mbot_demo:/opt/ros/humble CMAKE_PREFIX_PATH=/home/azif/xarm_ros2_simulation/install/xarm_controller:/home/azif/xarm_ros2_simulation/install/xarm_api:/home/azif/xarm_ros2_simulation/install/xarm_sdk:/home/azif/xarm_ros2_simulation/install/xarm_msgs:/home/azif/xarm_ros2_simulation/install/xarm_description:/home/azif/xarm_ros2_simulation/install/xarm7_aruco_pick:/home/azif/xarm_ros2_simulation/install/xarm_planner:/home/azif/xarm_ros2_simulation/install/xarm_moveit_servo:/home/azif/xarm_ros2_simulation/install/xarm_moveit_config:/home/azif/xarm_ros2_simulation/install/xarm_gazebo:/home/azif/xarm_ros2_simulation/install/d435i_xarm_setup:/home/azif/xarm_ros2_simulation/install/xarm7_pipeline:/home/azif/xarm_ros2_simulation/install/xarm7_pose_saver:/home/azif/xarm_ros2_simulation/install/realsense_gazebo_plugin:/home/azif/xarm_ros2_simulation/install/xarm7_bringup:/home/azif/xarm_ros2_simulation/install/xarm_moveit_interface:/home/azif/xarm_ros2_simulation/install/uf_ros_lib:/opt/ros/humble:/home/azif/xarm_ros2_simulation/install/attach_detach:/home/azif/xarm_ros2_simulation/install/msg_gazebo:/home/azif/xarm_ros2_simulation/install/mbot_demo LD_LIBRARY_PATH=/home/azif/xarm_ros2_simulation/install/xarm_controller/lib:/home/azif/xarm_ros2_simulation/install/xarm_api/lib:/home/azif/xarm_ros2_simulation/install/xarm_sdk/lib:/home/azif/xarm_ros2_simulation/install/xarm_msgs/lib:/home/azif/xarm_ros2_simulation/install/xarm_planner/lib:/home/azif/xarm_ros2_simulation/install/xarm_moveit_servo/lib:/home/azif/xarm_ros2_simulation/install/xarm_gazebo/lib:/home/azif/xarm_ros2_simulation/install/realsense_gazebo_plugin/lib:/home/azif/xarm_ros2_simulation/install/attach_detach/lib:/home/azif/xarm_ros2_simulation/install/msg_gazebo/lib:/usr/lib/x86_64-linux-gnu/gazebo-11/plugins:/opt/ros/humble/opt/rviz_ogre_vendor/lib:/opt/ros/humble/lib/x86_64-linux-gnu:/opt/ros/humble/lib:/usr/share/gazebo-11/../../lib/x86_64-linux-gnu/gazebo-11/plugins PYTHONPATH=/home/azif/xarm_ros2_simulation/build/uf_ros_lib:/home/azif/xarm_ros2_simulation/install/uf_ros_lib/lib/python3.10/site-packages:/home/azif/xarm_ros2_simulation/build/xarm7_bringup:/home/azif/xarm_ros2_simulation/install/xarm7_bringup/lib/python3.10/site-packages:/home/azif/xarm_ros2_simulation/install/xarm_msgs/local/lib/python3.10/dist-packages:/home/azif/xarm_ros2_simulation/build/xarm_moveit_interface:/home/azif/xarm_ros2_simulation/install/xarm_moveit_interface/lib/python3.10/site-packages:/home/azif/xarm_ros2_simulation/install/msg_gazebo/local/lib/python3.10/dist-packages:/opt/ros/humble/lib/python3.10/site-packages:/opt/ros/humble/local/lib/python3.10/dist-packages /usr/bin/cmake --install /home/azif/xarm_ros2_simulation/build/xarm_gazebo
