[0.034s] Invoking command in '/home/azif/xarm_ros2_simulation/build/xarm_sdk': CMAKE_PREFIX_PATH=/opt/ros/humble /usr/bin/cmake /home/azif/xarm_ros2_simulation/xarm_sdk -DAMENT_CMAKE_SYMLINK_INSTALL=1 -DCMAKE_INSTALL_PREFIX=/home/azif/xarm_ros2_simulation/install/xarm_sdk
[0.276s] -- The C compiler identification is GNU 11.4.0
[0.276s] -- The CXX compiler identification is GNU 11.4.0
[0.277s] -- Detecting C compiler ABI info
[0.338s] -- Detecting C compiler ABI info - done
[0.344s] -- Check for working C compiler: /usr/bin/cc - skipped
[0.344s] -- Detecting C compile features
[0.344s] -- Detecting C compile features - done
[0.348s] -- Detecting CXX compiler ABI info
[0.431s] -- Detecting CXX compiler ABI info - done
[0.437s] -- Check for working CXX compiler: /usr/bin/c++ - skipped
[0.438s] -- Detecting CXX compile features
[0.438s] -- Detecting CXX compile features - done
[0.445s] -- Found ament_cmake: 1.3.11 (/opt/ros/humble/share/ament_cmake/cmake)
[0.601s] -- Found Python3: /usr/bin/python3 (found version "3.10.12") found components: Interpreter 
[0.676s] -- Override CMake install command with custom implementation using symlinks instead of copying resources
[0.722s] -- Found ament_lint_auto: 0.12.11 (/opt/ros/humble/share/ament_lint_auto/cmake)
[0.823s] -- Added test 'copyright' to check source files copyright and LICENSE
[0.848s] -- Added test 'cppcheck' to perform static code analysis on C / C++ code
[0.848s] -- Configured cppcheck include dirs: /home/azif/xarm_ros2_simulation/xarm_sdk/cxx/include
[0.848s] -- Configured cppcheck exclude dirs and/or files: 
[0.861s] -- Added test 'cpplint' to check C / C++ code against the Google style
[0.862s] -- Configured cpplint exclude dirs and/or files: 
[0.867s] -- Added test 'lint_cmake' to check CMake code style
[0.881s] -- Added test 'uncrustify' to check C / C++ code style
[0.881s] -- Configured uncrustify additional arguments: 
[0.883s] -- Added test 'xmllint' to check XML markup files
[0.886s] -- Configuring done
[0.893s] -- Generating done
[0.895s] -- Build files have been written to: /home/azif/xarm_ros2_simulation/build/xarm_sdk
[0.900s] Invoked command in '/home/azif/xarm_ros2_simulation/build/xarm_sdk' returned '0': CMAKE_PREFIX_PATH=/opt/ros/humble /usr/bin/cmake /home/azif/xarm_ros2_simulation/xarm_sdk -DAMENT_CMAKE_SYMLINK_INSTALL=1 -DCMAKE_INSTALL_PREFIX=/home/azif/xarm_ros2_simulation/install/xarm_sdk
[0.902s] Invoking command in '/home/azif/xarm_ros2_simulation/build/xarm_sdk': CMAKE_PREFIX_PATH=/opt/ros/humble /usr/bin/cmake --build /home/azif/xarm_ros2_simulation/build/xarm_sdk -- -j16 -l16
[0.955s] [  3%] [32mBuilding CXX object CMakeFiles/xarm_cxx_sdk.dir/cxx/src/serial/impl/list_ports/list_ports_linux.cc.o[0m
[0.956s] [  9%] [32mBuilding CXX object CMakeFiles/xarm_cxx_sdk.dir/cxx/src/xarm/core/common/queue_memcpy.cc.o[0m
[0.956s] [  9%] [32mBuilding CXX object CMakeFiles/xarm_cxx_sdk.dir/cxx/src/serial/serial.cc.o[0m
[0.958s] [ 15%] [32mBuilding CXX object CMakeFiles/xarm_cxx_sdk.dir/cxx/src/serial/impl/unix.cc.o[0m
[0.959s] [ 15%] [32mBuilding CXX object CMakeFiles/xarm_cxx_sdk.dir/cxx/src/serial/impl/list_ports/list_ports_win.cc.o[0m
[0.959s] [ 21%] [32mBuilding CXX object CMakeFiles/xarm_cxx_sdk.dir/cxx/src/serial/impl/list_ports/list_ports_osx.cc.o[0m
[0.959s] [ 21%] [32mBuilding CXX object CMakeFiles/xarm_cxx_sdk.dir/cxx/src/xarm/core/common/crc16.cc.o[0m
[0.960s] [ 28%] [32mBuilding CXX object CMakeFiles/xarm_cxx_sdk.dir/cxx/src/xarm/core/debug/debug_print.cc.o[0m
[0.960s] [ 28%] [32mBuilding CXX object CMakeFiles/xarm_cxx_sdk.dir/cxx/src/serial/impl/win.cc.o[0m
[0.962s] [ 31%] [32mBuilding CXX object CMakeFiles/xarm_cxx_sdk.dir/cxx/src/xarm/core/connect.cc.o[0m
[0.968s] [ 34%] [32mBuilding CXX object CMakeFiles/xarm_cxx_sdk.dir/cxx/src/xarm/core/instruction/uxbus_cmd.cc.o[0m
[0.968s] [ 40%] [32mBuilding CXX object CMakeFiles/xarm_cxx_sdk.dir/cxx/src/xarm/core/instruction/uxbus_cmd_tcp.cc.o[0m
[0.968s] [ 40%] [32mBuilding CXX object CMakeFiles/xarm_cxx_sdk.dir/cxx/src/xarm/core/instruction/uxbus_cmd_ser.cc.o[0m
[0.968s] [ 43%] [32mBuilding CXX object CMakeFiles/xarm_cxx_sdk.dir/cxx/src/xarm/core/os/network.cc.o[0m
[0.972s] [ 46%] [32mBuilding CXX object CMakeFiles/xarm_cxx_sdk.dir/cxx/src/xarm/core/port/ser.cc.o[0m
[0.992s] [ 50%] [32mBuilding CXX object CMakeFiles/xarm_cxx_sdk.dir/cxx/src/xarm/core/port/socket.cc.o[0m
[1.000s] [ 53%] [32mBuilding CXX object CMakeFiles/xarm_cxx_sdk.dir/cxx/src/xarm/core/report_data.cc.o[0m
[1.009s] [ 56%] [32mBuilding CXX object CMakeFiles/xarm_cxx_sdk.dir/cxx/src/xarm/wrapper/xarm_api.cc.o[0m
[1.014s] [ 59%] [32mBuilding CXX object CMakeFiles/xarm_cxx_sdk.dir/cxx/src/xarm/wrapper/xarm_bio.cc.o[0m
[1.047s] [ 62%] [32mBuilding CXX object CMakeFiles/xarm_cxx_sdk.dir/cxx/src/xarm/wrapper/xarm_events.cc.o[0m
[1.057s] [ 65%] [32mBuilding CXX object CMakeFiles/xarm_cxx_sdk.dir/cxx/src/xarm/wrapper/xarm_ft_sensor.cc.o[0m
[1.380s] [ 68%] [32mBuilding CXX object CMakeFiles/xarm_cxx_sdk.dir/cxx/src/xarm/wrapper/xarm_gpio.cc.o[0m
[1.488s] [ 71%] [32mBuilding CXX object CMakeFiles/xarm_cxx_sdk.dir/cxx/src/xarm/wrapper/xarm_gripper.cc.o[0m
[1.615s] [ 75%] [32mBuilding CXX object CMakeFiles/xarm_cxx_sdk.dir/cxx/src/xarm/wrapper/xarm_modbus_tcp.cc.o[0m
[1.737s] [ 78%] [32mBuilding CXX object CMakeFiles/xarm_cxx_sdk.dir/cxx/src/xarm/wrapper/xarm_motion.cc.o[0m
[1.766s] [ 81%] [32mBuilding CXX object CMakeFiles/xarm_cxx_sdk.dir/cxx/src/xarm/wrapper/xarm_params.cc.o[0m
[1.774s] [ 84%] [32mBuilding CXX object CMakeFiles/xarm_cxx_sdk.dir/cxx/src/xarm/wrapper/xarm_record.cc.o[0m
[1.797s] [ 87%] [32mBuilding CXX object CMakeFiles/xarm_cxx_sdk.dir/cxx/src/xarm/wrapper/xarm_report.cc.o[0m
[1.870s] [ 90%] [32mBuilding CXX object CMakeFiles/xarm_cxx_sdk.dir/cxx/src/xarm/wrapper/xarm_robotiq.cc.o[0m
[1.906s] [ 93%] [32mBuilding CXX object CMakeFiles/xarm_cxx_sdk.dir/cxx/src/xarm/wrapper/xarm_servo.cc.o[0m
[1.957s] [ 96%] [32mBuilding CXX object CMakeFiles/xarm_cxx_sdk.dir/cxx/src/xarm/wrapper/xarm_track.cc.o[0m
[5.174s] [100%] [32m[1mLinking CXX shared library libxarm_cxx_sdk.so[0m
[5.408s] [100%] Built target xarm_cxx_sdk
[5.419s] Invoked command in '/home/azif/xarm_ros2_simulation/build/xarm_sdk' returned '0': CMAKE_PREFIX_PATH=/opt/ros/humble /usr/bin/cmake --build /home/azif/xarm_ros2_simulation/build/xarm_sdk -- -j16 -l16
[5.421s] Invoking command in '/home/azif/xarm_ros2_simulation/build/xarm_sdk': CMAKE_PREFIX_PATH=/opt/ros/humble /usr/bin/cmake --install /home/azif/xarm_ros2_simulation/build/xarm_sdk
[5.429s] -- Install configuration: ""
[5.429s] -- Execute custom install script
[5.430s] -- Symlinking: /home/azif/xarm_ros2_simulation/install/xarm_sdk/share/xarm_sdk/environment/library_path.sh
[5.440s] -- Symlinking: /home/azif/xarm_ros2_simulation/install/xarm_sdk/share/xarm_sdk/environment/library_path.dsv
[5.450s] -- Symlinking: /home/azif/xarm_ros2_simulation/install/xarm_sdk/cxx/include/serial/impl/unix.h
[5.459s] -- Symlinking: /home/azif/xarm_ros2_simulation/install/xarm_sdk/cxx/include/serial/impl/win.h
[5.470s] -- Symlinking: /home/azif/xarm_ros2_simulation/install/xarm_sdk/cxx/include/serial/serial.h
[5.479s] -- Symlinking: /home/azif/xarm_ros2_simulation/install/xarm_sdk/cxx/include/serial/v8stdint.h
[5.489s] -- Symlinking: /home/azif/xarm_ros2_simulation/install/xarm_sdk/cxx/include/xarm/core/common/crc16.h
[5.498s] -- Symlinking: /home/azif/xarm_ros2_simulation/install/xarm_sdk/cxx/include/xarm/core/common/data_type.h
[5.508s] -- Symlinking: /home/azif/xarm_ros2_simulation/install/xarm_sdk/cxx/include/xarm/core/common/queue_memcpy.h
[5.519s] -- Symlinking: /home/azif/xarm_ros2_simulation/install/xarm_sdk/cxx/include/xarm/core/connect.h
[5.528s] -- Symlinking: /home/azif/xarm_ros2_simulation/install/xarm_sdk/cxx/include/xarm/core/debug/debug_print.h
[5.537s] -- Symlinking: /home/azif/xarm_ros2_simulation/install/xarm_sdk/cxx/include/xarm/core/instruction/servo3_config.h
[5.546s] -- Symlinking: /home/azif/xarm_ros2_simulation/install/xarm_sdk/cxx/include/xarm/core/instruction/uxbus_cmd.h
[5.556s] -- Symlinking: /home/azif/xarm_ros2_simulation/install/xarm_sdk/cxx/include/xarm/core/instruction/uxbus_cmd_config.h
[5.565s] -- Symlinking: /home/azif/xarm_ros2_simulation/install/xarm_sdk/cxx/include/xarm/core/instruction/uxbus_cmd_ser.h
[5.574s] -- Symlinking: /home/azif/xarm_ros2_simulation/install/xarm_sdk/cxx/include/xarm/core/instruction/uxbus_cmd_tcp.h
[5.584s] -- Symlinking: /home/azif/xarm_ros2_simulation/install/xarm_sdk/cxx/include/xarm/core/os/bak/thread.h
[5.593s] -- Symlinking: /home/azif/xarm_ros2_simulation/install/xarm_sdk/cxx/include/xarm/core/os/network.h
[5.603s] -- Symlinking: /home/azif/xarm_ros2_simulation/install/xarm_sdk/cxx/include/xarm/core/port/ser.h
[5.613s] -- Symlinking: /home/azif/xarm_ros2_simulation/install/xarm_sdk/cxx/include/xarm/core/port/socket.h
[5.622s] -- Symlinking: /home/azif/xarm_ros2_simulation/install/xarm_sdk/cxx/include/xarm/core/report_data.h
[5.632s] -- Symlinking: /home/azif/xarm_ros2_simulation/install/xarm_sdk/cxx/include/xarm/core/xarm_config.h
[5.644s] -- Symlinking: /home/azif/xarm_ros2_simulation/install/xarm_sdk/cxx/include/xarm/wrapper/common/timer.h
[5.654s] -- Symlinking: /home/azif/xarm_ros2_simulation/install/xarm_sdk/cxx/include/xarm/wrapper/common/utils.h
[5.664s] -- Symlinking: /home/azif/xarm_ros2_simulation/install/xarm_sdk/cxx/include/xarm/wrapper/xarm_api.h
[5.674s] -- Symlinking: /home/azif/xarm_ros2_simulation/install/xarm_sdk/lib/libxarm_cxx_sdk.so
[5.684s] -- Symlinking: /home/azif/xarm_ros2_simulation/install/xarm_sdk/share/ament_index/resource_index/package_run_dependencies/xarm_sdk
[5.694s] -- Symlinking: /home/azif/xarm_ros2_simulation/install/xarm_sdk/share/ament_index/resource_index/parent_prefix_path/xarm_sdk
[5.704s] -- Symlinking: /home/azif/xarm_ros2_simulation/install/xarm_sdk/share/xarm_sdk/environment/ament_prefix_path.sh
[5.713s] -- Symlinking: /home/azif/xarm_ros2_simulation/install/xarm_sdk/share/xarm_sdk/environment/ament_prefix_path.dsv
[5.723s] -- Symlinking: /home/azif/xarm_ros2_simulation/install/xarm_sdk/share/xarm_sdk/environment/path.sh
[5.733s] -- Symlinking: /home/azif/xarm_ros2_simulation/install/xarm_sdk/share/xarm_sdk/environment/path.dsv
[5.742s] -- Symlinking: /home/azif/xarm_ros2_simulation/install/xarm_sdk/share/xarm_sdk/local_setup.bash
[5.753s] -- Symlinking: /home/azif/xarm_ros2_simulation/install/xarm_sdk/share/xarm_sdk/local_setup.sh
[5.763s] -- Symlinking: /home/azif/xarm_ros2_simulation/install/xarm_sdk/share/xarm_sdk/local_setup.zsh
[5.774s] -- Symlinking: /home/azif/xarm_ros2_simulation/install/xarm_sdk/share/xarm_sdk/local_setup.dsv
[5.784s] -- Symlinking: /home/azif/xarm_ros2_simulation/install/xarm_sdk/share/xarm_sdk/package.dsv
[5.794s] -- Symlinking: /home/azif/xarm_ros2_simulation/install/xarm_sdk/share/ament_index/resource_index/packages/xarm_sdk
[5.807s] -- Symlinking: /home/azif/xarm_ros2_simulation/install/xarm_sdk/share/xarm_sdk/cmake/ament_cmake_export_libraries-extras.cmake
[5.817s] -- Symlinking: /home/azif/xarm_ros2_simulation/install/xarm_sdk/share/xarm_sdk/cmake/ament_cmake_export_include_directories-extras.cmake
[5.827s] -- Symlinking: /home/azif/xarm_ros2_simulation/install/xarm_sdk/share/xarm_sdk/cmake/xarm_sdkConfig.cmake
[5.837s] -- Symlinking: /home/azif/xarm_ros2_simulation/install/xarm_sdk/share/xarm_sdk/cmake/xarm_sdkConfig-version.cmake
[5.847s] -- Symlinking: /home/azif/xarm_ros2_simulation/install/xarm_sdk/share/xarm_sdk/package.xml
[5.860s] Invoked command in '/home/azif/xarm_ros2_simulation/build/xarm_sdk' returned '0': CMAKE_PREFIX_PATH=/opt/ros/humble /usr/bin/cmake --install /home/azif/xarm_ros2_simulation/build/xarm_sdk
