[0.017s] Invoking command in '/home/azif/xarm_ros2_simulation/build/xarm_api': AMENT_PREFIX_PATH=/home/azif/xarm_ros2_simulation/install/xarm_sdk:/home/azif/xarm_ros2_simulation/install/xarm_msgs:/home/azif/xarm_ros2_simulation/install/xarm_description:${AMENT_PREFIX_PATH} CMAKE_PREFIX_PATH=/home/azif/xarm_ros2_simulation/install/xarm_sdk:/home/azif/xarm_ros2_simulation/install/xarm_msgs:/home/azif/xarm_ros2_simulation/install/xarm_description:/opt/ros/humble LD_LIBRARY_PATH=/home/azif/xarm_ros2_simulation/install/xarm_sdk/lib:/home/azif/xarm_ros2_simulation/install/xarm_msgs/lib:/usr/lib/x86_64-linux-gnu/gazebo-11/plugins:/opt/ros/humble/opt/rviz_ogre_vendor/lib:/opt/ros/humble/lib/x86_64-linux-gnu:/opt/ros/humble/lib:/usr/share/gazebo-11/../../lib/x86_64-linux-gnu/gazebo-11/plugins PYTHONPATH=/home/azif/xarm_ros2_simulation/install/xarm_msgs/local/lib/python3.10/dist-packages:${PYTHONPATH} /usr/bin/cmake --build /home/azif/xarm_ros2_simulation/build/xarm_api -- -j16 -l16
[0.126s] [ 15%] Built target xarm_ros_client
[0.126s] [ 30%] Built target test_robot_states
[0.126s] [ 53%] Built target xarm_ros_driver
[0.187s] [ 69%] Built target test_xarm_ros_client
[0.188s] [ 84%] Built target test_xarm_velo_move
[0.233s] [100%] Built target xarm_driver_node
[0.258s] Invoked command in '/home/azif/xarm_ros2_simulation/build/xarm_api' returned '0': AMENT_PREFIX_PATH=/home/azif/xarm_ros2_simulation/install/xarm_sdk:/home/azif/xarm_ros2_simulation/install/xarm_msgs:/home/azif/xarm_ros2_simulation/install/xarm_description:${AMENT_PREFIX_PATH} CMAKE_PREFIX_PATH=/home/azif/xarm_ros2_simulation/install/xarm_sdk:/home/azif/xarm_ros2_simulation/install/xarm_msgs:/home/azif/xarm_ros2_simulation/install/xarm_description:/opt/ros/humble LD_LIBRARY_PATH=/home/azif/xarm_ros2_simulation/install/xarm_sdk/lib:/home/azif/xarm_ros2_simulation/install/xarm_msgs/lib:/usr/lib/x86_64-linux-gnu/gazebo-11/plugins:/opt/ros/humble/opt/rviz_ogre_vendor/lib:/opt/ros/humble/lib/x86_64-linux-gnu:/opt/ros/humble/lib:/usr/share/gazebo-11/../../lib/x86_64-linux-gnu/gazebo-11/plugins PYTHONPATH=/home/azif/xarm_ros2_simulation/install/xarm_msgs/local/lib/python3.10/dist-packages:${PYTHONPATH} /usr/bin/cmake --build /home/azif/xarm_ros2_simulation/build/xarm_api -- -j16 -l16
[0.262s] Invoking command in '/home/azif/xarm_ros2_simulation/build/xarm_api': AMENT_PREFIX_PATH=/home/azif/xarm_ros2_simulation/install/xarm_sdk:/home/azif/xarm_ros2_simulation/install/xarm_msgs:/home/azif/xarm_ros2_simulation/install/xarm_description:${AMENT_PREFIX_PATH} CMAKE_PREFIX_PATH=/home/azif/xarm_ros2_simulation/install/xarm_sdk:/home/azif/xarm_ros2_simulation/install/xarm_msgs:/home/azif/xarm_ros2_simulation/install/xarm_description:/opt/ros/humble LD_LIBRARY_PATH=/home/azif/xarm_ros2_simulation/install/xarm_sdk/lib:/home/azif/xarm_ros2_simulation/install/xarm_msgs/lib:/usr/lib/x86_64-linux-gnu/gazebo-11/plugins:/opt/ros/humble/opt/rviz_ogre_vendor/lib:/opt/ros/humble/lib/x86_64-linux-gnu:/opt/ros/humble/lib:/usr/share/gazebo-11/../../lib/x86_64-linux-gnu/gazebo-11/plugins PYTHONPATH=/home/azif/xarm_ros2_simulation/install/xarm_msgs/local/lib/python3.10/dist-packages:${PYTHONPATH} /usr/bin/cmake --install /home/azif/xarm_ros2_simulation/build/xarm_api
[0.272s] -- Install configuration: ""
[0.273s] -- Execute custom install script
[0.273s] -- Up-to-date symlink: /home/azif/xarm_ros2_simulation/install/xarm_api/share/xarm_api/environment/library_path.sh
[0.274s] -- Up-to-date symlink: /home/azif/xarm_ros2_simulation/install/xarm_api/share/xarm_api/environment/library_path.dsv
[0.274s] -- Up-to-date symlink: /home/azif/xarm_ros2_simulation/install/xarm_api/include/xarm_api/visibility_control.h
[0.275s] -- Up-to-date symlink: /home/azif/xarm_ros2_simulation/install/xarm_api/include/xarm_api/xarm_driver.h
[0.275s] -- Up-to-date symlink: /home/azif/xarm_ros2_simulation/install/xarm_api/include/xarm_api/xarm_msgs.h
[0.275s] -- Up-to-date symlink: /home/azif/xarm_ros2_simulation/install/xarm_api/include/xarm_api/xarm_ros_client.h
[0.275s] -- Up-to-date symlink: /home/azif/xarm_ros2_simulation/install/xarm_api/lib/libxarm_ros_driver.so
[0.276s] -- Up-to-date symlink: /home/azif/xarm_ros2_simulation/install/xarm_api/lib/libxarm_ros_client.so
[0.276s] -- Up-to-date symlink: /home/azif/xarm_ros2_simulation/install/xarm_api/lib/xarm_api/xarm_driver_node
[0.277s] -- Up-to-date symlink: /home/azif/xarm_ros2_simulation/install/xarm_api/lib/xarm_api/test_xarm_ros_client
[0.277s] -- Up-to-date symlink: /home/azif/xarm_ros2_simulation/install/xarm_api/lib/xarm_api/test_xarm_velo_move
[0.277s] -- Up-to-date symlink: /home/azif/xarm_ros2_simulation/install/xarm_api/lib/xarm_api/test_robot_states
[0.279s] -- Up-to-date symlink: /home/azif/xarm_ros2_simulation/install/xarm_api/share/xarm_api//launch/_robot_driver.launch.py
[0.279s] -- Up-to-date symlink: /home/azif/xarm_ros2_simulation/install/xarm_api/share/xarm_api//launch/lib/robot_api_lib.py
[0.279s] -- Up-to-date symlink: /home/azif/xarm_ros2_simulation/install/xarm_api/share/xarm_api//launch/lite6_driver.launch.py
[0.279s] -- Up-to-date symlink: /home/azif/xarm_ros2_simulation/install/xarm_api/share/xarm_api//launch/uf850_driver.launch.py
[0.280s] -- Up-to-date symlink: /home/azif/xarm_ros2_simulation/install/xarm_api/share/xarm_api//launch/xarm5_driver.launch.py
[0.280s] -- Up-to-date symlink: /home/azif/xarm_ros2_simulation/install/xarm_api/share/xarm_api//launch/xarm6_driver.launch.py
[0.280s] -- Up-to-date symlink: /home/azif/xarm_ros2_simulation/install/xarm_api/share/xarm_api//launch/xarm7_driver.launch.py
[0.280s] -- Up-to-date symlink: /home/azif/xarm_ros2_simulation/install/xarm_api/share/xarm_api//config/xarm_params.yaml
[0.280s] -- Up-to-date symlink: /home/azif/xarm_ros2_simulation/install/xarm_api/share/ament_index/resource_index/package_run_dependencies/xarm_api
[0.280s] -- Up-to-date symlink: /home/azif/xarm_ros2_simulation/install/xarm_api/share/ament_index/resource_index/parent_prefix_path/xarm_api
[0.281s] -- Up-to-date symlink: /home/azif/xarm_ros2_simulation/install/xarm_api/share/xarm_api/environment/ament_prefix_path.sh
[0.281s] -- Up-to-date symlink: /home/azif/xarm_ros2_simulation/install/xarm_api/share/xarm_api/environment/ament_prefix_path.dsv
[0.281s] -- Up-to-date symlink: /home/azif/xarm_ros2_simulation/install/xarm_api/share/xarm_api/environment/path.sh
[0.281s] -- Up-to-date symlink: /home/azif/xarm_ros2_simulation/install/xarm_api/share/xarm_api/environment/path.dsv
[0.281s] -- Up-to-date symlink: /home/azif/xarm_ros2_simulation/install/xarm_api/share/xarm_api/local_setup.bash
[0.282s] -- Up-to-date symlink: /home/azif/xarm_ros2_simulation/install/xarm_api/share/xarm_api/local_setup.sh
[0.282s] -- Up-to-date symlink: /home/azif/xarm_ros2_simulation/install/xarm_api/share/xarm_api/local_setup.zsh
[0.282s] -- Up-to-date symlink: /home/azif/xarm_ros2_simulation/install/xarm_api/share/xarm_api/local_setup.dsv
[0.282s] -- Symlinking: /home/azif/xarm_ros2_simulation/install/xarm_api/share/xarm_api/package.dsv
[0.300s] -- Up-to-date symlink: /home/azif/xarm_ros2_simulation/install/xarm_api/share/ament_index/resource_index/packages/xarm_api
[0.301s] -- Up-to-date symlink: /home/azif/xarm_ros2_simulation/install/xarm_api/share/xarm_api/cmake/ament_cmake_export_libraries-extras.cmake
[0.302s] -- Up-to-date symlink: /home/azif/xarm_ros2_simulation/install/xarm_api/share/xarm_api/cmake/ament_cmake_export_include_directories-extras.cmake
[0.302s] -- Up-to-date symlink: /home/azif/xarm_ros2_simulation/install/xarm_api/share/xarm_api/cmake/xarm_apiConfig.cmake
[0.303s] -- Up-to-date symlink: /home/azif/xarm_ros2_simulation/install/xarm_api/share/xarm_api/cmake/xarm_apiConfig-version.cmake
[0.304s] -- Up-to-date symlink: /home/azif/xarm_ros2_simulation/install/xarm_api/share/xarm_api/package.xml
[0.335s] Invoked command in '/home/azif/xarm_ros2_simulation/build/xarm_api' returned '0': AMENT_PREFIX_PATH=/home/azif/xarm_ros2_simulation/install/xarm_sdk:/home/azif/xarm_ros2_simulation/install/xarm_msgs:/home/azif/xarm_ros2_simulation/install/xarm_description:${AMENT_PREFIX_PATH} CMAKE_PREFIX_PATH=/home/azif/xarm_ros2_simulation/install/xarm_sdk:/home/azif/xarm_ros2_simulation/install/xarm_msgs:/home/azif/xarm_ros2_simulation/install/xarm_description:/opt/ros/humble LD_LIBRARY_PATH=/home/azif/xarm_ros2_simulation/install/xarm_sdk/lib:/home/azif/xarm_ros2_simulation/install/xarm_msgs/lib:/usr/lib/x86_64-linux-gnu/gazebo-11/plugins:/opt/ros/humble/opt/rviz_ogre_vendor/lib:/opt/ros/humble/lib/x86_64-linux-gnu:/opt/ros/humble/lib:/usr/share/gazebo-11/../../lib/x86_64-linux-gnu/gazebo-11/plugins PYTHONPATH=/home/azif/xarm_ros2_simulation/install/xarm_msgs/local/lib/python3.10/dist-packages:${PYTHONPATH} /usr/bin/cmake --install /home/azif/xarm_ros2_simulation/build/xarm_api
