[0.256s] Invoking command in '/home/azif/xarm_ros2_simulation/build/mbot_demo': CMAKE_PREFIX_PATH=/opt/ros/humble /usr/bin/cmake /home/azif/xarm_ros2_simulation/demo/mbot_demo -DAMENT_CMAKE_SYMLINK_INSTALL=1 -DCMAKE_INSTALL_PREFIX=/home/azif/xarm_ros2_simulation/install/mbot_demo
[0.307s] -- The C compiler identification is GNU 11.4.0
[0.360s] -- The CXX compiler identification is GNU 11.4.0
[0.367s] -- Detecting C compiler ABI info
[0.436s] -- Detecting C compiler ABI info - done
[0.441s] -- Check for working C compiler: /usr/bin/cc - skipped
[0.441s] -- Detecting C compile features
[0.442s] -- Detecting C compile features - done
[0.444s] -- Detecting CXX compiler ABI info
[0.528s] -- Detecting CXX compiler ABI info - done
[0.537s] -- Check for working CXX compiler: /usr/bin/c++ - skipped
[0.537s] -- Detecting CXX compile features
[0.537s] -- Detecting CXX compile features - done
[0.541s] -- Found ament_cmake: 1.3.11 (/opt/ros/humble/share/ament_cmake/cmake)
[0.693s] -- Found Python3: /usr/bin/python3 (found version "3.10.12") found components: Interpreter 
[0.755s] -- Override CMake install command with custom implementation using symlinks instead of copying resources
[0.788s] -- Found ament_lint_auto: 0.12.11 (/opt/ros/humble/share/ament_lint_auto/cmake)
[0.867s] -- Added test 'copyright' to check source files copyright and LICENSE
[0.871s] -- Added test 'flake8' to check Python code syntax and style conventions
[0.872s] -- Added test 'lint_cmake' to check CMake code style
[0.872s] -- Added test 'pep257' to check Python code against some of the docstring style conventions in PEP 257
[0.874s] -- Added test 'xmllint' to check XML markup files
[0.875s] -- Configuring done
[0.877s] -- Generating done
[0.881s] -- Build files have been written to: /home/azif/xarm_ros2_simulation/build/mbot_demo
[0.884s] Invoked command in '/home/azif/xarm_ros2_simulation/build/mbot_demo' returned '0': CMAKE_PREFIX_PATH=/opt/ros/humble /usr/bin/cmake /home/azif/xarm_ros2_simulation/demo/mbot_demo -DAMENT_CMAKE_SYMLINK_INSTALL=1 -DCMAKE_INSTALL_PREFIX=/home/azif/xarm_ros2_simulation/install/mbot_demo
[0.885s] Invoking command in '/home/azif/xarm_ros2_simulation/build/mbot_demo': CMAKE_PREFIX_PATH=/opt/ros/humble /usr/bin/cmake --build /home/azif/xarm_ros2_simulation/build/mbot_demo -- -j16 -l16
[0.934s] Invoked command in '/home/azif/xarm_ros2_simulation/build/mbot_demo' returned '0': CMAKE_PREFIX_PATH=/opt/ros/humble /usr/bin/cmake --build /home/azif/xarm_ros2_simulation/build/mbot_demo -- -j16 -l16
[0.943s] Invoking command in '/home/azif/xarm_ros2_simulation/build/mbot_demo': CMAKE_PREFIX_PATH=/opt/ros/humble /usr/bin/cmake --install /home/azif/xarm_ros2_simulation/build/mbot_demo
[0.956s] -- Install configuration: ""
[0.956s] -- Execute custom install script
[0.957s] -- Symlinking: /home/azif/xarm_ros2_simulation/install/mbot_demo/share/mbot_demo//rviz/moveit.rviz
[0.973s] -- Symlinking: /home/azif/xarm_ros2_simulation/install/mbot_demo/share/mbot_demo//urdf/mbot.gazebo.xacro
[0.991s] -- Symlinking: /home/azif/xarm_ros2_simulation/install/mbot_demo/share/mbot_demo//urdf/mbot.ros2_control.xacro
[1.035s] -- Symlinking: /home/azif/xarm_ros2_simulation/install/mbot_demo/share/mbot_demo//urdf/mbot.transmission.xacro
[1.036s] -- Symlinking: /home/azif/xarm_ros2_simulation/install/mbot_demo/share/mbot_demo//urdf/mbot.urdf.xacro
[1.063s] -- Symlinking: /home/azif/xarm_ros2_simulation/install/mbot_demo/share/mbot_demo//urdf/mbot_macro.xacro
[1.093s] -- Symlinking: /home/azif/xarm_ros2_simulation/install/mbot_demo/share/mbot_demo//urdf/mbot_with_xarm.urdf.xacro
[1.125s] -- Symlinking: /home/azif/xarm_ros2_simulation/install/mbot_demo/share/mbot_demo//srdf/mbot_macro.srdf.xacro
[1.162s] -- Symlinking: /home/azif/xarm_ros2_simulation/install/mbot_demo/share/mbot_demo//srdf/mbot_with_xarm.srdf.xacro
[1.200s] -- Symlinking: /home/azif/xarm_ros2_simulation/install/mbot_demo/share/mbot_demo//config/controllers.yaml
[1.224s] -- Symlinking: /home/azif/xarm_ros2_simulation/install/mbot_demo/share/mbot_demo//config/joint_limits.yaml
[1.251s] -- Symlinking: /home/azif/xarm_ros2_simulation/install/mbot_demo/share/mbot_demo//config/kinematics.yaml
[1.278s] -- Symlinking: /home/azif/xarm_ros2_simulation/install/mbot_demo/share/mbot_demo//config/ompl_planning.yaml
[1.302s] -- Symlinking: /home/azif/xarm_ros2_simulation/install/mbot_demo/share/mbot_demo//config/ros2_controllers.yaml
[1.334s] -- Symlinking: /home/azif/xarm_ros2_simulation/install/mbot_demo/share/mbot_demo//worlds/empty.world
[1.365s] -- Symlinking: /home/azif/xarm_ros2_simulation/install/mbot_demo/share/mbot_demo//launch/_robot_on_mbot_gazebo.launch.py
[1.399s] -- Symlinking: /home/azif/xarm_ros2_simulation/install/mbot_demo/share/mbot_demo//launch/mbot_moveit_fake.launch.py
[1.434s] -- Symlinking: /home/azif/xarm_ros2_simulation/install/mbot_demo/share/mbot_demo//launch/mbot_moveit_gazebo.launch.py
[1.469s] -- Symlinking: /home/azif/xarm_ros2_simulation/install/mbot_demo/share/mbot_demo//launch/mbot_moveit_realmove.launch.py
[1.496s] -- Symlinking: /home/azif/xarm_ros2_simulation/install/mbot_demo/share/ament_index/resource_index/package_run_dependencies/mbot_demo
[1.525s] -- Symlinking: /home/azif/xarm_ros2_simulation/install/mbot_demo/share/ament_index/resource_index/parent_prefix_path/mbot_demo
[1.557s] -- Symlinking: /home/azif/xarm_ros2_simulation/install/mbot_demo/share/mbot_demo/environment/ament_prefix_path.sh
[1.589s] -- Symlinking: /home/azif/xarm_ros2_simulation/install/mbot_demo/share/mbot_demo/environment/ament_prefix_path.dsv
[1.610s] -- Symlinking: /home/azif/xarm_ros2_simulation/install/mbot_demo/share/mbot_demo/environment/path.sh
[1.650s] -- Symlinking: /home/azif/xarm_ros2_simulation/install/mbot_demo/share/mbot_demo/environment/path.dsv
[1.670s] -- Symlinking: /home/azif/xarm_ros2_simulation/install/mbot_demo/share/mbot_demo/local_setup.bash
[1.698s] -- Symlinking: /home/azif/xarm_ros2_simulation/install/mbot_demo/share/mbot_demo/local_setup.sh
[1.733s] -- Symlinking: /home/azif/xarm_ros2_simulation/install/mbot_demo/share/mbot_demo/local_setup.zsh
[1.764s] -- Symlinking: /home/azif/xarm_ros2_simulation/install/mbot_demo/share/mbot_demo/local_setup.dsv
[1.796s] -- Symlinking: /home/azif/xarm_ros2_simulation/install/mbot_demo/share/mbot_demo/package.dsv
[1.838s] -- Symlinking: /home/azif/xarm_ros2_simulation/install/mbot_demo/share/ament_index/resource_index/packages/mbot_demo
[1.868s] -- Symlinking: /home/azif/xarm_ros2_simulation/install/mbot_demo/share/mbot_demo/cmake/mbot_demoConfig.cmake
[1.900s] -- Symlinking: /home/azif/xarm_ros2_simulation/install/mbot_demo/share/mbot_demo/cmake/mbot_demoConfig-version.cmake
[1.947s] -- Symlinking: /home/azif/xarm_ros2_simulation/install/mbot_demo/share/mbot_demo/package.xml
[1.981s] Invoked command in '/home/azif/xarm_ros2_simulation/build/mbot_demo' returned '0': CMAKE_PREFIX_PATH=/opt/ros/humble /usr/bin/cmake --install /home/azif/xarm_ros2_simulation/build/mbot_demo
