[0.268s] Invoking command in '/home/azif/xarm_ros2_simulation/build/msg_gazebo': CMAKE_PREFIX_PATH=/opt/ros/humble /usr/bin/cmake --build /home/azif/xarm_ros2_simulation/build/msg_gazebo -- -j16 -l16
[0.319s] [  9%] Built target msg_gazebo__cpp
[0.319s] [ 12%] Built target msg_gazebo__rosidl_generator_c
[0.330s] [ 12%] Built target ament_cmake_python_symlink_msg_gazebo
[0.350s] [ 51%] Built target msg_gazebo__rosidl_typesupport_fastrtps_cpp
[0.350s] [ 51%] Built target msg_gazebo__rosidl_typesupport_fastrtps_c
[0.350s] [ 51%] Built target msg_gazebo__rosidl_typesupport_c
[0.350s] [ 51%] Built target msg_gazebo__rosidl_typesupport_introspection_c
[0.350s] [ 61%] Built target msg_gazebo__rosidl_typesupport_cpp
[0.351s] [ 70%] Built target msg_gazebo__rosidl_typesupport_introspection_cpp
[0.377s] [ 70%] Built target msg_gazebo
[0.400s] [ 74%] Built target msg_gazebo__py
[0.424s] [ 80%] Built target msg_gazebo__rosidl_generator_py
[0.447s] [100%] Built target msg_gazebo__rosidl_typesupport_fastrtps_c__pyext
[0.448s] [100%] Built target msg_gazebo__rosidl_typesupport_c__pyext
[0.448s] [100%] Built target msg_gazebo__rosidl_typesupport_introspection_c__pyext
[0.637s] running egg_info
[0.638s] writing msg_gazebo.egg-info/PKG-INFO
[0.639s] writing dependency_links to msg_gazebo.egg-info/dependency_links.txt
[0.640s] writing top-level names to msg_gazebo.egg-info/top_level.txt
[0.653s] reading manifest file 'msg_gazebo.egg-info/SOURCES.txt'
[0.657s] writing manifest file 'msg_gazebo.egg-info/SOURCES.txt'
[0.707s] [100%] Built target ament_cmake_python_build_msg_gazebo_egg
[0.798s] Invoked command in '/home/azif/xarm_ros2_simulation/build/msg_gazebo' returned '0': CMAKE_PREFIX_PATH=/opt/ros/humble /usr/bin/cmake --build /home/azif/xarm_ros2_simulation/build/msg_gazebo -- -j16 -l16
[0.800s] Invoking command in '/home/azif/xarm_ros2_simulation/build/msg_gazebo': CMAKE_PREFIX_PATH=/opt/ros/humble /usr/bin/cmake --install /home/azif/xarm_ros2_simulation/build/msg_gazebo
[0.809s] -- Install configuration: ""
[0.809s] -- Execute custom install script
[0.809s] -- Up-to-date symlink: /home/azif/xarm_ros2_simulation/install/msg_gazebo/share/msg_gazebo/srv/AttachDetach.srv
[0.810s] -- Up-to-date symlink: /home/azif/xarm_ros2_simulation/install/msg_gazebo/share/ament_index/resource_index/rosidl_interfaces/msg_gazebo
[0.810s] -- Up-to-date symlink: /home/azif/xarm_ros2_simulation/install/msg_gazebo/include/msg_gazebo/msg_gazebo/msg/rosidl_generator_c__visibility_control.h
[0.810s] -- Up-to-date symlink: /home/azif/xarm_ros2_simulation/install/msg_gazebo/include/msg_gazebo/msg_gazebo/srv/attach_detach.h
[0.810s] -- Up-to-date symlink: /home/azif/xarm_ros2_simulation/install/msg_gazebo/include/msg_gazebo/msg_gazebo/srv/detail/attach_detach__functions.h
[0.810s] -- Up-to-date symlink: /home/azif/xarm_ros2_simulation/install/msg_gazebo/include/msg_gazebo/msg_gazebo/srv/detail/attach_detach__struct.h
[0.811s] -- Up-to-date symlink: /home/azif/xarm_ros2_simulation/install/msg_gazebo/include/msg_gazebo/msg_gazebo/srv/detail/attach_detach__type_support.h
[0.811s] -- Up-to-date symlink: /home/azif/xarm_ros2_simulation/install/msg_gazebo/share/msg_gazebo/environment/library_path.sh
[0.811s] -- Up-to-date symlink: /home/azif/xarm_ros2_simulation/install/msg_gazebo/share/msg_gazebo/environment/library_path.dsv
[0.812s] -- Up-to-date symlink: /home/azif/xarm_ros2_simulation/install/msg_gazebo/include/msg_gazebo/msg_gazebo/msg/rosidl_typesupport_fastrtps_c__visibility_control.h
[0.812s] -- Up-to-date symlink: /home/azif/xarm_ros2_simulation/install/msg_gazebo/include/msg_gazebo/msg_gazebo/srv/detail/attach_detach__rosidl_typesupport_fastrtps_c.h
[0.812s] -- Up-to-date symlink: /home/azif/xarm_ros2_simulation/install/msg_gazebo/include/msg_gazebo/msg_gazebo/msg/rosidl_typesupport_introspection_c__visibility_control.h
[0.812s] -- Up-to-date symlink: /home/azif/xarm_ros2_simulation/install/msg_gazebo/include/msg_gazebo/msg_gazebo/srv/detail/attach_detach__rosidl_typesupport_introspection_c.h
[0.813s] -- Up-to-date symlink: /home/azif/xarm_ros2_simulation/install/msg_gazebo/include/msg_gazebo/msg_gazebo/msg/rosidl_generator_cpp__visibility_control.hpp
[0.813s] -- Up-to-date symlink: /home/azif/xarm_ros2_simulation/install/msg_gazebo/include/msg_gazebo/msg_gazebo/srv/attach_detach.hpp
[0.813s] -- Up-to-date symlink: /home/azif/xarm_ros2_simulation/install/msg_gazebo/include/msg_gazebo/msg_gazebo/srv/detail/attach_detach__builder.hpp
[0.813s] -- Up-to-date symlink: /home/azif/xarm_ros2_simulation/install/msg_gazebo/include/msg_gazebo/msg_gazebo/srv/detail/attach_detach__struct.hpp
[0.813s] -- Up-to-date symlink: /home/azif/xarm_ros2_simulation/install/msg_gazebo/include/msg_gazebo/msg_gazebo/srv/detail/attach_detach__traits.hpp
[0.814s] -- Up-to-date symlink: /home/azif/xarm_ros2_simulation/install/msg_gazebo/include/msg_gazebo/msg_gazebo/srv/detail/attach_detach__type_support.hpp
[0.814s] -- Up-to-date symlink: /home/azif/xarm_ros2_simulation/install/msg_gazebo/include/msg_gazebo/msg_gazebo/msg/rosidl_typesupport_fastrtps_cpp__visibility_control.h
[0.814s] -- Up-to-date symlink: /home/azif/xarm_ros2_simulation/install/msg_gazebo/include/msg_gazebo/msg_gazebo/srv/detail/attach_detach__rosidl_typesupport_fastrtps_cpp.hpp
[0.814s] -- Up-to-date symlink: /home/azif/xarm_ros2_simulation/install/msg_gazebo/include/msg_gazebo/msg_gazebo/srv/detail/attach_detach__rosidl_typesupport_introspection_cpp.hpp
[0.814s] -- Up-to-date symlink: /home/azif/xarm_ros2_simulation/install/msg_gazebo/share/msg_gazebo/environment/pythonpath.sh
[0.814s] -- Up-to-date symlink: /home/azif/xarm_ros2_simulation/install/msg_gazebo/share/msg_gazebo/environment/pythonpath.dsv
[0.814s] -- Up-to-date symlink: /home/azif/xarm_ros2_simulation/install/msg_gazebo/local/lib/python3.10/dist-packages/msg_gazebo-0.0.0-py3.10.egg-info/PKG-INFO
[0.814s] -- Up-to-date symlink: /home/azif/xarm_ros2_simulation/install/msg_gazebo/local/lib/python3.10/dist-packages/msg_gazebo-0.0.0-py3.10.egg-info/SOURCES.txt
[0.814s] -- Up-to-date symlink: /home/azif/xarm_ros2_simulation/install/msg_gazebo/local/lib/python3.10/dist-packages/msg_gazebo-0.0.0-py3.10.egg-info/dependency_links.txt
[0.814s] -- Up-to-date symlink: /home/azif/xarm_ros2_simulation/install/msg_gazebo/local/lib/python3.10/dist-packages/msg_gazebo-0.0.0-py3.10.egg-info/top_level.txt
[0.814s] -- Up-to-date symlink: /home/azif/xarm_ros2_simulation/install/msg_gazebo/local/lib/python3.10/dist-packages/msg_gazebo/__init__.py
[0.814s] -- Up-to-date symlink: /home/azif/xarm_ros2_simulation/install/msg_gazebo/local/lib/python3.10/dist-packages/msg_gazebo/_msg_gazebo_s.ep.rosidl_typesupport_c.c
[0.815s] -- Up-to-date symlink: /home/azif/xarm_ros2_simulation/install/msg_gazebo/local/lib/python3.10/dist-packages/msg_gazebo/_msg_gazebo_s.ep.rosidl_typesupport_fastrtps_c.c
[0.815s] -- Up-to-date symlink: /home/azif/xarm_ros2_simulation/install/msg_gazebo/local/lib/python3.10/dist-packages/msg_gazebo/_msg_gazebo_s.ep.rosidl_typesupport_introspection_c.c
[0.815s] -- Up-to-date symlink: /home/azif/xarm_ros2_simulation/install/msg_gazebo/local/lib/python3.10/dist-packages/msg_gazebo/libmsg_gazebo__rosidl_generator_py.so
[0.815s] -- Up-to-date symlink: /home/azif/xarm_ros2_simulation/install/msg_gazebo/local/lib/python3.10/dist-packages/msg_gazebo/msg_gazebo_s__rosidl_typesupport_c.cpython-310-x86_64-linux-gnu.so
[0.815s] -- Up-to-date symlink: /home/azif/xarm_ros2_simulation/install/msg_gazebo/local/lib/python3.10/dist-packages/msg_gazebo/msg_gazebo_s__rosidl_typesupport_fastrtps_c.cpython-310-x86_64-linux-gnu.so
[0.815s] -- Up-to-date symlink: /home/azif/xarm_ros2_simulation/install/msg_gazebo/local/lib/python3.10/dist-packages/msg_gazebo/msg_gazebo_s__rosidl_typesupport_introspection_c.cpython-310-x86_64-linux-gnu.so
[0.815s] -- Up-to-date symlink: /home/azif/xarm_ros2_simulation/install/msg_gazebo/local/lib/python3.10/dist-packages/msg_gazebo/srv/__init__.py
[0.815s] -- Up-to-date symlink: /home/azif/xarm_ros2_simulation/install/msg_gazebo/local/lib/python3.10/dist-packages/msg_gazebo/srv/_attach_detach.py
[0.815s] -- Up-to-date symlink: /home/azif/xarm_ros2_simulation/install/msg_gazebo/local/lib/python3.10/dist-packages/msg_gazebo/srv/_attach_detach_s.c
[0.816s] -- Up-to-date symlink: /home/azif/xarm_ros2_simulation/install/msg_gazebo/local/lib/python3.10/dist-packages/msg_gazebo/msg_gazebo_s__rosidl_typesupport_fastrtps_c.cpython-310-x86_64-linux-gnu.so
[0.816s] -- Up-to-date symlink: /home/azif/xarm_ros2_simulation/install/msg_gazebo/local/lib/python3.10/dist-packages/msg_gazebo/msg_gazebo_s__rosidl_typesupport_introspection_c.cpython-310-x86_64-linux-gnu.so
[0.816s] -- Up-to-date symlink: /home/azif/xarm_ros2_simulation/install/msg_gazebo/local/lib/python3.10/dist-packages/msg_gazebo/msg_gazebo_s__rosidl_typesupport_c.cpython-310-x86_64-linux-gnu.so
[0.816s] -- Up-to-date symlink: /home/azif/xarm_ros2_simulation/install/msg_gazebo/share/msg_gazebo/srv/AttachDetach.idl
[0.816s] -- Up-to-date symlink: /home/azif/xarm_ros2_simulation/install/msg_gazebo/share/msg_gazebo/srv/AttachDetach.srv
[0.816s] -- Up-to-date symlink: /home/azif/xarm_ros2_simulation/install/msg_gazebo/share/msg_gazebo/srv/AttachDetach_Request.msg
[0.816s] -- Up-to-date symlink: /home/azif/xarm_ros2_simulation/install/msg_gazebo/share/msg_gazebo/srv/AttachDetach_Response.msg
[0.816s] -- Up-to-date symlink: /home/azif/xarm_ros2_simulation/install/msg_gazebo/share/ament_index/resource_index/package_run_dependencies/msg_gazebo
[0.817s] -- Up-to-date symlink: /home/azif/xarm_ros2_simulation/install/msg_gazebo/share/ament_index/resource_index/parent_prefix_path/msg_gazebo
[0.817s] -- Up-to-date symlink: /home/azif/xarm_ros2_simulation/install/msg_gazebo/share/msg_gazebo/environment/ament_prefix_path.sh
[0.817s] -- Up-to-date symlink: /home/azif/xarm_ros2_simulation/install/msg_gazebo/share/msg_gazebo/environment/ament_prefix_path.dsv
[0.817s] -- Up-to-date symlink: /home/azif/xarm_ros2_simulation/install/msg_gazebo/share/msg_gazebo/environment/path.sh
[0.818s] -- Up-to-date symlink: /home/azif/xarm_ros2_simulation/install/msg_gazebo/share/msg_gazebo/environment/path.dsv
[0.818s] -- Up-to-date symlink: /home/azif/xarm_ros2_simulation/install/msg_gazebo/share/msg_gazebo/local_setup.bash
[0.818s] -- Up-to-date symlink: /home/azif/xarm_ros2_simulation/install/msg_gazebo/share/msg_gazebo/local_setup.sh
[0.818s] -- Up-to-date symlink: /home/azif/xarm_ros2_simulation/install/msg_gazebo/share/msg_gazebo/local_setup.zsh
[0.818s] -- Up-to-date symlink: /home/azif/xarm_ros2_simulation/install/msg_gazebo/share/msg_gazebo/local_setup.dsv
[0.818s] -- Symlinking: /home/azif/xarm_ros2_simulation/install/msg_gazebo/share/msg_gazebo/package.dsv
[0.828s] -- Up-to-date symlink: /home/azif/xarm_ros2_simulation/install/msg_gazebo/share/ament_index/resource_index/packages/msg_gazebo
[0.828s] -- Up-to-date symlink: /home/azif/xarm_ros2_simulation/install/msg_gazebo/share/msg_gazebo/cmake/rosidl_cmake-extras.cmake
[0.828s] -- Up-to-date symlink: /home/azif/xarm_ros2_simulation/install/msg_gazebo/share/msg_gazebo/cmake/ament_cmake_export_include_directories-extras.cmake
[0.828s] -- Up-to-date symlink: /home/azif/xarm_ros2_simulation/install/msg_gazebo/share/msg_gazebo/cmake/ament_cmake_export_libraries-extras.cmake
[0.829s] -- Up-to-date symlink: /home/azif/xarm_ros2_simulation/install/msg_gazebo/share/msg_gazebo/cmake/ament_cmake_export_targets-extras.cmake
[0.829s] -- Up-to-date symlink: /home/azif/xarm_ros2_simulation/install/msg_gazebo/share/msg_gazebo/cmake/rosidl_cmake_export_typesupport_targets-extras.cmake
[0.829s] -- Up-to-date symlink: /home/azif/xarm_ros2_simulation/install/msg_gazebo/share/msg_gazebo/cmake/ament_cmake_export_dependencies-extras.cmake
[0.829s] -- Up-to-date symlink: /home/azif/xarm_ros2_simulation/install/msg_gazebo/share/msg_gazebo/cmake/rosidl_cmake_export_typesupport_libraries-extras.cmake
[0.829s] -- Up-to-date symlink: /home/azif/xarm_ros2_simulation/install/msg_gazebo/share/msg_gazebo/cmake/msg_gazeboConfig.cmake
[0.829s] -- Up-to-date symlink: /home/azif/xarm_ros2_simulation/install/msg_gazebo/share/msg_gazebo/cmake/msg_gazeboConfig-version.cmake
[0.830s] -- Up-to-date symlink: /home/azif/xarm_ros2_simulation/install/msg_gazebo/share/msg_gazebo/package.xml
[0.830s] -- Up-to-date: /home/azif/xarm_ros2_simulation/install/msg_gazebo/lib/libmsg_gazebo__rosidl_generator_c.so
[0.830s] -- Up-to-date: /home/azif/xarm_ros2_simulation/install/msg_gazebo/lib/libmsg_gazebo__rosidl_typesupport_fastrtps_c.so
[0.831s] -- Up-to-date: /home/azif/xarm_ros2_simulation/install/msg_gazebo/lib/libmsg_gazebo__rosidl_typesupport_introspection_c.so
[0.831s] -- Up-to-date: /home/azif/xarm_ros2_simulation/install/msg_gazebo/lib/libmsg_gazebo__rosidl_typesupport_c.so
[0.832s] -- Up-to-date: /home/azif/xarm_ros2_simulation/install/msg_gazebo/lib/libmsg_gazebo__rosidl_typesupport_fastrtps_cpp.so
[0.832s] -- Up-to-date: /home/azif/xarm_ros2_simulation/install/msg_gazebo/lib/libmsg_gazebo__rosidl_typesupport_introspection_cpp.so
[0.832s] -- Up-to-date: /home/azif/xarm_ros2_simulation/install/msg_gazebo/lib/libmsg_gazebo__rosidl_typesupport_cpp.so
[0.860s] Listing '/home/azif/xarm_ros2_simulation/install/msg_gazebo/local/lib/python3.10/dist-packages/msg_gazebo'...
[0.860s] Listing '/home/azif/xarm_ros2_simulation/install/msg_gazebo/local/lib/python3.10/dist-packages/msg_gazebo/srv'...
[0.865s] -- Up-to-date: /home/azif/xarm_ros2_simulation/install/msg_gazebo/lib/libmsg_gazebo__rosidl_generator_py.so
[0.865s] -- Up-to-date: /home/azif/xarm_ros2_simulation/install/msg_gazebo/share/msg_gazebo/cmake/export_msg_gazebo__rosidl_generator_cExport.cmake
[0.866s] -- Up-to-date: /home/azif/xarm_ros2_simulation/install/msg_gazebo/share/msg_gazebo/cmake/export_msg_gazebo__rosidl_generator_cExport-noconfig.cmake
[0.866s] -- Up-to-date: /home/azif/xarm_ros2_simulation/install/msg_gazebo/share/msg_gazebo/cmake/export_msg_gazebo__rosidl_typesupport_fastrtps_cExport.cmake
[0.866s] -- Up-to-date: /home/azif/xarm_ros2_simulation/install/msg_gazebo/share/msg_gazebo/cmake/export_msg_gazebo__rosidl_typesupport_fastrtps_cExport-noconfig.cmake
[0.866s] -- Up-to-date: /home/azif/xarm_ros2_simulation/install/msg_gazebo/share/msg_gazebo/cmake/msg_gazebo__rosidl_typesupport_introspection_cExport.cmake
[0.866s] -- Up-to-date: /home/azif/xarm_ros2_simulation/install/msg_gazebo/share/msg_gazebo/cmake/msg_gazebo__rosidl_typesupport_introspection_cExport-noconfig.cmake
[0.866s] -- Up-to-date: /home/azif/xarm_ros2_simulation/install/msg_gazebo/share/msg_gazebo/cmake/msg_gazebo__rosidl_typesupport_cExport.cmake
[0.866s] -- Up-to-date: /home/azif/xarm_ros2_simulation/install/msg_gazebo/share/msg_gazebo/cmake/msg_gazebo__rosidl_typesupport_cExport-noconfig.cmake
[0.866s] -- Up-to-date: /home/azif/xarm_ros2_simulation/install/msg_gazebo/share/msg_gazebo/cmake/export_msg_gazebo__rosidl_generator_cppExport.cmake
[0.866s] -- Up-to-date: /home/azif/xarm_ros2_simulation/install/msg_gazebo/share/msg_gazebo/cmake/export_msg_gazebo__rosidl_typesupport_fastrtps_cppExport.cmake
[0.866s] -- Up-to-date: /home/azif/xarm_ros2_simulation/install/msg_gazebo/share/msg_gazebo/cmake/export_msg_gazebo__rosidl_typesupport_fastrtps_cppExport-noconfig.cmake
[0.866s] -- Up-to-date: /home/azif/xarm_ros2_simulation/install/msg_gazebo/share/msg_gazebo/cmake/msg_gazebo__rosidl_typesupport_introspection_cppExport.cmake
[0.866s] -- Up-to-date: /home/azif/xarm_ros2_simulation/install/msg_gazebo/share/msg_gazebo/cmake/msg_gazebo__rosidl_typesupport_introspection_cppExport-noconfig.cmake
[0.866s] -- Up-to-date: /home/azif/xarm_ros2_simulation/install/msg_gazebo/share/msg_gazebo/cmake/msg_gazebo__rosidl_typesupport_cppExport.cmake
[0.866s] -- Up-to-date: /home/azif/xarm_ros2_simulation/install/msg_gazebo/share/msg_gazebo/cmake/msg_gazebo__rosidl_typesupport_cppExport-noconfig.cmake
[0.867s] -- Up-to-date: /home/azif/xarm_ros2_simulation/install/msg_gazebo/share/msg_gazebo/cmake/export_msg_gazebo__rosidl_generator_pyExport.cmake
[0.867s] -- Up-to-date: /home/azif/xarm_ros2_simulation/install/msg_gazebo/share/msg_gazebo/cmake/export_msg_gazebo__rosidl_generator_pyExport-noconfig.cmake
[0.869s] Invoked command in '/home/azif/xarm_ros2_simulation/build/msg_gazebo' returned '0': CMAKE_PREFIX_PATH=/opt/ros/humble /usr/bin/cmake --install /home/azif/xarm_ros2_simulation/build/msg_gazebo
