[0.021s] Invoking command in '/home/azif/xarm_ros2_simulation/build/xarm_gazebo': AMENT_PREFIX_PATH=/home/azif/xarm_ros2_simulation/install/xarm_controller:/home/azif/xarm_ros2_simulation/install/xarm_api:/home/azif/xarm_ros2_simulation/install/xarm_sdk:/home/azif/xarm_ros2_simulation/install/xarm_msgs:/home/azif/xarm_ros2_simulation/install/xarm_description:/home/azif/xarm_ros2_simulation/install/uf_ros_lib:${AMENT_PREFIX_PATH} CMAKE_PREFIX_PATH=/home/azif/xarm_ros2_simulation/install/xarm_controller:/home/azif/xarm_ros2_simulation/install/xarm_api:/home/azif/xarm_ros2_simulation/install/xarm_sdk:/home/azif/xarm_ros2_simulation/install/xarm_msgs:/home/azif/xarm_ros2_simulation/install/xarm_description:/opt/ros/humble LD_LIBRARY_PATH=/home/azif/xarm_ros2_simulation/install/xarm_controller/lib:/home/azif/xarm_ros2_simulation/install/xarm_api/lib:/home/azif/xarm_ros2_simulation/install/xarm_sdk/lib:/home/azif/xarm_ros2_simulation/install/xarm_msgs/lib:/usr/lib/x86_64-linux-gnu/gazebo-11/plugins:/opt/ros/humble/opt/rviz_ogre_vendor/lib:/opt/ros/humble/lib/x86_64-linux-gnu:/opt/ros/humble/lib:/usr/share/gazebo-11/../../lib/x86_64-linux-gnu/gazebo-11/plugins PYTHONPATH=/home/azif/xarm_ros2_simulation/install/xarm_msgs/local/lib/python3.10/dist-packages:/home/azif/xarm_ros2_simulation/build/uf_ros_lib:/home/azif/xarm_ros2_simulation/install/uf_ros_lib/lib/python3.10/site-packages:${PYTHONPATH} /usr/bin/cmake /home/azif/xarm_ros2_simulation/xarm_gazebo -DAMENT_CMAKE_SYMLINK_INSTALL=1 -DCMAKE_INSTALL_PREFIX=/home/azif/xarm_ros2_simulation/install/xarm_gazebo
[0.076s] -- The C compiler identification is GNU 11.4.0
[0.124s] -- The CXX compiler identification is GNU 11.4.0
[0.131s] -- Detecting C compiler ABI info
[0.201s] -- Detecting C compiler ABI info - done
[0.206s] -- Check for working C compiler: /usr/bin/cc - skipped
[0.206s] -- Detecting C compile features
[0.206s] -- Detecting C compile features - done
[0.209s] -- Detecting CXX compiler ABI info
[0.283s] -- Detecting CXX compiler ABI info - done
[0.288s] -- Check for working CXX compiler: /usr/bin/c++ - skipped
[0.289s] -- Detecting CXX compile features
[0.289s] -- Detecting CXX compile features - done
[0.292s] -- Found ament_cmake: 1.3.11 (/opt/ros/humble/share/ament_cmake/cmake)
[0.421s] -- Found Python3: /usr/bin/python3 (found version "3.10.12") found components: Interpreter 
[0.470s] -- Override CMake install command with custom implementation using symlinks instead of copying resources
[0.506s] -- Found rclcpp: 16.0.12 (/opt/ros/humble/share/rclcpp/cmake)
[0.549s] -- Found rosidl_generator_c: 3.1.6 (/opt/ros/humble/share/rosidl_generator_c/cmake)
[0.555s] -- Found rosidl_adapter: 3.1.6 (/opt/ros/humble/share/rosidl_adapter/cmake)
[0.563s] -- Found rosidl_generator_cpp: 3.1.6 (/opt/ros/humble/share/rosidl_generator_cpp/cmake)
[0.574s] -- Using all available rosidl_typesupport_c: rosidl_typesupport_fastrtps_c;rosidl_typesupport_introspection_c
[0.589s] -- Using all available rosidl_typesupport_cpp: rosidl_typesupport_fastrtps_cpp;rosidl_typesupport_introspection_cpp
[0.630s] -- Found rmw_implementation_cmake: 6.1.2 (/opt/ros/humble/share/rmw_implementation_cmake/cmake)
[0.633s] -- Found rmw_cyclonedds_cpp: 1.3.4 (/opt/ros/humble/share/rmw_cyclonedds_cpp/cmake)
[0.652s] -- Using RMW implementation 'rmw_cyclonedds_cpp' as default
[0.662s] -- Looking for pthread.h
[0.734s] -- Looking for pthread.h - found
[0.734s] -- Performing Test CMAKE_HAVE_LIBC_PTHREAD
[0.807s] -- Performing Test CMAKE_HAVE_LIBC_PTHREAD - Success
[0.808s] -- Found Threads: TRUE  
[0.852s] -- Found control_toolbox: 3.6.0 (/opt/ros/humble/share/control_toolbox/cmake)
[1.040s] -- Found controller_manager: 2.50.0 (/opt/ros/humble/share/controller_manager/cmake)
[1.072s] -- Found gazebo_ros: 3.9.0 (/opt/ros/humble/share/gazebo_ros/cmake)
[1.085s] -- Found PkgConfig: /usr/bin/pkg-config (found version "0.29.2") 
[1.085s] -- Checking for module 'bullet>=2.82'
[1.102s] --   Found bullet, version 3.05
[1.223s] -- Found fcl: /usr/include (found suitable version "0.7.0", minimum required is "0.5.0") 
[1.286s] -- Found assimp: /usr/include (found version "5.2.0") 
[1.303s] -- Found DART: /usr/include (Required is at least version "6.6") found components: dart 
[1.331s] -- Found Boost: /usr/lib/x86_64-linux-gnu/cmake/Boost-1.74.0/BoostConfig.cmake (found suitable version "1.74.0", minimum required is "1.40.0") found components: thread system filesystem program_options regex iostreams date_time 
[1.343s] -- Found Protobuf: /usr/lib/x86_64-linux-gnu/libprotobuf.so (found version "3.12.4") 
[1.350s] -- Looking for ignition-math6 -- found version 6.15.1
[1.356s] -- Searching for dependencies of ignition-math6
[1.356s] -- Looking for OGRE...
[1.357s] -- OGRE_PREFIX_WATCH changed.
[1.362s] -- Checking for module 'OGRE'
[1.379s] --   Found OGRE, version 1.9.0
[1.421s] -- Found Ogre Ghadamon (1.9.0)
[1.430s] -- Found OGRE: optimized;/usr/lib/x86_64-linux-gnu/libOgreMain.so;debug;/usr/lib/x86_64-linux-gnu/libOgreMain.so
[1.437s] -- Looking for OGRE_Paging...
[1.441s] -- Found OGRE_Paging: optimized;/usr/lib/x86_64-linux-gnu/libOgrePaging.so;debug;/usr/lib/x86_64-linux-gnu/libOgrePaging.so
[1.441s] -- Looking for OGRE_Terrain...
[1.445s] -- Found OGRE_Terrain: optimized;/usr/lib/x86_64-linux-gnu/libOgreTerrain.so;debug;/usr/lib/x86_64-linux-gnu/libOgreTerrain.so
[1.446s] -- Looking for OGRE_Property...
[1.450s] -- Found OGRE_Property: optimized;/usr/lib/x86_64-linux-gnu/libOgreProperty.so;debug;/usr/lib/x86_64-linux-gnu/libOgreProperty.so
[1.450s] -- Looking for OGRE_RTShaderSystem...
[1.454s] -- Found OGRE_RTShaderSystem: optimized;/usr/lib/x86_64-linux-gnu/libOgreRTShaderSystem.so;debug;/usr/lib/x86_64-linux-gnu/libOgreRTShaderSystem.so
[1.454s] -- Looking for OGRE_Volume...
[1.458s] -- Found OGRE_Volume: optimized;/usr/lib/x86_64-linux-gnu/libOgreVolume.so;debug;/usr/lib/x86_64-linux-gnu/libOgreVolume.so
[1.458s] -- Looking for OGRE_Overlay...
[1.462s] -- Found OGRE_Overlay: optimized;/usr/lib/x86_64-linux-gnu/libOgreOverlay.so;debug;/usr/lib/x86_64-linux-gnu/libOgreOverlay.so
[1.556s] -- Looking for ignition-math6 -- found version 6.15.1
[1.559s] -- Looking for ignition-transport8 -- found version 8.2.1
[1.559s] -- Searching for dependencies of ignition-transport8
[1.578s] -- Found Protobuf: /usr/lib/x86_64-linux-gnu/libprotobuf.so (found suitable version "3.12.4", minimum required is "3") 
[1.590s] -- Config-file not installed for ZeroMQ -- checking for pkg-config
[1.595s] -- Checking for module 'libzmq >= 4'
[1.613s] --   Found libzmq , version 4.3.4
[1.659s] -- Found ZeroMQ: TRUE (Required is at least version "4") 
[1.665s] -- Checking for module 'uuid'
[1.680s] --   Found uuid, version 2.37.2
[1.719s] -- Found UUID: TRUE  
[1.722s] -- Looking for ignition-msgs5 -- found version 5.8.1
[1.722s] -- Searching for dependencies of ignition-msgs5
[1.741s] -- Looking for ignition-math6 -- found version 6.15.1
[1.747s] -- Checking for module 'tinyxml2'
[1.764s] --   Found tinyxml2, version 9.0.0
[1.812s] -- Looking for ignition-msgs5 -- found version 5.8.1
[1.815s] -- Looking for ignition-common3 -- found version 3.14.0
[1.815s] -- Searching for dependencies of ignition-common3
[1.816s] -- Looking for dlfcn.h - found
[1.817s] -- Looking for libdl - found
[1.818s] -- Found DL: TRUE  
[1.830s] -- Found tinyobjloader: /usr/lib/x86_64-linux-gnu/cmake/tinyobjloader/tinyobjloader-config.cmake (found version "2.0.0") 
[1.830s] -- Searching for <ignition-common3> component [graphics]
[1.833s] -- Looking for ignition-common3-graphics -- found version 3.14.0
[1.833s] -- Searching for dependencies of ignition-common3-graphics
[1.834s] -- Looking for ignition-math6 -- found version 6.15.1
[1.837s] -- Looking for ignition-fuel_tools4 -- found version 4.4.0
[1.837s] -- Searching for dependencies of ignition-fuel_tools4
[1.933s] -- Found CURL: /usr/lib/x86_64-linux-gnu/libcurl.so (found version "7.81.0")  
[1.942s] -- Checking for module 'jsoncpp'
[1.959s] --   Found jsoncpp, version 1.9.5
[2.005s] -- Found JSONCPP: TRUE  
[2.011s] -- Checking for module 'libzip'
[2.028s] --   Found libzip, version 1.7.3
[2.074s] -- Found ZIP: TRUE  
[2.075s] -- Looking for ignition-common3 -- found version 3.14.0
[2.075s] -- Looking for ignition-math6 -- found version 6.15.1
[2.075s] -- Looking for ignition-msgs5 -- found version 5.8.1
[2.080s] -- Gazebo version: 11.10
[2.080s] -- Checking for module 'tbb'
[2.097s] --   Found tbb, version 2021.5.0
[2.148s] -- Found ament_lint_auto: 0.12.11 (/opt/ros/humble/share/ament_lint_auto/cmake)
[2.239s] -- Added test 'copyright' to check source files copyright and LICENSE
[2.246s] -- Added test 'cppcheck' to perform static code analysis on C / C++ code
[2.247s] -- Configured cppcheck include dirs: /home/azif/xarm_ros2_simulation/xarm_gazebo/include
[2.247s] -- Configured cppcheck exclude dirs and/or files: 
[2.249s] -- Added test 'cpplint' to check C / C++ code against the Google style
[2.249s] -- Configured cpplint exclude dirs and/or files: 
[2.250s] -- Added test 'flake8' to check Python code syntax and style conventions
[2.250s] -- Added test 'lint_cmake' to check CMake code style
[2.251s] -- Added test 'pep257' to check Python code against some of the docstring style conventions in PEP 257
[2.253s] -- Added test 'uncrustify' to check C / C++ code style
[2.253s] -- Configured uncrustify additional arguments: 
[2.254s] -- Added test 'xmllint' to check XML markup files
[2.255s] -- Configuring done
[2.295s] -- Generating done
[2.300s] -- Build files have been written to: /home/azif/xarm_ros2_simulation/build/xarm_gazebo
[2.314s] Invoked command in '/home/azif/xarm_ros2_simulation/build/xarm_gazebo' returned '0': AMENT_PREFIX_PATH=/home/azif/xarm_ros2_simulation/install/xarm_controller:/home/azif/xarm_ros2_simulation/install/xarm_api:/home/azif/xarm_ros2_simulation/install/xarm_sdk:/home/azif/xarm_ros2_simulation/install/xarm_msgs:/home/azif/xarm_ros2_simulation/install/xarm_description:/home/azif/xarm_ros2_simulation/install/uf_ros_lib:${AMENT_PREFIX_PATH} CMAKE_PREFIX_PATH=/home/azif/xarm_ros2_simulation/install/xarm_controller:/home/azif/xarm_ros2_simulation/install/xarm_api:/home/azif/xarm_ros2_simulation/install/xarm_sdk:/home/azif/xarm_ros2_simulation/install/xarm_msgs:/home/azif/xarm_ros2_simulation/install/xarm_description:/opt/ros/humble LD_LIBRARY_PATH=/home/azif/xarm_ros2_simulation/install/xarm_controller/lib:/home/azif/xarm_ros2_simulation/install/xarm_api/lib:/home/azif/xarm_ros2_simulation/install/xarm_sdk/lib:/home/azif/xarm_ros2_simulation/install/xarm_msgs/lib:/usr/lib/x86_64-linux-gnu/gazebo-11/plugins:/opt/ros/humble/opt/rviz_ogre_vendor/lib:/opt/ros/humble/lib/x86_64-linux-gnu:/opt/ros/humble/lib:/usr/share/gazebo-11/../../lib/x86_64-linux-gnu/gazebo-11/plugins PYTHONPATH=/home/azif/xarm_ros2_simulation/install/xarm_msgs/local/lib/python3.10/dist-packages:/home/azif/xarm_ros2_simulation/build/uf_ros_lib:/home/azif/xarm_ros2_simulation/install/uf_ros_lib/lib/python3.10/site-packages:${PYTHONPATH} /usr/bin/cmake /home/azif/xarm_ros2_simulation/xarm_gazebo -DAMENT_CMAKE_SYMLINK_INSTALL=1 -DCMAKE_INSTALL_PREFIX=/home/azif/xarm_ros2_simulation/install/xarm_gazebo
[2.316s] Invoking command in '/home/azif/xarm_ros2_simulation/build/xarm_gazebo': AMENT_PREFIX_PATH=/home/azif/xarm_ros2_simulation/install/xarm_controller:/home/azif/xarm_ros2_simulation/install/xarm_api:/home/azif/xarm_ros2_simulation/install/xarm_sdk:/home/azif/xarm_ros2_simulation/install/xarm_msgs:/home/azif/xarm_ros2_simulation/install/xarm_description:/home/azif/xarm_ros2_simulation/install/uf_ros_lib:${AMENT_PREFIX_PATH} CMAKE_PREFIX_PATH=/home/azif/xarm_ros2_simulation/install/xarm_controller:/home/azif/xarm_ros2_simulation/install/xarm_api:/home/azif/xarm_ros2_simulation/install/xarm_sdk:/home/azif/xarm_ros2_simulation/install/xarm_msgs:/home/azif/xarm_ros2_simulation/install/xarm_description:/opt/ros/humble LD_LIBRARY_PATH=/home/azif/xarm_ros2_simulation/install/xarm_controller/lib:/home/azif/xarm_ros2_simulation/install/xarm_api/lib:/home/azif/xarm_ros2_simulation/install/xarm_sdk/lib:/home/azif/xarm_ros2_simulation/install/xarm_msgs/lib:/usr/lib/x86_64-linux-gnu/gazebo-11/plugins:/opt/ros/humble/opt/rviz_ogre_vendor/lib:/opt/ros/humble/lib/x86_64-linux-gnu:/opt/ros/humble/lib:/usr/share/gazebo-11/../../lib/x86_64-linux-gnu/gazebo-11/plugins PYTHONPATH=/home/azif/xarm_ros2_simulation/install/xarm_msgs/local/lib/python3.10/dist-packages:/home/azif/xarm_ros2_simulation/build/uf_ros_lib:/home/azif/xarm_ros2_simulation/install/uf_ros_lib/lib/python3.10/site-packages:${PYTHONPATH} /usr/bin/cmake --build /home/azif/xarm_ros2_simulation/build/xarm_gazebo -- -j16 -l16
[2.372s] [ 50%] [32mBuilding CXX object CMakeFiles/gazebo_mimic_joint_plugin.dir/src/mimic_joint_plugin.cpp.o[0m
[11.752s] [100%] [32m[1mLinking CXX shared library libgazebo_mimic_joint_plugin.so[0m
[12.138s] [100%] Built target gazebo_mimic_joint_plugin
[12.149s] Invoked command in '/home/azif/xarm_ros2_simulation/build/xarm_gazebo' returned '0': AMENT_PREFIX_PATH=/home/azif/xarm_ros2_simulation/install/xarm_controller:/home/azif/xarm_ros2_simulation/install/xarm_api:/home/azif/xarm_ros2_simulation/install/xarm_sdk:/home/azif/xarm_ros2_simulation/install/xarm_msgs:/home/azif/xarm_ros2_simulation/install/xarm_description:/home/azif/xarm_ros2_simulation/install/uf_ros_lib:${AMENT_PREFIX_PATH} CMAKE_PREFIX_PATH=/home/azif/xarm_ros2_simulation/install/xarm_controller:/home/azif/xarm_ros2_simulation/install/xarm_api:/home/azif/xarm_ros2_simulation/install/xarm_sdk:/home/azif/xarm_ros2_simulation/install/xarm_msgs:/home/azif/xarm_ros2_simulation/install/xarm_description:/opt/ros/humble LD_LIBRARY_PATH=/home/azif/xarm_ros2_simulation/install/xarm_controller/lib:/home/azif/xarm_ros2_simulation/install/xarm_api/lib:/home/azif/xarm_ros2_simulation/install/xarm_sdk/lib:/home/azif/xarm_ros2_simulation/install/xarm_msgs/lib:/usr/lib/x86_64-linux-gnu/gazebo-11/plugins:/opt/ros/humble/opt/rviz_ogre_vendor/lib:/opt/ros/humble/lib/x86_64-linux-gnu:/opt/ros/humble/lib:/usr/share/gazebo-11/../../lib/x86_64-linux-gnu/gazebo-11/plugins PYTHONPATH=/home/azif/xarm_ros2_simulation/install/xarm_msgs/local/lib/python3.10/dist-packages:/home/azif/xarm_ros2_simulation/build/uf_ros_lib:/home/azif/xarm_ros2_simulation/install/uf_ros_lib/lib/python3.10/site-packages:${PYTHONPATH} /usr/bin/cmake --build /home/azif/xarm_ros2_simulation/build/xarm_gazebo -- -j16 -l16
[12.151s] Invoking command in '/home/azif/xarm_ros2_simulation/build/xarm_gazebo': AMENT_PREFIX_PATH=/home/azif/xarm_ros2_simulation/install/xarm_controller:/home/azif/xarm_ros2_simulation/install/xarm_api:/home/azif/xarm_ros2_simulation/install/xarm_sdk:/home/azif/xarm_ros2_simulation/install/xarm_msgs:/home/azif/xarm_ros2_simulation/install/xarm_description:/home/azif/xarm_ros2_simulation/install/uf_ros_lib:${AMENT_PREFIX_PATH} CMAKE_PREFIX_PATH=/home/azif/xarm_ros2_simulation/install/xarm_controller:/home/azif/xarm_ros2_simulation/install/xarm_api:/home/azif/xarm_ros2_simulation/install/xarm_sdk:/home/azif/xarm_ros2_simulation/install/xarm_msgs:/home/azif/xarm_ros2_simulation/install/xarm_description:/opt/ros/humble LD_LIBRARY_PATH=/home/azif/xarm_ros2_simulation/install/xarm_controller/lib:/home/azif/xarm_ros2_simulation/install/xarm_api/lib:/home/azif/xarm_ros2_simulation/install/xarm_sdk/lib:/home/azif/xarm_ros2_simulation/install/xarm_msgs/lib:/usr/lib/x86_64-linux-gnu/gazebo-11/plugins:/opt/ros/humble/opt/rviz_ogre_vendor/lib:/opt/ros/humble/lib/x86_64-linux-gnu:/opt/ros/humble/lib:/usr/share/gazebo-11/../../lib/x86_64-linux-gnu/gazebo-11/plugins PYTHONPATH=/home/azif/xarm_ros2_simulation/install/xarm_msgs/local/lib/python3.10/dist-packages:/home/azif/xarm_ros2_simulation/build/uf_ros_lib:/home/azif/xarm_ros2_simulation/install/uf_ros_lib/lib/python3.10/site-packages:${PYTHONPATH} /usr/bin/cmake --install /home/azif/xarm_ros2_simulation/build/xarm_gazebo
[12.158s] -- Install configuration: ""
[12.159s] -- Execute custom install script
[12.159s] -- Symlinking: /home/azif/xarm_ros2_simulation/install/xarm_gazebo/include/xarm_gazebo/mimic_joint_plugin.h
[12.168s] -- Symlinking: /home/azif/xarm_ros2_simulation/install/xarm_gazebo/lib/libgazebo_mimic_joint_plugin.so
[12.178s] -- Symlinking: /home/azif/xarm_ros2_simulation/install/xarm_gazebo/share/xarm_gazebo//worlds/models/bookshelf_2/model.config
[12.187s] -- Symlinking: /home/azif/xarm_ros2_simulation/install/xarm_gazebo/share/xarm_gazebo//worlds/models/bookshelf_2/model.sdf
[12.195s] -- Symlinking: /home/azif/xarm_ros2_simulation/install/xarm_gazebo/share/xarm_gazebo//worlds/models/box_1/meshes/aruco_tag.jpg
[12.203s] -- Symlinking: /home/azif/xarm_ros2_simulation/install/xarm_gazebo/share/xarm_gazebo//worlds/models/box_1/meshes/box.dae
[12.213s] -- Symlinking: /home/azif/xarm_ros2_simulation/install/xarm_gazebo/share/xarm_gazebo//worlds/models/box_1/meshes/box__bg.png
[12.221s] -- Symlinking: /home/azif/xarm_ros2_simulation/install/xarm_gazebo/share/xarm_gazebo//worlds/models/box_1/meshes/cardboard_bg.png
[12.230s] -- Symlinking: /home/azif/xarm_ros2_simulation/install/xarm_gazebo/share/xarm_gazebo//worlds/models/box_1/model.config
[12.240s] -- Symlinking: /home/azif/xarm_ros2_simulation/install/xarm_gazebo/share/xarm_gazebo//worlds/models/box_1/model.sdf
[12.248s] -- Symlinking: /home/azif/xarm_ros2_simulation/install/xarm_gazebo/share/xarm_gazebo//worlds/models/box_2/meshes/aruco_tag.jpg
[12.256s] -- Symlinking: /home/azif/xarm_ros2_simulation/install/xarm_gazebo/share/xarm_gazebo//worlds/models/box_2/meshes/box.dae
[12.264s] -- Symlinking: /home/azif/xarm_ros2_simulation/install/xarm_gazebo/share/xarm_gazebo//worlds/models/box_2/meshes/box__bg.png
[12.273s] -- Symlinking: /home/azif/xarm_ros2_simulation/install/xarm_gazebo/share/xarm_gazebo//worlds/models/box_2/meshes/cardboard_bg.png
[12.281s] -- Symlinking: /home/azif/xarm_ros2_simulation/install/xarm_gazebo/share/xarm_gazebo//worlds/models/box_2/model.config
[12.289s] -- Symlinking: /home/azif/xarm_ros2_simulation/install/xarm_gazebo/share/xarm_gazebo//worlds/models/box_2/model.sdf
[12.298s] -- Symlinking: /home/azif/xarm_ros2_simulation/install/xarm_gazebo/share/xarm_gazebo//worlds/models/shelf/model.config
[12.307s] -- Symlinking: /home/azif/xarm_ros2_simulation/install/xarm_gazebo/share/xarm_gazebo//worlds/models/shelf/model.sdf
[12.317s] -- Symlinking: /home/azif/xarm_ros2_simulation/install/xarm_gazebo/share/xarm_gazebo//worlds/models/turtlebot3_house/model.config
[12.326s] -- Symlinking: /home/azif/xarm_ros2_simulation/install/xarm_gazebo/share/xarm_gazebo//worlds/models/turtlebot3_house/model.sdf
[12.334s] -- Symlinking: /home/azif/xarm_ros2_simulation/install/xarm_gazebo/share/xarm_gazebo//worlds/table.world
[12.343s] -- Symlinking: /home/azif/xarm_ros2_simulation/install/xarm_gazebo/share/xarm_gazebo//launch/_dual_robot_beside_table_gazebo.launch.py
[12.352s] -- Symlinking: /home/azif/xarm_ros2_simulation/install/xarm_gazebo/share/xarm_gazebo//launch/_robot_beside_table_gazebo.launch.py
[12.360s] -- Symlinking: /home/azif/xarm_ros2_simulation/install/xarm_gazebo/share/xarm_gazebo//launch/_robot_beside_table_ignition.launch.py
[12.368s] -- Symlinking: /home/azif/xarm_ros2_simulation/install/xarm_gazebo/share/xarm_gazebo//launch/lite6_beside_table_gazebo.launch.py
[12.376s] -- Symlinking: /home/azif/xarm_ros2_simulation/install/xarm_gazebo/share/xarm_gazebo//launch/uf850_beside_table_gazebo.launch.py
[12.385s] -- Symlinking: /home/azif/xarm_ros2_simulation/install/xarm_gazebo/share/xarm_gazebo//launch/xarm5_beside_table_gazebo.launch.py
[12.394s] -- Symlinking: /home/azif/xarm_ros2_simulation/install/xarm_gazebo/share/xarm_gazebo//launch/xarm6_beside_table_gazebo.launch.py
[12.403s] -- Symlinking: /home/azif/xarm_ros2_simulation/install/xarm_gazebo/share/xarm_gazebo//launch/xarm7_beside_table_gazebo.launch.py
[12.411s] -- Symlinking: /home/azif/xarm_ros2_simulation/install/xarm_gazebo/share/xarm_gazebo//launch/xarm7_mirror_beside_table_gazebo.launch.py
[12.422s] -- Symlinking: /home/azif/xarm_ros2_simulation/install/xarm_gazebo/share/ament_index/resource_index/package_run_dependencies/xarm_gazebo
[12.431s] -- Symlinking: /home/azif/xarm_ros2_simulation/install/xarm_gazebo/share/ament_index/resource_index/parent_prefix_path/xarm_gazebo
[12.441s] -- Symlinking: /home/azif/xarm_ros2_simulation/install/xarm_gazebo/share/xarm_gazebo/environment/ament_prefix_path.sh
[12.450s] -- Symlinking: /home/azif/xarm_ros2_simulation/install/xarm_gazebo/share/xarm_gazebo/environment/ament_prefix_path.dsv
[12.460s] -- Symlinking: /home/azif/xarm_ros2_simulation/install/xarm_gazebo/share/xarm_gazebo/environment/path.sh
[12.470s] -- Symlinking: /home/azif/xarm_ros2_simulation/install/xarm_gazebo/share/xarm_gazebo/environment/path.dsv
[12.478s] -- Symlinking: /home/azif/xarm_ros2_simulation/install/xarm_gazebo/share/xarm_gazebo/local_setup.bash
[12.489s] -- Symlinking: /home/azif/xarm_ros2_simulation/install/xarm_gazebo/share/xarm_gazebo/local_setup.sh
[12.498s] -- Symlinking: /home/azif/xarm_ros2_simulation/install/xarm_gazebo/share/xarm_gazebo/local_setup.zsh
[12.506s] -- Symlinking: /home/azif/xarm_ros2_simulation/install/xarm_gazebo/share/xarm_gazebo/local_setup.dsv
[12.514s] -- Symlinking: /home/azif/xarm_ros2_simulation/install/xarm_gazebo/share/xarm_gazebo/package.dsv
[12.523s] -- Symlinking: /home/azif/xarm_ros2_simulation/install/xarm_gazebo/share/ament_index/resource_index/packages/xarm_gazebo
[12.532s] -- Symlinking: /home/azif/xarm_ros2_simulation/install/xarm_gazebo/share/xarm_gazebo/cmake/xarm_gazeboConfig.cmake
[12.541s] -- Symlinking: /home/azif/xarm_ros2_simulation/install/xarm_gazebo/share/xarm_gazebo/cmake/xarm_gazeboConfig-version.cmake
[12.551s] -- Symlinking: /home/azif/xarm_ros2_simulation/install/xarm_gazebo/share/xarm_gazebo/package.xml
[12.562s] Invoked command in '/home/azif/xarm_ros2_simulation/build/xarm_gazebo' returned '0': AMENT_PREFIX_PATH=/home/azif/xarm_ros2_simulation/install/xarm_controller:/home/azif/xarm_ros2_simulation/install/xarm_api:/home/azif/xarm_ros2_simulation/install/xarm_sdk:/home/azif/xarm_ros2_simulation/install/xarm_msgs:/home/azif/xarm_ros2_simulation/install/xarm_description:/home/azif/xarm_ros2_simulation/install/uf_ros_lib:${AMENT_PREFIX_PATH} CMAKE_PREFIX_PATH=/home/azif/xarm_ros2_simulation/install/xarm_controller:/home/azif/xarm_ros2_simulation/install/xarm_api:/home/azif/xarm_ros2_simulation/install/xarm_sdk:/home/azif/xarm_ros2_simulation/install/xarm_msgs:/home/azif/xarm_ros2_simulation/install/xarm_description:/opt/ros/humble LD_LIBRARY_PATH=/home/azif/xarm_ros2_simulation/install/xarm_controller/lib:/home/azif/xarm_ros2_simulation/install/xarm_api/lib:/home/azif/xarm_ros2_simulation/install/xarm_sdk/lib:/home/azif/xarm_ros2_simulation/install/xarm_msgs/lib:/usr/lib/x86_64-linux-gnu/gazebo-11/plugins:/opt/ros/humble/opt/rviz_ogre_vendor/lib:/opt/ros/humble/lib/x86_64-linux-gnu:/opt/ros/humble/lib:/usr/share/gazebo-11/../../lib/x86_64-linux-gnu/gazebo-11/plugins PYTHONPATH=/home/azif/xarm_ros2_simulation/install/xarm_msgs/local/lib/python3.10/dist-packages:/home/azif/xarm_ros2_simulation/build/uf_ros_lib:/home/azif/xarm_ros2_simulation/install/uf_ros_lib/lib/python3.10/site-packages:${PYTHONPATH} /usr/bin/cmake --install /home/azif/xarm_ros2_simulation/build/xarm_gazebo
