[ 50%] [32mBuilding CXX object CMakeFiles/attach_detach.dir/attach_detach.cc.o[0m
[100%] [32m[1mLinking CXX shared library libattach_detach.so[0m
[100%] Built target attach_detach
-- Install configuration: ""
-- Installing: /home/azif/xarm_ros2_simulation/install/attach_detach/lib/libattach_detach.so
-- Set runtime path of "/home/azif/xarm_ros2_simulation/install/attach_detach/lib/libattach_detach.so" to ""
-- Up-to-date: /home/azif/xarm_ros2_simulation/install/attach_detach/share/ament_index/resource_index/package_run_dependencies/attach_detach
-- Up-to-date: /home/azif/xarm_ros2_simulation/install/attach_detach/share/ament_index/resource_index/parent_prefix_path/attach_detach
-- Up-to-date: /home/azif/xarm_ros2_simulation/install/attach_detach/share/attach_detach/environment/ament_prefix_path.sh
-- Up-to-date: /home/azif/xarm_ros2_simulation/install/attach_detach/share/attach_detach/environment/ament_prefix_path.dsv
-- Up-to-date: /home/azif/xarm_ros2_simulation/install/attach_detach/share/attach_detach/environment/path.sh
-- Up-to-date: /home/azif/xarm_ros2_simulation/install/attach_detach/share/attach_detach/environment/path.dsv
-- Up-to-date: /home/azif/xarm_ros2_simulation/install/attach_detach/share/attach_detach/local_setup.bash
-- Up-to-date: /home/azif/xarm_ros2_simulation/install/attach_detach/share/attach_detach/local_setup.sh
-- Up-to-date: /home/azif/xarm_ros2_simulation/install/attach_detach/share/attach_detach/local_setup.zsh
-- Up-to-date: /home/azif/xarm_ros2_simulation/install/attach_detach/share/attach_detach/local_setup.dsv
-- Installing: /home/azif/xarm_ros2_simulation/install/attach_detach/share/attach_detach/package.dsv
-- Up-to-date: /home/azif/xarm_ros2_simulation/install/attach_detach/share/ament_index/resource_index/packages/attach_detach
-- Up-to-date: /home/azif/xarm_ros2_simulation/install/attach_detach/share/attach_detach/cmake/attach_detachConfig.cmake
-- Up-to-date: /home/azif/xarm_ros2_simulation/install/attach_detach/share/attach_detach/cmake/attach_detachConfig-version.cmake
-- Up-to-date: /home/azif/xarm_ros2_simulation/install/attach_detach/share/attach_detach/package.xml
