[0.013s] Invoking command in '/home/azif/xarm_ros2_simulation/build/xarm_api': AMENT_PREFIX_PATH=/home/azif/xarm_ros2_simulation/install/xarm_sdk:/home/azif/xarm_ros2_simulation/install/xarm_msgs:/home/azif/xarm_ros2_simulation/install/xarm_description:${AMENT_PREFIX_PATH} CMAKE_PREFIX_PATH=/home/azif/xarm_ros2_simulation/install/xarm_sdk:/home/azif/xarm_ros2_simulation/install/xarm_msgs:/home/azif/xarm_ros2_simulation/install/xarm_description:/opt/ros/humble LD_LIBRARY_PATH=/home/azif/xarm_ros2_simulation/install/xarm_sdk/lib:/home/azif/xarm_ros2_simulation/install/xarm_msgs/lib:/usr/lib/x86_64-linux-gnu/gazebo-11/plugins:/opt/ros/humble/opt/rviz_ogre_vendor/lib:/opt/ros/humble/lib/x86_64-linux-gnu:/opt/ros/humble/lib:/usr/share/gazebo-11/../../lib/x86_64-linux-gnu/gazebo-11/plugins PYTHONPATH=/home/azif/xarm_ros2_simulation/install/xarm_msgs/local/lib/python3.10/dist-packages:${PYTHONPATH} /usr/bin/cmake /home/azif/xarm_ros2_simulation/xarm_api -DAMENT_CMAKE_SYMLINK_INSTALL=1 -DCMAKE_INSTALL_PREFIX=/home/azif/xarm_ros2_simulation/install/xarm_api
[0.065s] -- The C compiler identification is GNU 11.4.0
[0.115s] -- The CXX compiler identification is GNU 11.4.0
[0.122s] -- Detecting C compiler ABI info
[0.189s] -- Detecting C compiler ABI info - done
[0.194s] -- Check for working C compiler: /usr/bin/cc - skipped
[0.194s] -- Detecting C compile features
[0.195s] -- Detecting C compile features - done
[0.197s] -- Detecting CXX compiler ABI info
[0.273s] -- Detecting CXX compiler ABI info - done
[0.279s] -- Check for working CXX compiler: /usr/bin/c++ - skipped
[0.279s] -- Detecting CXX compile features
[0.279s] -- Detecting CXX compile features - done
[0.283s] -- Found ament_cmake: 1.3.11 (/opt/ros/humble/share/ament_cmake/cmake)
[0.422s] -- Found Python3: /usr/bin/python3 (found version "3.10.12") found components: Interpreter 
[0.477s] -- Override CMake install command with custom implementation using symlinks instead of copying resources
[0.512s] -- Found ament_lint_auto: 0.12.11 (/opt/ros/humble/share/ament_lint_auto/cmake)
[0.587s] -- Found rclcpp: 16.0.12 (/opt/ros/humble/share/rclcpp/cmake)
[0.632s] -- Found rosidl_generator_c: 3.1.6 (/opt/ros/humble/share/rosidl_generator_c/cmake)
[0.638s] -- Found rosidl_adapter: 3.1.6 (/opt/ros/humble/share/rosidl_adapter/cmake)
[0.647s] -- Found rosidl_generator_cpp: 3.1.6 (/opt/ros/humble/share/rosidl_generator_cpp/cmake)
[0.658s] -- Using all available rosidl_typesupport_c: rosidl_typesupport_fastrtps_c;rosidl_typesupport_introspection_c
[0.675s] -- Using all available rosidl_typesupport_cpp: rosidl_typesupport_fastrtps_cpp;rosidl_typesupport_introspection_cpp
[0.721s] -- Found rmw_implementation_cmake: 6.1.2 (/opt/ros/humble/share/rmw_implementation_cmake/cmake)
[0.724s] -- Found rmw_cyclonedds_cpp: 1.3.4 (/opt/ros/humble/share/rmw_cyclonedds_cpp/cmake)
[0.743s] -- Using RMW implementation 'rmw_cyclonedds_cpp' as default
[0.753s] -- Looking for pthread.h
[0.828s] -- Looking for pthread.h - found
[0.828s] -- Performing Test CMAKE_HAVE_LIBC_PTHREAD
[0.906s] -- Performing Test CMAKE_HAVE_LIBC_PTHREAD - Success
[0.907s] -- Found Threads: TRUE  
[0.957s] -- Found rclcpp_action: 16.0.11 (/opt/ros/humble/share/rclcpp_action/cmake)
[0.991s] -- Found sensor_msgs: 4.8.0 (/opt/ros/humble/share/sensor_msgs/cmake)
[1.018s] -- Found control_msgs: 4.7.0 (/opt/ros/humble/share/control_msgs/cmake)
[1.058s] -- Found xarm_msgs: 0.0.0 (/home/azif/xarm_ros2_simulation/install/xarm_msgs/share/xarm_msgs/cmake)
[1.069s] -- Found xarm_sdk: 0.0.0 (/home/azif/xarm_ros2_simulation/install/xarm_sdk/share/xarm_sdk/cmake)
[1.086s] -- Added test 'copyright' to check source files copyright and LICENSE
[1.088s] -- Added test 'cppcheck' to perform static code analysis on C / C++ code
[1.089s] -- Configured cppcheck include dirs: /home/azif/xarm_ros2_simulation/xarm_api/include
[1.089s] -- Configured cppcheck exclude dirs and/or files: 
[1.091s] -- Added test 'cpplint' to check C / C++ code against the Google style
[1.091s] -- Configured cpplint exclude dirs and/or files: 
[1.091s] -- Added test 'flake8' to check Python code syntax and style conventions
[1.092s] -- Added test 'lint_cmake' to check CMake code style
[1.092s] -- Added test 'pep257' to check Python code against some of the docstring style conventions in PEP 257
[1.094s] -- Added test 'uncrustify' to check C / C++ code style
[1.094s] -- Configured uncrustify additional arguments: 
[1.095s] -- Added test 'xmllint' to check XML markup files
[1.097s] -- Configuring done
[1.130s] -- Generating done
[1.142s] -- Build files have been written to: /home/azif/xarm_ros2_simulation/build/xarm_api
[1.154s] Invoked command in '/home/azif/xarm_ros2_simulation/build/xarm_api' returned '0': AMENT_PREFIX_PATH=/home/azif/xarm_ros2_simulation/install/xarm_sdk:/home/azif/xarm_ros2_simulation/install/xarm_msgs:/home/azif/xarm_ros2_simulation/install/xarm_description:${AMENT_PREFIX_PATH} CMAKE_PREFIX_PATH=/home/azif/xarm_ros2_simulation/install/xarm_sdk:/home/azif/xarm_ros2_simulation/install/xarm_msgs:/home/azif/xarm_ros2_simulation/install/xarm_description:/opt/ros/humble LD_LIBRARY_PATH=/home/azif/xarm_ros2_simulation/install/xarm_sdk/lib:/home/azif/xarm_ros2_simulation/install/xarm_msgs/lib:/usr/lib/x86_64-linux-gnu/gazebo-11/plugins:/opt/ros/humble/opt/rviz_ogre_vendor/lib:/opt/ros/humble/lib/x86_64-linux-gnu:/opt/ros/humble/lib:/usr/share/gazebo-11/../../lib/x86_64-linux-gnu/gazebo-11/plugins PYTHONPATH=/home/azif/xarm_ros2_simulation/install/xarm_msgs/local/lib/python3.10/dist-packages:${PYTHONPATH} /usr/bin/cmake /home/azif/xarm_ros2_simulation/xarm_api -DAMENT_CMAKE_SYMLINK_INSTALL=1 -DCMAKE_INSTALL_PREFIX=/home/azif/xarm_ros2_simulation/install/xarm_api
[1.155s] Invoking command in '/home/azif/xarm_ros2_simulation/build/xarm_api': AMENT_PREFIX_PATH=/home/azif/xarm_ros2_simulation/install/xarm_sdk:/home/azif/xarm_ros2_simulation/install/xarm_msgs:/home/azif/xarm_ros2_simulation/install/xarm_description:${AMENT_PREFIX_PATH} CMAKE_PREFIX_PATH=/home/azif/xarm_ros2_simulation/install/xarm_sdk:/home/azif/xarm_ros2_simulation/install/xarm_msgs:/home/azif/xarm_ros2_simulation/install/xarm_description:/opt/ros/humble LD_LIBRARY_PATH=/home/azif/xarm_ros2_simulation/install/xarm_sdk/lib:/home/azif/xarm_ros2_simulation/install/xarm_msgs/lib:/usr/lib/x86_64-linux-gnu/gazebo-11/plugins:/opt/ros/humble/opt/rviz_ogre_vendor/lib:/opt/ros/humble/lib/x86_64-linux-gnu:/opt/ros/humble/lib:/usr/share/gazebo-11/../../lib/x86_64-linux-gnu/gazebo-11/plugins PYTHONPATH=/home/azif/xarm_ros2_simulation/install/xarm_msgs/local/lib/python3.10/dist-packages:${PYTHONPATH} /usr/bin/cmake --build /home/azif/xarm_ros2_simulation/build/xarm_api -- -j16 -l16
[1.206s] [ 23%] [32mBuilding CXX object CMakeFiles/xarm_ros_driver.dir/src/xarm_driver.cpp.o[0m
[1.206s] [ 23%] [32mBuilding CXX object CMakeFiles/xarm_ros_driver.dir/src/xarm_driver_service.cpp.o[0m
[1.206s] [ 23%] [32mBuilding CXX object CMakeFiles/test_robot_states.dir/test/test_robot_states.cpp.o[0m
[1.206s] [ 30%] [32mBuilding CXX object CMakeFiles/xarm_ros_client.dir/src/xarm_ros_client.cpp.o[0m
[13.940s] [ 38%] [32m[1mLinking CXX executable test_robot_states[0m
[14.569s] [ 38%] Built target test_robot_states
[22.371s] [ 46%] [32m[1mLinking CXX shared library libxarm_ros_client.so[0m
[23.776s] [ 46%] Built target xarm_ros_client
[23.798s] [ 53%] [32mBuilding CXX object CMakeFiles/test_xarm_velo_move.dir/test/test_xarm_velo_move.cpp.o[0m
[23.799s] [ 61%] [32mBuilding CXX object CMakeFiles/test_xarm_ros_client.dir/test/test_xarm_ros_client.cpp.o[0m
[28.814s] [ 69%] [32m[1mLinking CXX executable test_xarm_ros_client[0m
[28.816s] [ 76%] [32m[1mLinking CXX executable test_xarm_velo_move[0m
[29.723s] [ 76%] Built target test_xarm_ros_client
[29.727s] [ 76%] Built target test_xarm_velo_move
[31.371s] [ 84%] [32m[1mLinking CXX shared library libxarm_ros_driver.so[0m
[33.624s] [ 84%] Built target xarm_ros_driver
[33.646s] [ 92%] [32mBuilding CXX object CMakeFiles/xarm_driver_node.dir/src/xarm_driver_node.cpp.o[0m
[37.505s] [100%] [32m[1mLinking CXX executable xarm_driver_node[0m
[38.422s] [100%] Built target xarm_driver_node
[38.435s] Invoked command in '/home/azif/xarm_ros2_simulation/build/xarm_api' returned '0': AMENT_PREFIX_PATH=/home/azif/xarm_ros2_simulation/install/xarm_sdk:/home/azif/xarm_ros2_simulation/install/xarm_msgs:/home/azif/xarm_ros2_simulation/install/xarm_description:${AMENT_PREFIX_PATH} CMAKE_PREFIX_PATH=/home/azif/xarm_ros2_simulation/install/xarm_sdk:/home/azif/xarm_ros2_simulation/install/xarm_msgs:/home/azif/xarm_ros2_simulation/install/xarm_description:/opt/ros/humble LD_LIBRARY_PATH=/home/azif/xarm_ros2_simulation/install/xarm_sdk/lib:/home/azif/xarm_ros2_simulation/install/xarm_msgs/lib:/usr/lib/x86_64-linux-gnu/gazebo-11/plugins:/opt/ros/humble/opt/rviz_ogre_vendor/lib:/opt/ros/humble/lib/x86_64-linux-gnu:/opt/ros/humble/lib:/usr/share/gazebo-11/../../lib/x86_64-linux-gnu/gazebo-11/plugins PYTHONPATH=/home/azif/xarm_ros2_simulation/install/xarm_msgs/local/lib/python3.10/dist-packages:${PYTHONPATH} /usr/bin/cmake --build /home/azif/xarm_ros2_simulation/build/xarm_api -- -j16 -l16
[38.437s] Invoking command in '/home/azif/xarm_ros2_simulation/build/xarm_api': AMENT_PREFIX_PATH=/home/azif/xarm_ros2_simulation/install/xarm_sdk:/home/azif/xarm_ros2_simulation/install/xarm_msgs:/home/azif/xarm_ros2_simulation/install/xarm_description:${AMENT_PREFIX_PATH} CMAKE_PREFIX_PATH=/home/azif/xarm_ros2_simulation/install/xarm_sdk:/home/azif/xarm_ros2_simulation/install/xarm_msgs:/home/azif/xarm_ros2_simulation/install/xarm_description:/opt/ros/humble LD_LIBRARY_PATH=/home/azif/xarm_ros2_simulation/install/xarm_sdk/lib:/home/azif/xarm_ros2_simulation/install/xarm_msgs/lib:/usr/lib/x86_64-linux-gnu/gazebo-11/plugins:/opt/ros/humble/opt/rviz_ogre_vendor/lib:/opt/ros/humble/lib/x86_64-linux-gnu:/opt/ros/humble/lib:/usr/share/gazebo-11/../../lib/x86_64-linux-gnu/gazebo-11/plugins PYTHONPATH=/home/azif/xarm_ros2_simulation/install/xarm_msgs/local/lib/python3.10/dist-packages:${PYTHONPATH} /usr/bin/cmake --install /home/azif/xarm_ros2_simulation/build/xarm_api
[38.444s] -- Install configuration: ""
[38.445s] -- Execute custom install script
[38.445s] -- Symlinking: /home/azif/xarm_ros2_simulation/install/xarm_api/share/xarm_api/environment/library_path.sh
[38.455s] -- Symlinking: /home/azif/xarm_ros2_simulation/install/xarm_api/share/xarm_api/environment/library_path.dsv
[38.464s] -- Symlinking: /home/azif/xarm_ros2_simulation/install/xarm_api/include/xarm_api/visibility_control.h
[38.473s] -- Symlinking: /home/azif/xarm_ros2_simulation/install/xarm_api/include/xarm_api/xarm_driver.h
[38.482s] -- Symlinking: /home/azif/xarm_ros2_simulation/install/xarm_api/include/xarm_api/xarm_msgs.h
[38.490s] -- Symlinking: /home/azif/xarm_ros2_simulation/install/xarm_api/include/xarm_api/xarm_ros_client.h
[38.499s] -- Symlinking: /home/azif/xarm_ros2_simulation/install/xarm_api/lib/libxarm_ros_driver.so
[38.508s] -- Symlinking: /home/azif/xarm_ros2_simulation/install/xarm_api/lib/libxarm_ros_client.so
[38.516s] -- Symlinking: /home/azif/xarm_ros2_simulation/install/xarm_api/lib/xarm_api/xarm_driver_node
[38.526s] -- Symlinking: /home/azif/xarm_ros2_simulation/install/xarm_api/lib/xarm_api/test_xarm_ros_client
[38.535s] -- Symlinking: /home/azif/xarm_ros2_simulation/install/xarm_api/lib/xarm_api/test_xarm_velo_move
[38.544s] -- Symlinking: /home/azif/xarm_ros2_simulation/install/xarm_api/lib/xarm_api/test_robot_states
[38.553s] -- Symlinking: /home/azif/xarm_ros2_simulation/install/xarm_api/share/xarm_api//launch/_robot_driver.launch.py
[38.561s] -- Symlinking: /home/azif/xarm_ros2_simulation/install/xarm_api/share/xarm_api//launch/lib/robot_api_lib.py
[38.570s] -- Symlinking: /home/azif/xarm_ros2_simulation/install/xarm_api/share/xarm_api//launch/lite6_driver.launch.py
[38.578s] -- Symlinking: /home/azif/xarm_ros2_simulation/install/xarm_api/share/xarm_api//launch/uf850_driver.launch.py
[38.587s] -- Symlinking: /home/azif/xarm_ros2_simulation/install/xarm_api/share/xarm_api//launch/xarm5_driver.launch.py
[38.596s] -- Symlinking: /home/azif/xarm_ros2_simulation/install/xarm_api/share/xarm_api//launch/xarm6_driver.launch.py
[38.605s] -- Symlinking: /home/azif/xarm_ros2_simulation/install/xarm_api/share/xarm_api//launch/xarm7_driver.launch.py
[38.614s] -- Symlinking: /home/azif/xarm_ros2_simulation/install/xarm_api/share/xarm_api//config/xarm_params.yaml
[38.624s] -- Symlinking: /home/azif/xarm_ros2_simulation/install/xarm_api/share/ament_index/resource_index/package_run_dependencies/xarm_api
[38.634s] -- Symlinking: /home/azif/xarm_ros2_simulation/install/xarm_api/share/ament_index/resource_index/parent_prefix_path/xarm_api
[38.643s] -- Symlinking: /home/azif/xarm_ros2_simulation/install/xarm_api/share/xarm_api/environment/ament_prefix_path.sh
[38.652s] -- Symlinking: /home/azif/xarm_ros2_simulation/install/xarm_api/share/xarm_api/environment/ament_prefix_path.dsv
[38.661s] -- Symlinking: /home/azif/xarm_ros2_simulation/install/xarm_api/share/xarm_api/environment/path.sh
[38.670s] -- Symlinking: /home/azif/xarm_ros2_simulation/install/xarm_api/share/xarm_api/environment/path.dsv
[38.679s] -- Symlinking: /home/azif/xarm_ros2_simulation/install/xarm_api/share/xarm_api/local_setup.bash
[38.688s] -- Symlinking: /home/azif/xarm_ros2_simulation/install/xarm_api/share/xarm_api/local_setup.sh
[38.697s] -- Symlinking: /home/azif/xarm_ros2_simulation/install/xarm_api/share/xarm_api/local_setup.zsh
[38.706s] -- Symlinking: /home/azif/xarm_ros2_simulation/install/xarm_api/share/xarm_api/local_setup.dsv
[38.715s] -- Symlinking: /home/azif/xarm_ros2_simulation/install/xarm_api/share/xarm_api/package.dsv
[38.723s] -- Symlinking: /home/azif/xarm_ros2_simulation/install/xarm_api/share/ament_index/resource_index/packages/xarm_api
[38.732s] -- Symlinking: /home/azif/xarm_ros2_simulation/install/xarm_api/share/xarm_api/cmake/ament_cmake_export_libraries-extras.cmake
[38.741s] -- Symlinking: /home/azif/xarm_ros2_simulation/install/xarm_api/share/xarm_api/cmake/ament_cmake_export_include_directories-extras.cmake
[38.751s] -- Symlinking: /home/azif/xarm_ros2_simulation/install/xarm_api/share/xarm_api/cmake/xarm_apiConfig.cmake
[38.760s] -- Symlinking: /home/azif/xarm_ros2_simulation/install/xarm_api/share/xarm_api/cmake/xarm_apiConfig-version.cmake
[38.770s] -- Symlinking: /home/azif/xarm_ros2_simulation/install/xarm_api/share/xarm_api/package.xml
[38.782s] Invoked command in '/home/azif/xarm_ros2_simulation/build/xarm_api' returned '0': AMENT_PREFIX_PATH=/home/azif/xarm_ros2_simulation/install/xarm_sdk:/home/azif/xarm_ros2_simulation/install/xarm_msgs:/home/azif/xarm_ros2_simulation/install/xarm_description:${AMENT_PREFIX_PATH} CMAKE_PREFIX_PATH=/home/azif/xarm_ros2_simulation/install/xarm_sdk:/home/azif/xarm_ros2_simulation/install/xarm_msgs:/home/azif/xarm_ros2_simulation/install/xarm_description:/opt/ros/humble LD_LIBRARY_PATH=/home/azif/xarm_ros2_simulation/install/xarm_sdk/lib:/home/azif/xarm_ros2_simulation/install/xarm_msgs/lib:/usr/lib/x86_64-linux-gnu/gazebo-11/plugins:/opt/ros/humble/opt/rviz_ogre_vendor/lib:/opt/ros/humble/lib/x86_64-linux-gnu:/opt/ros/humble/lib:/usr/share/gazebo-11/../../lib/x86_64-linux-gnu/gazebo-11/plugins PYTHONPATH=/home/azif/xarm_ros2_simulation/install/xarm_msgs/local/lib/python3.10/dist-packages:${PYTHONPATH} /usr/bin/cmake --install /home/azif/xarm_ros2_simulation/build/xarm_api
