[0.589s] Invoking command in '/home/azif/xarm_ros2_simulation/build/xarm7_bringup': AMENT_PREFIX_PATH=/home/azif/xarm_ros2_simulation/install/xarm_planner:/home/azif/xarm_ros2_simulation/install/xarm_moveit_config:/home/azif/xarm_ros2_simulation/install/xarm_gazebo:/home/azif/xarm_ros2_simulation/install/xarm_controller:/home/azif/xarm_ros2_simulation/install/xarm_api:/home/azif/xarm_ros2_simulation/install/xarm_sdk:/home/azif/xarm_ros2_simulation/install/xarm_msgs:/home/azif/xarm_ros2_simulation/install/xarm_description:/home/azif/xarm_ros2_simulation/install/uf_ros_lib:${AMENT_PREFIX_PATH} CMAKE_PREFIX_PATH=/home/azif/xarm_ros2_simulation/install/xarm_planner:/home/azif/xarm_ros2_simulation/install/xarm_moveit_config:/home/azif/xarm_ros2_simulation/install/xarm_gazebo:/home/azif/xarm_ros2_simulation/install/xarm_controller:/home/azif/xarm_ros2_simulation/install/xarm_api:/home/azif/xarm_ros2_simulation/install/xarm_sdk:/home/azif/xarm_ros2_simulation/install/xarm_msgs:/home/azif/xarm_ros2_simulation/install/xarm_description LD_LIBRARY_PATH=/home/azif/xarm_ros2_simulation/install/xarm_planner/lib:/home/azif/xarm_ros2_simulation/install/xarm_gazebo/lib:/home/azif/xarm_ros2_simulation/install/xarm_controller/lib:/home/azif/xarm_ros2_simulation/install/xarm_api/lib:/home/azif/xarm_ros2_simulation/install/xarm_sdk/lib:/home/azif/xarm_ros2_simulation/install/xarm_msgs/lib:/usr/lib/x86_64-linux-gnu/gazebo-11/plugins:/opt/ros/humble/opt/rviz_ogre_vendor/lib:/opt/ros/humble/lib/x86_64-linux-gnu:/opt/ros/humble/lib:/usr/share/gazebo-11/../../lib/x86_64-linux-gnu/gazebo-11/plugins PYTHONPATH=/home/azif/xarm_ros2_simulation/build/xarm7_bringup/prefix_override:/usr/lib/python3/dist-packages/colcon_core/task/python/colcon_distutils_commands:/home/azif/xarm_ros2_simulation/install/xarm7_bringup/lib/python3.10/site-packages:/home/azif/xarm_ros2_simulation/install/xarm_msgs/local/lib/python3.10/dist-packages:/home/azif/xarm_ros2_simulation/build/uf_ros_lib:/home/azif/xarm_ros2_simulation/install/uf_ros_lib/lib/python3.10/site-packages:${PYTHONPATH} /usr/bin/python3 -W ignore:setup.py install is deprecated -W ignore:easy_install command is deprecated setup.py develop --editable --build-directory /home/azif/xarm_ros2_simulation/build/xarm7_bringup/build --no-deps symlink_data
[0.820s] running develop
[0.998s] running egg_info
[0.998s] creating xarm7_bringup.egg-info
[0.998s] writing xarm7_bringup.egg-info/PKG-INFO
[0.998s] writing dependency_links to xarm7_bringup.egg-info/dependency_links.txt
[0.999s] writing entry points to xarm7_bringup.egg-info/entry_points.txt
[0.999s] writing requirements to xarm7_bringup.egg-info/requires.txt
[0.999s] writing top-level names to xarm7_bringup.egg-info/top_level.txt
[0.999s] writing manifest file 'xarm7_bringup.egg-info/SOURCES.txt'
[0.999s] reading manifest file 'xarm7_bringup.egg-info/SOURCES.txt'
[1.000s] writing manifest file 'xarm7_bringup.egg-info/SOURCES.txt'
[1.001s] running build_ext
[1.002s] Creating /home/azif/xarm_ros2_simulation/install/xarm7_bringup/lib/python3.10/site-packages/xarm7-bringup.egg-link (link to .)
[1.002s] 
[1.002s] Installed /home/azif/xarm_ros2_simulation/build/xarm7_bringup
[1.002s] running symlink_data
[1.002s] creating /home/azif/xarm_ros2_simulation/install/xarm7_bringup/share/xarm7_bringup/launch
[1.003s] symbolically linking /home/azif/xarm_ros2_simulation/build/xarm7_bringup/launch/xarm7_bringup.launch.py -> /home/azif/xarm_ros2_simulation/install/xarm7_bringup/share/xarm7_bringup/launch
[1.003s] symbolically linking /home/azif/xarm_ros2_simulation/build/xarm7_bringup/package.xml -> /home/azif/xarm_ros2_simulation/install/xarm7_bringup/share/xarm7_bringup
[1.035s] Invoked command in '/home/azif/xarm_ros2_simulation/build/xarm7_bringup' returned '0': AMENT_PREFIX_PATH=/home/azif/xarm_ros2_simulation/install/xarm_planner:/home/azif/xarm_ros2_simulation/install/xarm_moveit_config:/home/azif/xarm_ros2_simulation/install/xarm_gazebo:/home/azif/xarm_ros2_simulation/install/xarm_controller:/home/azif/xarm_ros2_simulation/install/xarm_api:/home/azif/xarm_ros2_simulation/install/xarm_sdk:/home/azif/xarm_ros2_simulation/install/xarm_msgs:/home/azif/xarm_ros2_simulation/install/xarm_description:/home/azif/xarm_ros2_simulation/install/uf_ros_lib:${AMENT_PREFIX_PATH} CMAKE_PREFIX_PATH=/home/azif/xarm_ros2_simulation/install/xarm_planner:/home/azif/xarm_ros2_simulation/install/xarm_moveit_config:/home/azif/xarm_ros2_simulation/install/xarm_gazebo:/home/azif/xarm_ros2_simulation/install/xarm_controller:/home/azif/xarm_ros2_simulation/install/xarm_api:/home/azif/xarm_ros2_simulation/install/xarm_sdk:/home/azif/xarm_ros2_simulation/install/xarm_msgs:/home/azif/xarm_ros2_simulation/install/xarm_description LD_LIBRARY_PATH=/home/azif/xarm_ros2_simulation/install/xarm_planner/lib:/home/azif/xarm_ros2_simulation/install/xarm_gazebo/lib:/home/azif/xarm_ros2_simulation/install/xarm_controller/lib:/home/azif/xarm_ros2_simulation/install/xarm_api/lib:/home/azif/xarm_ros2_simulation/install/xarm_sdk/lib:/home/azif/xarm_ros2_simulation/install/xarm_msgs/lib:/usr/lib/x86_64-linux-gnu/gazebo-11/plugins:/opt/ros/humble/opt/rviz_ogre_vendor/lib:/opt/ros/humble/lib/x86_64-linux-gnu:/opt/ros/humble/lib:/usr/share/gazebo-11/../../lib/x86_64-linux-gnu/gazebo-11/plugins PYTHONPATH=/home/azif/xarm_ros2_simulation/build/xarm7_bringup/prefix_override:/usr/lib/python3/dist-packages/colcon_core/task/python/colcon_distutils_commands:/home/azif/xarm_ros2_simulation/install/xarm7_bringup/lib/python3.10/site-packages:/home/azif/xarm_ros2_simulation/install/xarm_msgs/local/lib/python3.10/dist-packages:/home/azif/xarm_ros2_simulation/build/uf_ros_lib:/home/azif/xarm_ros2_simulation/install/uf_ros_lib/lib/python3.10/site-packages:${PYTHONPATH} /usr/bin/python3 -W ignore:setup.py install is deprecated -W ignore:easy_install command is deprecated setup.py develop --editable --build-directory /home/azif/xarm_ros2_simulation/build/xarm7_bringup/build --no-deps symlink_data
