[0.035s] Invoking command in '/home/azif/xarm_ros2_simulation/build/xarm_sdk': CMAKE_PREFIX_PATH=/opt/ros/humble /usr/bin/cmake --build /home/azif/xarm_ros2_simulation/build/xarm_sdk -- -j16 -l16
[0.299s] [100%] Built target xarm_cxx_sdk
[0.557s] Invoked command in '/home/azif/xarm_ros2_simulation/build/xarm_sdk' returned '0': CMAKE_PREFIX_PATH=/opt/ros/humble /usr/bin/cmake --build /home/azif/xarm_ros2_simulation/build/xarm_sdk -- -j16 -l16
[0.568s] Invoking command in '/home/azif/xarm_ros2_simulation/build/xarm_sdk': CMAKE_PREFIX_PATH=/opt/ros/humble /usr/bin/cmake --install /home/azif/xarm_ros2_simulation/build/xarm_sdk
[0.578s] -- Install configuration: ""
[0.580s] -- Execute custom install script
[0.580s] -- Up-to-date symlink: /home/azif/xarm_ros2_simulation/install/xarm_sdk/share/xarm_sdk/environment/library_path.sh
[0.580s] -- Up-to-date symlink: /home/azif/xarm_ros2_simulation/install/xarm_sdk/share/xarm_sdk/environment/library_path.dsv
[0.581s] -- Up-to-date symlink: /home/azif/xarm_ros2_simulation/install/xarm_sdk/cxx/include/serial/impl/unix.h
[0.581s] -- Up-to-date symlink: /home/azif/xarm_ros2_simulation/install/xarm_sdk/cxx/include/serial/impl/win.h
[0.581s] -- Up-to-date symlink: /home/azif/xarm_ros2_simulation/install/xarm_sdk/cxx/include/serial/serial.h
[0.581s] -- Up-to-date symlink: /home/azif/xarm_ros2_simulation/install/xarm_sdk/cxx/include/serial/v8stdint.h
[0.582s] -- Up-to-date symlink: /home/azif/xarm_ros2_simulation/install/xarm_sdk/cxx/include/xarm/core/common/crc16.h
[0.582s] -- Up-to-date symlink: /home/azif/xarm_ros2_simulation/install/xarm_sdk/cxx/include/xarm/core/common/data_type.h
[0.582s] -- Up-to-date symlink: /home/azif/xarm_ros2_simulation/install/xarm_sdk/cxx/include/xarm/core/common/queue_memcpy.h
[0.582s] -- Up-to-date symlink: /home/azif/xarm_ros2_simulation/install/xarm_sdk/cxx/include/xarm/core/connect.h
[0.582s] -- Up-to-date symlink: /home/azif/xarm_ros2_simulation/install/xarm_sdk/cxx/include/xarm/core/debug/debug_print.h
[0.582s] -- Up-to-date symlink: /home/azif/xarm_ros2_simulation/install/xarm_sdk/cxx/include/xarm/core/instruction/servo3_config.h
[0.583s] -- Up-to-date symlink: /home/azif/xarm_ros2_simulation/install/xarm_sdk/cxx/include/xarm/core/instruction/uxbus_cmd.h
[0.583s] -- Up-to-date symlink: /home/azif/xarm_ros2_simulation/install/xarm_sdk/cxx/include/xarm/core/instruction/uxbus_cmd_config.h
[0.587s] -- Up-to-date symlink: /home/azif/xarm_ros2_simulation/install/xarm_sdk/cxx/include/xarm/core/instruction/uxbus_cmd_ser.h
[0.589s] -- Up-to-date symlink: /home/azif/xarm_ros2_simulation/install/xarm_sdk/cxx/include/xarm/core/instruction/uxbus_cmd_tcp.h
[0.590s] -- Up-to-date symlink: /home/azif/xarm_ros2_simulation/install/xarm_sdk/cxx/include/xarm/core/os/bak/thread.h
[0.590s] -- Up-to-date symlink: /home/azif/xarm_ros2_simulation/install/xarm_sdk/cxx/include/xarm/core/os/network.h
[0.591s] -- Up-to-date symlink: /home/azif/xarm_ros2_simulation/install/xarm_sdk/cxx/include/xarm/core/port/ser.h
[0.591s] -- Up-to-date symlink: /home/azif/xarm_ros2_simulation/install/xarm_sdk/cxx/include/xarm/core/port/socket.h
[0.592s] -- Up-to-date symlink: /home/azif/xarm_ros2_simulation/install/xarm_sdk/cxx/include/xarm/core/report_data.h
[0.597s] -- Up-to-date symlink: /home/azif/xarm_ros2_simulation/install/xarm_sdk/cxx/include/xarm/core/xarm_config.h
[0.597s] -- Up-to-date symlink: /home/azif/xarm_ros2_simulation/install/xarm_sdk/cxx/include/xarm/wrapper/common/timer.h
[0.597s] -- Up-to-date symlink: /home/azif/xarm_ros2_simulation/install/xarm_sdk/cxx/include/xarm/wrapper/common/utils.h
[0.598s] -- Up-to-date symlink: /home/azif/xarm_ros2_simulation/install/xarm_sdk/cxx/include/xarm/wrapper/xarm_api.h
[0.599s] -- Up-to-date symlink: /home/azif/xarm_ros2_simulation/install/xarm_sdk/lib/libxarm_cxx_sdk.so
[0.600s] -- Up-to-date symlink: /home/azif/xarm_ros2_simulation/install/xarm_sdk/share/ament_index/resource_index/package_run_dependencies/xarm_sdk
[0.600s] -- Up-to-date symlink: /home/azif/xarm_ros2_simulation/install/xarm_sdk/share/ament_index/resource_index/parent_prefix_path/xarm_sdk
[0.601s] -- Up-to-date symlink: /home/azif/xarm_ros2_simulation/install/xarm_sdk/share/xarm_sdk/environment/ament_prefix_path.sh
[0.602s] -- Up-to-date symlink: /home/azif/xarm_ros2_simulation/install/xarm_sdk/share/xarm_sdk/environment/ament_prefix_path.dsv
[0.602s] -- Up-to-date symlink: /home/azif/xarm_ros2_simulation/install/xarm_sdk/share/xarm_sdk/environment/path.sh
[0.607s] -- Up-to-date symlink: /home/azif/xarm_ros2_simulation/install/xarm_sdk/share/xarm_sdk/environment/path.dsv
[0.607s] -- Up-to-date symlink: /home/azif/xarm_ros2_simulation/install/xarm_sdk/share/xarm_sdk/local_setup.bash
[0.607s] -- Up-to-date symlink: /home/azif/xarm_ros2_simulation/install/xarm_sdk/share/xarm_sdk/local_setup.sh
[0.607s] -- Up-to-date symlink: /home/azif/xarm_ros2_simulation/install/xarm_sdk/share/xarm_sdk/local_setup.zsh
[0.608s] -- Up-to-date symlink: /home/azif/xarm_ros2_simulation/install/xarm_sdk/share/xarm_sdk/local_setup.dsv
[0.608s] -- Symlinking: /home/azif/xarm_ros2_simulation/install/xarm_sdk/share/xarm_sdk/package.dsv
[0.645s] -- Up-to-date symlink: /home/azif/xarm_ros2_simulation/install/xarm_sdk/share/ament_index/resource_index/packages/xarm_sdk
[0.645s] -- Up-to-date symlink: /home/azif/xarm_ros2_simulation/install/xarm_sdk/share/xarm_sdk/cmake/ament_cmake_export_libraries-extras.cmake
[0.648s] -- Up-to-date symlink: /home/azif/xarm_ros2_simulation/install/xarm_sdk/share/xarm_sdk/cmake/ament_cmake_export_include_directories-extras.cmake
[0.649s] -- Up-to-date symlink: /home/azif/xarm_ros2_simulation/install/xarm_sdk/share/xarm_sdk/cmake/xarm_sdkConfig.cmake
[0.649s] -- Up-to-date symlink: /home/azif/xarm_ros2_simulation/install/xarm_sdk/share/xarm_sdk/cmake/xarm_sdkConfig-version.cmake
[0.649s] -- Up-to-date symlink: /home/azif/xarm_ros2_simulation/install/xarm_sdk/share/xarm_sdk/package.xml
[0.658s] Invoked command in '/home/azif/xarm_ros2_simulation/build/xarm_sdk' returned '0': CMAKE_PREFIX_PATH=/opt/ros/humble /usr/bin/cmake --install /home/azif/xarm_ros2_simulation/build/xarm_sdk
