-- The C compiler identification is GNU 11.4.0
-- The CXX compiler identification is GNU 11.4.0
-- Detecting C compiler ABI info
-- Detecting C compiler ABI info - done
-- Check for working C compiler: /usr/bin/cc - skipped
-- Detecting C compile features
-- Detecting C compile features - done
-- Detecting CXX compiler ABI info
-- Detecting CXX compiler ABI info - done
-- Check for working CXX compiler: /usr/bin/c++ - skipped
-- Detecting CXX compile features
-- Detecting CXX compile features - done
-- Found ament_cmake: 1.3.11 (/opt/ros/humble/share/ament_cmake/cmake)
-- Found Python3: /usr/bin/python3 (found version "3.10.12") found components: Interpreter 
-- Override CMake install command with custom implementation using symlinks instead of copying resources
-- Found rclcpp: 16.0.12 (/opt/ros/humble/share/rclcpp/cmake)
-- Found rosidl_generator_c: 3.1.6 (/opt/ros/humble/share/rosidl_generator_c/cmake)
-- Found rosidl_adapter: 3.1.6 (/opt/ros/humble/share/rosidl_adapter/cmake)
-- Found rosidl_generator_cpp: 3.1.6 (/opt/ros/humble/share/rosidl_generator_cpp/cmake)
-- Using all available rosidl_typesupport_c: rosidl_typesupport_fastrtps_c;rosidl_typesupport_introspection_c
-- Using all available rosidl_typesupport_cpp: rosidl_typesupport_fastrtps_cpp;rosidl_typesupport_introspection_cpp
-- Found rmw_implementation_cmake: 6.1.2 (/opt/ros/humble/share/rmw_implementation_cmake/cmake)
-- Found rmw_cyclonedds_cpp: 1.3.4 (/opt/ros/humble/share/rmw_cyclonedds_cpp/cmake)
-- Using RMW implementation 'rmw_cyclonedds_cpp' as default
-- Looking for pthread.h
-- Looking for pthread.h - found
-- Performing Test CMAKE_HAVE_LIBC_PTHREAD
-- Performing Test CMAKE_HAVE_LIBC_PTHREAD - Success
-- Found Threads: TRUE  
-- Found sensor_msgs: 4.8.0 (/opt/ros/humble/share/sensor_msgs/cmake)
-- Found moveit_msgs: 2.2.1 (/opt/ros/humble/share/moveit_msgs/cmake)
-- Found ament_lint_auto: 0.12.11 (/opt/ros/humble/share/ament_lint_auto/cmake)
-- Added test 'cppcheck' to perform static code analysis on C / C++ code
-- Configured cppcheck include dirs: 
-- Configured cppcheck exclude dirs and/or files: 
-- Added test 'flake8' to check Python code syntax and style conventions
-- Added test 'lint_cmake' to check CMake code style
-- Added test 'pep257' to check Python code against some of the docstring style conventions in PEP 257
-- Added test 'uncrustify' to check C / C++ code style
-- Configured uncrustify additional arguments: 
-- Added test 'xmllint' to check XML markup files
-- Configuring done
-- Generating done
-- Build files have been written to: /home/azif/xarm_ros2_simulation/build/xarm7_pose_saver
[ 50%] [32mBuilding CXX object CMakeFiles/pose_saver.dir/src/pose_saver.cpp.o[0m
[100%] [32m[1mLinking CXX executable pose_saver[0m
[100%] Built target pose_saver
-- Install configuration: ""
-- Execute custom install script
-- Symlinking: /home/azif/xarm_ros2_simulation/install/xarm7_pose_saver/lib/xarm7_pose_saver/pose_saver
-- Symlinking: /home/azif/xarm_ros2_simulation/install/xarm7_pose_saver/share/xarm7_pose_saver//config/saved_poses.yaml
-- Symlinking: /home/azif/xarm_ros2_simulation/install/xarm7_pose_saver/share/xarm7_pose_saver//launch/pose_saver.launch.py
-- Symlinking: /home/azif/xarm_ros2_simulation/install/xarm7_pose_saver/share/ament_index/resource_index/package_run_dependencies/xarm7_pose_saver
-- Symlinking: /home/azif/xarm_ros2_simulation/install/xarm7_pose_saver/share/ament_index/resource_index/parent_prefix_path/xarm7_pose_saver
-- Symlinking: /home/azif/xarm_ros2_simulation/install/xarm7_pose_saver/share/xarm7_pose_saver/environment/ament_prefix_path.sh
-- Symlinking: /home/azif/xarm_ros2_simulation/install/xarm7_pose_saver/share/xarm7_pose_saver/environment/ament_prefix_path.dsv
-- Symlinking: /home/azif/xarm_ros2_simulation/install/xarm7_pose_saver/share/xarm7_pose_saver/environment/path.sh
-- Symlinking: /home/azif/xarm_ros2_simulation/install/xarm7_pose_saver/share/xarm7_pose_saver/environment/path.dsv
-- Symlinking: /home/azif/xarm_ros2_simulation/install/xarm7_pose_saver/share/xarm7_pose_saver/local_setup.bash
-- Symlinking: /home/azif/xarm_ros2_simulation/install/xarm7_pose_saver/share/xarm7_pose_saver/local_setup.sh
-- Symlinking: /home/azif/xarm_ros2_simulation/install/xarm7_pose_saver/share/xarm7_pose_saver/local_setup.zsh
-- Symlinking: /home/azif/xarm_ros2_simulation/install/xarm7_pose_saver/share/xarm7_pose_saver/local_setup.dsv
-- Symlinking: /home/azif/xarm_ros2_simulation/install/xarm7_pose_saver/share/xarm7_pose_saver/package.dsv
-- Symlinking: /home/azif/xarm_ros2_simulation/install/xarm7_pose_saver/share/ament_index/resource_index/packages/xarm7_pose_saver
-- Symlinking: /home/azif/xarm_ros2_simulation/install/xarm7_pose_saver/share/xarm7_pose_saver/cmake/xarm7_pose_saverConfig.cmake
-- Symlinking: /home/azif/xarm_ros2_simulation/install/xarm7_pose_saver/share/xarm7_pose_saver/cmake/xarm7_pose_saverConfig-version.cmake
-- Symlinking: /home/azif/xarm_ros2_simulation/install/xarm7_pose_saver/share/xarm7_pose_saver/package.xml
