[0.015s] Invoking command in '/home/azif/xarm_ros2_simulation/build/xarm_controller': AMENT_PREFIX_PATH=/home/azif/xarm_ros2_simulation/install/xarm_api:/home/azif/xarm_ros2_simulation/install/xarm_sdk:/home/azif/xarm_ros2_simulation/install/xarm_msgs:/home/azif/xarm_ros2_simulation/install/xarm_description:${AMENT_PREFIX_PATH} CMAKE_PREFIX_PATH=/home/azif/xarm_ros2_simulation/install/xarm_api:/home/azif/xarm_ros2_simulation/install/xarm_sdk:/home/azif/xarm_ros2_simulation/install/xarm_msgs:/home/azif/xarm_ros2_simulation/install/xarm_description:/opt/ros/humble LD_LIBRARY_PATH=/home/azif/xarm_ros2_simulation/install/xarm_api/lib:/home/azif/xarm_ros2_simulation/install/xarm_sdk/lib:/home/azif/xarm_ros2_simulation/install/xarm_msgs/lib:/usr/lib/x86_64-linux-gnu/gazebo-11/plugins:/opt/ros/humble/opt/rviz_ogre_vendor/lib:/opt/ros/humble/lib/x86_64-linux-gnu:/opt/ros/humble/lib:/usr/share/gazebo-11/../../lib/x86_64-linux-gnu/gazebo-11/plugins PYTHONPATH=/home/azif/xarm_ros2_simulation/install/xarm_msgs/local/lib/python3.10/dist-packages:${PYTHONPATH} /usr/bin/cmake /home/azif/xarm_ros2_simulation/xarm_controller -DAMENT_CMAKE_SYMLINK_INSTALL=1 -DCMAKE_INSTALL_PREFIX=/home/azif/xarm_ros2_simulation/install/xarm_controller
[0.066s] -- The C compiler identification is GNU 11.4.0
[0.116s] -- The CXX compiler identification is GNU 11.4.0
[0.123s] -- Detecting C compiler ABI info
[0.189s] -- Detecting C compiler ABI info - done
[0.196s] -- Check for working C compiler: /usr/bin/cc - skipped
[0.196s] -- Detecting C compile features
[0.196s] -- Detecting C compile features - done
[0.199s] -- Detecting CXX compiler ABI info
[0.272s] -- Detecting CXX compiler ABI info - done
[0.277s] -- Check for working CXX compiler: /usr/bin/c++ - skipped
[0.278s] -- Detecting CXX compile features
[0.278s] -- Detecting CXX compile features - done
[0.282s] -- Found ament_cmake: 1.3.11 (/opt/ros/humble/share/ament_cmake/cmake)
[0.410s] -- Found Python3: /usr/bin/python3 (found version "3.10.12") found components: Interpreter 
[0.461s] -- Override CMake install command with custom implementation using symlinks instead of copying resources
[0.497s] -- Found ament_lint_auto: 0.12.11 (/opt/ros/humble/share/ament_lint_auto/cmake)
[0.573s] -- Found hardware_interface: 2.48.0 (/opt/ros/humble/share/hardware_interface/cmake)
[0.616s] -- Found rosidl_generator_c: 3.1.6 (/opt/ros/humble/share/rosidl_generator_c/cmake)
[0.622s] -- Found rosidl_adapter: 3.1.6 (/opt/ros/humble/share/rosidl_adapter/cmake)
[0.630s] -- Found rosidl_generator_cpp: 3.1.6 (/opt/ros/humble/share/rosidl_generator_cpp/cmake)
[0.641s] -- Using all available rosidl_typesupport_c: rosidl_typesupport_fastrtps_c;rosidl_typesupport_introspection_c
[0.656s] -- Using all available rosidl_typesupport_cpp: rosidl_typesupport_fastrtps_cpp;rosidl_typesupport_introspection_cpp
[0.845s] -- Found rmw_implementation_cmake: 6.1.2 (/opt/ros/humble/share/rmw_implementation_cmake/cmake)
[0.848s] -- Found rmw_cyclonedds_cpp: 1.3.4 (/opt/ros/humble/share/rmw_cyclonedds_cpp/cmake)
[0.867s] -- Using RMW implementation 'rmw_cyclonedds_cpp' as default
[0.877s] -- Looking for pthread.h
[0.948s] -- Looking for pthread.h - found
[0.948s] -- Performing Test CMAKE_HAVE_LIBC_PTHREAD
[1.021s] -- Performing Test CMAKE_HAVE_LIBC_PTHREAD - Success
[1.022s] -- Found Threads: TRUE  
[1.064s] -- Found rclcpp_action: 16.0.11 (/opt/ros/humble/share/rclcpp_action/cmake)
[1.075s] -- Found controller_manager_msgs: 2.48.0 (/opt/ros/humble/share/controller_manager_msgs/cmake)
[1.088s] -- Found xarm_msgs: 0.0.0 (/home/azif/xarm_ros2_simulation/install/xarm_msgs/share/xarm_msgs/cmake)
[1.098s] -- Found xarm_api: 0.0.0 (/home/azif/xarm_ros2_simulation/install/xarm_api/share/xarm_api/cmake)
[1.099s] -- Found xarm_sdk: 0.0.0 (/home/azif/xarm_ros2_simulation/install/xarm_sdk/share/xarm_sdk/cmake)
[1.110s] -- Added test 'copyright' to check source files copyright and LICENSE
[1.113s] -- Added test 'cppcheck' to perform static code analysis on C / C++ code
[1.113s] -- Configured cppcheck include dirs: /home/azif/xarm_ros2_simulation/xarm_controller/include
[1.113s] -- Configured cppcheck exclude dirs and/or files: 
[1.115s] -- Added test 'cpplint' to check C / C++ code against the Google style
[1.115s] -- Configured cpplint exclude dirs and/or files: 
[1.115s] -- Added test 'flake8' to check Python code syntax and style conventions
[1.116s] -- Added test 'lint_cmake' to check CMake code style
[1.116s] -- Added test 'pep257' to check Python code against some of the docstring style conventions in PEP 257
[1.118s] -- Added test 'uncrustify' to check C / C++ code style
[1.118s] -- Configured uncrustify additional arguments: 
[1.118s] -- Added test 'xmllint' to check XML markup files
[1.121s] -- Configuring done
[1.155s] -- Generating done
[1.159s] -- Build files have been written to: /home/azif/xarm_ros2_simulation/build/xarm_controller
[1.169s] Invoked command in '/home/azif/xarm_ros2_simulation/build/xarm_controller' returned '0': AMENT_PREFIX_PATH=/home/azif/xarm_ros2_simulation/install/xarm_api:/home/azif/xarm_ros2_simulation/install/xarm_sdk:/home/azif/xarm_ros2_simulation/install/xarm_msgs:/home/azif/xarm_ros2_simulation/install/xarm_description:${AMENT_PREFIX_PATH} CMAKE_PREFIX_PATH=/home/azif/xarm_ros2_simulation/install/xarm_api:/home/azif/xarm_ros2_simulation/install/xarm_sdk:/home/azif/xarm_ros2_simulation/install/xarm_msgs:/home/azif/xarm_ros2_simulation/install/xarm_description:/opt/ros/humble LD_LIBRARY_PATH=/home/azif/xarm_ros2_simulation/install/xarm_api/lib:/home/azif/xarm_ros2_simulation/install/xarm_sdk/lib:/home/azif/xarm_ros2_simulation/install/xarm_msgs/lib:/usr/lib/x86_64-linux-gnu/gazebo-11/plugins:/opt/ros/humble/opt/rviz_ogre_vendor/lib:/opt/ros/humble/lib/x86_64-linux-gnu:/opt/ros/humble/lib:/usr/share/gazebo-11/../../lib/x86_64-linux-gnu/gazebo-11/plugins PYTHONPATH=/home/azif/xarm_ros2_simulation/install/xarm_msgs/local/lib/python3.10/dist-packages:${PYTHONPATH} /usr/bin/cmake /home/azif/xarm_ros2_simulation/xarm_controller -DAMENT_CMAKE_SYMLINK_INSTALL=1 -DCMAKE_INSTALL_PREFIX=/home/azif/xarm_ros2_simulation/install/xarm_controller
[1.170s] Invoking command in '/home/azif/xarm_ros2_simulation/build/xarm_controller': AMENT_PREFIX_PATH=/home/azif/xarm_ros2_simulation/install/xarm_api:/home/azif/xarm_ros2_simulation/install/xarm_sdk:/home/azif/xarm_ros2_simulation/install/xarm_msgs:/home/azif/xarm_ros2_simulation/install/xarm_description:${AMENT_PREFIX_PATH} CMAKE_PREFIX_PATH=/home/azif/xarm_ros2_simulation/install/xarm_api:/home/azif/xarm_ros2_simulation/install/xarm_sdk:/home/azif/xarm_ros2_simulation/install/xarm_msgs:/home/azif/xarm_ros2_simulation/install/xarm_description:/opt/ros/humble LD_LIBRARY_PATH=/home/azif/xarm_ros2_simulation/install/xarm_api/lib:/home/azif/xarm_ros2_simulation/install/xarm_sdk/lib:/home/azif/xarm_ros2_simulation/install/xarm_msgs/lib:/usr/lib/x86_64-linux-gnu/gazebo-11/plugins:/opt/ros/humble/opt/rviz_ogre_vendor/lib:/opt/ros/humble/lib/x86_64-linux-gnu:/opt/ros/humble/lib:/usr/share/gazebo-11/../../lib/x86_64-linux-gnu/gazebo-11/plugins PYTHONPATH=/home/azif/xarm_ros2_simulation/install/xarm_msgs/local/lib/python3.10/dist-packages:${PYTHONPATH} /usr/bin/cmake --build /home/azif/xarm_ros2_simulation/build/xarm_controller -- -j16 -l16
[1.219s] [ 66%] [32mBuilding CXX object CMakeFiles/uf_robot_hardware.dir/src/hardware/uf_robot_system_hardware.cpp.o[0m
[1.219s] [ 66%] [32mBuilding CXX object CMakeFiles/uf_robot_hardware.dir/src/hardware/uf_robot_fake_system_hardware.cpp.o[0m
[8.883s] [100%] [32m[1mLinking CXX shared library libuf_robot_hardware.so[0m
[9.965s] [100%] Built target uf_robot_hardware
[9.977s] Invoked command in '/home/azif/xarm_ros2_simulation/build/xarm_controller' returned '0': AMENT_PREFIX_PATH=/home/azif/xarm_ros2_simulation/install/xarm_api:/home/azif/xarm_ros2_simulation/install/xarm_sdk:/home/azif/xarm_ros2_simulation/install/xarm_msgs:/home/azif/xarm_ros2_simulation/install/xarm_description:${AMENT_PREFIX_PATH} CMAKE_PREFIX_PATH=/home/azif/xarm_ros2_simulation/install/xarm_api:/home/azif/xarm_ros2_simulation/install/xarm_sdk:/home/azif/xarm_ros2_simulation/install/xarm_msgs:/home/azif/xarm_ros2_simulation/install/xarm_description:/opt/ros/humble LD_LIBRARY_PATH=/home/azif/xarm_ros2_simulation/install/xarm_api/lib:/home/azif/xarm_ros2_simulation/install/xarm_sdk/lib:/home/azif/xarm_ros2_simulation/install/xarm_msgs/lib:/usr/lib/x86_64-linux-gnu/gazebo-11/plugins:/opt/ros/humble/opt/rviz_ogre_vendor/lib:/opt/ros/humble/lib/x86_64-linux-gnu:/opt/ros/humble/lib:/usr/share/gazebo-11/../../lib/x86_64-linux-gnu/gazebo-11/plugins PYTHONPATH=/home/azif/xarm_ros2_simulation/install/xarm_msgs/local/lib/python3.10/dist-packages:${PYTHONPATH} /usr/bin/cmake --build /home/azif/xarm_ros2_simulation/build/xarm_controller -- -j16 -l16
[9.978s] Invoking command in '/home/azif/xarm_ros2_simulation/build/xarm_controller': AMENT_PREFIX_PATH=/home/azif/xarm_ros2_simulation/install/xarm_api:/home/azif/xarm_ros2_simulation/install/xarm_sdk:/home/azif/xarm_ros2_simulation/install/xarm_msgs:/home/azif/xarm_ros2_simulation/install/xarm_description:${AMENT_PREFIX_PATH} CMAKE_PREFIX_PATH=/home/azif/xarm_ros2_simulation/install/xarm_api:/home/azif/xarm_ros2_simulation/install/xarm_sdk:/home/azif/xarm_ros2_simulation/install/xarm_msgs:/home/azif/xarm_ros2_simulation/install/xarm_description:/opt/ros/humble LD_LIBRARY_PATH=/home/azif/xarm_ros2_simulation/install/xarm_api/lib:/home/azif/xarm_ros2_simulation/install/xarm_sdk/lib:/home/azif/xarm_ros2_simulation/install/xarm_msgs/lib:/usr/lib/x86_64-linux-gnu/gazebo-11/plugins:/opt/ros/humble/opt/rviz_ogre_vendor/lib:/opt/ros/humble/lib/x86_64-linux-gnu:/opt/ros/humble/lib:/usr/share/gazebo-11/../../lib/x86_64-linux-gnu/gazebo-11/plugins PYTHONPATH=/home/azif/xarm_ros2_simulation/install/xarm_msgs/local/lib/python3.10/dist-packages:${PYTHONPATH} /usr/bin/cmake --install /home/azif/xarm_ros2_simulation/build/xarm_controller
[9.985s] -- Install configuration: ""
[9.986s] -- Execute custom install script
[9.986s] -- Symlinking: /home/azif/xarm_ros2_simulation/install/xarm_controller/share/xarm_controller//uf_hardware_interface_plugins.xml
[9.995s] -- Symlinking: /home/azif/xarm_ros2_simulation/install/xarm_controller/include/xarm_controller/hardware/uf_robot_fake_system_hardware.h
[10.004s] -- Symlinking: /home/azif/xarm_ros2_simulation/install/xarm_controller/include/xarm_controller/hardware/uf_robot_system_hardware.h
[10.012s] -- Symlinking: /home/azif/xarm_ros2_simulation/install/xarm_controller/lib/libuf_robot_hardware.so
[10.021s] -- Symlinking: /home/azif/xarm_ros2_simulation/install/xarm_controller/share/xarm_controller//launch/_dual_ros2_control.launch.py
[10.029s] -- Symlinking: /home/azif/xarm_ros2_simulation/install/xarm_controller/share/xarm_controller//launch/_robot_ros2_control.launch.py
[10.037s] -- Symlinking: /home/azif/xarm_ros2_simulation/install/xarm_controller/share/xarm_controller//launch/_ros2_control.launch.py
[10.046s] -- Symlinking: /home/azif/xarm_ros2_simulation/install/xarm_controller/share/xarm_controller//launch/lib/robot_controller_lib.py
[10.053s] -- Symlinking: /home/azif/xarm_ros2_simulation/install/xarm_controller/share/xarm_controller//launch/lite6_control_rviz_display.launch.py
[10.061s] -- Symlinking: /home/azif/xarm_ros2_simulation/install/xarm_controller/share/xarm_controller//launch/uf850_control_rviz_display.launch.py
[10.069s] -- Symlinking: /home/azif/xarm_ros2_simulation/install/xarm_controller/share/xarm_controller//launch/xarm5_control_rviz_display.launch.py
[10.078s] -- Symlinking: /home/azif/xarm_ros2_simulation/install/xarm_controller/share/xarm_controller//launch/xarm6_control_rviz_display.launch.py
[10.086s] -- Symlinking: /home/azif/xarm_ros2_simulation/install/xarm_controller/share/xarm_controller//launch/xarm7_control_rviz_display.launch.py
[10.094s] -- Symlinking: /home/azif/xarm_ros2_simulation/install/xarm_controller/share/xarm_controller//launch/xarm7_mirror_control_rviz_display.launch.py
[10.104s] -- Symlinking: /home/azif/xarm_ros2_simulation/install/xarm_controller/share/xarm_controller//config/bio_gripper_controllers.yaml
[10.112s] -- Symlinking: /home/azif/xarm_ros2_simulation/install/xarm_controller/share/xarm_controller//config/lite6_controllers.yaml
[10.120s] -- Symlinking: /home/azif/xarm_ros2_simulation/install/xarm_controller/share/xarm_controller//config/uf850_controllers.yaml
[10.128s] -- Symlinking: /home/azif/xarm_ros2_simulation/install/xarm_controller/share/xarm_controller//config/uf850_gripper_controllers.yaml
[10.135s] -- Symlinking: /home/azif/xarm_ros2_simulation/install/xarm_controller/share/xarm_controller//config/xarm5_controllers.yaml
[10.144s] -- Symlinking: /home/azif/xarm_ros2_simulation/install/xarm_controller/share/xarm_controller//config/xarm6_controllers.yaml
[10.153s] -- Symlinking: /home/azif/xarm_ros2_simulation/install/xarm_controller/share/xarm_controller//config/xarm7_controllers.yaml
[10.160s] -- Symlinking: /home/azif/xarm_ros2_simulation/install/xarm_controller/share/xarm_controller//config/xarm7_mirror_controllers.yaml
[10.170s] -- Symlinking: /home/azif/xarm_ros2_simulation/install/xarm_controller/share/xarm_controller//config/xarm7_mirror_gripper_controllers.yaml
[10.179s] -- Symlinking: /home/azif/xarm_ros2_simulation/install/xarm_controller/share/xarm_controller//config/xarm_gripper_controllers.yaml
[10.188s] -- Symlinking: /home/azif/xarm_ros2_simulation/install/xarm_controller/share/xarm_controller/environment/library_path.sh
[10.195s] -- Symlinking: /home/azif/xarm_ros2_simulation/install/xarm_controller/share/xarm_controller/environment/library_path.dsv
[10.205s] -- Symlinking: /home/azif/xarm_ros2_simulation/install/xarm_controller/share/ament_index/resource_index/package_run_dependencies/xarm_controller
[10.213s] -- Symlinking: /home/azif/xarm_ros2_simulation/install/xarm_controller/share/ament_index/resource_index/parent_prefix_path/xarm_controller
[10.222s] -- Symlinking: /home/azif/xarm_ros2_simulation/install/xarm_controller/share/xarm_controller/environment/ament_prefix_path.sh
[10.230s] -- Symlinking: /home/azif/xarm_ros2_simulation/install/xarm_controller/share/xarm_controller/environment/ament_prefix_path.dsv
[10.239s] -- Symlinking: /home/azif/xarm_ros2_simulation/install/xarm_controller/share/xarm_controller/environment/path.sh
[10.248s] -- Symlinking: /home/azif/xarm_ros2_simulation/install/xarm_controller/share/xarm_controller/environment/path.dsv
[10.258s] -- Symlinking: /home/azif/xarm_ros2_simulation/install/xarm_controller/share/xarm_controller/local_setup.bash
[10.266s] -- Symlinking: /home/azif/xarm_ros2_simulation/install/xarm_controller/share/xarm_controller/local_setup.sh
[10.274s] -- Symlinking: /home/azif/xarm_ros2_simulation/install/xarm_controller/share/xarm_controller/local_setup.zsh
[10.282s] -- Symlinking: /home/azif/xarm_ros2_simulation/install/xarm_controller/share/xarm_controller/local_setup.dsv
[10.290s] -- Symlinking: /home/azif/xarm_ros2_simulation/install/xarm_controller/share/xarm_controller/package.dsv
[10.299s] -- Symlinking: /home/azif/xarm_ros2_simulation/install/xarm_controller/share/ament_index/resource_index/packages/xarm_controller
[10.307s] -- Symlinking: /home/azif/xarm_ros2_simulation/install/xarm_controller/share/ament_index/resource_index/hardware_interface__pluginlib__plugin/xarm_controller
[10.316s] -- Symlinking: /home/azif/xarm_ros2_simulation/install/xarm_controller/share/xarm_controller/cmake/ament_cmake_export_include_directories-extras.cmake
[10.325s] -- Symlinking: /home/azif/xarm_ros2_simulation/install/xarm_controller/share/xarm_controller/cmake/ament_cmake_export_libraries-extras.cmake
[10.333s] -- Symlinking: /home/azif/xarm_ros2_simulation/install/xarm_controller/share/xarm_controller/cmake/ament_cmake_export_dependencies-extras.cmake
[10.343s] -- Symlinking: /home/azif/xarm_ros2_simulation/install/xarm_controller/share/xarm_controller/cmake/xarm_controllerConfig.cmake
[10.351s] -- Symlinking: /home/azif/xarm_ros2_simulation/install/xarm_controller/share/xarm_controller/cmake/xarm_controllerConfig-version.cmake
[10.360s] -- Symlinking: /home/azif/xarm_ros2_simulation/install/xarm_controller/share/xarm_controller/package.xml
[10.371s] Invoked command in '/home/azif/xarm_ros2_simulation/build/xarm_controller' returned '0': AMENT_PREFIX_PATH=/home/azif/xarm_ros2_simulation/install/xarm_api:/home/azif/xarm_ros2_simulation/install/xarm_sdk:/home/azif/xarm_ros2_simulation/install/xarm_msgs:/home/azif/xarm_ros2_simulation/install/xarm_description:${AMENT_PREFIX_PATH} CMAKE_PREFIX_PATH=/home/azif/xarm_ros2_simulation/install/xarm_api:/home/azif/xarm_ros2_simulation/install/xarm_sdk:/home/azif/xarm_ros2_simulation/install/xarm_msgs:/home/azif/xarm_ros2_simulation/install/xarm_description:/opt/ros/humble LD_LIBRARY_PATH=/home/azif/xarm_ros2_simulation/install/xarm_api/lib:/home/azif/xarm_ros2_simulation/install/xarm_sdk/lib:/home/azif/xarm_ros2_simulation/install/xarm_msgs/lib:/usr/lib/x86_64-linux-gnu/gazebo-11/plugins:/opt/ros/humble/opt/rviz_ogre_vendor/lib:/opt/ros/humble/lib/x86_64-linux-gnu:/opt/ros/humble/lib:/usr/share/gazebo-11/../../lib/x86_64-linux-gnu/gazebo-11/plugins PYTHONPATH=/home/azif/xarm_ros2_simulation/install/xarm_msgs/local/lib/python3.10/dist-packages:${PYTHONPATH} /usr/bin/cmake --install /home/azif/xarm_ros2_simulation/build/xarm_controller
