[0.025s] Invoking command in '/home/azif/xarm_ros2_simulation/build/xarm_gazebo': AMENT_PREFIX_PATH=/home/azif/xarm_ros2_simulation/install/uf_ros_lib:/home/azif/xarm_ros2_simulation/install/xarm7_bringup:/home/azif/xarm_ros2_simulation/install/xarm7_aruco_pick:/home/azif/xarm_ros2_simulation/install/xarm_planner:/home/azif/xarm_ros2_simulation/install/xarm_moveit_servo:/home/azif/xarm_ros2_simulation/install/xarm_moveit_config:/home/azif/xarm_ros2_simulation/install/xarm_gazebo:/home/azif/xarm_ros2_simulation/install/xarm_controller:/home/azif/xarm_ros2_simulation/install/d435i_xarm_setup:/home/azif/xarm_ros2_simulation/install/xarm_api:/home/azif/xarm_ros2_simulation/install/xarm_sdk:/home/azif/xarm_ros2_simulation/install/xarm7_pipeline:/home/azif/xarm_ros2_simulation/install/xarm_msgs:/home/azif/xarm_ros2_simulation/install/xarm_moveit_interface:/home/azif/xarm_ros2_simulation/install/xarm_description:/home/azif/xarm_ros2_simulation/install/xarm7_pose_saver:/home/azif/xarm_ros2_simulation/install/realsense_gazebo_plugin:/home/azif/xarm_ros2_simulation/install/msg_gazebo:/home/azif/xarm_ros2_simulation/install/mbot_demo:/opt/ros/humble CMAKE_PREFIX_PATH=/home/azif/xarm_ros2_simulation/install/xarm_controller:/home/azif/xarm_ros2_simulation/install/xarm_api:/home/azif/xarm_ros2_simulation/install/xarm_sdk:/home/azif/xarm_ros2_simulation/install/xarm_msgs:/home/azif/xarm_ros2_simulation/install/xarm_description:/home/azif/xarm_ros2_simulation/install/xarm7_aruco_pick:/home/azif/xarm_ros2_simulation/install/xarm_planner:/home/azif/xarm_ros2_simulation/install/xarm_moveit_servo:/home/azif/xarm_ros2_simulation/install/xarm_moveit_config:/home/azif/xarm_ros2_simulation/install/xarm_gazebo:/home/azif/xarm_ros2_simulation/install/d435i_xarm_setup:/home/azif/xarm_ros2_simulation/install/xarm7_pipeline:/home/azif/xarm_ros2_simulation/install/xarm7_pose_saver:/home/azif/xarm_ros2_simulation/install/realsense_gazebo_plugin:/home/azif/xarm_ros2_simulation/install/xarm7_bringup:/home/azif/xarm_ros2_simulation/install/xarm_moveit_interface:/home/azif/xarm_ros2_simulation/install/uf_ros_lib:/opt/ros/humble:/home/azif/xarm_ros2_simulation/install/attach_detach:/home/azif/xarm_ros2_simulation/install/msg_gazebo:/home/azif/xarm_ros2_simulation/install/mbot_demo LD_LIBRARY_PATH=/home/azif/xarm_ros2_simulation/install/xarm_controller/lib:/home/azif/xarm_ros2_simulation/install/xarm_api/lib:/home/azif/xarm_ros2_simulation/install/xarm_sdk/lib:/home/azif/xarm_ros2_simulation/install/xarm_msgs/lib:/home/azif/xarm_ros2_simulation/install/xarm_planner/lib:/home/azif/xarm_ros2_simulation/install/xarm_moveit_servo/lib:/home/azif/xarm_ros2_simulation/install/xarm_gazebo/lib:/home/azif/xarm_ros2_simulation/install/realsense_gazebo_plugin/lib:/home/azif/xarm_ros2_simulation/install/attach_detach/lib:/home/azif/xarm_ros2_simulation/install/msg_gazebo/lib:/usr/lib/x86_64-linux-gnu/gazebo-11/plugins:/opt/ros/humble/opt/rviz_ogre_vendor/lib:/opt/ros/humble/lib/x86_64-linux-gnu:/opt/ros/humble/lib:/usr/share/gazebo-11/../../lib/x86_64-linux-gnu/gazebo-11/plugins PYTHONPATH=/home/azif/xarm_ros2_simulation/build/uf_ros_lib:/home/azif/xarm_ros2_simulation/install/uf_ros_lib/lib/python3.10/site-packages:/home/azif/xarm_ros2_simulation/build/xarm7_bringup:/home/azif/xarm_ros2_simulation/install/xarm7_bringup/lib/python3.10/site-packages:/home/azif/xarm_ros2_simulation/install/xarm_msgs/local/lib/python3.10/dist-packages:/home/azif/xarm_ros2_simulation/build/xarm_moveit_interface:/home/azif/xarm_ros2_simulation/install/xarm_moveit_interface/lib/python3.10/site-packages:/home/azif/xarm_ros2_simulation/install/msg_gazebo/local/lib/python3.10/dist-packages:/opt/ros/humble/lib/python3.10/site-packages:/opt/ros/humble/local/lib/python3.10/dist-packages /usr/bin/cmake --build /home/azif/xarm_ros2_simulation/build/xarm_gazebo -- -j16 -l16
[0.108s] [100%] Built target gazebo_mimic_joint_plugin
[0.122s] Invoked command in '/home/azif/xarm_ros2_simulation/build/xarm_gazebo' returned '0': AMENT_PREFIX_PATH=/home/azif/xarm_ros2_simulation/install/uf_ros_lib:/home/azif/xarm_ros2_simulation/install/xarm7_bringup:/home/azif/xarm_ros2_simulation/install/xarm7_aruco_pick:/home/azif/xarm_ros2_simulation/install/xarm_planner:/home/azif/xarm_ros2_simulation/install/xarm_moveit_servo:/home/azif/xarm_ros2_simulation/install/xarm_moveit_config:/home/azif/xarm_ros2_simulation/install/xarm_gazebo:/home/azif/xarm_ros2_simulation/install/xarm_controller:/home/azif/xarm_ros2_simulation/install/d435i_xarm_setup:/home/azif/xarm_ros2_simulation/install/xarm_api:/home/azif/xarm_ros2_simulation/install/xarm_sdk:/home/azif/xarm_ros2_simulation/install/xarm7_pipeline:/home/azif/xarm_ros2_simulation/install/xarm_msgs:/home/azif/xarm_ros2_simulation/install/xarm_moveit_interface:/home/azif/xarm_ros2_simulation/install/xarm_description:/home/azif/xarm_ros2_simulation/install/xarm7_pose_saver:/home/azif/xarm_ros2_simulation/install/realsense_gazebo_plugin:/home/azif/xarm_ros2_simulation/install/msg_gazebo:/home/azif/xarm_ros2_simulation/install/mbot_demo:/opt/ros/humble CMAKE_PREFIX_PATH=/home/azif/xarm_ros2_simulation/install/xarm_controller:/home/azif/xarm_ros2_simulation/install/xarm_api:/home/azif/xarm_ros2_simulation/install/xarm_sdk:/home/azif/xarm_ros2_simulation/install/xarm_msgs:/home/azif/xarm_ros2_simulation/install/xarm_description:/home/azif/xarm_ros2_simulation/install/xarm7_aruco_pick:/home/azif/xarm_ros2_simulation/install/xarm_planner:/home/azif/xarm_ros2_simulation/install/xarm_moveit_servo:/home/azif/xarm_ros2_simulation/install/xarm_moveit_config:/home/azif/xarm_ros2_simulation/install/xarm_gazebo:/home/azif/xarm_ros2_simulation/install/d435i_xarm_setup:/home/azif/xarm_ros2_simulation/install/xarm7_pipeline:/home/azif/xarm_ros2_simulation/install/xarm7_pose_saver:/home/azif/xarm_ros2_simulation/install/realsense_gazebo_plugin:/home/azif/xarm_ros2_simulation/install/xarm7_bringup:/home/azif/xarm_ros2_simulation/install/xarm_moveit_interface:/home/azif/xarm_ros2_simulation/install/uf_ros_lib:/opt/ros/humble:/home/azif/xarm_ros2_simulation/install/attach_detach:/home/azif/xarm_ros2_simulation/install/msg_gazebo:/home/azif/xarm_ros2_simulation/install/mbot_demo LD_LIBRARY_PATH=/home/azif/xarm_ros2_simulation/install/xarm_controller/lib:/home/azif/xarm_ros2_simulation/install/xarm_api/lib:/home/azif/xarm_ros2_simulation/install/xarm_sdk/lib:/home/azif/xarm_ros2_simulation/install/xarm_msgs/lib:/home/azif/xarm_ros2_simulation/install/xarm_planner/lib:/home/azif/xarm_ros2_simulation/install/xarm_moveit_servo/lib:/home/azif/xarm_ros2_simulation/install/xarm_gazebo/lib:/home/azif/xarm_ros2_simulation/install/realsense_gazebo_plugin/lib:/home/azif/xarm_ros2_simulation/install/attach_detach/lib:/home/azif/xarm_ros2_simulation/install/msg_gazebo/lib:/usr/lib/x86_64-linux-gnu/gazebo-11/plugins:/opt/ros/humble/opt/rviz_ogre_vendor/lib:/opt/ros/humble/lib/x86_64-linux-gnu:/opt/ros/humble/lib:/usr/share/gazebo-11/../../lib/x86_64-linux-gnu/gazebo-11/plugins PYTHONPATH=/home/azif/xarm_ros2_simulation/build/uf_ros_lib:/home/azif/xarm_ros2_simulation/install/uf_ros_lib/lib/python3.10/site-packages:/home/azif/xarm_ros2_simulation/build/xarm7_bringup:/home/azif/xarm_ros2_simulation/install/xarm7_bringup/lib/python3.10/site-packages:/home/azif/xarm_ros2_simulation/install/xarm_msgs/local/lib/python3.10/dist-packages:/home/azif/xarm_ros2_simulation/build/xarm_moveit_interface:/home/azif/xarm_ros2_simulation/install/xarm_moveit_interface/lib/python3.10/site-packages:/home/azif/xarm_ros2_simulation/install/msg_gazebo/local/lib/python3.10/dist-packages:/opt/ros/humble/lib/python3.10/site-packages:/opt/ros/humble/local/lib/python3.10/dist-packages /usr/bin/cmake --build /home/azif/xarm_ros2_simulation/build/xarm_gazebo -- -j16 -l16
[0.124s] Invoking command in '/home/azif/xarm_ros2_simulation/build/xarm_gazebo': AMENT_PREFIX_PATH=/home/azif/xarm_ros2_simulation/install/uf_ros_lib:/home/azif/xarm_ros2_simulation/install/xarm7_bringup:/home/azif/xarm_ros2_simulation/install/xarm7_aruco_pick:/home/azif/xarm_ros2_simulation/install/xarm_planner:/home/azif/xarm_ros2_simulation/install/xarm_moveit_servo:/home/azif/xarm_ros2_simulation/install/xarm_moveit_config:/home/azif/xarm_ros2_simulation/install/xarm_gazebo:/home/azif/xarm_ros2_simulation/install/xarm_controller:/home/azif/xarm_ros2_simulation/install/d435i_xarm_setup:/home/azif/xarm_ros2_simulation/install/xarm_api:/home/azif/xarm_ros2_simulation/install/xarm_sdk:/home/azif/xarm_ros2_simulation/install/xarm7_pipeline:/home/azif/xarm_ros2_simulation/install/xarm_msgs:/home/azif/xarm_ros2_simulation/install/xarm_moveit_interface:/home/azif/xarm_ros2_simulation/install/xarm_description:/home/azif/xarm_ros2_simulation/install/xarm7_pose_saver:/home/azif/xarm_ros2_simulation/install/realsense_gazebo_plugin:/home/azif/xarm_ros2_simulation/install/msg_gazebo:/home/azif/xarm_ros2_simulation/install/mbot_demo:/opt/ros/humble CMAKE_PREFIX_PATH=/home/azif/xarm_ros2_simulation/install/xarm_controller:/home/azif/xarm_ros2_simulation/install/xarm_api:/home/azif/xarm_ros2_simulation/install/xarm_sdk:/home/azif/xarm_ros2_simulation/install/xarm_msgs:/home/azif/xarm_ros2_simulation/install/xarm_description:/home/azif/xarm_ros2_simulation/install/xarm7_aruco_pick:/home/azif/xarm_ros2_simulation/install/xarm_planner:/home/azif/xarm_ros2_simulation/install/xarm_moveit_servo:/home/azif/xarm_ros2_simulation/install/xarm_moveit_config:/home/azif/xarm_ros2_simulation/install/xarm_gazebo:/home/azif/xarm_ros2_simulation/install/d435i_xarm_setup:/home/azif/xarm_ros2_simulation/install/xarm7_pipeline:/home/azif/xarm_ros2_simulation/install/xarm7_pose_saver:/home/azif/xarm_ros2_simulation/install/realsense_gazebo_plugin:/home/azif/xarm_ros2_simulation/install/xarm7_bringup:/home/azif/xarm_ros2_simulation/install/xarm_moveit_interface:/home/azif/xarm_ros2_simulation/install/uf_ros_lib:/opt/ros/humble:/home/azif/xarm_ros2_simulation/install/attach_detach:/home/azif/xarm_ros2_simulation/install/msg_gazebo:/home/azif/xarm_ros2_simulation/install/mbot_demo LD_LIBRARY_PATH=/home/azif/xarm_ros2_simulation/install/xarm_controller/lib:/home/azif/xarm_ros2_simulation/install/xarm_api/lib:/home/azif/xarm_ros2_simulation/install/xarm_sdk/lib:/home/azif/xarm_ros2_simulation/install/xarm_msgs/lib:/home/azif/xarm_ros2_simulation/install/xarm_planner/lib:/home/azif/xarm_ros2_simulation/install/xarm_moveit_servo/lib:/home/azif/xarm_ros2_simulation/install/xarm_gazebo/lib:/home/azif/xarm_ros2_simulation/install/realsense_gazebo_plugin/lib:/home/azif/xarm_ros2_simulation/install/attach_detach/lib:/home/azif/xarm_ros2_simulation/install/msg_gazebo/lib:/usr/lib/x86_64-linux-gnu/gazebo-11/plugins:/opt/ros/humble/opt/rviz_ogre_vendor/lib:/opt/ros/humble/lib/x86_64-linux-gnu:/opt/ros/humble/lib:/usr/share/gazebo-11/../../lib/x86_64-linux-gnu/gazebo-11/plugins PYTHONPATH=/home/azif/xarm_ros2_simulation/build/uf_ros_lib:/home/azif/xarm_ros2_simulation/install/uf_ros_lib/lib/python3.10/site-packages:/home/azif/xarm_ros2_simulation/build/xarm7_bringup:/home/azif/xarm_ros2_simulation/install/xarm7_bringup/lib/python3.10/site-packages:/home/azif/xarm_ros2_simulation/install/xarm_msgs/local/lib/python3.10/dist-packages:/home/azif/xarm_ros2_simulation/build/xarm_moveit_interface:/home/azif/xarm_ros2_simulation/install/xarm_moveit_interface/lib/python3.10/site-packages:/home/azif/xarm_ros2_simulation/install/msg_gazebo/local/lib/python3.10/dist-packages:/opt/ros/humble/lib/python3.10/site-packages:/opt/ros/humble/local/lib/python3.10/dist-packages /usr/bin/cmake --install /home/azif/xarm_ros2_simulation/build/xarm_gazebo
[0.133s] -- Install configuration: ""
[0.133s] -- Execute custom install script
[0.134s] -- Up-to-date symlink: /home/azif/xarm_ros2_simulation/install/xarm_gazebo/include/xarm_gazebo/mimic_joint_plugin.h
[0.134s] -- Up-to-date symlink: /home/azif/xarm_ros2_simulation/install/xarm_gazebo/lib/libgazebo_mimic_joint_plugin.so
[0.138s] -- Up-to-date symlink: /home/azif/xarm_ros2_simulation/install/xarm_gazebo/share/xarm_gazebo//worlds/aws-robomaker-small-warehouse-world-ros1/CMakeLists.txt
[0.138s] -- Up-to-date symlink: /home/azif/xarm_ros2_simulation/install/xarm_gazebo/share/xarm_gazebo//worlds/aws-robomaker-small-warehouse-world-ros1/CODE_OF_CONDUCT.md
[0.138s] -- Up-to-date symlink: /home/azif/xarm_ros2_simulation/install/xarm_gazebo/share/xarm_gazebo//worlds/aws-robomaker-small-warehouse-world-ros1/CONTRIBUTING.md
[0.138s] -- Up-to-date symlink: /home/azif/xarm_ros2_simulation/install/xarm_gazebo/share/xarm_gazebo//worlds/aws-robomaker-small-warehouse-world-ros1/LICENSE
[0.138s] -- Up-to-date symlink: /home/azif/xarm_ros2_simulation/install/xarm_gazebo/share/xarm_gazebo//worlds/aws-robomaker-small-warehouse-world-ros1/README.md
[0.138s] -- Up-to-date symlink: /home/azif/xarm_ros2_simulation/install/xarm_gazebo/share/xarm_gazebo//worlds/aws-robomaker-small-warehouse-world-ros1/docs/.DS_Store
[0.138s] -- Up-to-date symlink: /home/azif/xarm_ros2_simulation/install/xarm_gazebo/share/xarm_gazebo//worlds/aws-robomaker-small-warehouse-world-ros1/docs/images/.DS_Store
[0.138s] -- Up-to-date symlink: /home/azif/xarm_ros2_simulation/install/xarm_gazebo/share/xarm_gazebo//worlds/aws-robomaker-small-warehouse-world-ros1/docs/images/gzweb_aws_warehouse.png
[0.139s] -- Up-to-date symlink: /home/azif/xarm_ros2_simulation/install/xarm_gazebo/share/xarm_gazebo//worlds/aws-robomaker-small-warehouse-world-ros1/docs/images/models_boxes.png
[0.139s] -- Up-to-date symlink: /home/azif/xarm_ros2_simulation/install/xarm_gazebo/share/xarm_gazebo//worlds/aws-robomaker-small-warehouse-world-ros1/docs/images/models_buckets.png
[0.139s] -- Up-to-date symlink: /home/azif/xarm_ros2_simulation/install/xarm_gazebo/share/xarm_gazebo//worlds/aws-robomaker-small-warehouse-world-ros1/docs/images/models_ceiling_lamp.png
[0.139s] -- Up-to-date symlink: /home/azif/xarm_ros2_simulation/install/xarm_gazebo/share/xarm_gazebo//worlds/aws-robomaker-small-warehouse-world-ros1/docs/images/models_desk.png
[0.139s] -- Up-to-date symlink: /home/azif/xarm_ros2_simulation/install/xarm_gazebo/share/xarm_gazebo//worlds/aws-robomaker-small-warehouse-world-ros1/docs/images/models_lift.png
[0.139s] -- Up-to-date symlink: /home/azif/xarm_ros2_simulation/install/xarm_gazebo/share/xarm_gazebo//worlds/aws-robomaker-small-warehouse-world-ros1/docs/images/models_shelves.png
[0.139s] -- Up-to-date symlink: /home/azif/xarm_ros2_simulation/install/xarm_gazebo/share/xarm_gazebo//worlds/aws-robomaker-small-warehouse-world-ros1/docs/images/models_trashcan.png
[0.139s] -- Up-to-date symlink: /home/azif/xarm_ros2_simulation/install/xarm_gazebo/share/xarm_gazebo//worlds/aws-robomaker-small-warehouse-world-ros1/docs/images/models_warehouse_ground_paint.png
[0.139s] -- Up-to-date symlink: /home/azif/xarm_ros2_simulation/install/xarm_gazebo/share/xarm_gazebo//worlds/aws-robomaker-small-warehouse-world-ros1/docs/images/small_warehouse_gazebo.png
[0.139s] -- Up-to-date symlink: /home/azif/xarm_ros2_simulation/install/xarm_gazebo/share/xarm_gazebo//worlds/aws-robomaker-small-warehouse-world-ros1/launch/no_roof_small_warehouse.launch
[0.139s] -- Up-to-date symlink: /home/azif/xarm_ros2_simulation/install/xarm_gazebo/share/xarm_gazebo//worlds/aws-robomaker-small-warehouse-world-ros1/launch/small_warehouse.launch
[0.140s] -- Up-to-date symlink: /home/azif/xarm_ros2_simulation/install/xarm_gazebo/share/xarm_gazebo//worlds/aws-robomaker-small-warehouse-world-ros1/launch/view_small_warehouse.launch
[0.140s] -- Up-to-date symlink: /home/azif/xarm_ros2_simulation/install/xarm_gazebo/share/xarm_gazebo//worlds/aws-robomaker-small-warehouse-world-ros1/maps/.DS_Store
[0.140s] -- Up-to-date symlink: /home/azif/xarm_ros2_simulation/install/xarm_gazebo/share/xarm_gazebo//worlds/aws-robomaker-small-warehouse-world-ros1/maps/002/map.pgm
[0.140s] -- Up-to-date symlink: /home/azif/xarm_ros2_simulation/install/xarm_gazebo/share/xarm_gazebo//worlds/aws-robomaker-small-warehouse-world-ros1/maps/002/map.yaml
[0.140s] -- Up-to-date symlink: /home/azif/xarm_ros2_simulation/install/xarm_gazebo/share/xarm_gazebo//worlds/aws-robomaker-small-warehouse-world-ros1/maps/005/map.pgm
[0.140s] -- Up-to-date symlink: /home/azif/xarm_ros2_simulation/install/xarm_gazebo/share/xarm_gazebo//worlds/aws-robomaker-small-warehouse-world-ros1/maps/005/map.yaml
[0.140s] -- Up-to-date symlink: /home/azif/xarm_ros2_simulation/install/xarm_gazebo/share/xarm_gazebo//worlds/aws-robomaker-small-warehouse-world-ros1/maps/005/map_rotated.pgm
[0.140s] -- Up-to-date symlink: /home/azif/xarm_ros2_simulation/install/xarm_gazebo/share/xarm_gazebo//worlds/aws-robomaker-small-warehouse-world-ros1/maps/005/map_rotated.png
[0.140s] -- Up-to-date symlink: /home/azif/xarm_ros2_simulation/install/xarm_gazebo/share/xarm_gazebo//worlds/aws-robomaker-small-warehouse-world-ros1/models/.DS_Store
[0.140s] -- Up-to-date symlink: /home/azif/xarm_ros2_simulation/install/xarm_gazebo/share/xarm_gazebo//worlds/aws-robomaker-small-warehouse-world-ros1/models/aws_robomaker_warehouse_Bucket_01/.DS_Store
[0.140s] -- Up-to-date symlink: /home/azif/xarm_ros2_simulation/install/xarm_gazebo/share/xarm_gazebo//worlds/aws-robomaker-small-warehouse-world-ros1/models/aws_robomaker_warehouse_Bucket_01/materials/.DS_Store
[0.141s] -- Up-to-date symlink: /home/azif/xarm_ros2_simulation/install/xarm_gazebo/share/xarm_gazebo//worlds/aws-robomaker-small-warehouse-world-ros1/models/aws_robomaker_warehouse_Bucket_01/materials/textures/aws_robomaker_warehouse_Bucket_01.png
[0.141s] -- Up-to-date symlink: /home/azif/xarm_ros2_simulation/install/xarm_gazebo/share/xarm_gazebo//worlds/aws-robomaker-small-warehouse-world-ros1/models/aws_robomaker_warehouse_Bucket_01/meshes/aws_robomaker_warehouse_Bucket_01_collision.DAE
[0.141s] -- Up-to-date symlink: /home/azif/xarm_ros2_simulation/install/xarm_gazebo/share/xarm_gazebo//worlds/aws-robomaker-small-warehouse-world-ros1/models/aws_robomaker_warehouse_Bucket_01/meshes/aws_robomaker_warehouse_Bucket_01_visual.DAE
[0.141s] -- Up-to-date symlink: /home/azif/xarm_ros2_simulation/install/xarm_gazebo/share/xarm_gazebo//worlds/aws-robomaker-small-warehouse-world-ros1/models/aws_robomaker_warehouse_Bucket_01/model.config
[0.141s] -- Up-to-date symlink: /home/azif/xarm_ros2_simulation/install/xarm_gazebo/share/xarm_gazebo//worlds/aws-robomaker-small-warehouse-world-ros1/models/aws_robomaker_warehouse_Bucket_01/model.sdf
[0.141s] -- Up-to-date symlink: /home/azif/xarm_ros2_simulation/install/xarm_gazebo/share/xarm_gazebo//worlds/aws-robomaker-small-warehouse-world-ros1/models/aws_robomaker_warehouse_ClutteringA_01/.DS_Store
[0.141s] -- Up-to-date symlink: /home/azif/xarm_ros2_simulation/install/xarm_gazebo/share/xarm_gazebo//worlds/aws-robomaker-small-warehouse-world-ros1/models/aws_robomaker_warehouse_ClutteringA_01/materials/.DS_Store
[0.141s] -- Up-to-date symlink: /home/azif/xarm_ros2_simulation/install/xarm_gazebo/share/xarm_gazebo//worlds/aws-robomaker-small-warehouse-world-ros1/models/aws_robomaker_warehouse_ClutteringA_01/materials/textures/.DS_Store
[0.141s] -- Up-to-date symlink: /home/azif/xarm_ros2_simulation/install/xarm_gazebo/share/xarm_gazebo//worlds/aws-robomaker-small-warehouse-world-ros1/models/aws_robomaker_warehouse_ClutteringA_01/materials/textures/aws_robomaker_warehouse_ClutteringA_01.png
[0.141s] -- Up-to-date symlink: /home/azif/xarm_ros2_simulation/install/xarm_gazebo/share/xarm_gazebo//worlds/aws-robomaker-small-warehouse-world-ros1/models/aws_robomaker_warehouse_ClutteringA_01/materials/textures/aws_robomaker_warehouse_ClutteringA_02.png
[0.142s] -- Up-to-date symlink: /home/azif/xarm_ros2_simulation/install/xarm_gazebo/share/xarm_gazebo//worlds/aws-robomaker-small-warehouse-world-ros1/models/aws_robomaker_warehouse_ClutteringA_01/materials/textures/aws_robomaker_warehouse_ClutteringA_03.png
[0.142s] -- Up-to-date symlink: /home/azif/xarm_ros2_simulation/install/xarm_gazebo/share/xarm_gazebo//worlds/aws-robomaker-small-warehouse-world-ros1/models/aws_robomaker_warehouse_ClutteringA_01/meshes/aws_robomaker_warehouse_ClutteringA_01_collision.DAE
[0.142s] -- Up-to-date symlink: /home/azif/xarm_ros2_simulation/install/xarm_gazebo/share/xarm_gazebo//worlds/aws-robomaker-small-warehouse-world-ros1/models/aws_robomaker_warehouse_ClutteringA_01/meshes/aws_robomaker_warehouse_ClutteringA_01_visual.DAE
[0.142s] -- Up-to-date symlink: /home/azif/xarm_ros2_simulation/install/xarm_gazebo/share/xarm_gazebo//worlds/aws-robomaker-small-warehouse-world-ros1/models/aws_robomaker_warehouse_ClutteringA_01/model.config
[0.142s] -- Up-to-date symlink: /home/azif/xarm_ros2_simulation/install/xarm_gazebo/share/xarm_gazebo//worlds/aws-robomaker-small-warehouse-world-ros1/models/aws_robomaker_warehouse_ClutteringA_01/model.sdf
[0.142s] -- Up-to-date symlink: /home/azif/xarm_ros2_simulation/install/xarm_gazebo/share/xarm_gazebo//worlds/aws-robomaker-small-warehouse-world-ros1/models/aws_robomaker_warehouse_ClutteringC_01/materials/textures/aws_robomaker_warehouse_ClutteringC_01.png
[0.142s] -- Up-to-date symlink: /home/azif/xarm_ros2_simulation/install/xarm_gazebo/share/xarm_gazebo//worlds/aws-robomaker-small-warehouse-world-ros1/models/aws_robomaker_warehouse_ClutteringC_01/materials/textures/aws_robomaker_warehouse_ClutteringC_02.png
[0.142s] -- Up-to-date symlink: /home/azif/xarm_ros2_simulation/install/xarm_gazebo/share/xarm_gazebo//worlds/aws-robomaker-small-warehouse-world-ros1/models/aws_robomaker_warehouse_ClutteringC_01/meshes/aws_robomaker_warehouse_ClutteringC_01_collision.DAE
[0.142s] -- Up-to-date symlink: /home/azif/xarm_ros2_simulation/install/xarm_gazebo/share/xarm_gazebo//worlds/aws-robomaker-small-warehouse-world-ros1/models/aws_robomaker_warehouse_ClutteringC_01/meshes/aws_robomaker_warehouse_ClutteringC_01_visual.DAE
[0.142s] -- Up-to-date symlink: /home/azif/xarm_ros2_simulation/install/xarm_gazebo/share/xarm_gazebo//worlds/aws-robomaker-small-warehouse-world-ros1/models/aws_robomaker_warehouse_ClutteringC_01/model.config
[0.142s] -- Up-to-date symlink: /home/azif/xarm_ros2_simulation/install/xarm_gazebo/share/xarm_gazebo//worlds/aws-robomaker-small-warehouse-world-ros1/models/aws_robomaker_warehouse_ClutteringC_01/model.sdf
[0.143s] -- Up-to-date symlink: /home/azif/xarm_ros2_simulation/install/xarm_gazebo/share/xarm_gazebo//worlds/aws-robomaker-small-warehouse-world-ros1/models/aws_robomaker_warehouse_ClutteringD_01/materials/textures/aws_robomaker_warehouse_ClutteringD_01.png
[0.143s] -- Up-to-date symlink: /home/azif/xarm_ros2_simulation/install/xarm_gazebo/share/xarm_gazebo//worlds/aws-robomaker-small-warehouse-world-ros1/models/aws_robomaker_warehouse_ClutteringD_01/materials/textures/aws_robomaker_warehouse_ClutteringD_02.png
[0.143s] -- Up-to-date symlink: /home/azif/xarm_ros2_simulation/install/xarm_gazebo/share/xarm_gazebo//worlds/aws-robomaker-small-warehouse-world-ros1/models/aws_robomaker_warehouse_ClutteringD_01/meshes/aws_robomaker_warehouse_ClutteringD_01_collision.DAE
[0.143s] -- Up-to-date symlink: /home/azif/xarm_ros2_simulation/install/xarm_gazebo/share/xarm_gazebo//worlds/aws-robomaker-small-warehouse-world-ros1/models/aws_robomaker_warehouse_ClutteringD_01/meshes/aws_robomaker_warehouse_ClutteringD_01_visual.DAE
[0.143s] -- Up-to-date symlink: /home/azif/xarm_ros2_simulation/install/xarm_gazebo/share/xarm_gazebo//worlds/aws-robomaker-small-warehouse-world-ros1/models/aws_robomaker_warehouse_ClutteringD_01/model.config
[0.143s] -- Up-to-date symlink: /home/azif/xarm_ros2_simulation/install/xarm_gazebo/share/xarm_gazebo//worlds/aws-robomaker-small-warehouse-world-ros1/models/aws_robomaker_warehouse_ClutteringD_01/model.sdf
[0.143s] -- Up-to-date symlink: /home/azif/xarm_ros2_simulation/install/xarm_gazebo/share/xarm_gazebo//worlds/aws-robomaker-small-warehouse-world-ros1/models/aws_robomaker_warehouse_DeskC_01/materials/.DS_Store
[0.143s] -- Up-to-date symlink: /home/azif/xarm_ros2_simulation/install/xarm_gazebo/share/xarm_gazebo//worlds/aws-robomaker-small-warehouse-world-ros1/models/aws_robomaker_warehouse_DeskC_01/materials/textures/aws_robomaker_warehouse_DeskC_01.png
[0.143s] -- Up-to-date symlink: /home/azif/xarm_ros2_simulation/install/xarm_gazebo/share/xarm_gazebo//worlds/aws-robomaker-small-warehouse-world-ros1/models/aws_robomaker_warehouse_DeskC_01/materials/textures/aws_robomaker_warehouse_DeskC_02.png
[0.143s] -- Up-to-date symlink: /home/azif/xarm_ros2_simulation/install/xarm_gazebo/share/xarm_gazebo//worlds/aws-robomaker-small-warehouse-world-ros1/models/aws_robomaker_warehouse_DeskC_01/materials/textures/aws_robomaker_warehouse_DeskC_03.png
[0.144s] -- Up-to-date symlink: /home/azif/xarm_ros2_simulation/install/xarm_gazebo/share/xarm_gazebo//worlds/aws-robomaker-small-warehouse-world-ros1/models/aws_robomaker_warehouse_DeskC_01/materials/textures/aws_robomaker_warehouse_DeskC_03.psd
[0.144s] -- Up-to-date symlink: /home/azif/xarm_ros2_simulation/install/xarm_gazebo/share/xarm_gazebo//worlds/aws-robomaker-small-warehouse-world-ros1/models/aws_robomaker_warehouse_DeskC_01/materials/textures/aws_robomaker_warehouse_DeskC_04.png
[0.144s] -- Up-to-date symlink: /home/azif/xarm_ros2_simulation/install/xarm_gazebo/share/xarm_gazebo//worlds/aws-robomaker-small-warehouse-world-ros1/models/aws_robomaker_warehouse_DeskC_01/meshes/aws_robomaker_warehouse_DeskC_01_collision.DAE
[0.144s] -- Up-to-date symlink: /home/azif/xarm_ros2_simulation/install/xarm_gazebo/share/xarm_gazebo//worlds/aws-robomaker-small-warehouse-world-ros1/models/aws_robomaker_warehouse_DeskC_01/meshes/aws_robomaker_warehouse_DeskC_01_visual.DAE
[0.144s] -- Up-to-date symlink: /home/azif/xarm_ros2_simulation/install/xarm_gazebo/share/xarm_gazebo//worlds/aws-robomaker-small-warehouse-world-ros1/models/aws_robomaker_warehouse_DeskC_01/model.config
[0.144s] -- Up-to-date symlink: /home/azif/xarm_ros2_simulation/install/xarm_gazebo/share/xarm_gazebo//worlds/aws-robomaker-small-warehouse-world-ros1/models/aws_robomaker_warehouse_DeskC_01/model.sdf
[0.145s] -- Up-to-date symlink: /home/azif/xarm_ros2_simulation/install/xarm_gazebo/share/xarm_gazebo//worlds/aws-robomaker-small-warehouse-world-ros1/models/aws_robomaker_warehouse_GroundB_01/materials/textures/aws_robomaker_warehouse_GroundB_01.png
[0.145s] -- Up-to-date symlink: /home/azif/xarm_ros2_simulation/install/xarm_gazebo/share/xarm_gazebo//worlds/aws-robomaker-small-warehouse-world-ros1/models/aws_robomaker_warehouse_GroundB_01/materials/textures/aws_robomaker_warehouse_GroundB_02.png
[0.145s] -- Up-to-date symlink: /home/azif/xarm_ros2_simulation/install/xarm_gazebo/share/xarm_gazebo//worlds/aws-robomaker-small-warehouse-world-ros1/models/aws_robomaker_warehouse_GroundB_01/meshes/aws_robomaker_warehouse_GroundB_01_collision.DAE
[0.145s] -- Up-to-date symlink: /home/azif/xarm_ros2_simulation/install/xarm_gazebo/share/xarm_gazebo//worlds/aws-robomaker-small-warehouse-world-ros1/models/aws_robomaker_warehouse_GroundB_01/meshes/aws_robomaker_warehouse_GroundB_01_visual.DAE
[0.145s] -- Up-to-date symlink: /home/azif/xarm_ros2_simulation/install/xarm_gazebo/share/xarm_gazebo//worlds/aws-robomaker-small-warehouse-world-ros1/models/aws_robomaker_warehouse_GroundB_01/model.config
[0.146s] -- Up-to-date symlink: /home/azif/xarm_ros2_simulation/install/xarm_gazebo/share/xarm_gazebo//worlds/aws-robomaker-small-warehouse-world-ros1/models/aws_robomaker_warehouse_GroundB_01/model.sdf
[0.146s] -- Up-to-date symlink: /home/azif/xarm_ros2_simulation/install/xarm_gazebo/share/xarm_gazebo//worlds/aws-robomaker-small-warehouse-world-ros1/models/aws_robomaker_warehouse_Lamp_01/materials/textures/aws_robomaker_warehouse_Lamp_01.png
[0.146s] -- Up-to-date symlink: /home/azif/xarm_ros2_simulation/install/xarm_gazebo/share/xarm_gazebo//worlds/aws-robomaker-small-warehouse-world-ros1/models/aws_robomaker_warehouse_Lamp_01/meshes/aws_robomaker_warehouse_Lamp_01_collision.DAE
[0.146s] -- Up-to-date symlink: /home/azif/xarm_ros2_simulation/install/xarm_gazebo/share/xarm_gazebo//worlds/aws-robomaker-small-warehouse-world-ros1/models/aws_robomaker_warehouse_Lamp_01/meshes/aws_robomaker_warehouse_Lamp_01_visual.DAE
[0.146s] -- Up-to-date symlink: /home/azif/xarm_ros2_simulation/install/xarm_gazebo/share/xarm_gazebo//worlds/aws-robomaker-small-warehouse-world-ros1/models/aws_robomaker_warehouse_Lamp_01/model.config
[0.146s] -- Up-to-date symlink: /home/azif/xarm_ros2_simulation/install/xarm_gazebo/share/xarm_gazebo//worlds/aws-robomaker-small-warehouse-world-ros1/models/aws_robomaker_warehouse_Lamp_01/model.sdf
[0.147s] -- Up-to-date symlink: /home/azif/xarm_ros2_simulation/install/xarm_gazebo/share/xarm_gazebo//worlds/aws-robomaker-small-warehouse-world-ros1/models/aws_robomaker_warehouse_PalletJackB_01/.DS_Store
[0.147s] -- Up-to-date symlink: /home/azif/xarm_ros2_simulation/install/xarm_gazebo/share/xarm_gazebo//worlds/aws-robomaker-small-warehouse-world-ros1/models/aws_robomaker_warehouse_PalletJackB_01/materials/.DS_Store
[0.147s] -- Up-to-date symlink: /home/azif/xarm_ros2_simulation/install/xarm_gazebo/share/xarm_gazebo//worlds/aws-robomaker-small-warehouse-world-ros1/models/aws_robomaker_warehouse_PalletJackB_01/materials/textures/aws_robomaker_warehouse_PalletJackB_01.png
[0.147s] -- Up-to-date symlink: /home/azif/xarm_ros2_simulation/install/xarm_gazebo/share/xarm_gazebo//worlds/aws-robomaker-small-warehouse-world-ros1/models/aws_robomaker_warehouse_PalletJackB_01/materials/textures/aws_robomaker_warehouse_PalletJackB_02.png
[0.147s] -- Up-to-date symlink: /home/azif/xarm_ros2_simulation/install/xarm_gazebo/share/xarm_gazebo//worlds/aws-robomaker-small-warehouse-world-ros1/models/aws_robomaker_warehouse_PalletJackB_01/meshes/aws_robomaker_warehouse_PalletJackB_01_collision.DAE
[0.147s] -- Up-to-date symlink: /home/azif/xarm_ros2_simulation/install/xarm_gazebo/share/xarm_gazebo//worlds/aws-robomaker-small-warehouse-world-ros1/models/aws_robomaker_warehouse_PalletJackB_01/meshes/aws_robomaker_warehouse_PalletJackB_01_visual.DAE
[0.147s] -- Up-to-date symlink: /home/azif/xarm_ros2_simulation/install/xarm_gazebo/share/xarm_gazebo//worlds/aws-robomaker-small-warehouse-world-ros1/models/aws_robomaker_warehouse_PalletJackB_01/model.config
[0.148s] -- Up-to-date symlink: /home/azif/xarm_ros2_simulation/install/xarm_gazebo/share/xarm_gazebo//worlds/aws-robomaker-small-warehouse-world-ros1/models/aws_robomaker_warehouse_PalletJackB_01/model.sdf
[0.148s] -- Up-to-date symlink: /home/azif/xarm_ros2_simulation/install/xarm_gazebo/share/xarm_gazebo//worlds/aws-robomaker-small-warehouse-world-ros1/models/aws_robomaker_warehouse_RoofB_01/materials/textures/aws_robomaker_warehouse_RoofB_01.png
[0.148s] -- Up-to-date symlink: /home/azif/xarm_ros2_simulation/install/xarm_gazebo/share/xarm_gazebo//worlds/aws-robomaker-small-warehouse-world-ros1/models/aws_robomaker_warehouse_RoofB_01/meshes/aws_robomaker_warehouse_RoofB_01_collision.DAE
[0.148s] -- Up-to-date symlink: /home/azif/xarm_ros2_simulation/install/xarm_gazebo/share/xarm_gazebo//worlds/aws-robomaker-small-warehouse-world-ros1/models/aws_robomaker_warehouse_RoofB_01/meshes/aws_robomaker_warehouse_RoofB_01_visual.DAE
[0.148s] -- Up-to-date symlink: /home/azif/xarm_ros2_simulation/install/xarm_gazebo/share/xarm_gazebo//worlds/aws-robomaker-small-warehouse-world-ros1/models/aws_robomaker_warehouse_RoofB_01/model.config
[0.148s] -- Up-to-date symlink: /home/azif/xarm_ros2_simulation/install/xarm_gazebo/share/xarm_gazebo//worlds/aws-robomaker-small-warehouse-world-ros1/models/aws_robomaker_warehouse_RoofB_01/model.sdf
[0.148s] -- Up-to-date symlink: /home/azif/xarm_ros2_simulation/install/xarm_gazebo/share/xarm_gazebo//worlds/aws-robomaker-small-warehouse-world-ros1/models/aws_robomaker_warehouse_ShelfD_01/materials/textures/aws_robomaker_warehouse_ShelfD_01.png
[0.149s] -- Up-to-date symlink: /home/azif/xarm_ros2_simulation/install/xarm_gazebo/share/xarm_gazebo//worlds/aws-robomaker-small-warehouse-world-ros1/models/aws_robomaker_warehouse_ShelfD_01/materials/textures/aws_robomaker_warehouse_ShelfD_02.png
[0.149s] -- Up-to-date symlink: /home/azif/xarm_ros2_simulation/install/xarm_gazebo/share/xarm_gazebo//worlds/aws-robomaker-small-warehouse-world-ros1/models/aws_robomaker_warehouse_ShelfD_01/materials/textures/aws_robomaker_warehouse_ShelfD_03.png
[0.149s] -- Up-to-date symlink: /home/azif/xarm_ros2_simulation/install/xarm_gazebo/share/xarm_gazebo//worlds/aws-robomaker-small-warehouse-world-ros1/models/aws_robomaker_warehouse_ShelfD_01/materials/textures/aws_robomaker_warehouse_ShelfD_04.png
[0.149s] -- Up-to-date symlink: /home/azif/xarm_ros2_simulation/install/xarm_gazebo/share/xarm_gazebo//worlds/aws-robomaker-small-warehouse-world-ros1/models/aws_robomaker_warehouse_ShelfD_01/meshes/aws_robomaker_warehouse_ShelfD_01_collision.DAE
[0.149s] -- Up-to-date symlink: /home/azif/xarm_ros2_simulation/install/xarm_gazebo/share/xarm_gazebo//worlds/aws-robomaker-small-warehouse-world-ros1/models/aws_robomaker_warehouse_ShelfD_01/meshes/aws_robomaker_warehouse_ShelfD_01_visual.DAE
[0.149s] -- Up-to-date symlink: /home/azif/xarm_ros2_simulation/install/xarm_gazebo/share/xarm_gazebo//worlds/aws-robomaker-small-warehouse-world-ros1/models/aws_robomaker_warehouse_ShelfD_01/model.config
[0.150s] -- Up-to-date symlink: /home/azif/xarm_ros2_simulation/install/xarm_gazebo/share/xarm_gazebo//worlds/aws-robomaker-small-warehouse-world-ros1/models/aws_robomaker_warehouse_ShelfD_01/model.sdf
[0.150s] -- Up-to-date symlink: /home/azif/xarm_ros2_simulation/install/xarm_gazebo/share/xarm_gazebo//worlds/aws-robomaker-small-warehouse-world-ros1/models/aws_robomaker_warehouse_ShelfE_01/.DS_Store
[0.150s] -- Up-to-date symlink: /home/azif/xarm_ros2_simulation/install/xarm_gazebo/share/xarm_gazebo//worlds/aws-robomaker-small-warehouse-world-ros1/models/aws_robomaker_warehouse_ShelfE_01/materials/.DS_Store
[0.150s] -- Up-to-date symlink: /home/azif/xarm_ros2_simulation/install/xarm_gazebo/share/xarm_gazebo//worlds/aws-robomaker-small-warehouse-world-ros1/models/aws_robomaker_warehouse_ShelfE_01/materials/textures/aws_robomaker_warehouse_ShelfE_01.png
[0.150s] -- Up-to-date symlink: /home/azif/xarm_ros2_simulation/install/xarm_gazebo/share/xarm_gazebo//worlds/aws-robomaker-small-warehouse-world-ros1/models/aws_robomaker_warehouse_ShelfE_01/materials/textures/aws_robomaker_warehouse_ShelfE_02.png
[0.150s] -- Up-to-date symlink: /home/azif/xarm_ros2_simulation/install/xarm_gazebo/share/xarm_gazebo//worlds/aws-robomaker-small-warehouse-world-ros1/models/aws_robomaker_warehouse_ShelfE_01/materials/textures/aws_robomaker_warehouse_ShelfE_03.png
[0.150s] -- Up-to-date symlink: /home/azif/xarm_ros2_simulation/install/xarm_gazebo/share/xarm_gazebo//worlds/aws-robomaker-small-warehouse-world-ros1/models/aws_robomaker_warehouse_ShelfE_01/materials/textures/aws_robomaker_warehouse_ShelfE_04.png
[0.151s] -- Up-to-date symlink: /home/azif/xarm_ros2_simulation/install/xarm_gazebo/share/xarm_gazebo//worlds/aws-robomaker-small-warehouse-world-ros1/models/aws_robomaker_warehouse_ShelfE_01/meshes/aws_robomaker_warehouse_ShelfE_01_collision.DAE
[0.151s] -- Up-to-date symlink: /home/azif/xarm_ros2_simulation/install/xarm_gazebo/share/xarm_gazebo//worlds/aws-robomaker-small-warehouse-world-ros1/models/aws_robomaker_warehouse_ShelfE_01/meshes/aws_robomaker_warehouse_ShelfE_01_visual.DAE
[0.151s] -- Up-to-date symlink: /home/azif/xarm_ros2_simulation/install/xarm_gazebo/share/xarm_gazebo//worlds/aws-robomaker-small-warehouse-world-ros1/models/aws_robomaker_warehouse_ShelfE_01/model.config
[0.151s] -- Up-to-date symlink: /home/azif/xarm_ros2_simulation/install/xarm_gazebo/share/xarm_gazebo//worlds/aws-robomaker-small-warehouse-world-ros1/models/aws_robomaker_warehouse_ShelfE_01/model.sdf
[0.151s] -- Up-to-date symlink: /home/azif/xarm_ros2_simulation/install/xarm_gazebo/share/xarm_gazebo//worlds/aws-robomaker-small-warehouse-world-ros1/models/aws_robomaker_warehouse_ShelfF_01/materials/textures/aws_robomaker_warehouse_ShelfF_01.png
[0.151s] -- Up-to-date symlink: /home/azif/xarm_ros2_simulation/install/xarm_gazebo/share/xarm_gazebo//worlds/aws-robomaker-small-warehouse-world-ros1/models/aws_robomaker_warehouse_ShelfF_01/materials/textures/aws_robomaker_warehouse_ShelfF_02.png
[0.151s] -- Up-to-date symlink: /home/azif/xarm_ros2_simulation/install/xarm_gazebo/share/xarm_gazebo//worlds/aws-robomaker-small-warehouse-world-ros1/models/aws_robomaker_warehouse_ShelfF_01/materials/textures/aws_robomaker_warehouse_ShelfF_03.png
[0.152s] -- Up-to-date symlink: /home/azif/xarm_ros2_simulation/install/xarm_gazebo/share/xarm_gazebo//worlds/aws-robomaker-small-warehouse-world-ros1/models/aws_robomaker_warehouse_ShelfF_01/meshes/aws_robomaker_warehouse_ShelfF_01_collision.DAE
[0.152s] -- Up-to-date symlink: /home/azif/xarm_ros2_simulation/install/xarm_gazebo/share/xarm_gazebo//worlds/aws-robomaker-small-warehouse-world-ros1/models/aws_robomaker_warehouse_ShelfF_01/meshes/aws_robomaker_warehouse_ShelfF_01_visual.DAE
[0.152s] -- Up-to-date symlink: /home/azif/xarm_ros2_simulation/install/xarm_gazebo/share/xarm_gazebo//worlds/aws-robomaker-small-warehouse-world-ros1/models/aws_robomaker_warehouse_ShelfF_01/model.config
[0.152s] -- Up-to-date symlink: /home/azif/xarm_ros2_simulation/install/xarm_gazebo/share/xarm_gazebo//worlds/aws-robomaker-small-warehouse-world-ros1/models/aws_robomaker_warehouse_ShelfF_01/model.sdf
[0.152s] -- Up-to-date symlink: /home/azif/xarm_ros2_simulation/install/xarm_gazebo/share/xarm_gazebo//worlds/aws-robomaker-small-warehouse-world-ros1/models/aws_robomaker_warehouse_TrashCanC_01/materials/textures/aws_robomaker_warehouse_TrashCanC_01.png
[0.152s] -- Up-to-date symlink: /home/azif/xarm_ros2_simulation/install/xarm_gazebo/share/xarm_gazebo//worlds/aws-robomaker-small-warehouse-world-ros1/models/aws_robomaker_warehouse_TrashCanC_01/meshes/aws_robomaker_warehouse_TrashCanC_01_collision.DAE
[0.152s] -- Up-to-date symlink: /home/azif/xarm_ros2_simulation/install/xarm_gazebo/share/xarm_gazebo//worlds/aws-robomaker-small-warehouse-world-ros1/models/aws_robomaker_warehouse_TrashCanC_01/meshes/aws_robomaker_warehouse_TrashCanC_01_visual.DAE
[0.152s] -- Up-to-date symlink: /home/azif/xarm_ros2_simulation/install/xarm_gazebo/share/xarm_gazebo//worlds/aws-robomaker-small-warehouse-world-ros1/models/aws_robomaker_warehouse_TrashCanC_01/model.config
[0.152s] -- Up-to-date symlink: /home/azif/xarm_ros2_simulation/install/xarm_gazebo/share/xarm_gazebo//worlds/aws-robomaker-small-warehouse-world-ros1/models/aws_robomaker_warehouse_TrashCanC_01/model.sdf
[0.152s] -- Up-to-date symlink: /home/azif/xarm_ros2_simulation/install/xarm_gazebo/share/xarm_gazebo//worlds/aws-robomaker-small-warehouse-world-ros1/models/aws_robomaker_warehouse_WallB_01/materials/textures/aws_robomaker_warehouse_WallB_01.png
[0.153s] -- Up-to-date symlink: /home/azif/xarm_ros2_simulation/install/xarm_gazebo/share/xarm_gazebo//worlds/aws-robomaker-small-warehouse-world-ros1/models/aws_robomaker_warehouse_WallB_01/meshes/aws_robomaker_warehouse_WallB_01_collision.DAE
[0.153s] -- Up-to-date symlink: /home/azif/xarm_ros2_simulation/install/xarm_gazebo/share/xarm_gazebo//worlds/aws-robomaker-small-warehouse-world-ros1/models/aws_robomaker_warehouse_WallB_01/meshes/aws_robomaker_warehouse_WallB_01_visual.DAE
[0.153s] -- Up-to-date symlink: /home/azif/xarm_ros2_simulation/install/xarm_gazebo/share/xarm_gazebo//worlds/aws-robomaker-small-warehouse-world-ros1/models/aws_robomaker_warehouse_WallB_01/model.config
[0.153s] -- Up-to-date symlink: /home/azif/xarm_ros2_simulation/install/xarm_gazebo/share/xarm_gazebo//worlds/aws-robomaker-small-warehouse-world-ros1/models/aws_robomaker_warehouse_WallB_01/model.sdf
[0.153s] -- Up-to-date symlink: /home/azif/xarm_ros2_simulation/install/xarm_gazebo/share/xarm_gazebo//worlds/aws-robomaker-small-warehouse-world-ros1/package.xml
[0.153s] -- Up-to-date symlink: /home/azif/xarm_ros2_simulation/install/xarm_gazebo/share/xarm_gazebo//worlds/aws-robomaker-small-warehouse-world-ros1/rviz/basic_data.rviz
[0.153s] -- Up-to-date symlink: /home/azif/xarm_ros2_simulation/install/xarm_gazebo/share/xarm_gazebo//worlds/aws-robomaker-small-warehouse-world-ros1/worlds/no_roof_small_warehouse.world
[0.153s] -- Up-to-date symlink: /home/azif/xarm_ros2_simulation/install/xarm_gazebo/share/xarm_gazebo//worlds/aws-robomaker-small-warehouse-world-ros1/worlds/small_warehouse.world
[0.153s] -- Up-to-date symlink: /home/azif/xarm_ros2_simulation/install/xarm_gazebo/share/xarm_gazebo//worlds/docs/images/gzweb_aws_warehouse.png
[0.154s] -- Up-to-date symlink: /home/azif/xarm_ros2_simulation/install/xarm_gazebo/share/xarm_gazebo//worlds/docs/images/models_boxes.png
[0.154s] -- Up-to-date symlink: /home/azif/xarm_ros2_simulation/install/xarm_gazebo/share/xarm_gazebo//worlds/docs/images/models_buckets.png
[0.154s] -- Up-to-date symlink: /home/azif/xarm_ros2_simulation/install/xarm_gazebo/share/xarm_gazebo//worlds/docs/images/models_ceiling_lamp.png
[0.154s] -- Up-to-date symlink: /home/azif/xarm_ros2_simulation/install/xarm_gazebo/share/xarm_gazebo//worlds/docs/images/models_desk.png
[0.155s] -- Up-to-date symlink: /home/azif/xarm_ros2_simulation/install/xarm_gazebo/share/xarm_gazebo//worlds/docs/images/models_lift.png
[0.155s] -- Up-to-date symlink: /home/azif/xarm_ros2_simulation/install/xarm_gazebo/share/xarm_gazebo//worlds/docs/images/models_shelves.png
[0.155s] -- Up-to-date symlink: /home/azif/xarm_ros2_simulation/install/xarm_gazebo/share/xarm_gazebo//worlds/docs/images/models_trashcan.png
[0.155s] -- Up-to-date symlink: /home/azif/xarm_ros2_simulation/install/xarm_gazebo/share/xarm_gazebo//worlds/docs/images/models_warehouse_ground_paint.png
[0.155s] -- Up-to-date symlink: /home/azif/xarm_ros2_simulation/install/xarm_gazebo/share/xarm_gazebo//worlds/docs/images/small_warehouse_gazebo.png
[0.155s] -- Up-to-date symlink: /home/azif/xarm_ros2_simulation/install/xarm_gazebo/share/xarm_gazebo//worlds/launch/logistics_warehouse.launch
[0.155s] -- Up-to-date symlink: /home/azif/xarm_ros2_simulation/install/xarm_gazebo/share/xarm_gazebo//worlds/maps/002/map.pgm
[0.156s] -- Up-to-date symlink: /home/azif/xarm_ros2_simulation/install/xarm_gazebo/share/xarm_gazebo//worlds/maps/002/map.yaml
[0.156s] -- Up-to-date symlink: /home/azif/xarm_ros2_simulation/install/xarm_gazebo/share/xarm_gazebo//worlds/maps/005/map.pgm
[0.156s] -- Up-to-date symlink: /home/azif/xarm_ros2_simulation/install/xarm_gazebo/share/xarm_gazebo//worlds/maps/005/map.yaml
[0.156s] -- Up-to-date symlink: /home/azif/xarm_ros2_simulation/install/xarm_gazebo/share/xarm_gazebo//worlds/maps/005/map_rotated.pgm
[0.156s] -- Up-to-date symlink: /home/azif/xarm_ros2_simulation/install/xarm_gazebo/share/xarm_gazebo//worlds/maps/005/map_rotated.png
[0.156s] -- Up-to-date symlink: /home/azif/xarm_ros2_simulation/install/xarm_gazebo/share/xarm_gazebo//worlds/models/aws_robomaker_warehouse_ClutteringA_01/materials/textures/aws_robomaker_warehouse_ClutteringA_01.png
[0.156s] -- Up-to-date symlink: /home/azif/xarm_ros2_simulation/install/xarm_gazebo/share/xarm_gazebo//worlds/models/aws_robomaker_warehouse_ClutteringA_01/materials/textures/aws_robomaker_warehouse_ClutteringA_02.png
[0.156s] -- Up-to-date symlink: /home/azif/xarm_ros2_simulation/install/xarm_gazebo/share/xarm_gazebo//worlds/models/aws_robomaker_warehouse_ClutteringA_01/materials/textures/aws_robomaker_warehouse_ClutteringA_03.png
[0.156s] -- Up-to-date symlink: /home/azif/xarm_ros2_simulation/install/xarm_gazebo/share/xarm_gazebo//worlds/models/aws_robomaker_warehouse_ClutteringA_01/meshes/aws_robomaker_warehouse_ClutteringA_01_collision.DAE
[0.156s] -- Up-to-date symlink: /home/azif/xarm_ros2_simulation/install/xarm_gazebo/share/xarm_gazebo//worlds/models/aws_robomaker_warehouse_ClutteringA_01/meshes/aws_robomaker_warehouse_ClutteringA_01_visual.DAE
[0.157s] -- Up-to-date symlink: /home/azif/xarm_ros2_simulation/install/xarm_gazebo/share/xarm_gazebo//worlds/models/aws_robomaker_warehouse_ClutteringA_01/model.config
[0.157s] -- Up-to-date symlink: /home/azif/xarm_ros2_simulation/install/xarm_gazebo/share/xarm_gazebo//worlds/models/aws_robomaker_warehouse_ClutteringA_01/model.sdf
[0.157s] -- Up-to-date symlink: /home/azif/xarm_ros2_simulation/install/xarm_gazebo/share/xarm_gazebo//worlds/models/aws_robomaker_warehouse_ClutteringC_01/materials/textures/aws_robomaker_warehouse_ClutteringC_01.png
[0.157s] -- Up-to-date symlink: /home/azif/xarm_ros2_simulation/install/xarm_gazebo/share/xarm_gazebo//worlds/models/aws_robomaker_warehouse_ClutteringC_01/materials/textures/aws_robomaker_warehouse_ClutteringC_02.png
[0.157s] -- Up-to-date symlink: /home/azif/xarm_ros2_simulation/install/xarm_gazebo/share/xarm_gazebo//worlds/models/aws_robomaker_warehouse_ClutteringC_01/meshes/aws_robomaker_warehouse_ClutteringC_01_collision.DAE
[0.157s] -- Up-to-date symlink: /home/azif/xarm_ros2_simulation/install/xarm_gazebo/share/xarm_gazebo//worlds/models/aws_robomaker_warehouse_ClutteringC_01/meshes/aws_robomaker_warehouse_ClutteringC_01_visual.DAE
[0.157s] -- Up-to-date symlink: /home/azif/xarm_ros2_simulation/install/xarm_gazebo/share/xarm_gazebo//worlds/models/aws_robomaker_warehouse_ClutteringC_01/model.config
[0.157s] -- Up-to-date symlink: /home/azif/xarm_ros2_simulation/install/xarm_gazebo/share/xarm_gazebo//worlds/models/aws_robomaker_warehouse_ClutteringC_01/model.sdf
[0.157s] -- Up-to-date symlink: /home/azif/xarm_ros2_simulation/install/xarm_gazebo/share/xarm_gazebo//worlds/models/aws_robomaker_warehouse_ClutteringD_01/materials/textures/aws_robomaker_warehouse_ClutteringD_01.png
[0.157s] -- Up-to-date symlink: /home/azif/xarm_ros2_simulation/install/xarm_gazebo/share/xarm_gazebo//worlds/models/aws_robomaker_warehouse_ClutteringD_01/materials/textures/aws_robomaker_warehouse_ClutteringD_02.png
[0.158s] -- Up-to-date symlink: /home/azif/xarm_ros2_simulation/install/xarm_gazebo/share/xarm_gazebo//worlds/models/aws_robomaker_warehouse_ClutteringD_01/meshes/aws_robomaker_warehouse_ClutteringD_01_collision.DAE
[0.158s] -- Up-to-date symlink: /home/azif/xarm_ros2_simulation/install/xarm_gazebo/share/xarm_gazebo//worlds/models/aws_robomaker_warehouse_ClutteringD_01/meshes/aws_robomaker_warehouse_ClutteringD_01_visual.DAE
[0.158s] -- Up-to-date symlink: /home/azif/xarm_ros2_simulation/install/xarm_gazebo/share/xarm_gazebo//worlds/models/aws_robomaker_warehouse_ClutteringD_01/model.config
[0.158s] -- Up-to-date symlink: /home/azif/xarm_ros2_simulation/install/xarm_gazebo/share/xarm_gazebo//worlds/models/aws_robomaker_warehouse_ClutteringD_01/model.sdf
[0.158s] -- Up-to-date symlink: /home/azif/xarm_ros2_simulation/install/xarm_gazebo/share/xarm_gazebo//worlds/models/aws_robomaker_warehouse_DeskC_01/materials/textures/aws_robomaker_warehouse_DeskC_01.png
[0.158s] -- Up-to-date symlink: /home/azif/xarm_ros2_simulation/install/xarm_gazebo/share/xarm_gazebo//worlds/models/aws_robomaker_warehouse_DeskC_01/materials/textures/aws_robomaker_warehouse_DeskC_02.png
[0.158s] -- Up-to-date symlink: /home/azif/xarm_ros2_simulation/install/xarm_gazebo/share/xarm_gazebo//worlds/models/aws_robomaker_warehouse_DeskC_01/materials/textures/aws_robomaker_warehouse_DeskC_03.png
[0.158s] -- Up-to-date symlink: /home/azif/xarm_ros2_simulation/install/xarm_gazebo/share/xarm_gazebo//worlds/models/aws_robomaker_warehouse_DeskC_01/materials/textures/aws_robomaker_warehouse_DeskC_03.psd
[0.158s] -- Up-to-date symlink: /home/azif/xarm_ros2_simulation/install/xarm_gazebo/share/xarm_gazebo//worlds/models/aws_robomaker_warehouse_DeskC_01/materials/textures/aws_robomaker_warehouse_DeskC_04.png
[0.158s] -- Up-to-date symlink: /home/azif/xarm_ros2_simulation/install/xarm_gazebo/share/xarm_gazebo//worlds/models/aws_robomaker_warehouse_DeskC_01/meshes/aws_robomaker_warehouse_DeskC_01_collision.DAE
[0.159s] -- Up-to-date symlink: /home/azif/xarm_ros2_simulation/install/xarm_gazebo/share/xarm_gazebo//worlds/models/aws_robomaker_warehouse_DeskC_01/meshes/aws_robomaker_warehouse_DeskC_01_visual.DAE
[0.159s] -- Up-to-date symlink: /home/azif/xarm_ros2_simulation/install/xarm_gazebo/share/xarm_gazebo//worlds/models/aws_robomaker_warehouse_DeskC_01/model.config
[0.159s] -- Up-to-date symlink: /home/azif/xarm_ros2_simulation/install/xarm_gazebo/share/xarm_gazebo//worlds/models/aws_robomaker_warehouse_DeskC_01/model.sdf
[0.159s] -- Up-to-date symlink: /home/azif/xarm_ros2_simulation/install/xarm_gazebo/share/xarm_gazebo//worlds/models/aws_robomaker_warehouse_GroundB_01/materials/textures/aws_robomaker_warehouse_GroundB_01.png
[0.159s] -- Up-to-date symlink: /home/azif/xarm_ros2_simulation/install/xarm_gazebo/share/xarm_gazebo//worlds/models/aws_robomaker_warehouse_GroundB_01/materials/textures/aws_robomaker_warehouse_GroundB_02.png
[0.159s] -- Up-to-date symlink: /home/azif/xarm_ros2_simulation/install/xarm_gazebo/share/xarm_gazebo//worlds/models/aws_robomaker_warehouse_GroundB_01/meshes/aws_robomaker_warehouse_GroundB_01_collision.DAE
[0.159s] -- Up-to-date symlink: /home/azif/xarm_ros2_simulation/install/xarm_gazebo/share/xarm_gazebo//worlds/models/aws_robomaker_warehouse_GroundB_01/meshes/aws_robomaker_warehouse_GroundB_01_visual.DAE
[0.159s] -- Up-to-date symlink: /home/azif/xarm_ros2_simulation/install/xarm_gazebo/share/xarm_gazebo//worlds/models/aws_robomaker_warehouse_GroundB_01/model.config
[0.159s] -- Up-to-date symlink: /home/azif/xarm_ros2_simulation/install/xarm_gazebo/share/xarm_gazebo//worlds/models/aws_robomaker_warehouse_GroundB_01/model.sdf
[0.160s] -- Up-to-date symlink: /home/azif/xarm_ros2_simulation/install/xarm_gazebo/share/xarm_gazebo//worlds/models/aws_robomaker_warehouse_Lamp_01/materials/textures/aws_robomaker_warehouse_Lamp_01.png
[0.160s] -- Up-to-date symlink: /home/azif/xarm_ros2_simulation/install/xarm_gazebo/share/xarm_gazebo//worlds/models/aws_robomaker_warehouse_Lamp_01/meshes/aws_robomaker_warehouse_Lamp_01_collision.DAE
[0.160s] -- Up-to-date symlink: /home/azif/xarm_ros2_simulation/install/xarm_gazebo/share/xarm_gazebo//worlds/models/aws_robomaker_warehouse_Lamp_01/meshes/aws_robomaker_warehouse_Lamp_01_visual.DAE
[0.160s] -- Up-to-date symlink: /home/azif/xarm_ros2_simulation/install/xarm_gazebo/share/xarm_gazebo//worlds/models/aws_robomaker_warehouse_Lamp_01/model.config
[0.160s] -- Up-to-date symlink: /home/azif/xarm_ros2_simulation/install/xarm_gazebo/share/xarm_gazebo//worlds/models/aws_robomaker_warehouse_Lamp_01/model.sdf
[0.160s] -- Up-to-date symlink: /home/azif/xarm_ros2_simulation/install/xarm_gazebo/share/xarm_gazebo//worlds/models/aws_robomaker_warehouse_PalletJackB_01/materials/textures/aws_robomaker_warehouse_PalletJackB_01.png
[0.160s] -- Up-to-date symlink: /home/azif/xarm_ros2_simulation/install/xarm_gazebo/share/xarm_gazebo//worlds/models/aws_robomaker_warehouse_PalletJackB_01/materials/textures/aws_robomaker_warehouse_PalletJackB_02.png
[0.160s] -- Up-to-date symlink: /home/azif/xarm_ros2_simulation/install/xarm_gazebo/share/xarm_gazebo//worlds/models/aws_robomaker_warehouse_PalletJackB_01/meshes/aws_robomaker_warehouse_PalletJackB_01_collision.DAE
[0.161s] -- Up-to-date symlink: /home/azif/xarm_ros2_simulation/install/xarm_gazebo/share/xarm_gazebo//worlds/models/aws_robomaker_warehouse_PalletJackB_01/meshes/aws_robomaker_warehouse_PalletJackB_01_visual.DAE
[0.161s] -- Up-to-date symlink: /home/azif/xarm_ros2_simulation/install/xarm_gazebo/share/xarm_gazebo//worlds/models/aws_robomaker_warehouse_PalletJackB_01/model.config
[0.161s] -- Up-to-date symlink: /home/azif/xarm_ros2_simulation/install/xarm_gazebo/share/xarm_gazebo//worlds/models/aws_robomaker_warehouse_PalletJackB_01/model.sdf
[0.161s] -- Up-to-date symlink: /home/azif/xarm_ros2_simulation/install/xarm_gazebo/share/xarm_gazebo//worlds/models/aws_robomaker_warehouse_RoofB_01/materials/textures/aws_robomaker_warehouse_RoofB_01.png
[0.161s] -- Up-to-date symlink: /home/azif/xarm_ros2_simulation/install/xarm_gazebo/share/xarm_gazebo//worlds/models/aws_robomaker_warehouse_RoofB_01/meshes/aws_robomaker_warehouse_RoofB_01_collision.DAE
[0.161s] -- Up-to-date symlink: /home/azif/xarm_ros2_simulation/install/xarm_gazebo/share/xarm_gazebo//worlds/models/aws_robomaker_warehouse_RoofB_01/meshes/aws_robomaker_warehouse_RoofB_01_visual.DAE
[0.161s] -- Up-to-date symlink: /home/azif/xarm_ros2_simulation/install/xarm_gazebo/share/xarm_gazebo//worlds/models/aws_robomaker_warehouse_RoofB_01/model.config
[0.162s] -- Up-to-date symlink: /home/azif/xarm_ros2_simulation/install/xarm_gazebo/share/xarm_gazebo//worlds/models/aws_robomaker_warehouse_RoofB_01/model.sdf
[0.162s] -- Up-to-date symlink: /home/azif/xarm_ros2_simulation/install/xarm_gazebo/share/xarm_gazebo//worlds/models/aws_robomaker_warehouse_ShelfD_01/materials/textures/aws_robomaker_warehouse_ShelfD_01.png
[0.162s] -- Up-to-date symlink: /home/azif/xarm_ros2_simulation/install/xarm_gazebo/share/xarm_gazebo//worlds/models/aws_robomaker_warehouse_ShelfD_01/materials/textures/aws_robomaker_warehouse_ShelfD_02.png
[0.162s] -- Up-to-date symlink: /home/azif/xarm_ros2_simulation/install/xarm_gazebo/share/xarm_gazebo//worlds/models/aws_robomaker_warehouse_ShelfD_01/materials/textures/aws_robomaker_warehouse_ShelfD_03.png
[0.162s] -- Up-to-date symlink: /home/azif/xarm_ros2_simulation/install/xarm_gazebo/share/xarm_gazebo//worlds/models/aws_robomaker_warehouse_ShelfD_01/materials/textures/aws_robomaker_warehouse_ShelfD_04.png
[0.162s] -- Up-to-date symlink: /home/azif/xarm_ros2_simulation/install/xarm_gazebo/share/xarm_gazebo//worlds/models/aws_robomaker_warehouse_ShelfD_01/model.config
[0.162s] -- Up-to-date symlink: /home/azif/xarm_ros2_simulation/install/xarm_gazebo/share/xarm_gazebo//worlds/models/aws_robomaker_warehouse_ShelfD_01/model.sdf
[0.162s] -- Up-to-date symlink: /home/azif/xarm_ros2_simulation/install/xarm_gazebo/share/xarm_gazebo//worlds/models/aws_robomaker_warehouse_ShelfE_01/materials/textures/aws_robomaker_warehouse_ShelfE_01.png
[0.162s] -- Up-to-date symlink: /home/azif/xarm_ros2_simulation/install/xarm_gazebo/share/xarm_gazebo//worlds/models/aws_robomaker_warehouse_ShelfE_01/materials/textures/aws_robomaker_warehouse_ShelfE_02.png
[0.163s] -- Up-to-date symlink: /home/azif/xarm_ros2_simulation/install/xarm_gazebo/share/xarm_gazebo//worlds/models/aws_robomaker_warehouse_ShelfE_01/materials/textures/aws_robomaker_warehouse_ShelfE_03.png
[0.163s] -- Up-to-date symlink: /home/azif/xarm_ros2_simulation/install/xarm_gazebo/share/xarm_gazebo//worlds/models/aws_robomaker_warehouse_ShelfE_01/materials/textures/aws_robomaker_warehouse_ShelfE_04.png
[0.163s] -- Up-to-date symlink: /home/azif/xarm_ros2_simulation/install/xarm_gazebo/share/xarm_gazebo//worlds/models/aws_robomaker_warehouse_ShelfE_01/meshes/aws_robomaker_warehouse_ShelfE_01_collision.DAE
[0.163s] -- Up-to-date symlink: /home/azif/xarm_ros2_simulation/install/xarm_gazebo/share/xarm_gazebo//worlds/models/aws_robomaker_warehouse_ShelfE_01/meshes/aws_robomaker_warehouse_ShelfE_01_visual.DAE
[0.163s] -- Up-to-date symlink: /home/azif/xarm_ros2_simulation/install/xarm_gazebo/share/xarm_gazebo//worlds/models/aws_robomaker_warehouse_ShelfE_01/model.config
[0.163s] -- Up-to-date symlink: /home/azif/xarm_ros2_simulation/install/xarm_gazebo/share/xarm_gazebo//worlds/models/aws_robomaker_warehouse_ShelfE_01/model.sdf
[0.163s] -- Up-to-date symlink: /home/azif/xarm_ros2_simulation/install/xarm_gazebo/share/xarm_gazebo//worlds/models/aws_robomaker_warehouse_ShelfF_01/materials/textures/aws_robomaker_warehouse_ShelfF_01.png
[0.163s] -- Up-to-date symlink: /home/azif/xarm_ros2_simulation/install/xarm_gazebo/share/xarm_gazebo//worlds/models/aws_robomaker_warehouse_ShelfF_01/materials/textures/aws_robomaker_warehouse_ShelfF_02.png
[0.163s] -- Up-to-date symlink: /home/azif/xarm_ros2_simulation/install/xarm_gazebo/share/xarm_gazebo//worlds/models/aws_robomaker_warehouse_ShelfF_01/materials/textures/aws_robomaker_warehouse_ShelfF_03.png
[0.164s] -- Up-to-date symlink: /home/azif/xarm_ros2_simulation/install/xarm_gazebo/share/xarm_gazebo//worlds/models/aws_robomaker_warehouse_ShelfF_01/meshes/aws_robomaker_warehouse_ShelfF_01_collision.DAE
[0.164s] -- Up-to-date symlink: /home/azif/xarm_ros2_simulation/install/xarm_gazebo/share/xarm_gazebo//worlds/models/aws_robomaker_warehouse_ShelfF_01/meshes/aws_robomaker_warehouse_ShelfF_01_visual.DAE
[0.164s] -- Up-to-date symlink: /home/azif/xarm_ros2_simulation/install/xarm_gazebo/share/xarm_gazebo//worlds/models/aws_robomaker_warehouse_ShelfF_01/model.config
[0.164s] -- Up-to-date symlink: /home/azif/xarm_ros2_simulation/install/xarm_gazebo/share/xarm_gazebo//worlds/models/aws_robomaker_warehouse_ShelfF_01/model.sdf
[0.164s] -- Up-to-date symlink: /home/azif/xarm_ros2_simulation/install/xarm_gazebo/share/xarm_gazebo//worlds/models/aws_robomaker_warehouse_TrashCanC_01/materials/textures/aws_robomaker_warehouse_TrashCanC_01.png
[0.164s] -- Up-to-date symlink: /home/azif/xarm_ros2_simulation/install/xarm_gazebo/share/xarm_gazebo//worlds/models/aws_robomaker_warehouse_TrashCanC_01/meshes/aws_robomaker_warehouse_TrashCanC_01_collision.DAE
[0.164s] -- Up-to-date symlink: /home/azif/xarm_ros2_simulation/install/xarm_gazebo/share/xarm_gazebo//worlds/models/aws_robomaker_warehouse_TrashCanC_01/meshes/aws_robomaker_warehouse_TrashCanC_01_visual.DAE
[0.164s] -- Up-to-date symlink: /home/azif/xarm_ros2_simulation/install/xarm_gazebo/share/xarm_gazebo//worlds/models/aws_robomaker_warehouse_TrashCanC_01/model.config
[0.164s] -- Up-to-date symlink: /home/azif/xarm_ros2_simulation/install/xarm_gazebo/share/xarm_gazebo//worlds/models/aws_robomaker_warehouse_TrashCanC_01/model.sdf
[0.165s] -- Up-to-date symlink: /home/azif/xarm_ros2_simulation/install/xarm_gazebo/share/xarm_gazebo//worlds/models/aws_robomaker_warehouse_WallB_01/materials/textures/aws_robomaker_warehouse_WallB_01.png
[0.165s] -- Up-to-date symlink: /home/azif/xarm_ros2_simulation/install/xarm_gazebo/share/xarm_gazebo//worlds/models/aws_robomaker_warehouse_WallB_01/meshes/aws_robomaker_warehouse_WallB_01_collision.DAE
[0.165s] -- Up-to-date symlink: /home/azif/xarm_ros2_simulation/install/xarm_gazebo/share/xarm_gazebo//worlds/models/aws_robomaker_warehouse_WallB_01/meshes/aws_robomaker_warehouse_WallB_01_visual.DAE
[0.165s] -- Up-to-date symlink: /home/azif/xarm_ros2_simulation/install/xarm_gazebo/share/xarm_gazebo//worlds/models/aws_robomaker_warehouse_WallB_01/model.config
[0.165s] -- Up-to-date symlink: /home/azif/xarm_ros2_simulation/install/xarm_gazebo/share/xarm_gazebo//worlds/models/aws_robomaker_warehouse_WallB_01/model.sdf
[0.165s] -- Up-to-date symlink: /home/azif/xarm_ros2_simulation/install/xarm_gazebo/share/xarm_gazebo//worlds/models/medicine_bottle/meshes/medicine_bottle.stl
[0.165s] -- Up-to-date symlink: /home/azif/xarm_ros2_simulation/install/xarm_gazebo/share/xarm_gazebo//worlds/models/medicine_bottle/model.config
[0.165s] -- Up-to-date symlink: /home/azif/xarm_ros2_simulation/install/xarm_gazebo/share/xarm_gazebo//worlds/models/medicine_bottle/model.sdf
[0.165s] -- Up-to-date symlink: /home/azif/xarm_ros2_simulation/install/xarm_gazebo/share/xarm_gazebo//worlds/models/steel_rack/meshes/rack.stl
[0.166s] -- Up-to-date symlink: /home/azif/xarm_ros2_simulation/install/xarm_gazebo/share/xarm_gazebo//worlds/models/steel_rack/model.config
[0.166s] -- Up-to-date symlink: /home/azif/xarm_ros2_simulation/install/xarm_gazebo/share/xarm_gazebo//worlds/models/steel_rack/model.sdf
[0.166s] -- Up-to-date symlink: /home/azif/xarm_ros2_simulation/install/xarm_gazebo/share/xarm_gazebo//worlds/modelss/box_1/meshes/aruco_tag.jpg
[0.166s] -- Up-to-date symlink: /home/azif/xarm_ros2_simulation/install/xarm_gazebo/share/xarm_gazebo//worlds/modelss/box_1/meshes/box.dae
[0.166s] -- Up-to-date symlink: /home/azif/xarm_ros2_simulation/install/xarm_gazebo/share/xarm_gazebo//worlds/modelss/box_1/meshes/box__bg.png
[0.166s] -- Up-to-date symlink: /home/azif/xarm_ros2_simulation/install/xarm_gazebo/share/xarm_gazebo//worlds/modelss/box_1/meshes/cardboard_bg.png
[0.166s] -- Up-to-date symlink: /home/azif/xarm_ros2_simulation/install/xarm_gazebo/share/xarm_gazebo//worlds/modelss/box_1/model.config
[0.166s] -- Up-to-date symlink: /home/azif/xarm_ros2_simulation/install/xarm_gazebo/share/xarm_gazebo//worlds/modelss/box_1/model.sdf
[0.166s] -- Up-to-date symlink: /home/azif/xarm_ros2_simulation/install/xarm_gazebo/share/xarm_gazebo//worlds/modelss/box_2/meshes/aruco_tag.jpg
[0.167s] -- Up-to-date symlink: /home/azif/xarm_ros2_simulation/install/xarm_gazebo/share/xarm_gazebo//worlds/modelss/box_2/meshes/box.dae
[0.167s] -- Up-to-date symlink: /home/azif/xarm_ros2_simulation/install/xarm_gazebo/share/xarm_gazebo//worlds/modelss/box_2/meshes/box__bg.png
[0.167s] -- Up-to-date symlink: /home/azif/xarm_ros2_simulation/install/xarm_gazebo/share/xarm_gazebo//worlds/modelss/box_2/meshes/cardboard_bg.png
[0.167s] -- Up-to-date symlink: /home/azif/xarm_ros2_simulation/install/xarm_gazebo/share/xarm_gazebo//worlds/modelss/box_2/model.config
[0.167s] -- Up-to-date symlink: /home/azif/xarm_ros2_simulation/install/xarm_gazebo/share/xarm_gazebo//worlds/modelss/box_2/model.sdf
[0.167s] -- Up-to-date symlink: /home/azif/xarm_ros2_simulation/install/xarm_gazebo/share/xarm_gazebo//worlds/modelss/shelf/model.config
[0.167s] -- Up-to-date symlink: /home/azif/xarm_ros2_simulation/install/xarm_gazebo/share/xarm_gazebo//worlds/modelss/shelf/model.sdf
[0.167s] -- Up-to-date symlink: /home/azif/xarm_ros2_simulation/install/xarm_gazebo/share/xarm_gazebo//worlds/modelss/turtlebot3_house/model.config
[0.167s] -- Up-to-date symlink: /home/azif/xarm_ros2_simulation/install/xarm_gazebo/share/xarm_gazebo//worlds/modelss/turtlebot3_house/model.sdf
[0.167s] -- Up-to-date symlink: /home/azif/xarm_ros2_simulation/install/xarm_gazebo/share/xarm_gazebo//worlds/table.world
[0.167s] -- Up-to-date symlink: /home/azif/xarm_ros2_simulation/install/xarm_gazebo/share/xarm_gazebo//worlds/worlds/warehouse.world
[0.168s] -- Up-to-date symlink: /home/azif/xarm_ros2_simulation/install/xarm_gazebo/share/xarm_gazebo//launch/_dual_robot_beside_table_gazebo.launch.py
[0.168s] -- Up-to-date symlink: /home/azif/xarm_ros2_simulation/install/xarm_gazebo/share/xarm_gazebo//launch/_robot_beside_table_gazebo.launch.py
[0.168s] -- Up-to-date symlink: /home/azif/xarm_ros2_simulation/install/xarm_gazebo/share/xarm_gazebo//launch/_robot_beside_table_ignition.launch.py
[0.168s] -- Up-to-date symlink: /home/azif/xarm_ros2_simulation/install/xarm_gazebo/share/xarm_gazebo//launch/lite6_beside_table_gazebo.launch.py
[0.168s] -- Up-to-date symlink: /home/azif/xarm_ros2_simulation/install/xarm_gazebo/share/xarm_gazebo//launch/uf850_beside_table_gazebo.launch.py
[0.168s] -- Up-to-date symlink: /home/azif/xarm_ros2_simulation/install/xarm_gazebo/share/xarm_gazebo//launch/xarm5_beside_table_gazebo.launch.py
[0.168s] -- Up-to-date symlink: /home/azif/xarm_ros2_simulation/install/xarm_gazebo/share/xarm_gazebo//launch/xarm6_beside_table_gazebo.launch.py
[0.168s] -- Up-to-date symlink: /home/azif/xarm_ros2_simulation/install/xarm_gazebo/share/xarm_gazebo//launch/xarm7_beside_table_gazebo.launch.py
[0.168s] -- Up-to-date symlink: /home/azif/xarm_ros2_simulation/install/xarm_gazebo/share/xarm_gazebo//launch/xarm7_mirror_beside_table_gazebo.launch.py
[0.169s] -- Up-to-date symlink: /home/azif/xarm_ros2_simulation/install/xarm_gazebo/share/ament_index/resource_index/package_run_dependencies/xarm_gazebo
[0.169s] -- Up-to-date symlink: /home/azif/xarm_ros2_simulation/install/xarm_gazebo/share/ament_index/resource_index/parent_prefix_path/xarm_gazebo
[0.169s] -- Up-to-date symlink: /home/azif/xarm_ros2_simulation/install/xarm_gazebo/share/xarm_gazebo/environment/ament_prefix_path.sh
[0.169s] -- Up-to-date symlink: /home/azif/xarm_ros2_simulation/install/xarm_gazebo/share/xarm_gazebo/environment/ament_prefix_path.dsv
[0.169s] -- Up-to-date symlink: /home/azif/xarm_ros2_simulation/install/xarm_gazebo/share/xarm_gazebo/environment/path.sh
[0.169s] -- Up-to-date symlink: /home/azif/xarm_ros2_simulation/install/xarm_gazebo/share/xarm_gazebo/environment/path.dsv
[0.169s] -- Up-to-date symlink: /home/azif/xarm_ros2_simulation/install/xarm_gazebo/share/xarm_gazebo/local_setup.bash
[0.170s] -- Up-to-date symlink: /home/azif/xarm_ros2_simulation/install/xarm_gazebo/share/xarm_gazebo/local_setup.sh
[0.170s] -- Up-to-date symlink: /home/azif/xarm_ros2_simulation/install/xarm_gazebo/share/xarm_gazebo/local_setup.zsh
[0.170s] -- Up-to-date symlink: /home/azif/xarm_ros2_simulation/install/xarm_gazebo/share/xarm_gazebo/local_setup.dsv
[0.170s] -- Symlinking: /home/azif/xarm_ros2_simulation/install/xarm_gazebo/share/xarm_gazebo/package.dsv
[0.182s] -- Up-to-date symlink: /home/azif/xarm_ros2_simulation/install/xarm_gazebo/share/ament_index/resource_index/packages/xarm_gazebo
[0.182s] -- Up-to-date symlink: /home/azif/xarm_ros2_simulation/install/xarm_gazebo/share/xarm_gazebo/cmake/xarm_gazeboConfig.cmake
[0.182s] -- Up-to-date symlink: /home/azif/xarm_ros2_simulation/install/xarm_gazebo/share/xarm_gazebo/cmake/xarm_gazeboConfig-version.cmake
[0.182s] -- Up-to-date symlink: /home/azif/xarm_ros2_simulation/install/xarm_gazebo/share/xarm_gazebo/package.xml
[0.185s] Invoked command in '/home/azif/xarm_ros2_simulation/build/xarm_gazebo' returned '0': AMENT_PREFIX_PATH=/home/azif/xarm_ros2_simulation/install/uf_ros_lib:/home/azif/xarm_ros2_simulation/install/xarm7_bringup:/home/azif/xarm_ros2_simulation/install/xarm7_aruco_pick:/home/azif/xarm_ros2_simulation/install/xarm_planner:/home/azif/xarm_ros2_simulation/install/xarm_moveit_servo:/home/azif/xarm_ros2_simulation/install/xarm_moveit_config:/home/azif/xarm_ros2_simulation/install/xarm_gazebo:/home/azif/xarm_ros2_simulation/install/xarm_controller:/home/azif/xarm_ros2_simulation/install/d435i_xarm_setup:/home/azif/xarm_ros2_simulation/install/xarm_api:/home/azif/xarm_ros2_simulation/install/xarm_sdk:/home/azif/xarm_ros2_simulation/install/xarm7_pipeline:/home/azif/xarm_ros2_simulation/install/xarm_msgs:/home/azif/xarm_ros2_simulation/install/xarm_moveit_interface:/home/azif/xarm_ros2_simulation/install/xarm_description:/home/azif/xarm_ros2_simulation/install/xarm7_pose_saver:/home/azif/xarm_ros2_simulation/install/realsense_gazebo_plugin:/home/azif/xarm_ros2_simulation/install/msg_gazebo:/home/azif/xarm_ros2_simulation/install/mbot_demo:/opt/ros/humble CMAKE_PREFIX_PATH=/home/azif/xarm_ros2_simulation/install/xarm_controller:/home/azif/xarm_ros2_simulation/install/xarm_api:/home/azif/xarm_ros2_simulation/install/xarm_sdk:/home/azif/xarm_ros2_simulation/install/xarm_msgs:/home/azif/xarm_ros2_simulation/install/xarm_description:/home/azif/xarm_ros2_simulation/install/xarm7_aruco_pick:/home/azif/xarm_ros2_simulation/install/xarm_planner:/home/azif/xarm_ros2_simulation/install/xarm_moveit_servo:/home/azif/xarm_ros2_simulation/install/xarm_moveit_config:/home/azif/xarm_ros2_simulation/install/xarm_gazebo:/home/azif/xarm_ros2_simulation/install/d435i_xarm_setup:/home/azif/xarm_ros2_simulation/install/xarm7_pipeline:/home/azif/xarm_ros2_simulation/install/xarm7_pose_saver:/home/azif/xarm_ros2_simulation/install/realsense_gazebo_plugin:/home/azif/xarm_ros2_simulation/install/xarm7_bringup:/home/azif/xarm_ros2_simulation/install/xarm_moveit_interface:/home/azif/xarm_ros2_simulation/install/uf_ros_lib:/opt/ros/humble:/home/azif/xarm_ros2_simulation/install/attach_detach:/home/azif/xarm_ros2_simulation/install/msg_gazebo:/home/azif/xarm_ros2_simulation/install/mbot_demo LD_LIBRARY_PATH=/home/azif/xarm_ros2_simulation/install/xarm_controller/lib:/home/azif/xarm_ros2_simulation/install/xarm_api/lib:/home/azif/xarm_ros2_simulation/install/xarm_sdk/lib:/home/azif/xarm_ros2_simulation/install/xarm_msgs/lib:/home/azif/xarm_ros2_simulation/install/xarm_planner/lib:/home/azif/xarm_ros2_simulation/install/xarm_moveit_servo/lib:/home/azif/xarm_ros2_simulation/install/xarm_gazebo/lib:/home/azif/xarm_ros2_simulation/install/realsense_gazebo_plugin/lib:/home/azif/xarm_ros2_simulation/install/attach_detach/lib:/home/azif/xarm_ros2_simulation/install/msg_gazebo/lib:/usr/lib/x86_64-linux-gnu/gazebo-11/plugins:/opt/ros/humble/opt/rviz_ogre_vendor/lib:/opt/ros/humble/lib/x86_64-linux-gnu:/opt/ros/humble/lib:/usr/share/gazebo-11/../../lib/x86_64-linux-gnu/gazebo-11/plugins PYTHONPATH=/home/azif/xarm_ros2_simulation/build/uf_ros_lib:/home/azif/xarm_ros2_simulation/install/uf_ros_lib/lib/python3.10/site-packages:/home/azif/xarm_ros2_simulation/build/xarm7_bringup:/home/azif/xarm_ros2_simulation/install/xarm7_bringup/lib/python3.10/site-packages:/home/azif/xarm_ros2_simulation/install/xarm_msgs/local/lib/python3.10/dist-packages:/home/azif/xarm_ros2_simulation/build/xarm_moveit_interface:/home/azif/xarm_ros2_simulation/install/xarm_moveit_interface/lib/python3.10/site-packages:/home/azif/xarm_ros2_simulation/install/msg_gazebo/local/lib/python3.10/dist-packages:/opt/ros/humble/lib/python3.10/site-packages:/opt/ros/humble/local/lib/python3.10/dist-packages /usr/bin/cmake --install /home/azif/xarm_ros2_simulation/build/xarm_gazebo
