[0.030s] Invoking command in '/home/azif/xarm_ros2_simulation/build/xarm_controller': AMENT_PREFIX_PATH=/home/azif/xarm_ros2_simulation/install/xarm_api:/home/azif/xarm_ros2_simulation/install/xarm_sdk:/home/azif/xarm_ros2_simulation/install/xarm_msgs:/home/azif/xarm_ros2_simulation/install/xarm_description:${AMENT_PREFIX_PATH} CMAKE_PREFIX_PATH=/home/azif/xarm_ros2_simulation/install/xarm_api:/home/azif/xarm_ros2_simulation/install/xarm_sdk:/home/azif/xarm_ros2_simulation/install/xarm_msgs:/home/azif/xarm_ros2_simulation/install/xarm_description:/opt/ros/humble LD_LIBRARY_PATH=/home/azif/xarm_ros2_simulation/install/xarm_api/lib:/home/azif/xarm_ros2_simulation/install/xarm_sdk/lib:/home/azif/xarm_ros2_simulation/install/xarm_msgs/lib:/usr/lib/x86_64-linux-gnu/gazebo-11/plugins:/opt/ros/humble/opt/rviz_ogre_vendor/lib:/opt/ros/humble/lib/x86_64-linux-gnu:/opt/ros/humble/lib:/usr/share/gazebo-11/../../lib/x86_64-linux-gnu/gazebo-11/plugins:/usr/share/gazebo-11/../../lib/x86_64-linux-gnu/gazebo-11/plugins:/usr/share/gazebo-11/../../lib/x86_64-linux-gnu/gazebo-11/plugins PYTHONPATH=/home/azif/xarm_ros2_simulation/install/xarm_msgs/local/lib/python3.10/dist-packages:${PYTHONPATH} /usr/bin/cmake --build /home/azif/xarm_ros2_simulation/build/xarm_controller -- -j16 -l16
[0.095s] [100%] Built target uf_robot_hardware
[0.107s] Invoked command in '/home/azif/xarm_ros2_simulation/build/xarm_controller' returned '0': AMENT_PREFIX_PATH=/home/azif/xarm_ros2_simulation/install/xarm_api:/home/azif/xarm_ros2_simulation/install/xarm_sdk:/home/azif/xarm_ros2_simulation/install/xarm_msgs:/home/azif/xarm_ros2_simulation/install/xarm_description:${AMENT_PREFIX_PATH} CMAKE_PREFIX_PATH=/home/azif/xarm_ros2_simulation/install/xarm_api:/home/azif/xarm_ros2_simulation/install/xarm_sdk:/home/azif/xarm_ros2_simulation/install/xarm_msgs:/home/azif/xarm_ros2_simulation/install/xarm_description:/opt/ros/humble LD_LIBRARY_PATH=/home/azif/xarm_ros2_simulation/install/xarm_api/lib:/home/azif/xarm_ros2_simulation/install/xarm_sdk/lib:/home/azif/xarm_ros2_simulation/install/xarm_msgs/lib:/usr/lib/x86_64-linux-gnu/gazebo-11/plugins:/opt/ros/humble/opt/rviz_ogre_vendor/lib:/opt/ros/humble/lib/x86_64-linux-gnu:/opt/ros/humble/lib:/usr/share/gazebo-11/../../lib/x86_64-linux-gnu/gazebo-11/plugins:/usr/share/gazebo-11/../../lib/x86_64-linux-gnu/gazebo-11/plugins:/usr/share/gazebo-11/../../lib/x86_64-linux-gnu/gazebo-11/plugins PYTHONPATH=/home/azif/xarm_ros2_simulation/install/xarm_msgs/local/lib/python3.10/dist-packages:${PYTHONPATH} /usr/bin/cmake --build /home/azif/xarm_ros2_simulation/build/xarm_controller -- -j16 -l16
[0.109s] Invoking command in '/home/azif/xarm_ros2_simulation/build/xarm_controller': AMENT_PREFIX_PATH=/home/azif/xarm_ros2_simulation/install/xarm_api:/home/azif/xarm_ros2_simulation/install/xarm_sdk:/home/azif/xarm_ros2_simulation/install/xarm_msgs:/home/azif/xarm_ros2_simulation/install/xarm_description:${AMENT_PREFIX_PATH} CMAKE_PREFIX_PATH=/home/azif/xarm_ros2_simulation/install/xarm_api:/home/azif/xarm_ros2_simulation/install/xarm_sdk:/home/azif/xarm_ros2_simulation/install/xarm_msgs:/home/azif/xarm_ros2_simulation/install/xarm_description:/opt/ros/humble LD_LIBRARY_PATH=/home/azif/xarm_ros2_simulation/install/xarm_api/lib:/home/azif/xarm_ros2_simulation/install/xarm_sdk/lib:/home/azif/xarm_ros2_simulation/install/xarm_msgs/lib:/usr/lib/x86_64-linux-gnu/gazebo-11/plugins:/opt/ros/humble/opt/rviz_ogre_vendor/lib:/opt/ros/humble/lib/x86_64-linux-gnu:/opt/ros/humble/lib:/usr/share/gazebo-11/../../lib/x86_64-linux-gnu/gazebo-11/plugins:/usr/share/gazebo-11/../../lib/x86_64-linux-gnu/gazebo-11/plugins:/usr/share/gazebo-11/../../lib/x86_64-linux-gnu/gazebo-11/plugins PYTHONPATH=/home/azif/xarm_ros2_simulation/install/xarm_msgs/local/lib/python3.10/dist-packages:${PYTHONPATH} /usr/bin/cmake --install /home/azif/xarm_ros2_simulation/build/xarm_controller
[0.116s] -- Install configuration: ""
[0.117s] -- Execute custom install script
[0.117s] -- Up-to-date symlink: /home/azif/xarm_ros2_simulation/install/xarm_controller/share/xarm_controller//uf_hardware_interface_plugins.xml
[0.117s] -- Up-to-date symlink: /home/azif/xarm_ros2_simulation/install/xarm_controller/include/xarm_controller/hardware/uf_robot_fake_system_hardware.h
[0.118s] -- Up-to-date symlink: /home/azif/xarm_ros2_simulation/install/xarm_controller/include/xarm_controller/hardware/uf_robot_system_hardware.h
[0.118s] -- Up-to-date symlink: /home/azif/xarm_ros2_simulation/install/xarm_controller/lib/libuf_robot_hardware.so
[0.118s] -- Up-to-date symlink: /home/azif/xarm_ros2_simulation/install/xarm_controller/share/xarm_controller//launch/_dual_ros2_control.launch.py
[0.118s] -- Up-to-date symlink: /home/azif/xarm_ros2_simulation/install/xarm_controller/share/xarm_controller//launch/_robot_ros2_control.launch.py
[0.119s] -- Up-to-date symlink: /home/azif/xarm_ros2_simulation/install/xarm_controller/share/xarm_controller//launch/_ros2_control.launch.py
[0.119s] -- Up-to-date symlink: /home/azif/xarm_ros2_simulation/install/xarm_controller/share/xarm_controller//launch/lib/robot_controller_lib.py
[0.119s] -- Up-to-date symlink: /home/azif/xarm_ros2_simulation/install/xarm_controller/share/xarm_controller//launch/lite6_control_rviz_display.launch.py
[0.119s] -- Up-to-date symlink: /home/azif/xarm_ros2_simulation/install/xarm_controller/share/xarm_controller//launch/uf850_control_rviz_display.launch.py
[0.119s] -- Up-to-date symlink: /home/azif/xarm_ros2_simulation/install/xarm_controller/share/xarm_controller//launch/xarm5_control_rviz_display.launch.py
[0.119s] -- Up-to-date symlink: /home/azif/xarm_ros2_simulation/install/xarm_controller/share/xarm_controller//launch/xarm6_control_rviz_display.launch.py
[0.119s] -- Up-to-date symlink: /home/azif/xarm_ros2_simulation/install/xarm_controller/share/xarm_controller//launch/xarm7_control_rviz_display.launch.py
[0.119s] -- Up-to-date symlink: /home/azif/xarm_ros2_simulation/install/xarm_controller/share/xarm_controller//launch/xarm7_mirror_control_rviz_display.launch.py
[0.120s] -- Up-to-date symlink: /home/azif/xarm_ros2_simulation/install/xarm_controller/share/xarm_controller//config/bio_gripper_controllers.yaml
[0.120s] -- Up-to-date symlink: /home/azif/xarm_ros2_simulation/install/xarm_controller/share/xarm_controller//config/lite6_controllers.yaml
[0.120s] -- Up-to-date symlink: /home/azif/xarm_ros2_simulation/install/xarm_controller/share/xarm_controller//config/uf850_controllers.yaml
[0.121s] -- Up-to-date symlink: /home/azif/xarm_ros2_simulation/install/xarm_controller/share/xarm_controller//config/uf850_gripper_controllers.yaml
[0.121s] -- Up-to-date symlink: /home/azif/xarm_ros2_simulation/install/xarm_controller/share/xarm_controller//config/xarm5_controllers.yaml
[0.121s] -- Up-to-date symlink: /home/azif/xarm_ros2_simulation/install/xarm_controller/share/xarm_controller//config/xarm6_controllers.yaml
[0.121s] -- Up-to-date symlink: /home/azif/xarm_ros2_simulation/install/xarm_controller/share/xarm_controller//config/xarm7_controllers.yaml
[0.121s] -- Up-to-date symlink: /home/azif/xarm_ros2_simulation/install/xarm_controller/share/xarm_controller//config/xarm7_mirror_controllers.yaml
[0.121s] -- Up-to-date symlink: /home/azif/xarm_ros2_simulation/install/xarm_controller/share/xarm_controller//config/xarm7_mirror_gripper_controllers.yaml
[0.122s] -- Up-to-date symlink: /home/azif/xarm_ros2_simulation/install/xarm_controller/share/xarm_controller//config/xarm_gripper_controllers.yaml
[0.122s] -- Up-to-date symlink: /home/azif/xarm_ros2_simulation/install/xarm_controller/share/xarm_controller/environment/library_path.sh
[0.122s] -- Up-to-date symlink: /home/azif/xarm_ros2_simulation/install/xarm_controller/share/xarm_controller/environment/library_path.dsv
[0.122s] -- Up-to-date symlink: /home/azif/xarm_ros2_simulation/install/xarm_controller/share/ament_index/resource_index/package_run_dependencies/xarm_controller
[0.123s] -- Up-to-date symlink: /home/azif/xarm_ros2_simulation/install/xarm_controller/share/ament_index/resource_index/parent_prefix_path/xarm_controller
[0.123s] -- Up-to-date symlink: /home/azif/xarm_ros2_simulation/install/xarm_controller/share/xarm_controller/environment/ament_prefix_path.sh
[0.123s] -- Up-to-date symlink: /home/azif/xarm_ros2_simulation/install/xarm_controller/share/xarm_controller/environment/ament_prefix_path.dsv
[0.123s] -- Up-to-date symlink: /home/azif/xarm_ros2_simulation/install/xarm_controller/share/xarm_controller/environment/path.sh
[0.123s] -- Up-to-date symlink: /home/azif/xarm_ros2_simulation/install/xarm_controller/share/xarm_controller/environment/path.dsv
[0.123s] -- Up-to-date symlink: /home/azif/xarm_ros2_simulation/install/xarm_controller/share/xarm_controller/local_setup.bash
[0.123s] -- Up-to-date symlink: /home/azif/xarm_ros2_simulation/install/xarm_controller/share/xarm_controller/local_setup.sh
[0.124s] -- Up-to-date symlink: /home/azif/xarm_ros2_simulation/install/xarm_controller/share/xarm_controller/local_setup.zsh
[0.124s] -- Up-to-date symlink: /home/azif/xarm_ros2_simulation/install/xarm_controller/share/xarm_controller/local_setup.dsv
[0.124s] -- Symlinking: /home/azif/xarm_ros2_simulation/install/xarm_controller/share/xarm_controller/package.dsv
[0.132s] -- Up-to-date symlink: /home/azif/xarm_ros2_simulation/install/xarm_controller/share/ament_index/resource_index/packages/xarm_controller
[0.132s] -- Up-to-date symlink: /home/azif/xarm_ros2_simulation/install/xarm_controller/share/ament_index/resource_index/hardware_interface__pluginlib__plugin/xarm_controller
[0.132s] -- Up-to-date symlink: /home/azif/xarm_ros2_simulation/install/xarm_controller/share/xarm_controller/cmake/ament_cmake_export_include_directories-extras.cmake
[0.132s] -- Up-to-date symlink: /home/azif/xarm_ros2_simulation/install/xarm_controller/share/xarm_controller/cmake/ament_cmake_export_libraries-extras.cmake
[0.132s] -- Up-to-date symlink: /home/azif/xarm_ros2_simulation/install/xarm_controller/share/xarm_controller/cmake/ament_cmake_export_dependencies-extras.cmake
[0.133s] -- Up-to-date symlink: /home/azif/xarm_ros2_simulation/install/xarm_controller/share/xarm_controller/cmake/xarm_controllerConfig.cmake
[0.133s] -- Up-to-date symlink: /home/azif/xarm_ros2_simulation/install/xarm_controller/share/xarm_controller/cmake/xarm_controllerConfig-version.cmake
[0.133s] -- Up-to-date symlink: /home/azif/xarm_ros2_simulation/install/xarm_controller/share/xarm_controller/package.xml
[0.147s] Invoked command in '/home/azif/xarm_ros2_simulation/build/xarm_controller' returned '0': AMENT_PREFIX_PATH=/home/azif/xarm_ros2_simulation/install/xarm_api:/home/azif/xarm_ros2_simulation/install/xarm_sdk:/home/azif/xarm_ros2_simulation/install/xarm_msgs:/home/azif/xarm_ros2_simulation/install/xarm_description:${AMENT_PREFIX_PATH} CMAKE_PREFIX_PATH=/home/azif/xarm_ros2_simulation/install/xarm_api:/home/azif/xarm_ros2_simulation/install/xarm_sdk:/home/azif/xarm_ros2_simulation/install/xarm_msgs:/home/azif/xarm_ros2_simulation/install/xarm_description:/opt/ros/humble LD_LIBRARY_PATH=/home/azif/xarm_ros2_simulation/install/xarm_api/lib:/home/azif/xarm_ros2_simulation/install/xarm_sdk/lib:/home/azif/xarm_ros2_simulation/install/xarm_msgs/lib:/usr/lib/x86_64-linux-gnu/gazebo-11/plugins:/opt/ros/humble/opt/rviz_ogre_vendor/lib:/opt/ros/humble/lib/x86_64-linux-gnu:/opt/ros/humble/lib:/usr/share/gazebo-11/../../lib/x86_64-linux-gnu/gazebo-11/plugins:/usr/share/gazebo-11/../../lib/x86_64-linux-gnu/gazebo-11/plugins:/usr/share/gazebo-11/../../lib/x86_64-linux-gnu/gazebo-11/plugins PYTHONPATH=/home/azif/xarm_ros2_simulation/install/xarm_msgs/local/lib/python3.10/dist-packages:${PYTHONPATH} /usr/bin/cmake --install /home/azif/xarm_ros2_simulation/build/xarm_controller
