[0.023s] Invoking command in '/home/azif/xarm_ros2_simulation/build/attach_detach': AMENT_PREFIX_PATH=/home/azif/xarm_ros2_simulation/install/msg_gazebo:${AMENT_PREFIX_PATH} CMAKE_PREFIX_PATH=/home/azif/xarm_ros2_simulation/install/msg_gazebo LD_LIBRARY_PATH=/home/azif/xarm_ros2_simulation/install/msg_gazebo/lib:/usr/lib/x86_64-linux-gnu/gazebo-11/plugins:/opt/ros/humble/opt/rviz_ogre_vendor/lib:/opt/ros/humble/lib/x86_64-linux-gnu:/opt/ros/humble/lib:/usr/share/gazebo-11/../../lib/x86_64-linux-gnu/gazebo-11/plugins PYTHONPATH=/home/azif/xarm_ros2_simulation/install/msg_gazebo/local/lib/python3.10/dist-packages:${PYTHONPATH} /usr/bin/cmake --build /home/azif/xarm_ros2_simulation/build/attach_detach -- -j16 -l16
[0.124s] [35m[1mConsolidate compiler generated dependencies of target attach_detach[0m
[0.196s] [100%] Built target attach_detach
[0.237s] Invoked command in '/home/azif/xarm_ros2_simulation/build/attach_detach' returned '0': AMENT_PREFIX_PATH=/home/azif/xarm_ros2_simulation/install/msg_gazebo:${AMENT_PREFIX_PATH} CMAKE_PREFIX_PATH=/home/azif/xarm_ros2_simulation/install/msg_gazebo LD_LIBRARY_PATH=/home/azif/xarm_ros2_simulation/install/msg_gazebo/lib:/usr/lib/x86_64-linux-gnu/gazebo-11/plugins:/opt/ros/humble/opt/rviz_ogre_vendor/lib:/opt/ros/humble/lib/x86_64-linux-gnu:/opt/ros/humble/lib:/usr/share/gazebo-11/../../lib/x86_64-linux-gnu/gazebo-11/plugins PYTHONPATH=/home/azif/xarm_ros2_simulation/install/msg_gazebo/local/lib/python3.10/dist-packages:${PYTHONPATH} /usr/bin/cmake --build /home/azif/xarm_ros2_simulation/build/attach_detach -- -j16 -l16
[0.243s] Invoking command in '/home/azif/xarm_ros2_simulation/build/attach_detach': AMENT_PREFIX_PATH=/home/azif/xarm_ros2_simulation/install/msg_gazebo:${AMENT_PREFIX_PATH} CMAKE_PREFIX_PATH=/home/azif/xarm_ros2_simulation/install/msg_gazebo LD_LIBRARY_PATH=/home/azif/xarm_ros2_simulation/install/msg_gazebo/lib:/usr/lib/x86_64-linux-gnu/gazebo-11/plugins:/opt/ros/humble/opt/rviz_ogre_vendor/lib:/opt/ros/humble/lib/x86_64-linux-gnu:/opt/ros/humble/lib:/usr/share/gazebo-11/../../lib/x86_64-linux-gnu/gazebo-11/plugins PYTHONPATH=/home/azif/xarm_ros2_simulation/install/msg_gazebo/local/lib/python3.10/dist-packages:${PYTHONPATH} /usr/bin/cmake --install /home/azif/xarm_ros2_simulation/build/attach_detach
[0.265s] -- Install configuration: ""
[0.266s] -- Up-to-date: /home/azif/xarm_ros2_simulation/install/attach_detach/lib/libattach_detach.so
[0.268s] -- Up-to-date: /home/azif/xarm_ros2_simulation/install/attach_detach/share/ament_index/resource_index/package_run_dependencies/attach_detach
[0.268s] -- Up-to-date: /home/azif/xarm_ros2_simulation/install/attach_detach/share/ament_index/resource_index/parent_prefix_path/attach_detach
[0.268s] -- Up-to-date: /home/azif/xarm_ros2_simulation/install/attach_detach/share/attach_detach/environment/ament_prefix_path.sh
[0.268s] -- Up-to-date: /home/azif/xarm_ros2_simulation/install/attach_detach/share/attach_detach/environment/ament_prefix_path.dsv
[0.269s] -- Up-to-date: /home/azif/xarm_ros2_simulation/install/attach_detach/share/attach_detach/environment/path.sh
[0.269s] -- Up-to-date: /home/azif/xarm_ros2_simulation/install/attach_detach/share/attach_detach/environment/path.dsv
[0.272s] -- Up-to-date: /home/azif/xarm_ros2_simulation/install/attach_detach/share/attach_detach/local_setup.bash
[0.272s] -- Up-to-date: /home/azif/xarm_ros2_simulation/install/attach_detach/share/attach_detach/local_setup.sh
[0.272s] -- Up-to-date: /home/azif/xarm_ros2_simulation/install/attach_detach/share/attach_detach/local_setup.zsh
[0.273s] -- Up-to-date: /home/azif/xarm_ros2_simulation/install/attach_detach/share/attach_detach/local_setup.dsv
[0.273s] -- Installing: /home/azif/xarm_ros2_simulation/install/attach_detach/share/attach_detach/package.dsv
[0.274s] -- Up-to-date: /home/azif/xarm_ros2_simulation/install/attach_detach/share/ament_index/resource_index/packages/attach_detach
[0.274s] -- Up-to-date: /home/azif/xarm_ros2_simulation/install/attach_detach/share/attach_detach/cmake/attach_detachConfig.cmake
[0.274s] -- Up-to-date: /home/azif/xarm_ros2_simulation/install/attach_detach/share/attach_detach/cmake/attach_detachConfig-version.cmake
[0.274s] -- Up-to-date: /home/azif/xarm_ros2_simulation/install/attach_detach/share/attach_detach/package.xml
[0.316s] Invoked command in '/home/azif/xarm_ros2_simulation/build/attach_detach' returned '0': AMENT_PREFIX_PATH=/home/azif/xarm_ros2_simulation/install/msg_gazebo:${AMENT_PREFIX_PATH} CMAKE_PREFIX_PATH=/home/azif/xarm_ros2_simulation/install/msg_gazebo LD_LIBRARY_PATH=/home/azif/xarm_ros2_simulation/install/msg_gazebo/lib:/usr/lib/x86_64-linux-gnu/gazebo-11/plugins:/opt/ros/humble/opt/rviz_ogre_vendor/lib:/opt/ros/humble/lib/x86_64-linux-gnu:/opt/ros/humble/lib:/usr/share/gazebo-11/../../lib/x86_64-linux-gnu/gazebo-11/plugins PYTHONPATH=/home/azif/xarm_ros2_simulation/install/msg_gazebo/local/lib/python3.10/dist-packages:${PYTHONPATH} /usr/bin/cmake --install /home/azif/xarm_ros2_simulation/build/attach_detach
